2025-10-09 13:35:26,338 - FFPackageManager - INFO - Standalone mode - logging to: C:\ayon_src\ff_package_manager\logs\ff_package_manager_20251009_133526.log
2025-10-09 13:35:26,340 - FFPackageManager - INFO - Calling super().__init__()...
2025-10-09 13:35:26,340 - FFPackageManager - INFO - super().__init__() completed
2025-10-09 13:35:26,341 - FFPackageManager - INFO - Shotgrid Session: <shotgrid.ShotgridClient object at 0x00000264511CCC90>
2025-10-09 13:35:26,354 - FFPackageManager - INFO - _create_content_panel() started
2025-10-09 13:35:26,359 - FFPackageManager - INFO - _create_content_panel() completed
2025-10-09 13:35:26,362 - FFPackageManager - INFO - create_panel() started
2025-10-09 13:35:26,364 - FFPackageManager - INFO - create_panel() completed
2025-10-09 13:35:26,366 - FFPackageManager - INFO - Building bottom panel...
2025-10-09 13:35:26,366 - FFPackageManager - INFO - _build_ui() completed successfully
2025-10-09 13:35:26,499 - FFPackageManager - INFO - showEvent() - Window is being shown
2025-10-09 13:35:28,195 - FFPackageManager - INFO - _load_sg_projects() started
2025-10-09 13:35:28,195 - FFPackageManager - INFO - clear() called
2025-10-09 13:35:28,197 - FFPackageManager - INFO - clear() called
2025-10-09 13:35:28,778 - FFPackageManager - INFO - _load_sg_projects() completed - 1 projects
2025-10-09 13:35:29,629 - FFPackageManager - INFO - SG project selected: None (ID: 389)
2025-10-09 13:35:29,629 - FFPackageManager - INFO - _load_rfqs() started for project 389
2025-10-09 13:35:29,634 - FFPackageManager - INFO - clear() called
2025-10-09 13:35:29,634 - FFPackageManager - INFO - clear() called
2025-10-09 13:35:29,832 - FFPackageManager - INFO - Loaded 1 RFQs for project 389
2025-10-09 13:35:30,746 - FFPackageManager - INFO - RFQ selected: Request for Ballpark (ID: 3)
2025-10-09 13:35:30,746 - FFPackageManager - INFO - set_rfq() called with RFQ: Request for Ballpark
2025-10-09 13:35:30,748 - FFPackageManager - INFO - load_tree_data() started
2025-10-09 13:35:38,061 - FFPackageManager - INFO - closeEvent() - Window is being closed
