2025-10-09 10:38:38,974 - FFPackageManager - INFO - Standalone mode - logging to: C:\ayon_src\ff_package_manager\logs\ff_package_manager_20251009_103838.log
2025-10-09 10:38:38,976 - FFPackageManager - INFO - Calling super().__init__()...
2025-10-09 10:38:38,976 - FFPackageManager - INFO - super().__init__() completed
2025-10-09 10:38:38,977 - FFPackageManager - INFO - Shotgrid Session: <shotgrid.ShotgridClient object at 0x000001DB8C5B1450>
2025-10-09 10:38:38,990 - FFPackageManager - INFO - _create_content_panel() started
2025-10-09 10:38:38,996 - FFPackageManager - INFO - _create_content_panel() completed
2025-10-09 10:38:38,998 - FFPackageManager - INFO - create_panel() started
2025-10-09 10:38:39,000 - FFPackageManager - INFO - create_panel() completed
2025-10-09 10:38:39,001 - FFPackageManager - INFO - Building bottom panel...
2025-10-09 10:38:39,001 - FFPackageManager - INFO - _build_ui() completed successfully
2025-10-09 10:38:39,131 - FFPackageManager - INFO - showEvent() - Window is being shown
2025-10-09 10:38:41,397 - FFPackageManager - INFO - _load_sg_projects() started
2025-10-09 10:38:41,397 - FFPackageManager - INFO - _load_version_tree() started
2025-10-09 10:38:41,398 - FFPackageManager - INFO - clear() called
2025-10-09 10:38:41,400 - FFPackageManager - INFO - No RFQ selected - showing empty tree
2025-10-09 10:38:41,994 - FFPackageManager - INFO - _load_sg_projects() completed - 1 projects
2025-10-09 10:38:42,920 - FFPackageManager - INFO - SG project selected: None (ID: 389)
2025-10-09 10:38:42,920 - FFPackageManager - INFO - _load_rfqs() started for project 389
2025-10-09 10:38:42,921 - FFPackageManager - INFO - _load_version_tree() started
2025-10-09 10:38:42,921 - FFPackageManager - INFO - clear() called
2025-10-09 10:38:42,922 - FFPackageManager - INFO - No RFQ selected - showing empty tree
2025-10-09 10:38:42,922 - FFPackageManager - INFO - _load_version_tree() started
2025-10-09 10:38:42,922 - FFPackageManager - INFO - clear() called
2025-10-09 10:38:42,923 - FFPackageManager - INFO - No RFQ selected - showing empty tree
2025-10-09 10:38:43,184 - FFPackageManager - INFO - Loaded 1 RFQs for project 389
2025-10-09 10:38:44,704 - FFPackageManager - INFO - RFQ selected: Request for Ballpark (ID: 3)
2025-10-09 10:38:44,704 - FFPackageManager - INFO - _load_version_tree() started
2025-10-09 10:38:44,705 - FFPackageManager - INFO - clear() called
2025-10-09 10:38:44,706 - FFPackageManager - INFO - RFQ data: {'code': 'Request for Ballpark', 'id': 3, 'sg_status_list': 'wtg', 'type': 'CustomEntity04'}
2025-10-09 10:38:44,706 - FFPackageManager - INFO - VFX Breakdown field: None
2025-10-09 10:38:47,764 - FFPackageManager - INFO - closeEvent() - Window is being closed
