2025-10-10 18:12:11,931 - FFPackageManager - INFO - Standalone mode - logging to: C:\ayon_src\ff_package_manager\logs\ff_package_manager_20251010_181211.log
2025-10-10 18:12:11,932 - FFPackageManager - INFO - Calling super().__init__()...
2025-10-10 18:12:11,932 - FFPackageManager - INFO - super().__init__() completed
2025-10-10 18:12:11,932 - FFPackageManager - INFO - Shotgrid Session: <shotgrid.ShotgridClient object at 0x0000028AE01AEB10>
2025-10-10 18:12:11,951 - FFPackageManager - INFO - create_panel() started
2025-10-10 18:12:11,952 - FFPackageManager - INFO - create_panel() completed
2025-10-10 18:12:11,954 - FFPackageManager - INFO - _build_ui() completed successfully
2025-10-10 18:12:11,954 - FFPackageManager - INFO - Auto-loading latest project...
2025-10-10 18:12:11,954 - FFPackageManager - INFO - Attempting to auto-load latest project...
2025-10-10 18:12:12,696 - FFPackageManager - INFO - Latest project found: None (ID: 389)
2025-10-10 18:12:12,697 - FFPackageManager - INFO - _load_sg_projects() started
2025-10-10 18:12:12,698 - FFPackageManager - INFO - clear() called
2025-10-10 18:12:12,698 - FFPackageManager - INFO - clear() called
2025-10-10 18:12:12,962 - FFPackageManager - INFO - _load_sg_projects() completed - 1 projects
2025-10-10 18:12:12,962 - FFPackageManager - INFO - SG project selected: None (ID: 389)
2025-10-10 18:12:12,962 - FFPackageManager - INFO - _load_rfqs() started for project 389
2025-10-10 18:12:12,963 - FFPackageManager - INFO - clear() called
2025-10-10 18:12:12,963 - FFPackageManager - INFO - clear() called
2025-10-10 18:12:13,177 - FFPackageManager - INFO - Loaded 1 RFQs for project 389
2025-10-10 18:12:13,178 - FFPackageManager - INFO - RFQ selected: Request for Ballpark (ID: 3)
2025-10-10 18:12:13,178 - FFPackageManager - INFO - set_rfq() called with RFQ: Request for Ballpark
2025-10-10 18:12:13,178 - FFPackageManager - INFO - load_tree_data() started
2025-10-10 18:12:13,591 - FFPackageManager - INFO - Found 6 versions linked to RFQ ID 3
2025-10-10 18:12:13,592 - FFPackageManager - INFO - VFX Breakdown field: [{'id': 1, 'name': 'Revised Third Draft - August 1979', 'type': 'CustomEntity01'}]
2025-10-10 18:12:13,592 - FFPackageManager - DEBUG - Version mo_11 has type: concept art
2025-10-10 18:12:13,592 - FFPackageManager - DEBUG - Version mo_04 has type: concept art
2025-10-10 18:12:13,592 - FFPackageManager - DEBUG - Version mo_03 has type: concept art
2025-10-10 18:12:13,592 - FFPackageManager - DEBUG - Version mo_02 has type: concept art
2025-10-10 18:12:13,592 - FFPackageManager - DEBUG - Version storyboard_scenes_86_92 has type: storyboard
2025-10-10 18:12:13,592 - FFPackageManager - DEBUG - Version RaidersoftheLostArk has type: script
2025-10-10 18:12:13,593 - FFPackageManager - INFO - Version 'RaidersoftheLostArk' active state changed to: False
2025-10-10 18:12:13,593 - FFPackageManager - INFO - Version 'RaidersoftheLostArk' active state changed to: False
2025-10-10 18:12:13,593 - FFPackageManager - INFO - Version 'RaidersoftheLostArk' active state changed to: False
2025-10-10 18:12:13,593 - FFPackageManager - INFO - Version 'RaidersoftheLostArk' active state changed to: True
2025-10-10 18:12:13,593 - FFPackageManager - INFO - Version 'RaidersoftheLostArk' active state changed to: True
2025-10-10 18:12:13,593 - FFPackageManager - INFO - Version 'RaidersoftheLostArk' active state changed to: True
2025-10-10 18:12:13,593 - FFPackageManager - DEBUG - Version mo_11 has type: concept art
2025-10-10 18:12:13,593 - FFPackageManager - DEBUG - Version mo_04 has type: concept art
2025-10-10 18:12:13,593 - FFPackageManager - DEBUG - Version mo_03 has type: concept art
2025-10-10 18:12:13,593 - FFPackageManager - DEBUG - Version mo_02 has type: concept art
2025-10-10 18:12:13,593 - FFPackageManager - DEBUG - Version storyboard_scenes_86_92 has type: storyboard
2025-10-10 18:12:13,594 - FFPackageManager - DEBUG - Version RaidersoftheLostArk has type: script
2025-10-10 18:12:13,594 - FFPackageManager - INFO - Version 'mo_11' active state changed to: False
2025-10-10 18:12:13,594 - FFPackageManager - INFO - Version 'mo_11' active state changed to: False
2025-10-10 18:12:13,594 - FFPackageManager - INFO - Version 'mo_11' active state changed to: False
2025-10-10 18:12:13,594 - FFPackageManager - INFO - Version 'mo_11' active state changed to: True
2025-10-10 18:12:13,595 - FFPackageManager - INFO - Version 'mo_11' active state changed to: True
2025-10-10 18:12:13,595 - FFPackageManager - INFO - Version 'mo_11' active state changed to: True
2025-10-10 18:12:13,595 - FFPackageManager - INFO - Version 'mo_04' active state changed to: False
2025-10-10 18:12:13,595 - FFPackageManager - INFO - Version 'mo_04' active state changed to: False
2025-10-10 18:12:13,595 - FFPackageManager - INFO - Version 'mo_04' active state changed to: False
2025-10-10 18:12:13,595 - FFPackageManager - INFO - Version 'mo_04' active state changed to: True
2025-10-10 18:12:13,595 - FFPackageManager - INFO - Version 'mo_04' active state changed to: True
2025-10-10 18:12:13,596 - FFPackageManager - INFO - Version 'mo_04' active state changed to: True
2025-10-10 18:12:13,596 - FFPackageManager - INFO - Version 'mo_03' active state changed to: False
2025-10-10 18:12:13,596 - FFPackageManager - INFO - Version 'mo_03' active state changed to: False
2025-10-10 18:12:13,596 - FFPackageManager - INFO - Version 'mo_03' active state changed to: False
2025-10-10 18:12:13,596 - FFPackageManager - INFO - Version 'mo_03' active state changed to: True
2025-10-10 18:12:13,596 - FFPackageManager - INFO - Version 'mo_03' active state changed to: True
2025-10-10 18:12:13,596 - FFPackageManager - INFO - Version 'mo_03' active state changed to: True
2025-10-10 18:12:13,596 - FFPackageManager - INFO - Version 'mo_02' active state changed to: False
2025-10-10 18:12:13,596 - FFPackageManager - INFO - Version 'mo_02' active state changed to: False
2025-10-10 18:12:13,596 - FFPackageManager - INFO - Version 'mo_02' active state changed to: False
2025-10-10 18:12:13,596 - FFPackageManager - INFO - Version 'mo_02' active state changed to: True
2025-10-10 18:12:13,596 - FFPackageManager - INFO - Version 'mo_02' active state changed to: True
2025-10-10 18:12:13,597 - FFPackageManager - INFO - Version 'mo_02' active state changed to: True
2025-10-10 18:12:13,597 - FFPackageManager - DEBUG - Version mo_11 has type: concept art
2025-10-10 18:12:13,597 - FFPackageManager - DEBUG - Version mo_04 has type: concept art
2025-10-10 18:12:13,597 - FFPackageManager - DEBUG - Version mo_03 has type: concept art
2025-10-10 18:12:13,597 - FFPackageManager - DEBUG - Version mo_02 has type: concept art
2025-10-10 18:12:13,597 - FFPackageManager - DEBUG - Version storyboard_scenes_86_92 has type: storyboard
2025-10-10 18:12:13,597 - FFPackageManager - DEBUG - Version RaidersoftheLostArk has type: script
2025-10-10 18:12:13,597 - FFPackageManager - INFO - Version 'storyboard_scenes_86_92' active state changed to: False
2025-10-10 18:12:13,597 - FFPackageManager - INFO - Version 'storyboard_scenes_86_92' active state changed to: False
2025-10-10 18:12:13,597 - FFPackageManager - INFO - Version 'storyboard_scenes_86_92' active state changed to: False
2025-10-10 18:12:13,598 - FFPackageManager - INFO - Version 'storyboard_scenes_86_92' active state changed to: True
2025-10-10 18:12:13,598 - FFPackageManager - INFO - Version 'storyboard_scenes_86_92' active state changed to: True
2025-10-10 18:12:13,598 - FFPackageManager - INFO - Version 'storyboard_scenes_86_92' active state changed to: True
2025-10-10 18:12:13,598 - FFPackageManager - INFO - Applying visibility preferences: {}
2025-10-10 18:12:13,598 - FFPackageManager - INFO - load_tree_data() completed with RFQ data
2025-10-10 18:12:13,598 - FFPackageManager - INFO - Auto-selected latest RFQ: Request for Ballpark
2025-10-10 18:12:13,598 - FFPackageManager - INFO - Auto-selected latest project at index 1
2025-10-10 18:12:13,725 - FFPackageManager - INFO - showEvent() - Window is being shown
2025-10-10 18:12:13,741 - FFPackageManager - INFO - set_category_visibility: 'VFX Breakdown' = True (type: <class 'bool'>)
2025-10-10 18:12:13,741 - FFPackageManager - INFO - Current index of 'VFX Breakdown': 0
2025-10-10 18:12:13,741 - FFPackageManager - INFO - Removed 'VFX Breakdown' from tree at index 0
2025-10-10 18:12:13,741 - FFPackageManager - INFO - Inserting 'VFX Breakdown' at calculated index 0
2025-10-10 18:12:13,741 - FFPackageManager - INFO - Successfully inserted 'VFX Breakdown' - new index: 0, isHidden: False
2025-10-10 18:12:13,741 - FFPackageManager - INFO - set_category_visibility: 'Script' = True (type: <class 'bool'>)
2025-10-10 18:12:13,741 - FFPackageManager - INFO - Current index of 'Script': 1
2025-10-10 18:12:13,742 - FFPackageManager - INFO - Removed 'Script' from tree at index 1
2025-10-10 18:12:13,742 - FFPackageManager - INFO -   Category 'VFX Breakdown' is visible at index 0, incrementing insert_index to 1
2025-10-10 18:12:13,742 - FFPackageManager - INFO - Inserting 'Script' at calculated index 1
2025-10-10 18:12:13,742 - FFPackageManager - INFO - Successfully inserted 'Script' - new index: 1, isHidden: False
2025-10-10 18:12:13,742 - FFPackageManager - INFO - set_category_visibility: 'Concept Art' = True (type: <class 'bool'>)
2025-10-10 18:12:13,742 - FFPackageManager - INFO - Current index of 'Concept Art': 2
2025-10-10 18:12:13,742 - FFPackageManager - INFO - Removed 'Concept Art' from tree at index 2
2025-10-10 18:12:13,742 - FFPackageManager - INFO -   Category 'VFX Breakdown' is visible at index 0, incrementing insert_index to 1
2025-10-10 18:12:13,742 - FFPackageManager - INFO -   Category 'Script' is visible at index 1, incrementing insert_index to 2
2025-10-10 18:12:13,743 - FFPackageManager - INFO - Inserting 'Concept Art' at calculated index 2
2025-10-10 18:12:13,743 - FFPackageManager - INFO - Successfully inserted 'Concept Art' - new index: 2, isHidden: False
2025-10-10 18:12:13,743 - FFPackageManager - INFO - set_category_visibility: 'Storyboard' = True (type: <class 'bool'>)
2025-10-10 18:12:13,743 - FFPackageManager - INFO - Current index of 'Storyboard': 3
2025-10-10 18:12:13,743 - FFPackageManager - INFO - Removed 'Storyboard' from tree at index 3
2025-10-10 18:12:13,743 - FFPackageManager - INFO -   Category 'VFX Breakdown' is visible at index 0, incrementing insert_index to 1
2025-10-10 18:12:13,743 - FFPackageManager - INFO -   Category 'Script' is visible at index 1, incrementing insert_index to 2
2025-10-10 18:12:13,743 - FFPackageManager - INFO -   Category 'Concept Art' is visible at index 2, incrementing insert_index to 3
2025-10-10 18:12:13,743 - FFPackageManager - INFO - Inserting 'Storyboard' at calculated index 3
2025-10-10 18:12:13,743 - FFPackageManager - INFO - Successfully inserted 'Storyboard' - new index: 3, isHidden: False
2025-10-10 18:12:22,932 - FFPackageManager - INFO - closeEvent() - Window is being closed
