2025-10-08 23:45:33,155 - FFPackageManager - INFO - Standalone mode - logging to: C:\ayon_src\ff_package_manager\logs\ff_package_manager_20251008_234533.log
2025-10-08 23:45:33,157 - FFPackageManager - INFO - ============================================================
2025-10-08 23:45:33,157 - FFPackageManager - INFO - FFPackageManagerApp.__init__() called
2025-10-08 23:45:33,157 - FFPackageManager - INFO - ============================================================
2025-10-08 23:45:33,158 - FFPackageManager - INFO - Calling super().__init__()...
2025-10-08 23:45:33,158 - FFPackageManager - INFO - super().__init__() completed
2025-10-08 23:45:33,158 - FFPackageManager - INFO - Shotgrid Session: <shotgrid.ShotgridClient object at 0x000001AA10961B90>
2025-10-08 23:45:33,159 - FFPackageManager - INFO - Output directory: C:\Users\gonzalo\shotgrid_packages
2025-10-08 23:45:33,159 - FFPackageManager - INFO - Parent widget: None
2025-10-08 23:45:33,159 - FFPackageManager - INFO - Setting window title...
2025-10-08 23:45:33,160 - FFPackageManager - INFO - Window title set
2025-10-08 23:45:33,160 - FFPackageManager - INFO - Setting minimum size...
2025-10-08 23:45:33,160 - FFPackageManager - INFO - Minimum size set
2025-10-08 23:45:33,161 - FFPackageManager - INFO - Building UI...
2025-10-08 23:45:33,161 - FFPackageManager - INFO - _build_ui() started
2025-10-08 23:45:33,161 - FFPackageManager - INFO - Creating central widget...
2025-10-08 23:45:33,162 - FFPackageManager - INFO - Building header...
2025-10-08 23:45:33,163 - FFPackageManager - INFO - Creating main content area with splitter...
2025-10-08 23:45:33,175 - FFPackageManager - INFO - _create_content_panel() started
2025-10-08 23:45:33,180 - FFPackageManager - INFO - _create_content_panel() completed
2025-10-08 23:45:33,182 - FFPackageManager - INFO - _create_version_tree_panel() started
2025-10-08 23:45:33,183 - FFPackageManager - INFO - _load_version_tree() started
2025-10-08 23:45:33,184 - FFPackageManager - INFO - _load_version_tree() completed with mockup data
2025-10-08 23:45:33,184 - FFPackageManager - INFO - _create_version_tree_panel() completed
2025-10-08 23:45:33,185 - FFPackageManager - INFO - Building bottom panel...
2025-10-08 23:45:33,185 - FFPackageManager - INFO - _build_ui() completed successfully
2025-10-08 23:45:33,185 - FFPackageManager - INFO - UI built successfully
2025-10-08 23:45:33,186 - FFPackageManager - INFO - FFPackageManagerApp initialization complete
2025-10-08 23:45:33,186 - FFPackageManager - INFO - ============================================================
2025-10-08 23:45:33,315 - FFPackageManager - INFO - showEvent() - Window is being shown
2025-10-08 23:45:54,293 - FFPackageManager - INFO - _load_sg_projects() started
2025-10-08 23:45:55,356 - FFPackageManager - INFO - _load_sg_projects() completed - 1 projects
2025-10-08 23:45:56,478 - FFPackageManager - INFO - SG project selected: None (ID: 389)
2025-10-08 23:45:56,478 - FFPackageManager - INFO - _load_rfqs() started for project 389
2025-10-08 23:45:56,766 - FFPackageManager - INFO - Loaded 1 RFQs for project 389
2025-10-08 23:45:57,958 - FFPackageManager - INFO - RFQ selected: Request for Ballpark (ID: 3)
2025-10-08 23:51:17,014 - FFPackageManager - INFO - closeEvent() - Window is being closed
