2025-10-10 18:04:58,996 - FFPackageManager - INFO - Standalone mode - logging to: C:\ayon_src\ff_package_manager\logs\ff_package_manager_20251010_180458.log
2025-10-10 18:04:58,997 - FFPackageManager - INFO - Dark theme applied to application
2025-10-10 18:04:58,997 - FFPackageManager - INFO - Calling super().__init__()...
2025-10-10 18:04:58,998 - FFPackageManager - INFO - super().__init__() completed
2025-10-10 18:04:58,998 - FFPackageManager - INFO - Shotgrid Session: <shotgrid.ShotgridClient object at 0x0000021615DF4AD0>
2025-10-10 18:04:59,029 - FFPackageManager - INFO - create_panel() started
2025-10-10 18:04:59,032 - FFPackageManager - INFO - create_panel() completed
2025-10-10 18:04:59,035 - FFPackageManager - INFO - _build_ui() completed successfully
2025-10-10 18:04:59,035 - FFPackageManager - INFO - Auto-loading latest project...
2025-10-10 18:04:59,035 - FFPackageManager - INFO - Attempting to auto-load latest project...
2025-10-10 18:04:59,588 - FFPackageManager - INFO - Latest project found: None (ID: 389)
2025-10-10 18:04:59,588 - FFPackageManager - INFO - _load_sg_projects() started
2025-10-10 18:04:59,589 - FFPackageManager - INFO - clear() called
2025-10-10 18:04:59,589 - FFPackageManager - INFO - clear() called
2025-10-10 18:04:59,764 - FFPackageManager - INFO - _load_sg_projects() completed - 1 projects
2025-10-10 18:04:59,764 - FFPackageManager - INFO - SG project selected: None (ID: 389)
2025-10-10 18:04:59,765 - FFPackageManager - INFO - _load_rfqs() started for project 389
2025-10-10 18:04:59,765 - FFPackageManager - INFO - clear() called
2025-10-10 18:04:59,765 - FFPackageManager - INFO - clear() called
2025-10-10 18:04:59,959 - FFPackageManager - INFO - Loaded 1 RFQs for project 389
2025-10-10 18:04:59,959 - FFPackageManager - INFO - RFQ selected: Request for Ballpark (ID: 3)
2025-10-10 18:04:59,960 - FFPackageManager - INFO - set_rfq() called with RFQ: Request for Ballpark
2025-10-10 18:04:59,960 - FFPackageManager - INFO - load_tree_data() started
2025-10-10 18:05:00,336 - FFPackageManager - INFO - Found 6 versions linked to RFQ ID 3
2025-10-10 18:05:00,336 - FFPackageManager - INFO - VFX Breakdown field: [{'id': 1, 'name': 'Revised Third Draft - August 1979', 'type': 'CustomEntity01'}]
2025-10-10 18:05:00,337 - FFPackageManager - DEBUG - Version mo_11 has type: concept art
2025-10-10 18:05:00,337 - FFPackageManager - DEBUG - Version mo_04 has type: concept art
2025-10-10 18:05:00,337 - FFPackageManager - DEBUG - Version mo_03 has type: concept art
2025-10-10 18:05:00,337 - FFPackageManager - DEBUG - Version mo_02 has type: concept art
2025-10-10 18:05:00,337 - FFPackageManager - DEBUG - Version storyboard_scenes_86_92 has type: storyboard
2025-10-10 18:05:00,337 - FFPackageManager - DEBUG - Version RaidersoftheLostArk has type: script
2025-10-10 18:05:00,337 - FFPackageManager - INFO - Version 'RaidersoftheLostArk' active state changed to: False
2025-10-10 18:05:00,337 - FFPackageManager - INFO - Version 'RaidersoftheLostArk' active state changed to: False
2025-10-10 18:05:00,337 - FFPackageManager - INFO - Version 'RaidersoftheLostArk' active state changed to: False
2025-10-10 18:05:00,337 - FFPackageManager - INFO - Version 'RaidersoftheLostArk' active state changed to: True
2025-10-10 18:05:00,337 - FFPackageManager - INFO - Version 'RaidersoftheLostArk' active state changed to: True
2025-10-10 18:05:00,338 - FFPackageManager - INFO - Version 'RaidersoftheLostArk' active state changed to: True
2025-10-10 18:05:00,338 - FFPackageManager - DEBUG - Version mo_11 has type: concept art
2025-10-10 18:05:00,338 - FFPackageManager - DEBUG - Version mo_04 has type: concept art
2025-10-10 18:05:00,338 - FFPackageManager - DEBUG - Version mo_03 has type: concept art
2025-10-10 18:05:00,338 - FFPackageManager - DEBUG - Version mo_02 has type: concept art
2025-10-10 18:05:00,338 - FFPackageManager - DEBUG - Version storyboard_scenes_86_92 has type: storyboard
2025-10-10 18:05:00,338 - FFPackageManager - DEBUG - Version RaidersoftheLostArk has type: script
2025-10-10 18:05:00,338 - FFPackageManager - INFO - Version 'mo_11' active state changed to: False
2025-10-10 18:05:00,338 - FFPackageManager - INFO - Version 'mo_11' active state changed to: False
2025-10-10 18:05:00,338 - FFPackageManager - INFO - Version 'mo_11' active state changed to: False
2025-10-10 18:05:00,338 - FFPackageManager - INFO - Version 'mo_11' active state changed to: True
2025-10-10 18:05:00,338 - FFPackageManager - INFO - Version 'mo_11' active state changed to: True
2025-10-10 18:05:00,338 - FFPackageManager - INFO - Version 'mo_11' active state changed to: True
2025-10-10 18:05:00,339 - FFPackageManager - INFO - Version 'mo_04' active state changed to: False
2025-10-10 18:05:00,339 - FFPackageManager - INFO - Version 'mo_04' active state changed to: False
2025-10-10 18:05:00,339 - FFPackageManager - INFO - Version 'mo_04' active state changed to: False
2025-10-10 18:05:00,339 - FFPackageManager - INFO - Version 'mo_04' active state changed to: True
2025-10-10 18:05:00,339 - FFPackageManager - INFO - Version 'mo_04' active state changed to: True
2025-10-10 18:05:00,339 - FFPackageManager - INFO - Version 'mo_04' active state changed to: True
2025-10-10 18:05:00,339 - FFPackageManager - INFO - Version 'mo_03' active state changed to: False
2025-10-10 18:05:00,339 - FFPackageManager - INFO - Version 'mo_03' active state changed to: False
2025-10-10 18:05:00,339 - FFPackageManager - INFO - Version 'mo_03' active state changed to: False
2025-10-10 18:05:00,339 - FFPackageManager - INFO - Version 'mo_03' active state changed to: True
2025-10-10 18:05:00,340 - FFPackageManager - INFO - Version 'mo_03' active state changed to: True
2025-10-10 18:05:00,340 - FFPackageManager - INFO - Version 'mo_03' active state changed to: True
2025-10-10 18:05:00,340 - FFPackageManager - INFO - Version 'mo_02' active state changed to: False
2025-10-10 18:05:00,340 - FFPackageManager - INFO - Version 'mo_02' active state changed to: False
2025-10-10 18:05:00,340 - FFPackageManager - INFO - Version 'mo_02' active state changed to: False
2025-10-10 18:05:00,340 - FFPackageManager - INFO - Version 'mo_02' active state changed to: True
2025-10-10 18:05:00,340 - FFPackageManager - INFO - Version 'mo_02' active state changed to: True
2025-10-10 18:05:00,340 - FFPackageManager - INFO - Version 'mo_02' active state changed to: True
2025-10-10 18:05:00,340 - FFPackageManager - DEBUG - Version mo_11 has type: concept art
2025-10-10 18:05:00,340 - FFPackageManager - DEBUG - Version mo_04 has type: concept art
2025-10-10 18:05:00,340 - FFPackageManager - DEBUG - Version mo_03 has type: concept art
2025-10-10 18:05:00,341 - FFPackageManager - DEBUG - Version mo_02 has type: concept art
2025-10-10 18:05:00,341 - FFPackageManager - DEBUG - Version storyboard_scenes_86_92 has type: storyboard
2025-10-10 18:05:00,341 - FFPackageManager - DEBUG - Version RaidersoftheLostArk has type: script
2025-10-10 18:05:00,341 - FFPackageManager - INFO - Version 'storyboard_scenes_86_92' active state changed to: False
2025-10-10 18:05:00,341 - FFPackageManager - INFO - Version 'storyboard_scenes_86_92' active state changed to: False
2025-10-10 18:05:00,341 - FFPackageManager - INFO - Version 'storyboard_scenes_86_92' active state changed to: False
2025-10-10 18:05:00,341 - FFPackageManager - INFO - Version 'storyboard_scenes_86_92' active state changed to: True
2025-10-10 18:05:00,341 - FFPackageManager - INFO - Version 'storyboard_scenes_86_92' active state changed to: True
2025-10-10 18:05:00,341 - FFPackageManager - INFO - Version 'storyboard_scenes_86_92' active state changed to: True
2025-10-10 18:05:00,341 - FFPackageManager - INFO - Applying visibility preferences: {}
2025-10-10 18:05:00,341 - FFPackageManager - INFO - load_tree_data() completed with RFQ data
2025-10-10 18:05:00,341 - FFPackageManager - INFO - Auto-selected latest RFQ: Request for Ballpark
2025-10-10 18:05:00,342 - FFPackageManager - INFO - Auto-selected latest project at index 1
2025-10-10 18:05:00,466 - FFPackageManager - INFO - showEvent() - Window is being shown
2025-10-10 18:05:00,482 - FFPackageManager - INFO - set_category_visibility: 'VFX Breakdown' = True (type: <class 'bool'>)
2025-10-10 18:05:00,482 - FFPackageManager - INFO - Current index of 'VFX Breakdown': 0
2025-10-10 18:05:00,482 - FFPackageManager - INFO - Removed 'VFX Breakdown' from tree at index 0
2025-10-10 18:05:00,482 - FFPackageManager - INFO - Inserting 'VFX Breakdown' at calculated index 0
2025-10-10 18:05:00,482 - FFPackageManager - INFO - Successfully inserted 'VFX Breakdown' - new index: 0, isHidden: False
2025-10-10 18:05:00,482 - FFPackageManager - INFO - set_category_visibility: 'Script' = True (type: <class 'bool'>)
2025-10-10 18:05:00,482 - FFPackageManager - INFO - Current index of 'Script': 1
2025-10-10 18:05:00,482 - FFPackageManager - INFO - Removed 'Script' from tree at index 1
2025-10-10 18:05:00,483 - FFPackageManager - INFO -   Category 'VFX Breakdown' is visible at index 0, incrementing insert_index to 1
2025-10-10 18:05:00,483 - FFPackageManager - INFO - Inserting 'Script' at calculated index 1
2025-10-10 18:05:00,483 - FFPackageManager - INFO - Successfully inserted 'Script' - new index: 1, isHidden: False
2025-10-10 18:05:00,483 - FFPackageManager - INFO - set_category_visibility: 'Concept Art' = True (type: <class 'bool'>)
2025-10-10 18:05:00,483 - FFPackageManager - INFO - Current index of 'Concept Art': 2
2025-10-10 18:05:00,483 - FFPackageManager - INFO - Removed 'Concept Art' from tree at index 2
2025-10-10 18:05:00,483 - FFPackageManager - INFO -   Category 'VFX Breakdown' is visible at index 0, incrementing insert_index to 1
2025-10-10 18:05:00,483 - FFPackageManager - INFO -   Category 'Script' is visible at index 1, incrementing insert_index to 2
2025-10-10 18:05:00,483 - FFPackageManager - INFO - Inserting 'Concept Art' at calculated index 2
2025-10-10 18:05:00,483 - FFPackageManager - INFO - Successfully inserted 'Concept Art' - new index: 2, isHidden: False
2025-10-10 18:05:00,484 - FFPackageManager - INFO - set_category_visibility: 'Storyboard' = True (type: <class 'bool'>)
2025-10-10 18:05:00,484 - FFPackageManager - INFO - Current index of 'Storyboard': 3
2025-10-10 18:05:00,484 - FFPackageManager - INFO - Removed 'Storyboard' from tree at index 3
2025-10-10 18:05:00,484 - FFPackageManager - INFO -   Category 'VFX Breakdown' is visible at index 0, incrementing insert_index to 1
2025-10-10 18:05:00,484 - FFPackageManager - INFO -   Category 'Script' is visible at index 1, incrementing insert_index to 2
2025-10-10 18:05:00,484 - FFPackageManager - INFO -   Category 'Concept Art' is visible at index 2, incrementing insert_index to 3
2025-10-10 18:05:00,484 - FFPackageManager - INFO - Inserting 'Storyboard' at calculated index 3
2025-10-10 18:05:00,484 - FFPackageManager - INFO - Successfully inserted 'Storyboard' - new index: 3, isHidden: False
2025-10-10 18:05:25,141 - FFPackageManager - INFO - Version 'storyboard_scenes_86_92' active state changed to: False
2025-10-10 18:05:25,141 - FFPackageManager - INFO - Version 'storyboard_scenes_86_92' active state changed to: False
2025-10-10 18:05:25,142 - FFPackageManager - INFO - Version 'storyboard_scenes_86_92' active state changed to: False
2025-10-10 18:05:25,725 - FFPackageManager - INFO - Version 'storyboard_scenes_86_92' active state changed to: True
2025-10-10 18:05:25,725 - FFPackageManager - INFO - Version 'storyboard_scenes_86_92' active state changed to: True
2025-10-10 18:05:25,726 - FFPackageManager - INFO - Version 'storyboard_scenes_86_92' active state changed to: True
2025-10-10 18:05:28,227 - FFPackageManager - INFO - Version 'mo_11' active state changed to: False
2025-10-10 18:05:28,227 - FFPackageManager - INFO - Version 'mo_11' active state changed to: False
2025-10-10 18:05:28,228 - FFPackageManager - INFO - Version 'mo_11' active state changed to: False
2025-10-10 18:05:28,869 - FFPackageManager - INFO - Version 'mo_11' active state changed to: True
2025-10-10 18:05:28,869 - FFPackageManager - INFO - Version 'mo_11' active state changed to: True
2025-10-10 18:05:28,870 - FFPackageManager - INFO - Version 'mo_11' active state changed to: True
2025-10-10 18:05:45,335 - FFPackageManager - INFO - closeEvent() - Window is being closed
