2025-10-09 12:47:21,127 - FFPackageManager - INFO - Standalone mode - logging to: C:\ayon_src\ff_package_manager\logs\ff_package_manager_20251009_124721.log
2025-10-09 12:47:21,130 - FFPackageManager - INFO - Calling super().__init__()...
2025-10-09 12:47:21,130 - FFPackageManager - INFO - super().__init__() completed
2025-10-09 12:47:21,130 - FFPackageManager - INFO - Shotgrid Session: <shotgrid.ShotgridClient object at 0x000001ECD142C310>
2025-10-09 12:47:21,143 - FFPackageManager - INFO - _create_content_panel() started
2025-10-09 12:47:21,149 - FFPackageManager - INFO - _create_content_panel() completed
2025-10-09 12:47:21,151 - FFPackageManager - INFO - create_panel() started
2025-10-09 12:47:21,153 - FFPackageManager - INFO - create_panel() completed
2025-10-09 12:47:21,154 - FFPackageManager - INFO - Building bottom panel...
2025-10-09 12:47:21,154 - FFPackageManager - INFO - _build_ui() completed successfully
2025-10-09 12:47:21,283 - FFPackageManager - INFO - showEvent() - Window is being shown
2025-10-09 12:47:22,922 - FFPackageManager - INFO - _load_sg_projects() started
2025-10-09 12:47:22,922 - FFPackageManager - INFO - clear() called
2025-10-09 12:47:22,924 - FFPackageManager - INFO - clear() called
2025-10-09 12:47:23,490 - FFPackageManager - INFO - _load_sg_projects() completed - 1 projects
2025-10-09 12:47:24,979 - FFPackageManager - INFO - SG project selected: None (ID: 389)
2025-10-09 12:47:24,980 - FFPackageManager - INFO - _load_rfqs() started for project 389
2025-10-09 12:47:24,982 - FFPackageManager - INFO - clear() called
2025-10-09 12:47:24,982 - FFPackageManager - INFO - clear() called
2025-10-09 12:47:25,175 - FFPackageManager - INFO - Loaded 1 RFQs for project 389
2025-10-09 12:47:26,628 - FFPackageManager - INFO - RFQ selected: Request for Ballpark (ID: 3)
2025-10-09 12:47:26,628 - FFPackageManager - INFO - set_rfq() called with RFQ: Request for Ballpark
2025-10-09 12:47:26,630 - FFPackageManager - INFO - load_tree_data() started
2025-10-09 12:47:26,630 - FFPackageManager - INFO - RFQ data: {'code': 'Request for Ballpark', 'id': 3, 'sg_status_list': 'wtg', 'sg_vfx_breakdown': [{'id': 1, 'name': 'Revised Third Draft - August 1979', 'type': 'CustomEntity01'}], 'type': 'CustomEntity04'}
2025-10-09 12:47:26,630 - FFPackageManager - INFO - VFX Breakdown field: No VFX Breakdown Available
2025-10-09 12:47:26,631 - FFPackageManager - INFO - Adding VFX Breakdown to tree
2025-10-09 12:47:26,631 - FFPackageManager - INFO - [{'id': 1, 'name': 'Revised Third Draft - August 1979', 'type': 'CustomEntity01'}]
2025-10-09 12:47:26,632 - FFPackageManager - INFO - load_tree_data() completed with RFQ data
2025-10-09 12:50:15,941 - FFPackageManager - INFO - closeEvent() - Window is being closed
