2025-10-09 15:44:36,661 - FFPackageManager - INFO - Standalone mode - logging to: C:\ayon_src\ff_package_manager\logs\ff_package_manager_20251009_154436.log
2025-10-09 15:44:36,663 - FFPackageManager - INFO - Calling super().__init__()...
2025-10-09 15:44:36,664 - FFPackageManager - INFO - super().__init__() completed
2025-10-09 15:44:36,664 - FFPackageManager - INFO - Shotgrid Session: <shotgrid.ShotgridClient object at 0x0000026AFA729A50>
2025-10-09 15:44:36,677 - FFPackageManager - INFO - _create_content_panel() started
2025-10-09 15:44:36,682 - FFPackageManager - INFO - _create_content_panel() completed
2025-10-09 15:44:36,685 - FFPackageManager - INFO - create_panel() started
2025-10-09 15:44:36,686 - FFPackageManager - INFO - create_panel() completed
2025-10-09 15:44:36,687 - FFPackageManager - INFO - Building bottom panel...
2025-10-09 15:44:36,687 - FFPackageManager - INFO - _build_ui() completed successfully
2025-10-09 15:44:36,811 - FFPackageManager - INFO - showEvent() - Window is being shown
2025-10-09 15:44:39,009 - FFPackageManager - INFO - _load_sg_projects() started
2025-10-09 15:44:39,010 - FFPackageManager - INFO - clear() called
2025-10-09 15:44:39,011 - FFPackageManager - INFO - clear() called
2025-10-09 15:44:39,577 - FFPackageManager - INFO - _load_sg_projects() completed - 1 projects
2025-10-09 15:44:40,941 - FFPackageManager - INFO - SG project selected: None (ID: 389)
2025-10-09 15:44:40,941 - FFPackageManager - INFO - _load_rfqs() started for project 389
2025-10-09 15:44:40,943 - FFPackageManager - INFO - clear() called
2025-10-09 15:44:40,943 - FFPackageManager - INFO - clear() called
2025-10-09 15:44:41,118 - FFPackageManager - INFO - Loaded 1 RFQs for project 389
2025-10-09 15:44:42,102 - FFPackageManager - INFO - RFQ selected: Request for Ballpark (ID: 3)
2025-10-09 15:44:42,102 - FFPackageManager - INFO - set_rfq() called with RFQ: Request for Ballpark
2025-10-09 15:44:42,104 - FFPackageManager - INFO - load_tree_data() started
2025-10-09 15:44:42,497 - FFPackageManager - INFO - Found 6 versions linked to RFQ ID 3
