2025-10-08 17:35:54,456 - FFPackageManager - INFO - Standalone mode - logging to: C:\ayon_src\ff_package_manager\logs\ff_package_manager_20251008_173554.log
2025-10-08 17:35:54,458 - FFPackageManager - INFO - ============================================================
2025-10-08 17:35:54,459 - FFPackageManager - INFO - FFPackageManagerApp.__init__() called
2025-10-08 17:35:54,459 - FFPackageManager - INFO - ============================================================
2025-10-08 17:35:54,459 - FFPackageManager - INFO - Calling super().__init__()...
2025-10-08 17:35:54,460 - FFPackageManager - INFO - super().__init__() completed
2025-10-08 17:35:54,460 - FFPackageManager - INFO - Shotgrid Session: <shotgrid.ShotgridClient object at 0x0000020F72FF16D0>
2025-10-08 17:35:54,460 - FFPackageManager - INFO - Output directory: C:\Users\gonzalo\shotgrid_packages
2025-10-08 17:35:54,461 - FFPackageManager - INFO - Parent widget: None
2025-10-08 17:35:54,461 - FFPackageManager - INFO - Setting window title...
2025-10-08 17:35:54,461 - FFPackageManager - INFO - Window title set
2025-10-08 17:35:54,462 - FFPackageManager - INFO - Setting minimum size...
2025-10-08 17:35:54,462 - FFPackageManager - INFO - Minimum size set
2025-10-08 17:35:54,462 - FFPackageManager - INFO - Building UI...
2025-10-08 17:35:54,463 - FFPackageManager - INFO - _build_ui() started
2025-10-08 17:35:54,463 - FFPackageManager - INFO - Creating central widget...
2025-10-08 17:35:54,464 - FFPackageManager - INFO - Building header...
2025-10-08 17:35:54,465 - FFPackageManager - INFO - Creating main content area...
2025-10-08 17:35:54,465 - FFPackageManager - INFO - _create_content_panel() started
2025-10-08 17:35:54,471 - FFPackageManager - INFO - _create_content_panel() completed
2025-10-08 17:35:54,471 - FFPackageManager - INFO - Building bottom panel...
2025-10-08 17:35:54,472 - FFPackageManager - INFO - _build_ui() completed successfully
2025-10-08 17:35:54,472 - FFPackageManager - INFO - UI built successfully
2025-10-08 17:35:54,472 - FFPackageManager - INFO - Loading projects...
2025-10-08 17:35:54,472 - FFPackageManager - INFO - Projects loaded
2025-10-08 17:35:54,473 - FFPackageManager - INFO - FFPackageManagerApp initialization complete
2025-10-08 17:35:54,473 - FFPackageManager - INFO - ============================================================
2025-10-08 17:35:54,602 - FFPackageManager - INFO - showEvent() - Window is being shown
2025-10-08 17:35:54,602 - FFPackageManager - INFO -   isVisible: True
2025-10-08 17:35:54,604 - FFPackageManager - INFO -   isMinimized: False
2025-10-08 17:35:54,604 - FFPackageManager - INFO -   isMaximized: False
2025-10-08 17:35:54,605 - FFPackageManager - INFO -   geometry: PySide6.QtCore.QRect(-2035, 206, 1000, 700)
2025-10-08 17:35:54,605 - FFPackageManager - INFO -   pos: PySide6.QtCore.QPoint(-2035, 176)
2025-10-08 17:35:56,895 - FFPackageManager - INFO - _load_sg_projects() started
2025-10-08 17:35:58,747 - FFPackageManager - INFO - _load_sg_projects() completed - 27 projects
2025-10-08 17:36:02,375 - FFPackageManager - INFO - closeEvent() - Window is being closed
