2025-10-10 12:50:21,195 - FFPackageManager - INFO - Standalone mode - logging to: C:\ayon_src\ff_package_manager\logs\ff_package_manager_20251010_125021.log
2025-10-10 12:50:21,197 - FFPackageManager - INFO - Calling super().__init__()...
2025-10-10 12:50:21,197 - FFPackageManager - INFO - super().__init__() completed
2025-10-10 12:50:21,197 - FFPackageManager - INFO - Shotgrid Session: <shotgrid.ShotgridClient object at 0x000001B6D1F7F710>
2025-10-10 12:50:21,211 - FFPackageManager - INFO - _create_content_panel() started
2025-10-10 12:50:21,216 - FFPackageManager - INFO - _create_content_panel() completed
2025-10-10 12:50:21,219 - FFPackageManager - ERROR - Error in _build_ui: PackageTreeView.__init__() got an unexpected keyword argument 'sg_session'
Traceback (most recent call last):
  File "C:\ayon_src\ff_package_manager\client\ff_package_manager\app.py", line 102, in _build_ui
    self.package_data_tree = PackageTreeView(sg_session=self.sg_session)
                             ^^^^^^^^^^^^^^^^^^^^^^^^^^^^^^^^^^^^^^^^^^^
TypeError: PackageTreeView.__init__() got an unexpected keyword argument 'sg_session'
2025-10-10 12:50:21,219 - FFPackageManager - ERROR - ============================================================
2025-10-10 12:50:21,220 - FFPackageManager - ERROR - CRITICAL ERROR in __init__: PackageTreeView.__init__() got an unexpected keyword argument 'sg_session'
Traceback (most recent call last):
  File "C:\ayon_src\ff_package_manager\client\ff_package_manager\app.py", line 65, in __init__
    self._build_ui()
  File "C:\ayon_src\ff_package_manager\client\ff_package_manager\app.py", line 102, in _build_ui
    self.package_data_tree = PackageTreeView(sg_session=self.sg_session)
                             ^^^^^^^^^^^^^^^^^^^^^^^^^^^^^^^^^^^^^^^^^^^
TypeError: PackageTreeView.__init__() got an unexpected keyword argument 'sg_session'
2025-10-10 12:50:21,220 - FFPackageManager - ERROR - ============================================================
