2025-10-08 23:14:05,695 - FFPackageManager - INFO - Standalone mode - logging to: C:\ayon_src\ff_package_manager\logs\ff_package_manager_20251008_231405.log
2025-10-08 23:14:05,699 - FFPackageManager - INFO - ============================================================
2025-10-08 23:14:05,699 - FFPackageManager - INFO - FFPackageManagerApp.__init__() called
2025-10-08 23:14:05,700 - FFPackageManager - INFO - ============================================================
2025-10-08 23:14:05,700 - FFPackageManager - INFO - Calling super().__init__()...
2025-10-08 23:14:05,701 - FFPackageManager - INFO - super().__init__() completed
2025-10-08 23:14:05,701 - FFPackageManager - INFO - Shotgrid Session: <shotgrid.ShotgridClient object at 0x000001D569B2DF10>
2025-10-08 23:14:05,702 - FFPackageManager - INFO - Output directory: C:\Users\gonzalo\shotgrid_packages
2025-10-08 23:14:05,702 - FFPackageManager - INFO - Parent widget: None
2025-10-08 23:14:05,703 - FFPackageManager - INFO - Setting window title...
2025-10-08 23:14:05,703 - FFPackageManager - INFO - Window title set
2025-10-08 23:14:05,704 - FFPackageManager - INFO - Setting minimum size...
2025-10-08 23:14:05,704 - FFPackageManager - INFO - Minimum size set
2025-10-08 23:14:05,705 - FFPackageManager - INFO - Building UI...
2025-10-08 23:14:05,707 - FFPackageManager - INFO - _build_ui() started
2025-10-08 23:14:05,710 - FFPackageManager - INFO - Creating central widget...
2025-10-08 23:14:05,710 - FFPackageManager - INFO - Building header...
2025-10-08 23:14:05,713 - FFPackageManager - INFO - Creating main content area with splitter...
2025-10-08 23:14:05,724 - FFPackageManager - INFO - _create_content_panel() started
2025-10-08 23:14:05,729 - FFPackageManager - INFO - _create_content_panel() completed
2025-10-08 23:14:05,731 - FFPackageManager - INFO - _create_version_tree_panel() started
2025-10-08 23:14:05,733 - FFPackageManager - INFO - _load_version_tree() started
2025-10-08 23:14:05,733 - FFPackageManager - INFO - _load_version_tree() completed with mockup data
2025-10-08 23:14:05,733 - FFPackageManager - INFO - _create_version_tree_panel() completed
2025-10-08 23:14:05,735 - FFPackageManager - INFO - Building bottom panel...
2025-10-08 23:14:05,735 - FFPackageManager - INFO - _build_ui() completed successfully
2025-10-08 23:14:05,735 - FFPackageManager - INFO - UI built successfully
2025-10-08 23:14:05,736 - FFPackageManager - INFO - FFPackageManagerApp initialization complete
2025-10-08 23:14:05,736 - FFPackageManager - INFO - ============================================================
2025-10-08 23:14:05,868 - FFPackageManager - INFO - showEvent() - Window is being shown
2025-10-08 23:14:29,228 - FFPackageManager - INFO - _load_sg_projects() started
2025-10-08 23:14:30,326 - FFPackageManager - INFO - _load_sg_projects() completed - 1 projects
2025-10-08 23:14:32,458 - FFPackageManager - INFO - SG project selected: None (ID: 389)
2025-10-08 23:14:32,458 - FFPackageManager - INFO - _load_rfqs() started for project 389
2025-10-08 23:14:32,624 - FFPackageManager - INFO - Loaded 1 RFQs for project 389
2025-10-08 23:14:34,681 - FFPackageManager - INFO - RFQ selected: Request for Ballpark (ID: 3)
2025-10-08 23:37:25,295 - FFPackageManager - INFO - RFQ selected: Request for Ballpark (ID: 3)
2025-10-08 23:39:17,130 - FFPackageManager - INFO - RFQ selected: Request for Ballpark (ID: 3)
2025-10-08 23:45:13,777 - FFPackageManager - INFO - closeEvent() - Window is being closed
