2025-10-10 17:39:37,859 - FFPackageManager - INFO - Standalone mode - logging to: C:\ayon_src\ff_package_manager\logs\ff_package_manager_20251010_173937.log
2025-10-10 17:39:37,860 - FFPackageManager - INFO - Calling super().__init__()...
2025-10-10 17:39:37,860 - FFPackageManager - INFO - super().__init__() completed
2025-10-10 17:39:37,860 - FFPackageManager - INFO - Shotgrid Session: <shotgrid.ShotgridClient object at 0x000002AE5C30B9D0>
2025-10-10 17:39:37,879 - FFPackageManager - INFO - create_panel() started
2025-10-10 17:39:37,881 - FFPackageManager - INFO - create_panel() completed
2025-10-10 17:39:37,883 - FFPackageManager - INFO - _build_ui() completed successfully
2025-10-10 17:39:37,883 - FFPackageManager - INFO - Auto-loading latest project...
2025-10-10 17:39:37,883 - FFPackageManager - INFO - Attempting to auto-load latest project...
2025-10-10 17:39:38,441 - FFPackageManager - INFO - Latest project found: None (ID: 389)
2025-10-10 17:39:38,441 - FFPackageManager - INFO - _load_sg_projects() started
2025-10-10 17:39:38,442 - FFPackageManager - INFO - clear() called
2025-10-10 17:39:38,442 - FFPackageManager - INFO - clear() called
2025-10-10 17:39:38,637 - FFPackageManager - INFO - _load_sg_projects() completed - 1 projects
2025-10-10 17:39:38,638 - FFPackageManager - INFO - SG project selected: None (ID: 389)
2025-10-10 17:39:38,638 - FFPackageManager - INFO - _load_rfqs() started for project 389
2025-10-10 17:39:38,638 - FFPackageManager - INFO - clear() called
2025-10-10 17:39:38,639 - FFPackageManager - INFO - clear() called
2025-10-10 17:39:38,817 - FFPackageManager - INFO - Loaded 1 RFQs for project 389
2025-10-10 17:39:38,818 - FFPackageManager - INFO - RFQ selected: Request for Ballpark (ID: 3)
2025-10-10 17:39:38,818 - FFPackageManager - INFO - set_rfq() called with RFQ: Request for Ballpark
2025-10-10 17:39:38,818 - FFPackageManager - INFO - load_tree_data() started
2025-10-10 17:39:39,224 - FFPackageManager - INFO - Found 6 versions linked to RFQ ID 3
2025-10-10 17:39:39,225 - FFPackageManager - INFO - VFX Breakdown field: [{'id': 1, 'name': 'Revised Third Draft - August 1979', 'type': 'CustomEntity01'}]
2025-10-10 17:39:39,225 - FFPackageManager - DEBUG - Version mo_11 has type: concept art
2025-10-10 17:39:39,225 - FFPackageManager - DEBUG - Version mo_04 has type: concept art
2025-10-10 17:39:39,225 - FFPackageManager - DEBUG - Version mo_03 has type: concept art
2025-10-10 17:39:39,226 - FFPackageManager - DEBUG - Version mo_02 has type: concept art
2025-10-10 17:39:39,226 - FFPackageManager - DEBUG - Version storyboard_scenes_86_92 has type: storyboard
2025-10-10 17:39:39,226 - FFPackageManager - DEBUG - Version RaidersoftheLostArk has type: script
2025-10-10 17:39:39,226 - FFPackageManager - INFO - Version 'RaidersoftheLostArk' active state changed to: False
2025-10-10 17:39:39,226 - FFPackageManager - INFO - Version 'RaidersoftheLostArk' active state changed to: False
2025-10-10 17:39:39,226 - FFPackageManager - INFO - Version 'RaidersoftheLostArk' active state changed to: False
2025-10-10 17:39:39,226 - FFPackageManager - INFO - Version 'RaidersoftheLostArk' active state changed to: True
2025-10-10 17:39:39,226 - FFPackageManager - INFO - Version 'RaidersoftheLostArk' active state changed to: True
2025-10-10 17:39:39,226 - FFPackageManager - INFO - Version 'RaidersoftheLostArk' active state changed to: True
2025-10-10 17:39:39,227 - FFPackageManager - DEBUG - Version mo_11 has type: concept art
2025-10-10 17:39:39,227 - FFPackageManager - DEBUG - Version mo_04 has type: concept art
2025-10-10 17:39:39,227 - FFPackageManager - DEBUG - Version mo_03 has type: concept art
2025-10-10 17:39:39,227 - FFPackageManager - DEBUG - Version mo_02 has type: concept art
2025-10-10 17:39:39,227 - FFPackageManager - DEBUG - Version storyboard_scenes_86_92 has type: storyboard
2025-10-10 17:39:39,227 - FFPackageManager - DEBUG - Version RaidersoftheLostArk has type: script
2025-10-10 17:39:39,227 - FFPackageManager - INFO - Version 'mo_11' active state changed to: False
2025-10-10 17:39:39,227 - FFPackageManager - INFO - Version 'mo_11' active state changed to: False
2025-10-10 17:39:39,227 - FFPackageManager - INFO - Version 'mo_11' active state changed to: False
2025-10-10 17:39:39,227 - FFPackageManager - INFO - Version 'mo_11' active state changed to: True
2025-10-10 17:39:39,227 - FFPackageManager - INFO - Version 'mo_11' active state changed to: True
2025-10-10 17:39:39,227 - FFPackageManager - INFO - Version 'mo_11' active state changed to: True
2025-10-10 17:39:39,228 - FFPackageManager - INFO - Version 'mo_04' active state changed to: False
2025-10-10 17:39:39,228 - FFPackageManager - INFO - Version 'mo_04' active state changed to: False
2025-10-10 17:39:39,228 - FFPackageManager - INFO - Version 'mo_04' active state changed to: False
2025-10-10 17:39:39,228 - FFPackageManager - INFO - Version 'mo_04' active state changed to: True
2025-10-10 17:39:39,228 - FFPackageManager - INFO - Version 'mo_04' active state changed to: True
2025-10-10 17:39:39,228 - FFPackageManager - INFO - Version 'mo_04' active state changed to: True
2025-10-10 17:39:39,228 - FFPackageManager - INFO - Version 'mo_03' active state changed to: False
2025-10-10 17:39:39,228 - FFPackageManager - INFO - Version 'mo_03' active state changed to: False
2025-10-10 17:39:39,228 - FFPackageManager - INFO - Version 'mo_03' active state changed to: False
2025-10-10 17:39:39,228 - FFPackageManager - INFO - Version 'mo_03' active state changed to: True
2025-10-10 17:39:39,228 - FFPackageManager - INFO - Version 'mo_03' active state changed to: True
2025-10-10 17:39:39,229 - FFPackageManager - INFO - Version 'mo_03' active state changed to: True
2025-10-10 17:39:39,229 - FFPackageManager - INFO - Version 'mo_02' active state changed to: False
2025-10-10 17:39:39,229 - FFPackageManager - INFO - Version 'mo_02' active state changed to: False
2025-10-10 17:39:39,229 - FFPackageManager - INFO - Version 'mo_02' active state changed to: False
2025-10-10 17:39:39,229 - FFPackageManager - INFO - Version 'mo_02' active state changed to: True
2025-10-10 17:39:39,229 - FFPackageManager - INFO - Version 'mo_02' active state changed to: True
2025-10-10 17:39:39,229 - FFPackageManager - INFO - Version 'mo_02' active state changed to: True
2025-10-10 17:39:39,229 - FFPackageManager - DEBUG - Version mo_11 has type: concept art
2025-10-10 17:39:39,229 - FFPackageManager - DEBUG - Version mo_04 has type: concept art
2025-10-10 17:39:39,229 - FFPackageManager - DEBUG - Version mo_03 has type: concept art
2025-10-10 17:39:39,229 - FFPackageManager - DEBUG - Version mo_02 has type: concept art
2025-10-10 17:39:39,229 - FFPackageManager - DEBUG - Version storyboard_scenes_86_92 has type: storyboard
2025-10-10 17:39:39,229 - FFPackageManager - DEBUG - Version RaidersoftheLostArk has type: script
2025-10-10 17:39:39,230 - FFPackageManager - INFO - Version 'storyboard_scenes_86_92' active state changed to: False
2025-10-10 17:39:39,230 - FFPackageManager - INFO - Version 'storyboard_scenes_86_92' active state changed to: False
2025-10-10 17:39:39,230 - FFPackageManager - INFO - Version 'storyboard_scenes_86_92' active state changed to: False
2025-10-10 17:39:39,230 - FFPackageManager - INFO - Version 'storyboard_scenes_86_92' active state changed to: True
2025-10-10 17:39:39,230 - FFPackageManager - INFO - Version 'storyboard_scenes_86_92' active state changed to: True
2025-10-10 17:39:39,230 - FFPackageManager - INFO - Version 'storyboard_scenes_86_92' active state changed to: True
2025-10-10 17:39:39,230 - FFPackageManager - INFO - Applying visibility preferences: {}
2025-10-10 17:39:39,230 - FFPackageManager - INFO - load_tree_data() completed with RFQ data
2025-10-10 17:39:39,230 - FFPackageManager - INFO - Auto-selected latest RFQ: Request for Ballpark
2025-10-10 17:39:39,230 - FFPackageManager - INFO - Auto-selected latest project at index 1
2025-10-10 17:39:39,358 - FFPackageManager - INFO - showEvent() - Window is being shown
2025-10-10 17:39:39,376 - FFPackageManager - INFO - set_category_visibility: 'VFX Breakdown' = True (type: <class 'bool'>)
2025-10-10 17:39:39,377 - FFPackageManager - INFO - Current index of 'VFX Breakdown': 0
2025-10-10 17:39:39,377 - FFPackageManager - INFO - Removed 'VFX Breakdown' from tree at index 0
2025-10-10 17:39:39,377 - FFPackageManager - INFO - Inserting 'VFX Breakdown' at calculated index 0
2025-10-10 17:39:39,377 - FFPackageManager - INFO - Successfully inserted 'VFX Breakdown' - new index: 0, isHidden: False
2025-10-10 17:39:39,377 - FFPackageManager - INFO - set_category_visibility: 'Script' = True (type: <class 'bool'>)
2025-10-10 17:39:39,377 - FFPackageManager - INFO - Current index of 'Script': 1
2025-10-10 17:39:39,377 - FFPackageManager - INFO - Removed 'Script' from tree at index 1
2025-10-10 17:39:39,377 - FFPackageManager - INFO -   Category 'VFX Breakdown' is visible at index 0, incrementing insert_index to 1
2025-10-10 17:39:39,377 - FFPackageManager - INFO - Inserting 'Script' at calculated index 1
2025-10-10 17:39:39,378 - FFPackageManager - INFO - Successfully inserted 'Script' - new index: 1, isHidden: False
2025-10-10 17:39:39,378 - FFPackageManager - INFO - set_category_visibility: 'Concept Art' = True (type: <class 'bool'>)
2025-10-10 17:39:39,378 - FFPackageManager - INFO - Current index of 'Concept Art': 2
2025-10-10 17:39:39,378 - FFPackageManager - INFO - Removed 'Concept Art' from tree at index 2
2025-10-10 17:39:39,378 - FFPackageManager - INFO -   Category 'VFX Breakdown' is visible at index 0, incrementing insert_index to 1
2025-10-10 17:39:39,378 - FFPackageManager - INFO -   Category 'Script' is visible at index 1, incrementing insert_index to 2
2025-10-10 17:39:39,378 - FFPackageManager - INFO - Inserting 'Concept Art' at calculated index 2
2025-10-10 17:39:39,378 - FFPackageManager - INFO - Successfully inserted 'Concept Art' - new index: 2, isHidden: False
2025-10-10 17:39:39,378 - FFPackageManager - INFO - set_category_visibility: 'Storyboard' = True (type: <class 'bool'>)
2025-10-10 17:39:39,378 - FFPackageManager - INFO - Current index of 'Storyboard': 3
2025-10-10 17:39:39,378 - FFPackageManager - INFO - Removed 'Storyboard' from tree at index 3
2025-10-10 17:39:39,378 - FFPackageManager - INFO -   Category 'VFX Breakdown' is visible at index 0, incrementing insert_index to 1
2025-10-10 17:39:39,379 - FFPackageManager - INFO -   Category 'Script' is visible at index 1, incrementing insert_index to 2
2025-10-10 17:39:39,379 - FFPackageManager - INFO -   Category 'Concept Art' is visible at index 2, incrementing insert_index to 3
2025-10-10 17:39:39,379 - FFPackageManager - INFO - Inserting 'Storyboard' at calculated index 3
2025-10-10 17:39:39,379 - FFPackageManager - INFO - Successfully inserted 'Storyboard' - new index: 3, isHidden: False
2025-10-10 17:39:42,957 - FFPackageManager - INFO - Checkbox 'Script' toggled: state=0, checkbox.isChecked()=False
2025-10-10 17:39:42,957 - FFPackageManager - INFO - set_category_visibility: 'Script' = False (type: <class 'bool'>)
2025-10-10 17:39:42,957 - FFPackageManager - INFO - Current index of 'Script': 1
2025-10-10 17:39:42,957 - FFPackageManager - INFO - Removed 'Script' from tree at index 1
2025-10-10 17:39:42,958 - FFPackageManager - INFO - 'Script' removed and will stay hidden
2025-10-10 17:39:43,556 - FFPackageManager - INFO - Checkbox 'Script' toggled: state=2, checkbox.isChecked()=True
2025-10-10 17:39:43,556 - FFPackageManager - INFO - set_category_visibility: 'Script' = True (type: <class 'bool'>)
2025-10-10 17:39:43,556 - FFPackageManager - INFO - Current index of 'Script': -1
2025-10-10 17:39:43,556 - FFPackageManager - INFO - 'Script' was not in tree (index=-1)
2025-10-10 17:39:43,556 - FFPackageManager - INFO -   Category 'VFX Breakdown' is visible at index 0, incrementing insert_index to 1
2025-10-10 17:39:43,557 - FFPackageManager - INFO - Inserting 'Script' at calculated index 1
2025-10-10 17:39:43,557 - FFPackageManager - INFO - Successfully inserted 'Script' - new index: 1, isHidden: False
2025-10-10 17:39:44,353 - FFPackageManager - INFO - Checkbox 'Concept Art' toggled: state=0, checkbox.isChecked()=False
2025-10-10 17:39:44,353 - FFPackageManager - INFO - set_category_visibility: 'Concept Art' = False (type: <class 'bool'>)
2025-10-10 17:39:44,353 - FFPackageManager - INFO - Current index of 'Concept Art': 2
2025-10-10 17:39:44,354 - FFPackageManager - INFO - Removed 'Concept Art' from tree at index 2
2025-10-10 17:39:44,354 - FFPackageManager - INFO - 'Concept Art' removed and will stay hidden
2025-10-10 17:39:44,905 - FFPackageManager - INFO - Checkbox 'Concept Art' toggled: state=2, checkbox.isChecked()=True
2025-10-10 17:39:44,905 - FFPackageManager - INFO - set_category_visibility: 'Concept Art' = True (type: <class 'bool'>)
2025-10-10 17:39:44,906 - FFPackageManager - INFO - Current index of 'Concept Art': -1
2025-10-10 17:39:44,906 - FFPackageManager - INFO - 'Concept Art' was not in tree (index=-1)
2025-10-10 17:39:44,906 - FFPackageManager - INFO -   Category 'VFX Breakdown' is visible at index 0, incrementing insert_index to 1
2025-10-10 17:39:44,906 - FFPackageManager - INFO -   Category 'Script' is visible at index 1, incrementing insert_index to 2
2025-10-10 17:39:44,906 - FFPackageManager - INFO - Inserting 'Concept Art' at calculated index 2
2025-10-10 17:39:44,906 - FFPackageManager - INFO - Successfully inserted 'Concept Art' - new index: 2, isHidden: False
2025-10-10 17:39:46,632 - FFPackageManager - INFO - _create_package() called
2025-10-10 17:39:46,632 - FFPackageManager - INFO - Creating package for SG project: None
2025-10-10 17:39:46,632 - FFPackageManager - INFO - Including RFQ: Request for Ballpark
2025-10-10 17:39:46,632 - FFPackageManager - INFO - Active versions selected: 6
2025-10-10 17:39:46,632 - FFPackageManager - INFO - Active version IDs: [7882, 7987, 7986, 7985, 7984, 7983]
2025-10-10 17:39:46,633 - FFPackageManager - INFO - Next version for 'request_for_ballpark': v004
2025-10-10 17:39:46,633 - FFPackageManager - INFO - Package name: request_for_ballpark_v004
2025-10-10 17:39:46,645 - FFPackageManager - INFO - Data types to include: ['vfx_breakdown', 'script', 'concept_art', 'storyboard']
2025-10-10 17:39:46,653 - FFPackageManager - INFO - Writing package to: C:\Users\gonzalo\shotgrid_packages\request_for_ballpark_v004.json
2025-10-10 17:39:46,656 - FFPackageManager - INFO - Package created successfully
2025-10-10 17:39:49,077 - FFPackageManager - INFO - closeEvent() - Window is being closed
