2025-10-09 10:49:13,555 - FFPackageManager - INFO - Standalone mode - logging to: C:\ayon_src\ff_package_manager\logs\ff_package_manager_20251009_104913.log
2025-10-09 10:49:13,559 - FFPackageManager - INFO - Calling super().__init__()...
2025-10-09 10:49:13,559 - FFPackageManager - INFO - super().__init__() completed
2025-10-09 10:49:13,560 - FFPackageManager - INFO - Shotgrid Session: <shotgrid.ShotgridClient object at 0x000002025DAB5310>
2025-10-09 10:49:13,572 - FFPackageManager - ERROR - Error in _build_ui: 'PackageManagerApp' object has no attribute '_create_content_panel'
Traceback (most recent call last):
  File "C:\ayon_src\ff_package_manager\client\ff_package_manager\app.py", line 379, in _build_ui
    left_panel = self._create_content_panel()
                 ^^^^^^^^^^^^^^^^^^^^^^^^^^
AttributeError: 'PackageManagerApp' object has no attribute '_create_content_panel'
2025-10-09 10:49:13,573 - FFPackageManager - ERROR - ============================================================
2025-10-09 10:49:13,573 - FFPackageManager - ERROR - CRITICAL ERROR in __init__: 'PackageManagerApp' object has no attribute '_create_content_panel'
Traceback (most recent call last):
  File "C:\ayon_src\ff_package_manager\client\ff_package_manager\app.py", line 344, in __init__
    self._build_ui()
  File "C:\ayon_src\ff_package_manager\client\ff_package_manager\app.py", line 379, in _build_ui
    left_panel = self._create_content_panel()
                 ^^^^^^^^^^^^^^^^^^^^^^^^^^
AttributeError: 'PackageManagerApp' object has no attribute '_create_content_panel'
2025-10-09 10:49:13,574 - FFPackageManager - ERROR - ============================================================
