2025-10-10 12:48:05,413 - FFPackageManager - INFO - Standalone mode - logging to: C:\ayon_src\ff_package_manager\logs\ff_package_manager_20251010_124805.log
2025-10-10 12:48:05,414 - FFPackageManager - INFO - Calling super().__init__()...
2025-10-10 12:48:05,415 - FFPackageManager - INFO - super().__init__() completed
2025-10-10 12:48:05,415 - FFPackageManager - INFO - Shotgrid Session: <shotgrid.ShotgridClient object at 0x000002114B897C90>
2025-10-10 12:48:05,428 - FFPackageManager - INFO - _create_content_panel() started
2025-10-10 12:48:05,433 - FFPackageManager - INFO - _create_content_panel() completed
2025-10-10 12:48:05,435 - FFPackageManager - INFO - create_panel() started
2025-10-10 12:48:05,436 - FFPackageManager - INFO - create_panel() completed
2025-10-10 12:48:05,439 - FFPackageManager - INFO - Building bottom panel...
2025-10-10 12:48:05,439 - FFPackageManager - INFO - _build_ui() completed successfully
2025-10-10 12:48:05,567 - FFPackageManager - INFO - showEvent() - Window is being shown
2025-10-10 12:48:07,914 - FFPackageManager - INFO - _load_sg_projects() started
2025-10-10 12:48:07,914 - FFPackageManager - INFO - clear() called
2025-10-10 12:48:07,915 - FFPackageManager - INFO - clear() called
2025-10-10 12:48:08,905 - FFPackageManager - INFO - _load_sg_projects() completed - 1 projects
2025-10-10 12:48:10,773 - FFPackageManager - INFO - SG project selected: None (ID: 389)
2025-10-10 12:48:10,773 - FFPackageManager - INFO - _load_rfqs() started for project 389
2025-10-10 12:48:10,774 - FFPackageManager - INFO - clear() called
2025-10-10 12:48:10,774 - FFPackageManager - INFO - clear() called
2025-10-10 12:48:10,951 - FFPackageManager - INFO - Loaded 1 RFQs for project 389
2025-10-10 12:48:12,947 - FFPackageManager - INFO - RFQ selected: Request for Ballpark (ID: 3)
2025-10-10 12:48:12,947 - FFPackageManager - INFO - set_rfq() called with RFQ: Request for Ballpark
2025-10-10 12:48:12,948 - FFPackageManager - INFO - load_tree_data() started
2025-10-10 12:48:13,839 - FFPackageManager - INFO - Found 6 versions linked to RFQ ID 3
2025-10-10 12:48:13,839 - FFPackageManager - INFO - VFX Breakdown field: [{'id': 1, 'name': 'Revised Third Draft - August 1979', 'type': 'CustomEntity01'}]
2025-10-10 12:48:13,840 - FFPackageManager - DEBUG - Version mo_11 has type: concept art
2025-10-10 12:48:13,840 - FFPackageManager - DEBUG - Version mo_04 has type: concept art
2025-10-10 12:48:13,840 - FFPackageManager - DEBUG - Version mo_03 has type: concept art
2025-10-10 12:48:13,841 - FFPackageManager - DEBUG - Version mo_02 has type: concept art
2025-10-10 12:48:13,841 - FFPackageManager - DEBUG - Version storyboard_scenes_86_92 has type: storyboard
2025-10-10 12:48:13,841 - FFPackageManager - DEBUG - Version RaidersoftheLostArk has type: script
2025-10-10 12:48:13,842 - FFPackageManager - DEBUG - Version mo_11 has type: concept art
2025-10-10 12:48:13,842 - FFPackageManager - DEBUG - Version mo_04 has type: concept art
2025-10-10 12:48:13,842 - FFPackageManager - DEBUG - Version mo_03 has type: concept art
2025-10-10 12:48:13,842 - FFPackageManager - DEBUG - Version mo_02 has type: concept art
2025-10-10 12:48:13,843 - FFPackageManager - DEBUG - Version storyboard_scenes_86_92 has type: storyboard
2025-10-10 12:48:13,843 - FFPackageManager - DEBUG - Version RaidersoftheLostArk has type: script
2025-10-10 12:48:13,843 - FFPackageManager - DEBUG - Version mo_11 has type: concept art
2025-10-10 12:48:13,844 - FFPackageManager - DEBUG - Version mo_04 has type: concept art
2025-10-10 12:48:13,844 - FFPackageManager - DEBUG - Version mo_03 has type: concept art
2025-10-10 12:48:13,844 - FFPackageManager - DEBUG - Version mo_02 has type: concept art
2025-10-10 12:48:13,844 - FFPackageManager - DEBUG - Version storyboard_scenes_86_92 has type: storyboard
2025-10-10 12:48:13,845 - FFPackageManager - DEBUG - Version RaidersoftheLostArk has type: script
2025-10-10 12:48:13,845 - FFPackageManager - INFO - load_tree_data() completed with RFQ data
2025-10-10 12:48:24,560 - FFPackageManager - INFO - closeEvent() - Window is being closed
