2025-10-09 12:59:58,056 - FFPackageManager - INFO - Standalone mode - logging to: C:\ayon_src\ff_package_manager\logs\ff_package_manager_20251009_125958.log
2025-10-09 12:59:58,058 - FFPackageManager - INFO - Calling super().__init__()...
2025-10-09 12:59:58,059 - FFPackageManager - INFO - super().__init__() completed
2025-10-09 12:59:58,059 - FFPackageManager - INFO - Shotgrid Session: <shotgrid.ShotgridClient object at 0x0000024F43068950>
2025-10-09 12:59:58,073 - FFPackageManager - INFO - _create_content_panel() started
2025-10-09 12:59:58,078 - FFPackageManager - INFO - _create_content_panel() completed
2025-10-09 12:59:58,081 - FFPackageManager - INFO - create_panel() started
2025-10-09 12:59:58,082 - FFPackageManager - INFO - create_panel() completed
2025-10-09 12:59:58,083 - FFPackageManager - INFO - Building bottom panel...
2025-10-09 12:59:58,084 - FFPackageManager - INFO - _build_ui() completed successfully
2025-10-09 12:59:58,212 - FFPackageManager - INFO - showEvent() - Window is being shown
2025-10-09 12:59:59,932 - FFPackageManager - INFO - _load_sg_projects() started
2025-10-09 12:59:59,932 - FFPackageManager - INFO - clear() called
2025-10-09 12:59:59,934 - FFPackageManager - INFO - clear() called
2025-10-09 13:00:00,508 - FFPackageManager - INFO - _load_sg_projects() completed - 1 projects
2025-10-09 13:00:01,773 - FFPackageManager - INFO - SG project selected: None (ID: 389)
2025-10-09 13:00:01,773 - FFPackageManager - INFO - _load_rfqs() started for project 389
2025-10-09 13:00:01,775 - FFPackageManager - INFO - clear() called
2025-10-09 13:00:01,775 - FFPackageManager - INFO - clear() called
2025-10-09 13:00:01,967 - FFPackageManager - INFO - Loaded 1 RFQs for project 389
2025-10-09 13:00:03,418 - FFPackageManager - INFO - RFQ selected: Request for Ballpark (ID: 3)
2025-10-09 13:00:03,419 - FFPackageManager - INFO - set_rfq() called with RFQ: Request for Ballpark
2025-10-09 13:00:03,420 - FFPackageManager - INFO - load_tree_data() started
2025-10-09 13:00:03,420 - FFPackageManager - INFO - RFQ data: {'code': 'Request for Ballpark', 'id': 3, 'sg_status_list': 'wtg', 'sg_vfx_breakdown': [{'id': 1, 'name': 'Revised Third Draft - August 1979', 'type': 'CustomEntity01'}], 'type': 'CustomEntity04'}
2025-10-09 13:00:03,421 - FFPackageManager - INFO - VFX Breakdown field: No VFX Breakdown Available
2025-10-09 13:00:03,421 - FFPackageManager - INFO - Adding VFX Breakdown to tree
2025-10-09 13:00:03,421 - FFPackageManager - INFO - [{'id': 1, 'name': 'Revised Third Draft - August 1979', 'type': 'CustomEntity01'}]
2025-10-09 13:00:06,404 - FFPackageManager - INFO - closeEvent() - Window is being closed
