2025-10-08 22:44:49,639 - FFPackageManager - INFO - Standalone mode - logging to: C:\ayon_src\ff_package_manager\logs\ff_package_manager_20251008_224449.log
2025-10-08 22:44:49,641 - FFPackageManager - INFO - ============================================================
2025-10-08 22:44:49,642 - FFPackageManager - INFO - FFPackageManagerApp.__init__() called
2025-10-08 22:44:49,642 - FFPackageManager - INFO - ============================================================
2025-10-08 22:44:49,642 - FFPackageManager - INFO - Calling super().__init__()...
2025-10-08 22:44:49,643 - FFPackageManager - INFO - super().__init__() completed
2025-10-08 22:44:49,643 - FFPackageManager - INFO - Shotgrid Session: <shotgrid.ShotgridClient object at 0x00000222B0561450>
2025-10-08 22:44:49,643 - FFPackageManager - INFO - Output directory: C:\Users\gonzalo\shotgrid_packages
2025-10-08 22:44:49,644 - FFPackageManager - INFO - Parent widget: None
2025-10-08 22:44:49,644 - FFPackageManager - INFO - Setting window title...
2025-10-08 22:44:49,645 - FFPackageManager - INFO - Window title set
2025-10-08 22:44:49,645 - FFPackageManager - INFO - Setting minimum size...
2025-10-08 22:44:49,645 - FFPackageManager - INFO - Minimum size set
2025-10-08 22:44:49,646 - FFPackageManager - INFO - Building UI...
2025-10-08 22:44:49,646 - FFPackageManager - INFO - _build_ui() started
2025-10-08 22:44:49,646 - FFPackageManager - INFO - Creating central widget...
2025-10-08 22:44:49,647 - FFPackageManager - INFO - Building header...
2025-10-08 22:44:49,649 - FFPackageManager - INFO - Creating main content area...
2025-10-08 22:44:49,649 - FFPackageManager - INFO - _create_content_panel() started
2025-10-08 22:44:49,653 - FFPackageManager - ERROR - Error in _build_ui: name 'rfq_combo' is not defined
Traceback (most recent call last):
  File "C:\ayon_src\ff_package_manager\client\ff_package_manager\app.py", line 121, in _build_ui
    content_widget = self._create_content_panel()
                     ^^^^^^^^^^^^^^^^^^^^^^^^^^^^
  File "C:\ayon_src\ff_package_manager\client\ff_package_manager\app.py", line 202, in _create_content_panel
    rfq_row.addWidget(rfq_combo)
                      ^^^^^^^^^
NameError: name 'rfq_combo' is not defined
2025-10-08 22:44:49,654 - FFPackageManager - ERROR - ============================================================
2025-10-08 22:44:49,654 - FFPackageManager - ERROR - CRITICAL ERROR in __init__: name 'rfq_combo' is not defined
Traceback (most recent call last):
  File "C:\ayon_src\ff_package_manager\client\ff_package_manager\app.py", line 83, in __init__
    self._build_ui()
  File "C:\ayon_src\ff_package_manager\client\ff_package_manager\app.py", line 121, in _build_ui
    content_widget = self._create_content_panel()
                     ^^^^^^^^^^^^^^^^^^^^^^^^^^^^
  File "C:\ayon_src\ff_package_manager\client\ff_package_manager\app.py", line 202, in _create_content_panel
    rfq_row.addWidget(rfq_combo)
                      ^^^^^^^^^
NameError: name 'rfq_combo' is not defined
2025-10-08 22:44:49,655 - FFPackageManager - ERROR - ============================================================
