2025-10-08 17:33:56,481 - FFPackageManager - INFO - Standalone mode - logging to: C:\ayon_src\ff_package_manager\logs\ff_package_manager_20251008_173356.log
2025-10-08 17:33:56,482 - FFPackageManager - WARNING - ShotgridClient not available - using simulated data
2025-10-08 17:33:56,484 - FFPackageManager - INFO - ============================================================
2025-10-08 17:33:56,484 - FFPackageManager - INFO - FFPackageManagerApp.__init__() called
2025-10-08 17:33:56,484 - FFPackageManager - INFO - ============================================================
2025-10-08 17:33:56,485 - FFPackageManager - INFO - Calling super().__init__()...
2025-10-08 17:33:56,485 - FFPackageManager - INFO - super().__init__() completed
2025-10-08 17:33:56,485 - FFPackageManager - INFO - Output directory: C:\Users\gonzalo\shotgrid_packages
2025-10-08 17:33:56,486 - FFPackageManager - INFO - Parent widget: None
2025-10-08 17:33:56,486 - FFPackageManager - INFO - Setting window title...
2025-10-08 17:33:56,487 - FFPackageManager - INFO - Window title set
2025-10-08 17:33:56,487 - FFPackageManager - INFO - Setting minimum size...
2025-10-08 17:33:56,487 - FFPackageManager - INFO - Minimum size set
2025-10-08 17:33:56,488 - FFPackageManager - INFO - Building UI...
2025-10-08 17:33:56,488 - FFPackageManager - INFO - _build_ui() started
2025-10-08 17:33:56,488 - FFPackageManager - INFO - Creating central widget...
2025-10-08 17:33:56,489 - FFPackageManager - INFO - Building header...
2025-10-08 17:33:56,492 - FFPackageManager - INFO - Creating main content area...
2025-10-08 17:33:56,492 - FFPackageManager - INFO - _create_content_panel() started
2025-10-08 17:33:56,497 - FFPackageManager - INFO - _create_content_panel() completed
2025-10-08 17:33:56,498 - FFPackageManager - INFO - Building bottom panel...
2025-10-08 17:33:56,498 - FFPackageManager - INFO - _build_ui() completed successfully
2025-10-08 17:33:56,498 - FFPackageManager - INFO - UI built successfully
2025-10-08 17:33:56,499 - FFPackageManager - INFO - Loading projects...
2025-10-08 17:33:56,499 - FFPackageManager - ERROR - ============================================================
2025-10-08 17:33:56,499 - FFPackageManager - ERROR - CRITICAL ERROR in __init__: 'FFPackageManagerApp' object has no attribute '_load_projects'
Traceback (most recent call last):
  File "C:\ayon_src\ff_package_manager\client\ff_package_manager\app.py", line 144, in __init__
    self._load_projects()
    ^^^^^^^^^^^^^^^^^^^
AttributeError: 'FFPackageManagerApp' object has no attribute '_load_projects'
2025-10-08 17:33:56,500 - FFPackageManager - ERROR - ============================================================
