2025-10-09 16:54:30,635 - FFPackageManager - INFO - Standalone mode - logging to: C:\ayon_src\ff_package_manager\logs\ff_package_manager_20251009_165430.log
2025-10-09 16:54:30,637 - FFPackageManager - INFO - Calling super().__init__()...
2025-10-09 16:54:30,637 - FFPackageManager - INFO - super().__init__() completed
2025-10-09 16:54:30,637 - FFPackageManager - INFO - Shotgrid Session: <shotgrid.ShotgridClient object at 0x000001B354841390>
2025-10-09 16:54:30,651 - FFPackageManager - INFO - _create_content_panel() started
2025-10-09 16:54:30,656 - FFPackageManager - INFO - _create_content_panel() completed
2025-10-09 16:54:30,658 - FFPackageManager - INFO - create_panel() started
2025-10-09 16:54:30,660 - FFPackageManager - INFO - create_panel() completed
2025-10-09 16:54:30,661 - FFPackageManager - INFO - Building bottom panel...
2025-10-09 16:54:30,661 - FFPackageManager - INFO - _build_ui() completed successfully
2025-10-09 16:54:30,789 - FFPackageManager - INFO - showEvent() - Window is being shown
2025-10-09 16:54:32,554 - FFPackageManager - INFO - _load_sg_projects() started
2025-10-09 16:54:32,555 - FFPackageManager - INFO - clear() called
2025-10-09 16:54:32,556 - FFPackageManager - INFO - clear() called
2025-10-09 16:54:33,121 - FFPackageManager - INFO - _load_sg_projects() completed - 1 projects
2025-10-09 16:54:34,354 - FFPackageManager - INFO - SG project selected: None (ID: 389)
2025-10-09 16:54:34,354 - FFPackageManager - INFO - _load_rfqs() started for project 389
2025-10-09 16:54:34,356 - FFPackageManager - INFO - clear() called
2025-10-09 16:54:34,356 - FFPackageManager - INFO - clear() called
2025-10-09 16:54:34,557 - FFPackageManager - INFO - Loaded 1 RFQs for project 389
2025-10-09 16:54:36,863 - FFPackageManager - INFO - RFQ selected: Request for Ballpark (ID: 3)
2025-10-09 16:54:36,863 - FFPackageManager - INFO - set_rfq() called with RFQ: Request for Ballpark
2025-10-09 16:54:36,866 - FFPackageManager - INFO - load_tree_data() started
2025-10-09 16:54:37,304 - FFPackageManager - INFO - Found 6 versions linked to RFQ ID 3
2025-10-09 16:54:37,499 - FFPackageManager - INFO - File info: {'mo_11.jpg'}  {'image/jpeg'}
2025-10-09 16:54:37,727 - FFPackageManager - INFO - File info: {'mo_04.jpg'}  {'image/jpeg'}
2025-10-09 16:54:37,924 - FFPackageManager - INFO - File info: {'mo_03.jpg'}  {'image/jpeg'}
2025-10-09 16:54:38,126 - FFPackageManager - INFO - File info: {'mo_02.jpg'}  {'image/jpeg'}
2025-10-09 16:54:38,352 - FFPackageManager - INFO - File info: {'Raiders-Storyboards-45_2K.jpg'}  {'image/jpeg'}
2025-10-09 16:54:38,565 - FFPackageManager - INFO - File info: {'RaidersoftheLostArk.pdf'}  {'application/pdf'}
2025-10-09 16:54:38,565 - FFPackageManager - INFO - RFQ data: {'code': 'Request for Ballpark', 'id': 3, 'sg_status_list': 'wtg', 'sg_vfx_breakdown': [{'id': 1, 'name': 'Revised Third Draft - August 1979', 'type': 'CustomEntity01'}], 'type': 'CustomEntity04'}
2025-10-09 16:54:38,566 - FFPackageManager - INFO - VFX Breakdown field: No VFX Breakdown Available
2025-10-09 16:54:38,567 - FFPackageManager - INFO - Adding VFX Breakdown to tree
2025-10-09 16:54:38,567 - FFPackageManager - INFO - [{'id': 1, 'name': 'Revised Third Draft - August 1979', 'type': 'CustomEntity01'}]
2025-10-09 16:54:38,567 - FFPackageManager - INFO - load_tree_data() completed with RFQ data
2025-10-09 16:58:19,893 - FFPackageManager - INFO - clear() called
2025-10-09 16:58:21,339 - FFPackageManager - INFO - RFQ selected: Request for Ballpark (ID: 3)
2025-10-09 16:58:21,340 - FFPackageManager - INFO - set_rfq() called with RFQ: Request for Ballpark
2025-10-09 16:58:21,343 - FFPackageManager - INFO - load_tree_data() started
2025-10-09 16:58:21,751 - FFPackageManager - INFO - Found 6 versions linked to RFQ ID 3
2025-10-09 16:58:21,951 - FFPackageManager - INFO - File info: {'mo_11.jpg'}  {'image/jpeg'}
2025-10-09 16:58:22,147 - FFPackageManager - INFO - File info: {'mo_04.jpg'}  {'image/jpeg'}
2025-10-09 16:58:22,351 - FFPackageManager - INFO - File info: {'mo_03.jpg'}  {'image/jpeg'}
2025-10-09 16:58:22,563 - FFPackageManager - INFO - File info: {'mo_02.jpg'}  {'image/jpeg'}
2025-10-09 16:58:22,765 - FFPackageManager - INFO - File info: {'Raiders-Storyboards-45_2K.jpg'}  {'image/jpeg'}
2025-10-09 16:58:22,974 - FFPackageManager - INFO - File info: {'RaidersoftheLostArk.pdf'}  {'application/pdf'}
2025-10-09 16:58:22,975 - FFPackageManager - INFO - RFQ data: {'code': 'Request for Ballpark', 'id': 3, 'sg_status_list': 'wtg', 'sg_vfx_breakdown': [{'id': 1, 'name': 'Revised Third Draft - August 1979', 'type': 'CustomEntity01'}], 'type': 'CustomEntity04'}
2025-10-09 16:58:22,975 - FFPackageManager - INFO - VFX Breakdown field: No VFX Breakdown Available
2025-10-09 16:58:22,975 - FFPackageManager - INFO - Adding VFX Breakdown to tree
2025-10-09 16:58:22,976 - FFPackageManager - INFO - [{'id': 1, 'name': 'Revised Third Draft - August 1979', 'type': 'CustomEntity01'}]
2025-10-09 16:58:22,976 - FFPackageManager - INFO - load_tree_data() completed with RFQ data
2025-10-09 18:17:54,443 - FFPackageManager - INFO - closeEvent() - Window is being closed
