2025-10-09 12:37:44,011 - FFPackageManager - INFO - Standalone mode - logging to: C:\ayon_src\ff_package_manager\logs\ff_package_manager_20251009_123744.log
2025-10-09 12:37:44,013 - FFPackageManager - INFO - Calling super().__init__()...
2025-10-09 12:37:44,013 - FFPackageManager - INFO - super().__init__() completed
2025-10-09 12:37:44,014 - FFPackageManager - INFO - Shotgrid Session: <shotgrid.ShotgridClient object at 0x0000029CFB51C310>
2025-10-09 12:37:44,027 - FFPackageManager - INFO - _create_content_panel() started
2025-10-09 12:37:44,032 - FFPackageManager - INFO - _create_content_panel() completed
2025-10-09 12:37:44,034 - FFPackageManager - INFO - create_panel() started
2025-10-09 12:37:44,036 - FFPackageManager - INFO - create_panel() completed
2025-10-09 12:37:44,037 - FFPackageManager - INFO - Building bottom panel...
2025-10-09 12:37:44,037 - FFPackageManager - INFO - _build_ui() completed successfully
2025-10-09 12:37:44,168 - FFPackageManager - INFO - showEvent() - Window is being shown
2025-10-09 12:37:46,316 - FFPackageManager - INFO - _load_sg_projects() started
2025-10-09 12:37:46,317 - FFPackageManager - INFO - clear() called
2025-10-09 12:37:46,318 - FFPackageManager - INFO - clear() called
2025-10-09 12:37:47,520 - FFPackageManager - INFO - _load_sg_projects() completed - 1 projects
2025-10-09 12:37:49,046 - FFPackageManager - INFO - SG project selected: None (ID: 389)
2025-10-09 12:37:49,046 - FFPackageManager - INFO - _load_rfqs() started for project 389
2025-10-09 12:37:49,048 - FFPackageManager - INFO - clear() called
2025-10-09 12:37:49,048 - FFPackageManager - INFO - clear() called
2025-10-09 12:37:49,844 - FFPackageManager - INFO - Loaded 1 RFQs for project 389
2025-10-09 12:37:50,808 - FFPackageManager - INFO - RFQ selected: Request for Ballpark (ID: 3)
2025-10-09 12:37:50,808 - FFPackageManager - INFO - set_rfq() called with RFQ: Request for Ballpark
2025-10-09 12:37:50,810 - FFPackageManager - INFO - load_tree_data() started
2025-10-09 12:37:50,810 - FFPackageManager - INFO - RFQ data: {'code': 'Request for Ballpark', 'id': 3, 'sg_status_list': 'wtg', 'sg_vfx_breakdown': [{'id': 1, 'name': 'Revised Third Draft - August 1979', 'type': 'CustomEntity01'}], 'type': 'CustomEntity04'}
2025-10-09 12:37:50,810 - FFPackageManager - INFO - VFX Breakdown field: No VFX Breakdown Available
2025-10-09 12:37:50,811 - FFPackageManager - INFO - load_tree_data() completed with RFQ data
2025-10-09 12:37:59,906 - FFPackageManager - INFO - closeEvent() - Window is being closed
