2025-10-09 16:43:47,040 - FFPackageManager - INFO - Standalone mode - logging to: C:\ayon_src\ff_package_manager\logs\ff_package_manager_20251009_164347.log
2025-10-09 16:43:47,043 - FFPackageManager - INFO - Calling super().__init__()...
2025-10-09 16:43:47,043 - FFPackageManager - INFO - super().__init__() completed
2025-10-09 16:43:47,043 - FFPackageManager - INFO - Shotgrid Session: <shotgrid.ShotgridClient object at 0x00000242EC99DF90>
2025-10-09 16:43:47,056 - FFPackageManager - INFO - _create_content_panel() started
2025-10-09 16:43:47,062 - FFPackageManager - INFO - _create_content_panel() completed
2025-10-09 16:43:47,064 - FFPackageManager - INFO - create_panel() started
2025-10-09 16:43:47,066 - FFPackageManager - INFO - create_panel() completed
2025-10-09 16:43:47,067 - FFPackageManager - INFO - Building bottom panel...
2025-10-09 16:43:47,068 - FFPackageManager - INFO - _build_ui() completed successfully
2025-10-09 16:43:47,196 - FFPackageManager - INFO - showEvent() - Window is being shown
2025-10-09 16:43:49,982 - FFPackageManager - INFO - _load_sg_projects() started
2025-10-09 16:43:49,982 - FFPackageManager - INFO - clear() called
2025-10-09 16:43:49,984 - FFPackageManager - INFO - clear() called
2025-10-09 16:43:50,568 - FFPackageManager - INFO - _load_sg_projects() completed - 1 projects
2025-10-09 16:43:54,636 - FFPackageManager - INFO - SG project selected: None (ID: 389)
2025-10-09 16:43:54,636 - FFPackageManager - INFO - _load_rfqs() started for project 389
2025-10-09 16:43:54,637 - FFPackageManager - INFO - clear() called
2025-10-09 16:43:54,638 - FFPackageManager - INFO - clear() called
2025-10-09 16:43:54,832 - FFPackageManager - INFO - Loaded 1 RFQs for project 389
2025-10-09 16:43:56,548 - FFPackageManager - INFO - RFQ selected: Request for Ballpark (ID: 3)
2025-10-09 16:43:56,548 - FFPackageManager - INFO - set_rfq() called with RFQ: Request for Ballpark
2025-10-09 16:43:56,550 - FFPackageManager - INFO - load_tree_data() started
2025-10-09 16:43:57,170 - FFPackageManager - INFO - Found 6 versions linked to RFQ ID 3
2025-10-09 16:43:57,448 - FFPackageManager - INFO - File info: {'mo_11.jpg'}  {'image/jpeg'}
2025-10-09 16:43:57,641 - FFPackageManager - INFO - File info: {'mo_04.jpg'}  {'image/jpeg'}
2025-10-09 16:43:57,871 - FFPackageManager - INFO - File info: {'mo_03.jpg'}  {'image/jpeg'}
2025-10-09 16:43:58,061 - FFPackageManager - INFO - File info: {'mo_02.jpg'}  {'image/jpeg'}
2025-10-09 16:43:58,264 - FFPackageManager - INFO - File info: {'Raiders-Storyboards-45_2K.jpg'}  {'image/jpeg'}
2025-10-09 16:43:58,478 - FFPackageManager - INFO - File info: {'RaidersoftheLostArk.pdf'}  {'application/pdf'}
2025-10-09 16:43:58,478 - FFPackageManager - INFO - RFQ data: {'code': 'Request for Ballpark', 'id': 3, 'sg_status_list': 'wtg', 'sg_vfx_breakdown': [{'id': 1, 'name': 'Revised Third Draft - August 1979', 'type': 'CustomEntity01'}], 'type': 'CustomEntity04'}
2025-10-09 16:43:58,480 - FFPackageManager - INFO - VFX Breakdown field: No VFX Breakdown Available
2025-10-09 16:43:58,481 - FFPackageManager - INFO - Adding VFX Breakdown to tree
2025-10-09 16:43:58,481 - FFPackageManager - INFO - [{'id': 1, 'name': 'Revised Third Draft - August 1979', 'type': 'CustomEntity01'}]
2025-10-09 16:43:58,482 - FFPackageManager - INFO - load_tree_data() completed with RFQ data
2025-10-09 16:46:55,264 - FFPackageManager - INFO - closeEvent() - Window is being closed
