2025-10-10 13:22:16,877 - FFPackageManager - INFO - Standalone mode - logging to: C:\ayon_src\ff_package_manager\logs\ff_package_manager_20251010_132216.log
2025-10-10 13:22:16,878 - FFPackageManager - INFO - Calling super().__init__()...
2025-10-10 13:22:16,879 - FFPackageManager - INFO - super().__init__() completed
2025-10-10 13:22:16,879 - FFPackageManager - INFO - Shotgrid Session: <shotgrid.ShotgridClient object at 0x000002A71E8585D0>
2025-10-10 13:22:16,894 - FFPackageManager - INFO - _create_content_panel() started
2025-10-10 13:22:16,900 - FFPackageManager - INFO - _create_content_panel() completed
2025-10-10 13:22:16,903 - FFPackageManager - INFO - create_panel() started
2025-10-10 13:22:16,905 - FFPackageManager - INFO - create_panel() completed
2025-10-10 13:22:16,906 - FFPackageManager - INFO - Building bottom panel...
2025-10-10 13:22:16,906 - FFPackageManager - INFO - _build_ui() completed successfully
2025-10-10 13:22:16,906 - FFPackageManager - INFO - Auto-loading latest project...
2025-10-10 13:22:16,907 - FFPackageManager - INFO - Attempting to auto-load latest project...
2025-10-10 13:22:17,469 - FFPackageManager - INFO - Latest project found: None (ID: 389)
2025-10-10 13:22:17,469 - FFPackageManager - INFO - _load_sg_projects() started
2025-10-10 13:22:17,471 - FFPackageManager - INFO - clear() called
2025-10-10 13:22:17,471 - FFPackageManager - INFO - clear() called
2025-10-10 13:22:17,656 - FFPackageManager - INFO - _load_sg_projects() completed - 1 projects
2025-10-10 13:22:17,657 - FFPackageManager - INFO - SG project selected: None (ID: 389)
2025-10-10 13:22:17,658 - FFPackageManager - INFO - _load_rfqs() started for project 389
2025-10-10 13:22:17,658 - FFPackageManager - INFO - clear() called
2025-10-10 13:22:17,658 - FFPackageManager - INFO - clear() called
2025-10-10 13:22:17,824 - FFPackageManager - INFO - Loaded 1 RFQs for project 389
2025-10-10 13:22:17,824 - FFPackageManager - INFO - RFQ selected: Request for Ballpark (ID: 3)
2025-10-10 13:22:17,825 - FFPackageManager - INFO - set_rfq() called with RFQ: Request for Ballpark
2025-10-10 13:22:17,825 - FFPackageManager - INFO - load_tree_data() started
2025-10-10 13:22:18,185 - FFPackageManager - INFO - Found 6 versions linked to RFQ ID 3
2025-10-10 13:22:18,186 - FFPackageManager - INFO - VFX Breakdown field: [{'id': 1, 'name': 'Revised Third Draft - August 1979', 'type': 'CustomEntity01'}]
2025-10-10 13:22:18,186 - FFPackageManager - DEBUG - Version mo_11 has type: concept art
2025-10-10 13:22:18,187 - FFPackageManager - DEBUG - Version mo_04 has type: concept art
2025-10-10 13:22:18,187 - FFPackageManager - DEBUG - Version mo_03 has type: concept art
2025-10-10 13:22:18,188 - FFPackageManager - DEBUG - Version mo_02 has type: concept art
2025-10-10 13:22:18,188 - FFPackageManager - DEBUG - Version storyboard_scenes_86_92 has type: storyboard
2025-10-10 13:22:18,188 - FFPackageManager - DEBUG - Version RaidersoftheLostArk has type: script
2025-10-10 13:22:18,188 - FFPackageManager - DEBUG - Version mo_11 has type: concept art
2025-10-10 13:22:18,189 - FFPackageManager - DEBUG - Version mo_04 has type: concept art
2025-10-10 13:22:18,189 - FFPackageManager - DEBUG - Version mo_03 has type: concept art
2025-10-10 13:22:18,189 - FFPackageManager - DEBUG - Version mo_02 has type: concept art
2025-10-10 13:22:18,190 - FFPackageManager - DEBUG - Version storyboard_scenes_86_92 has type: storyboard
2025-10-10 13:22:18,190 - FFPackageManager - DEBUG - Version RaidersoftheLostArk has type: script
2025-10-10 13:22:18,190 - FFPackageManager - DEBUG - Version mo_11 has type: concept art
2025-10-10 13:22:18,191 - FFPackageManager - DEBUG - Version mo_04 has type: concept art
2025-10-10 13:22:18,191 - FFPackageManager - DEBUG - Version mo_03 has type: concept art
2025-10-10 13:22:18,191 - FFPackageManager - DEBUG - Version mo_02 has type: concept art
2025-10-10 13:22:18,191 - FFPackageManager - DEBUG - Version storyboard_scenes_86_92 has type: storyboard
2025-10-10 13:22:18,192 - FFPackageManager - DEBUG - Version RaidersoftheLostArk has type: script
2025-10-10 13:22:18,192 - FFPackageManager - INFO - load_tree_data() completed with RFQ data
2025-10-10 13:22:18,192 - FFPackageManager - INFO - Auto-selected latest RFQ: Request for Ballpark
2025-10-10 13:22:18,193 - FFPackageManager - INFO - Auto-selected latest project at index 1
2025-10-10 13:22:18,320 - FFPackageManager - INFO - showEvent() - Window is being shown
2025-10-10 13:22:18,342 - FFPackageManager - INFO - Category 'VFX Breakdown' visibility set to: True
2025-10-10 13:22:18,342 - FFPackageManager - INFO - Category 'Script' visibility set to: True
2025-10-10 13:22:18,342 - FFPackageManager - INFO - Category 'Concept Art' visibility set to: True
2025-10-10 13:22:18,342 - FFPackageManager - INFO - Category 'Storyboard' visibility set to: True
2025-10-10 13:22:19,644 - FFPackageManager - INFO - Entity type 'VFX Breakdown' toggled: hide
2025-10-10 13:22:19,645 - FFPackageManager - INFO - Category 'VFX Breakdown' visibility set to: False
2025-10-10 13:22:20,462 - FFPackageManager - INFO - Entity type 'VFX Breakdown' toggled: hide
2025-10-10 13:22:20,462 - FFPackageManager - INFO - Category 'VFX Breakdown' visibility set to: False
2025-10-10 13:22:21,364 - FFPackageManager - INFO - Entity type 'VFX Breakdown' toggled: hide
2025-10-10 13:22:21,365 - FFPackageManager - INFO - Category 'VFX Breakdown' visibility set to: False
2025-10-10 13:22:21,981 - FFPackageManager - INFO - Entity type 'VFX Breakdown' toggled: hide
2025-10-10 13:22:21,982 - FFPackageManager - INFO - Category 'VFX Breakdown' visibility set to: False
2025-10-10 13:22:22,876 - FFPackageManager - INFO - Entity type 'Script' toggled: hide
2025-10-10 13:22:22,876 - FFPackageManager - INFO - Category 'Script' visibility set to: False
2025-10-10 13:22:23,582 - FFPackageManager - INFO - Entity type 'Script' toggled: hide
2025-10-10 13:22:23,582 - FFPackageManager - INFO - Category 'Script' visibility set to: False
2025-10-10 13:22:24,486 - FFPackageManager - INFO - Entity type 'Concept Art' toggled: hide
2025-10-10 13:22:24,487 - FFPackageManager - INFO - Category 'Concept Art' visibility set to: False
2025-10-10 13:22:25,338 - FFPackageManager - INFO - Entity type 'Concept Art' toggled: hide
2025-10-10 13:22:25,338 - FFPackageManager - INFO - Category 'Concept Art' visibility set to: False
2025-10-10 13:22:25,939 - FFPackageManager - INFO - Entity type 'Storyboard' toggled: hide
2025-10-10 13:22:25,939 - FFPackageManager - INFO - Category 'Storyboard' visibility set to: False
2025-10-10 13:22:26,630 - FFPackageManager - INFO - Entity type 'Storyboard' toggled: hide
2025-10-10 13:22:26,630 - FFPackageManager - INFO - Category 'Storyboard' visibility set to: False
2025-10-10 13:22:32,063 - FFPackageManager - INFO - Entity type 'Concept Art' toggled: hide
2025-10-10 13:22:32,063 - FFPackageManager - INFO - Category 'Concept Art' visibility set to: False
2025-10-10 13:22:32,480 - FFPackageManager - INFO - Entity type 'Concept Art' toggled: hide
2025-10-10 13:22:32,481 - FFPackageManager - INFO - Category 'Concept Art' visibility set to: False
2025-10-10 13:25:24,201 - FFPackageManager - INFO - closeEvent() - Window is being closed
