2025-10-08 22:51:14,846 - FFPackageManager - INFO - Standalone mode - logging to: C:\ayon_src\ff_package_manager\logs\ff_package_manager_20251008_225114.log
2025-10-08 22:51:14,851 - FFPackageManager - INFO - ============================================================
2025-10-08 22:51:14,851 - FFPackageManager - INFO - FFPackageManagerApp.__init__() called
2025-10-08 22:51:14,852 - FFPackageManager - INFO - ============================================================
2025-10-08 22:51:14,852 - FFPackageManager - INFO - Calling super().__init__()...
2025-10-08 22:51:14,853 - FFPackageManager - INFO - super().__init__() completed
2025-10-08 22:51:14,854 - FFPackageManager - INFO - Shotgrid Session: <shotgrid.ShotgridClient object at 0x000002BDB64908D0>
2025-10-08 22:51:14,854 - FFPackageManager - INFO - Output directory: C:\Users\gonzalo\shotgrid_packages
2025-10-08 22:51:14,855 - FFPackageManager - INFO - Parent widget: None
2025-10-08 22:51:14,855 - FFPackageManager - INFO - Setting window title...
2025-10-08 22:51:14,856 - FFPackageManager - INFO - Window title set
2025-10-08 22:51:14,856 - FFPackageManager - INFO - Setting minimum size...
2025-10-08 22:51:14,857 - FFPackageManager - INFO - Minimum size set
2025-10-08 22:51:14,857 - FFPackageManager - INFO - Building UI...
2025-10-08 22:51:14,858 - FFPackageManager - INFO - _build_ui() started
2025-10-08 22:51:14,858 - FFPackageManager - INFO - Creating central widget...
2025-10-08 22:51:14,859 - FFPackageManager - INFO - Building header...
2025-10-08 22:51:14,861 - FFPackageManager - INFO - Creating main content area...
2025-10-08 22:51:14,861 - FFPackageManager - INFO - _create_content_panel() started
2025-10-08 22:51:14,867 - FFPackageManager - INFO - _create_content_panel() completed
2025-10-08 22:51:14,867 - FFPackageManager - INFO - Building bottom panel...
2025-10-08 22:51:14,868 - FFPackageManager - INFO - _build_ui() completed successfully
2025-10-08 22:51:14,870 - FFPackageManager - INFO - UI built successfully
2025-10-08 22:51:14,870 - FFPackageManager - INFO - FFPackageManagerApp initialization complete
2025-10-08 22:51:14,871 - FFPackageManager - INFO - ============================================================
2025-10-08 22:51:14,999 - FFPackageManager - INFO - showEvent() - Window is being shown
2025-10-08 22:51:18,061 - FFPackageManager - INFO - _load_sg_projects() started
2025-10-08 22:51:18,608 - FFPackageManager - INFO - _load_sg_projects() completed - 1 projects
2025-10-08 22:51:21,677 - FFPackageManager - INFO - SG project selected: None (ID: 389)
2025-10-08 22:51:21,677 - FFPackageManager - INFO - _load_rfqs() started for project 389
2025-10-08 22:51:21,895 - FFPackageManager - INFO - Loaded 1 RFQs for project 389
2025-10-08 22:51:24,197 - FFPackageManager - INFO - RFQ selected: Request for Ballpark (ID: 3)
2025-10-08 22:51:51,125 - FFPackageManager - INFO - SG project selected: None (ID: 389)
2025-10-08 22:51:51,125 - FFPackageManager - INFO - _load_rfqs() started for project 389
2025-10-08 22:51:51,306 - FFPackageManager - INFO - Loaded 1 RFQs for project 389
2025-10-08 22:51:54,975 - FFPackageManager - INFO - RFQ selected: Request for Ballpark (ID: 3)
2025-10-08 22:59:11,656 - FFPackageManager - INFO - closeEvent() - Window is being closed
