2025-10-09 12:41:42,722 - FFPackageManager - INFO - Standalone mode - logging to: C:\ayon_src\ff_package_manager\logs\ff_package_manager_20251009_124142.log
2025-10-09 12:41:42,724 - FFPackageManager - INFO - Calling super().__init__()...
2025-10-09 12:41:42,725 - FFPackageManager - INFO - super().__init__() completed
2025-10-09 12:41:42,725 - FFPackageManager - INFO - Shotgrid Session: <shotgrid.ShotgridClient object at 0x000001FF2E27C310>
2025-10-09 12:41:42,737 - FFPackageManager - INFO - _create_content_panel() started
2025-10-09 12:41:42,742 - FFPackageManager - INFO - _create_content_panel() completed
2025-10-09 12:41:42,744 - FFPackageManager - INFO - create_panel() started
2025-10-09 12:41:42,746 - FFPackageManager - INFO - create_panel() completed
2025-10-09 12:41:42,747 - FFPackageManager - INFO - Building bottom panel...
2025-10-09 12:41:42,747 - FFPackageManager - INFO - _build_ui() completed successfully
2025-10-09 12:41:42,874 - FFPackageManager - INFO - showEvent() - Window is being shown
2025-10-09 12:41:47,035 - FFPackageManager - INFO - _load_sg_projects() started
2025-10-09 12:41:47,035 - FFPackageManager - INFO - clear() called
2025-10-09 12:41:47,036 - FFPackageManager - INFO - clear() called
2025-10-09 12:41:47,616 - FFPackageManager - INFO - _load_sg_projects() completed - 1 projects
2025-10-09 12:41:48,880 - FFPackageManager - INFO - SG project selected: None (ID: 389)
2025-10-09 12:41:48,881 - FFPackageManager - INFO - _load_rfqs() started for project 389
2025-10-09 12:41:48,882 - FFPackageManager - INFO - clear() called
2025-10-09 12:41:48,882 - FFPackageManager - INFO - clear() called
2025-10-09 12:41:49,115 - FFPackageManager - INFO - Loaded 1 RFQs for project 389
2025-10-09 12:41:50,338 - FFPackageManager - INFO - RFQ selected: Request for Ballpark (ID: 3)
2025-10-09 12:41:50,339 - FFPackageManager - INFO - set_rfq() called with RFQ: Request for Ballpark
2025-10-09 12:41:50,340 - FFPackageManager - INFO - load_tree_data() started
2025-10-09 12:41:50,341 - FFPackageManager - INFO - RFQ data: {'code': 'Request for Ballpark', 'id': 3, 'sg_status_list': 'wtg', 'sg_vfx_breakdown': [{'id': 1, 'name': 'Revised Third Draft - August 1979', 'type': 'CustomEntity01'}], 'type': 'CustomEntity04'}
2025-10-09 12:41:50,341 - FFPackageManager - INFO - VFX Breakdown field: No VFX Breakdown Available
2025-10-09 12:41:50,342 - FFPackageManager - INFO - load_tree_data() completed with RFQ data
2025-10-09 12:42:44,210 - FFPackageManager - INFO - closeEvent() - Window is being closed
