2025-10-10 10:20:31,341 - FFPackageManager - INFO - Standalone mode - logging to: C:\ayon_src\ff_package_manager\logs\ff_package_manager_20251010_102031.log
2025-10-10 10:20:31,343 - FFPackageManager - INFO - Calling super().__init__()...
2025-10-10 10:20:31,343 - FFPackageManager - INFO - super().__init__() completed
2025-10-10 10:20:31,344 - FFPackageManager - INFO - Shotgrid Session: <shotgrid.ShotgridClient object at 0x000001AD6153F8D0>
2025-10-10 10:20:31,356 - FFPackageManager - INFO - _create_content_panel() started
2025-10-10 10:20:31,361 - FFPackageManager - INFO - _create_content_panel() completed
2025-10-10 10:20:31,364 - FFPackageManager - INFO - create_panel() started
2025-10-10 10:20:31,365 - FFPackageManager - INFO - create_panel() completed
2025-10-10 10:20:31,366 - FFPackageManager - INFO - Building bottom panel...
2025-10-10 10:20:31,366 - FFPackageManager - INFO - _build_ui() completed successfully
2025-10-10 10:20:31,492 - FFPackageManager - INFO - showEvent() - Window is being shown
2025-10-10 10:20:34,019 - FFPackageManager - INFO - _load_sg_projects() started
2025-10-10 10:20:34,019 - FFPackageManager - INFO - clear() called
2025-10-10 10:20:34,020 - FFPackageManager - INFO - clear() called
2025-10-10 10:20:34,609 - FFPackageManager - INFO - _load_sg_projects() completed - 1 projects
2025-10-10 10:20:36,417 - FFPackageManager - INFO - SG project selected: None (ID: 389)
2025-10-10 10:20:36,417 - FFPackageManager - INFO - _load_rfqs() started for project 389
2025-10-10 10:20:36,418 - FFPackageManager - INFO - clear() called
2025-10-10 10:20:36,419 - FFPackageManager - INFO - clear() called
2025-10-10 10:20:36,628 - FFPackageManager - INFO - Loaded 1 RFQs for project 389
2025-10-10 10:20:39,501 - FFPackageManager - INFO - RFQ selected: Request for Ballpark (ID: 3)
2025-10-10 10:20:39,501 - FFPackageManager - INFO - set_rfq() called with RFQ: Request for Ballpark
2025-10-10 10:20:39,502 - FFPackageManager - INFO - load_tree_data() started
2025-10-10 10:20:39,922 - FFPackageManager - INFO - Found 6 versions linked to RFQ ID 3
2025-10-10 10:20:39,923 - FFPackageManager - INFO - load_tree_data() completed with RFQ data
2025-10-10 10:28:55,080 - FFPackageManager - INFO - closeEvent() - Window is being closed
