2025-10-08 17:37:23,176 - FFPackageManager - INFO - Standalone mode - logging to: C:\ayon_src\ff_package_manager\logs\ff_package_manager_20251008_173723.log
2025-10-08 17:37:23,179 - FFPackageManager - INFO - ============================================================
2025-10-08 17:37:23,179 - FFPackageManager - INFO - FFPackageManagerApp.__init__() called
2025-10-08 17:37:23,179 - FFPackageManager - INFO - ============================================================
2025-10-08 17:37:23,180 - FFPackageManager - INFO - Calling super().__init__()...
2025-10-08 17:37:23,180 - FFPackageManager - INFO - super().__init__() completed
2025-10-08 17:37:23,181 - FFPackageManager - INFO - Shotgrid Session: <shotgrid.ShotgridClient object at 0x0000020B0E901590>
2025-10-08 17:37:23,181 - FFPackageManager - INFO - Output directory: C:\Users\gonzalo\shotgrid_packages
2025-10-08 17:37:23,181 - FFPackageManager - INFO - Parent widget: None
2025-10-08 17:37:23,182 - FFPackageManager - INFO - Setting window title...
2025-10-08 17:37:23,182 - FFPackageManager - INFO - Window title set
2025-10-08 17:37:23,182 - FFPackageManager - INFO - Setting minimum size...
2025-10-08 17:37:23,183 - FFPackageManager - INFO - Minimum size set
2025-10-08 17:37:23,183 - FFPackageManager - INFO - Building UI...
2025-10-08 17:37:23,183 - FFPackageManager - INFO - _build_ui() started
2025-10-08 17:37:23,184 - FFPackageManager - INFO - Creating central widget...
2025-10-08 17:37:23,185 - FFPackageManager - INFO - Building header...
2025-10-08 17:37:23,187 - FFPackageManager - INFO - Creating main content area...
2025-10-08 17:37:23,188 - FFPackageManager - INFO - _create_content_panel() started
2025-10-08 17:37:23,194 - FFPackageManager - INFO - _create_content_panel() completed
2025-10-08 17:37:23,194 - FFPackageManager - INFO - Building bottom panel...
2025-10-08 17:37:23,195 - FFPackageManager - INFO - _build_ui() completed successfully
2025-10-08 17:37:23,195 - FFPackageManager - INFO - UI built successfully
2025-10-08 17:37:23,195 - FFPackageManager - INFO - Loading projects...
2025-10-08 17:37:23,196 - FFPackageManager - INFO - Projects loaded
2025-10-08 17:37:23,196 - FFPackageManager - INFO - FFPackageManagerApp initialization complete
2025-10-08 17:37:23,196 - FFPackageManager - INFO - ============================================================
2025-10-08 17:37:23,330 - FFPackageManager - INFO - showEvent() - Window is being shown
2025-10-08 17:37:23,330 - FFPackageManager - INFO -   isVisible: True
2025-10-08 17:37:23,331 - FFPackageManager - INFO -   isMinimized: False
2025-10-08 17:37:23,332 - FFPackageManager - INFO -   isMaximized: False
2025-10-08 17:37:23,332 - FFPackageManager - INFO -   geometry: PySide6.QtCore.QRect(-2035, 206, 1000, 700)
2025-10-08 17:37:23,332 - FFPackageManager - INFO -   pos: PySide6.QtCore.QPoint(-2035, 176)
2025-10-08 17:37:25,273 - FFPackageManager - INFO - _load_sg_projects() started
2025-10-08 17:37:26,039 - FFPackageManager - INFO - _load_sg_projects() completed - 1 projects
2025-10-08 17:37:28,097 - FFPackageManager - INFO - SG project selected: None (ID: 389)
2025-10-08 22:35:56,014 - FFPackageManager - INFO - closeEvent() - Window is being closed
