2025-10-08 16:30:12,152 - FFPackageManager - INFO - Standalone mode - logging to: C:\ayon_src\ff_package_manager\logs\ff_package_manager_20251008_163012.log
2025-10-08 16:30:12,153 - FFPackageManager - INFO - ============================================================
2025-10-08 16:30:12,154 - FFPackageManager - INFO - FFPackageManagerApp.__init__() called
2025-10-08 16:30:12,155 - FFPackageManager - INFO - ============================================================
2025-10-08 16:30:12,155 - FFPackageManager - INFO - Calling super().__init__()...
2025-10-08 16:30:12,156 - FFPackageManager - INFO - super().__init__() completed
2025-10-08 16:30:12,157 - FFPackageManager - INFO - Output directory: C:\Users\gonzalo\shotgrid_packages
2025-10-08 16:30:12,158 - FFPackageManager - INFO - Parent widget: None
2025-10-08 16:30:12,158 - FFPackageManager - INFO - Setting window title...
2025-10-08 16:30:12,159 - FFPackageManager - INFO - Window title set
2025-10-08 16:30:12,159 - FFPackageManager - INFO - Setting minimum size...
2025-10-08 16:30:12,159 - FFPackageManager - INFO - Minimum size set
2025-10-08 16:30:12,159 - FFPackageManager - INFO - Building UI...
2025-10-08 16:30:12,160 - FFPackageManager - INFO - _build_ui() started
2025-10-08 16:30:12,160 - FFPackageManager - INFO - Creating central widget...
2025-10-08 16:30:12,161 - FFPackageManager - INFO - Building header...
2025-10-08 16:30:12,163 - FFPackageManager - INFO - Creating main content area...
2025-10-08 16:30:12,163 - FFPackageManager - INFO - _create_content_panel() started
2025-10-08 16:30:12,168 - FFPackageManager - INFO - _create_content_panel() completed
2025-10-08 16:30:12,169 - FFPackageManager - INFO - Building bottom panel...
2025-10-08 16:30:12,169 - FFPackageManager - INFO - _build_ui() completed successfully
2025-10-08 16:30:12,169 - FFPackageManager - INFO - UI built successfully
2025-10-08 16:30:12,170 - FFPackageManager - INFO - Loading projects...
2025-10-08 16:30:12,170 - FFPackageManager - ERROR - ============================================================
2025-10-08 16:30:12,170 - FFPackageManager - ERROR - CRITICAL ERROR in __init__: 'FFPackageManagerApp' object has no attribute '_load_projects'
Traceback (most recent call last):
  File "C:\ayon_src\ff_package_manager\client\ff_package_manager\sg_app.py", line 73, in __init__
    self._load_projects()
    ^^^^^^^^^^^^^^^^^^^
AttributeError: 'FFPackageManagerApp' object has no attribute '_load_projects'
2025-10-08 16:30:12,171 - FFPackageManager - ERROR - ============================================================
