2025-10-09 10:41:27,523 - FFPackageManager - INFO - Standalone mode - logging to: C:\ayon_src\ff_package_manager\logs\ff_package_manager_20251009_104127.log
2025-10-09 10:41:27,525 - FFPackageManager - INFO - Calling super().__init__()...
2025-10-09 10:41:27,526 - FFPackageManager - INFO - super().__init__() completed
2025-10-09 10:41:27,526 - FFPackageManager - INFO - Shotgrid Session: <shotgrid.ShotgridClient object at 0x000002184FF5CE10>
2025-10-09 10:41:27,539 - FFPackageManager - INFO - _create_content_panel() started
2025-10-09 10:41:27,544 - FFPackageManager - INFO - _create_content_panel() completed
2025-10-09 10:41:27,547 - FFPackageManager - INFO - create_panel() started
2025-10-09 10:41:27,549 - FFPackageManager - INFO - create_panel() completed
2025-10-09 10:41:27,550 - FFPackageManager - INFO - Building bottom panel...
2025-10-09 10:41:27,550 - FFPackageManager - INFO - _build_ui() completed successfully
2025-10-09 10:41:27,677 - FFPackageManager - INFO - showEvent() - Window is being shown
2025-10-09 10:41:31,436 - FFPackageManager - INFO - _load_sg_projects() started
2025-10-09 10:41:31,437 - FFPackageManager - INFO - _load_version_tree() started
2025-10-09 10:41:31,438 - FFPackageManager - INFO - clear() called
2025-10-09 10:41:31,438 - FFPackageManager - INFO - No RFQ selected - showing empty tree
2025-10-09 10:41:32,010 - FFPackageManager - INFO - _load_sg_projects() completed - 1 projects
2025-10-09 10:41:32,848 - FFPackageManager - INFO - SG project selected: None (ID: 389)
2025-10-09 10:41:32,849 - FFPackageManager - INFO - _load_rfqs() started for project 389
2025-10-09 10:41:32,850 - FFPackageManager - INFO - _load_version_tree() started
2025-10-09 10:41:32,850 - FFPackageManager - INFO - clear() called
2025-10-09 10:41:32,851 - FFPackageManager - INFO - No RFQ selected - showing empty tree
2025-10-09 10:41:32,851 - FFPackageManager - INFO - _load_version_tree() started
2025-10-09 10:41:32,851 - FFPackageManager - INFO - clear() called
2025-10-09 10:41:32,852 - FFPackageManager - INFO - No RFQ selected - showing empty tree
2025-10-09 10:41:33,030 - FFPackageManager - INFO - Loaded 1 RFQs for project 389
2025-10-09 10:41:35,192 - FFPackageManager - INFO - RFQ selected: Request for Ballpark (ID: 3)
2025-10-09 10:41:35,192 - FFPackageManager - INFO - _load_version_tree() started
2025-10-09 10:41:35,194 - FFPackageManager - INFO - clear() called
2025-10-09 10:41:35,194 - FFPackageManager - INFO - RFQ data: {'code': 'Request for Ballpark', 'id': 3, 'sg_status_list': 'wtg', 'type': 'CustomEntity04'}
2025-10-09 10:41:35,194 - FFPackageManager - INFO - VFX Breakdown field: None
2025-10-09 10:41:35,195 - FFPackageManager - INFO - _load_version_tree() completed with RFQ data
2025-10-09 10:48:56,157 - FFPackageManager - INFO - closeEvent() - Window is being closed
