2025-10-09 12:42:45,759 - FFPackageManager - INFO - Standalone mode - logging to: C:\ayon_src\ff_package_manager\logs\ff_package_manager_20251009_124245.log
2025-10-09 12:42:45,761 - FFPackageManager - INFO - Calling super().__init__()...
2025-10-09 12:42:45,761 - FFPackageManager - INFO - super().__init__() completed
2025-10-09 12:42:45,762 - FFPackageManager - INFO - Shotgrid Session: <shotgrid.ShotgridClient object at 0x0000017EC8DFC310>
2025-10-09 12:42:45,775 - FFPackageManager - INFO - _create_content_panel() started
2025-10-09 12:42:45,780 - FFPackageManager - INFO - _create_content_panel() completed
2025-10-09 12:42:45,782 - FFPackageManager - INFO - create_panel() started
2025-10-09 12:42:45,784 - FFPackageManager - INFO - create_panel() completed
2025-10-09 12:42:45,785 - FFPackageManager - INFO - Building bottom panel...
2025-10-09 12:42:45,785 - FFPackageManager - INFO - _build_ui() completed successfully
2025-10-09 12:42:45,915 - FFPackageManager - INFO - showEvent() - Window is being shown
2025-10-09 12:42:47,112 - FFPackageManager - INFO - _load_sg_projects() started
2025-10-09 12:42:47,113 - FFPackageManager - INFO - clear() called
2025-10-09 12:42:47,114 - FFPackageManager - INFO - clear() called
2025-10-09 12:42:47,695 - FFPackageManager - INFO - _load_sg_projects() completed - 1 projects
2025-10-09 12:42:49,117 - FFPackageManager - INFO - clear() called
2025-10-09 12:42:54,764 - FFPackageManager - INFO - SG project selected: None (ID: 389)
2025-10-09 12:42:54,765 - FFPackageManager - INFO - _load_rfqs() started for project 389
2025-10-09 12:42:54,767 - FFPackageManager - INFO - clear() called
2025-10-09 12:42:54,768 - FFPackageManager - INFO - clear() called
2025-10-09 12:42:54,990 - FFPackageManager - INFO - Loaded 1 RFQs for project 389
2025-10-09 12:42:56,417 - FFPackageManager - INFO - RFQ selected: Request for Ballpark (ID: 3)
2025-10-09 12:42:56,417 - FFPackageManager - INFO - set_rfq() called with RFQ: Request for Ballpark
2025-10-09 12:42:56,418 - FFPackageManager - INFO - load_tree_data() started
2025-10-09 12:42:56,419 - FFPackageManager - INFO - RFQ data: {'code': 'Request for Ballpark', 'id': 3, 'sg_status_list': 'wtg', 'sg_vfx_breakdown': [{'id': 1, 'name': 'Revised Third Draft - August 1979', 'type': 'CustomEntity01'}], 'type': 'CustomEntity04'}
2025-10-09 12:42:56,419 - FFPackageManager - INFO - VFX Breakdown field: No VFX Breakdown Available
2025-10-09 12:42:56,420 - FFPackageManager - INFO - load_tree_data() completed with RFQ data
2025-10-09 12:43:06,563 - FFPackageManager - INFO - closeEvent() - Window is being closed
