2025-10-10 12:59:54,114 - FFPackageManager - INFO - Standalone mode - logging to: C:\ayon_src\ff_package_manager\logs\ff_package_manager_20251010_125954.log
2025-10-10 12:59:54,115 - FFPackageManager - INFO - Calling super().__init__()...
2025-10-10 12:59:54,115 - FFPackageManager - INFO - super().__init__() completed
2025-10-10 12:59:54,116 - FFPackageManager - INFO - Shotgrid Session: <shotgrid.ShotgridClient object at 0x00000260E0F27D10>
2025-10-10 12:59:54,128 - FFPackageManager - INFO - _create_content_panel() started
2025-10-10 12:59:54,134 - FFPackageManager - INFO - _create_content_panel() completed
2025-10-10 12:59:54,136 - FFPackageManager - INFO - create_panel() started
2025-10-10 12:59:54,137 - FFPackageManager - INFO - create_panel() completed
2025-10-10 12:59:54,138 - FFPackageManager - INFO - Building bottom panel...
2025-10-10 12:59:54,139 - FFPackageManager - INFO - _build_ui() completed successfully
2025-10-10 12:59:54,139 - FFPackageManager - INFO - Auto-loading latest project...
2025-10-10 12:59:54,139 - FFPackageManager - INFO - Attempting to auto-load latest project...
2025-10-10 12:59:54,725 - FFPackageManager - INFO - Latest project found: None (ID: 389)
2025-10-10 12:59:54,725 - FFPackageManager - INFO - _load_sg_projects() started
2025-10-10 12:59:54,726 - FFPackageManager - INFO - clear() called
2025-10-10 12:59:54,726 - FFPackageManager - INFO - clear() called
2025-10-10 12:59:54,906 - FFPackageManager - INFO - _load_sg_projects() completed - 1 projects
2025-10-10 12:59:54,906 - FFPackageManager - INFO - SG project selected: None (ID: 389)
2025-10-10 12:59:54,907 - FFPackageManager - INFO - _load_rfqs() started for project 389
2025-10-10 12:59:54,907 - FFPackageManager - INFO - clear() called
2025-10-10 12:59:54,908 - FFPackageManager - INFO - clear() called
2025-10-10 12:59:55,074 - FFPackageManager - INFO - Loaded 1 RFQs for project 389
2025-10-10 12:59:55,074 - FFPackageManager - INFO - RFQ selected: Request for Ballpark (ID: 3)
2025-10-10 12:59:55,076 - FFPackageManager - INFO - set_rfq() called with RFQ: Request for Ballpark
2025-10-10 12:59:55,076 - FFPackageManager - INFO - load_tree_data() started
2025-10-10 12:59:55,456 - FFPackageManager - INFO - Found 6 versions linked to RFQ ID 3
2025-10-10 12:59:55,456 - FFPackageManager - INFO - VFX Breakdown field: [{'id': 1, 'name': 'Revised Third Draft - August 1979', 'type': 'CustomEntity01'}]
2025-10-10 12:59:55,457 - FFPackageManager - DEBUG - Version mo_11 has type: concept art
2025-10-10 12:59:55,457 - FFPackageManager - DEBUG - Version mo_04 has type: concept art
2025-10-10 12:59:55,458 - FFPackageManager - DEBUG - Version mo_03 has type: concept art
2025-10-10 12:59:55,458 - FFPackageManager - DEBUG - Version mo_02 has type: concept art
2025-10-10 12:59:55,458 - FFPackageManager - DEBUG - Version storyboard_scenes_86_92 has type: storyboard
2025-10-10 12:59:55,459 - FFPackageManager - DEBUG - Version RaidersoftheLostArk has type: script
2025-10-10 12:59:55,459 - FFPackageManager - DEBUG - Version mo_11 has type: concept art
2025-10-10 12:59:55,459 - FFPackageManager - DEBUG - Version mo_04 has type: concept art
2025-10-10 12:59:55,460 - FFPackageManager - DEBUG - Version mo_03 has type: concept art
2025-10-10 12:59:55,460 - FFPackageManager - DEBUG - Version mo_02 has type: concept art
2025-10-10 12:59:55,460 - FFPackageManager - DEBUG - Version storyboard_scenes_86_92 has type: storyboard
2025-10-10 12:59:55,460 - FFPackageManager - DEBUG - Version RaidersoftheLostArk has type: script
2025-10-10 12:59:55,461 - FFPackageManager - DEBUG - Version mo_11 has type: concept art
2025-10-10 12:59:55,461 - FFPackageManager - DEBUG - Version mo_04 has type: concept art
2025-10-10 12:59:55,461 - FFPackageManager - DEBUG - Version mo_03 has type: concept art
2025-10-10 12:59:55,462 - FFPackageManager - DEBUG - Version mo_02 has type: concept art
2025-10-10 12:59:55,462 - FFPackageManager - DEBUG - Version storyboard_scenes_86_92 has type: storyboard
2025-10-10 12:59:55,462 - FFPackageManager - DEBUG - Version RaidersoftheLostArk has type: script
2025-10-10 12:59:55,462 - FFPackageManager - INFO - load_tree_data() completed with RFQ data
2025-10-10 12:59:55,463 - FFPackageManager - INFO - Auto-selected latest RFQ: Request for Ballpark
2025-10-10 12:59:55,463 - FFPackageManager - INFO - Auto-selected latest project at index 1
2025-10-10 12:59:55,593 - FFPackageManager - INFO - showEvent() - Window is being shown
2025-10-10 13:00:44,532 - FFPackageManager - INFO - closeEvent() - Window is being closed
