2025-10-10 12:52:53,427 - FFPackageManager - INFO - Standalone mode - logging to: C:\ayon_src\ff_package_manager\logs\ff_package_manager_20251010_125253.log
2025-10-10 12:52:53,429 - FFPackageManager - INFO - Calling super().__init__()...
2025-10-10 12:52:53,429 - FFPackageManager - INFO - super().__init__() completed
2025-10-10 12:52:53,430 - FFPackageManager - INFO - Shotgrid Session: <shotgrid.ShotgridClient object at 0x0000018941F6F610>
2025-10-10 12:52:53,442 - FFPackageManager - INFO - _create_content_panel() started
2025-10-10 12:52:53,447 - FFPackageManager - INFO - _create_content_panel() completed
2025-10-10 12:52:53,449 - FFPackageManager - INFO - create_panel() started
2025-10-10 12:52:53,450 - FFPackageManager - INFO - create_panel() completed
2025-10-10 12:52:53,451 - FFPackageManager - INFO - Building bottom panel...
2025-10-10 12:52:53,452 - FFPackageManager - INFO - _build_ui() completed successfully
2025-10-10 12:52:53,452 - FFPackageManager - INFO - Auto-loading latest project...
2025-10-10 12:52:53,452 - FFPackageManager - INFO - Attempting to auto-load latest project...
2025-10-10 12:52:54,033 - FFPackageManager - INFO - Latest project found: None (ID: 389)
2025-10-10 12:52:54,033 - FFPackageManager - INFO - _load_sg_projects() started
2025-10-10 12:52:54,034 - FFPackageManager - INFO - clear() called
2025-10-10 12:52:54,035 - FFPackageManager - INFO - clear() called
2025-10-10 12:52:54,219 - FFPackageManager - INFO - _load_sg_projects() completed - 1 projects
2025-10-10 12:52:54,220 - FFPackageManager - INFO - SG project selected: None (ID: 389)
2025-10-10 12:52:54,220 - FFPackageManager - INFO - _load_rfqs() started for project 389
2025-10-10 12:52:54,221 - FFPackageManager - INFO - clear() called
2025-10-10 12:52:54,221 - FFPackageManager - INFO - clear() called
2025-10-10 12:52:54,392 - FFPackageManager - INFO - Loaded 1 RFQs for project 389
2025-10-10 12:52:54,392 - FFPackageManager - INFO - RFQ selected: Request for Ballpark (ID: 3)
2025-10-10 12:52:54,393 - FFPackageManager - INFO - set_rfq() called with RFQ: Request for Ballpark
2025-10-10 12:52:54,393 - FFPackageManager - INFO - load_tree_data() started
2025-10-10 12:52:54,831 - FFPackageManager - INFO - Found 6 versions linked to RFQ ID 3
2025-10-10 12:52:54,832 - FFPackageManager - INFO - VFX Breakdown field: [{'id': 1, 'name': 'Revised Third Draft - August 1979', 'type': 'CustomEntity01'}]
2025-10-10 12:52:54,832 - FFPackageManager - DEBUG - Version mo_11 has type: concept art
2025-10-10 12:52:54,832 - FFPackageManager - DEBUG - Version mo_04 has type: concept art
2025-10-10 12:52:54,832 - FFPackageManager - DEBUG - Version mo_03 has type: concept art
2025-10-10 12:52:54,833 - FFPackageManager - DEBUG - Version mo_02 has type: concept art
2025-10-10 12:52:54,833 - FFPackageManager - DEBUG - Version storyboard_scenes_86_92 has type: storyboard
2025-10-10 12:52:54,833 - FFPackageManager - DEBUG - Version RaidersoftheLostArk has type: script
2025-10-10 12:52:54,834 - FFPackageManager - DEBUG - Version mo_11 has type: concept art
2025-10-10 12:52:54,834 - FFPackageManager - DEBUG - Version mo_04 has type: concept art
2025-10-10 12:52:54,834 - FFPackageManager - DEBUG - Version mo_03 has type: concept art
2025-10-10 12:52:54,835 - FFPackageManager - DEBUG - Version mo_02 has type: concept art
2025-10-10 12:52:54,835 - FFPackageManager - DEBUG - Version storyboard_scenes_86_92 has type: storyboard
2025-10-10 12:52:54,835 - FFPackageManager - DEBUG - Version RaidersoftheLostArk has type: script
2025-10-10 12:52:54,836 - FFPackageManager - DEBUG - Version mo_11 has type: concept art
2025-10-10 12:52:54,836 - FFPackageManager - DEBUG - Version mo_04 has type: concept art
2025-10-10 12:52:54,836 - FFPackageManager - DEBUG - Version mo_03 has type: concept art
2025-10-10 12:52:54,837 - FFPackageManager - DEBUG - Version mo_02 has type: concept art
2025-10-10 12:52:54,837 - FFPackageManager - DEBUG - Version storyboard_scenes_86_92 has type: storyboard
2025-10-10 12:52:54,837 - FFPackageManager - DEBUG - Version RaidersoftheLostArk has type: script
2025-10-10 12:52:54,837 - FFPackageManager - INFO - load_tree_data() completed with RFQ data
2025-10-10 12:52:54,838 - FFPackageManager - INFO - Auto-selected latest RFQ: Request for Ballpark
2025-10-10 12:52:54,838 - FFPackageManager - INFO - Auto-selected latest project at index 1
2025-10-10 12:52:54,964 - FFPackageManager - INFO - showEvent() - Window is being shown
2025-10-10 12:58:37,368 - FFPackageManager - INFO - closeEvent() - Window is being closed
