2025-10-10 18:05:50,383 - FFPackageManager - INFO - Standalone mode - logging to: C:\ayon_src\ff_package_manager\logs\ff_package_manager_20251010_180550.log
2025-10-10 18:05:50,384 - FFPackageManager - INFO - Dark theme applied to application
2025-10-10 18:05:50,384 - FFPackageManager - INFO - Calling super().__init__()...
2025-10-10 18:05:50,385 - FFPackageManager - INFO - super().__init__() completed
2025-10-10 18:05:50,385 - FFPackageManager - INFO - Shotgrid Session: <shotgrid.ShotgridClient object at 0x000001E6E6B14AD0>
2025-10-10 18:05:50,414 - FFPackageManager - INFO - create_panel() started
2025-10-10 18:05:50,416 - FFPackageManager - INFO - create_panel() completed
2025-10-10 18:05:50,420 - FFPackageManager - INFO - _build_ui() completed successfully
2025-10-10 18:05:50,420 - FFPackageManager - INFO - Auto-loading latest project...
2025-10-10 18:05:50,420 - FFPackageManager - INFO - Attempting to auto-load latest project...
2025-10-10 18:05:51,039 - FFPackageManager - INFO - Latest project found: None (ID: 389)
2025-10-10 18:05:51,040 - FFPackageManager - INFO - _load_sg_projects() started
2025-10-10 18:05:51,041 - FFPackageManager - INFO - clear() called
2025-10-10 18:05:51,041 - FFPackageManager - INFO - clear() called
2025-10-10 18:05:51,250 - FFPackageManager - INFO - _load_sg_projects() completed - 1 projects
2025-10-10 18:05:51,250 - FFPackageManager - INFO - SG project selected: None (ID: 389)
2025-10-10 18:05:51,251 - FFPackageManager - INFO - _load_rfqs() started for project 389
2025-10-10 18:05:51,251 - FFPackageManager - INFO - clear() called
2025-10-10 18:05:51,252 - FFPackageManager - INFO - clear() called
2025-10-10 18:05:51,479 - FFPackageManager - INFO - Loaded 1 RFQs for project 389
2025-10-10 18:05:51,479 - FFPackageManager - INFO - RFQ selected: Request for Ballpark (ID: 3)
2025-10-10 18:05:51,480 - FFPackageManager - INFO - set_rfq() called with RFQ: Request for Ballpark
2025-10-10 18:05:51,480 - FFPackageManager - INFO - load_tree_data() started
2025-10-10 18:05:51,934 - FFPackageManager - INFO - Found 6 versions linked to RFQ ID 3
2025-10-10 18:05:51,934 - FFPackageManager - INFO - VFX Breakdown field: [{'id': 1, 'name': 'Revised Third Draft - August 1979', 'type': 'CustomEntity01'}]
2025-10-10 18:05:51,935 - FFPackageManager - DEBUG - Version mo_11 has type: concept art
2025-10-10 18:05:51,935 - FFPackageManager - DEBUG - Version mo_04 has type: concept art
2025-10-10 18:05:51,935 - FFPackageManager - DEBUG - Version mo_03 has type: concept art
2025-10-10 18:05:51,935 - FFPackageManager - DEBUG - Version mo_02 has type: concept art
2025-10-10 18:05:51,935 - FFPackageManager - DEBUG - Version storyboard_scenes_86_92 has type: storyboard
2025-10-10 18:05:51,935 - FFPackageManager - DEBUG - Version RaidersoftheLostArk has type: script
2025-10-10 18:05:51,935 - FFPackageManager - INFO - Version 'RaidersoftheLostArk' active state changed to: False
2025-10-10 18:05:51,935 - FFPackageManager - INFO - Version 'RaidersoftheLostArk' active state changed to: False
2025-10-10 18:05:51,935 - FFPackageManager - INFO - Version 'RaidersoftheLostArk' active state changed to: False
2025-10-10 18:05:51,935 - FFPackageManager - INFO - Version 'RaidersoftheLostArk' active state changed to: True
2025-10-10 18:05:51,935 - FFPackageManager - INFO - Version 'RaidersoftheLostArk' active state changed to: True
2025-10-10 18:05:51,936 - FFPackageManager - INFO - Version 'RaidersoftheLostArk' active state changed to: True
2025-10-10 18:05:51,936 - FFPackageManager - DEBUG - Version mo_11 has type: concept art
2025-10-10 18:05:51,936 - FFPackageManager - DEBUG - Version mo_04 has type: concept art
2025-10-10 18:05:51,936 - FFPackageManager - DEBUG - Version mo_03 has type: concept art
2025-10-10 18:05:51,936 - FFPackageManager - DEBUG - Version mo_02 has type: concept art
2025-10-10 18:05:51,936 - FFPackageManager - DEBUG - Version storyboard_scenes_86_92 has type: storyboard
2025-10-10 18:05:51,936 - FFPackageManager - DEBUG - Version RaidersoftheLostArk has type: script
2025-10-10 18:05:51,936 - FFPackageManager - INFO - Version 'mo_11' active state changed to: False
2025-10-10 18:05:51,937 - FFPackageManager - INFO - Version 'mo_11' active state changed to: False
2025-10-10 18:05:51,937 - FFPackageManager - INFO - Version 'mo_11' active state changed to: False
2025-10-10 18:05:51,937 - FFPackageManager - INFO - Version 'mo_11' active state changed to: True
2025-10-10 18:05:51,937 - FFPackageManager - INFO - Version 'mo_11' active state changed to: True
2025-10-10 18:05:51,937 - FFPackageManager - INFO - Version 'mo_11' active state changed to: True
2025-10-10 18:05:51,937 - FFPackageManager - INFO - Version 'mo_04' active state changed to: False
2025-10-10 18:05:51,937 - FFPackageManager - INFO - Version 'mo_04' active state changed to: False
2025-10-10 18:05:51,937 - FFPackageManager - INFO - Version 'mo_04' active state changed to: False
2025-10-10 18:05:51,937 - FFPackageManager - INFO - Version 'mo_04' active state changed to: True
2025-10-10 18:05:51,937 - FFPackageManager - INFO - Version 'mo_04' active state changed to: True
2025-10-10 18:05:51,937 - FFPackageManager - INFO - Version 'mo_04' active state changed to: True
2025-10-10 18:05:51,937 - FFPackageManager - INFO - Version 'mo_03' active state changed to: False
2025-10-10 18:05:51,938 - FFPackageManager - INFO - Version 'mo_03' active state changed to: False
2025-10-10 18:05:51,938 - FFPackageManager - INFO - Version 'mo_03' active state changed to: False
2025-10-10 18:05:51,938 - FFPackageManager - INFO - Version 'mo_03' active state changed to: True
2025-10-10 18:05:51,938 - FFPackageManager - INFO - Version 'mo_03' active state changed to: True
2025-10-10 18:05:51,938 - FFPackageManager - INFO - Version 'mo_03' active state changed to: True
2025-10-10 18:05:51,938 - FFPackageManager - INFO - Version 'mo_02' active state changed to: False
2025-10-10 18:05:51,938 - FFPackageManager - INFO - Version 'mo_02' active state changed to: False
2025-10-10 18:05:51,938 - FFPackageManager - INFO - Version 'mo_02' active state changed to: False
2025-10-10 18:05:51,938 - FFPackageManager - INFO - Version 'mo_02' active state changed to: True
2025-10-10 18:05:51,938 - FFPackageManager - INFO - Version 'mo_02' active state changed to: True
2025-10-10 18:05:51,938 - FFPackageManager - INFO - Version 'mo_02' active state changed to: True
2025-10-10 18:05:51,938 - FFPackageManager - DEBUG - Version mo_11 has type: concept art
2025-10-10 18:05:51,939 - FFPackageManager - DEBUG - Version mo_04 has type: concept art
2025-10-10 18:05:51,939 - FFPackageManager - DEBUG - Version mo_03 has type: concept art
2025-10-10 18:05:51,939 - FFPackageManager - DEBUG - Version mo_02 has type: concept art
2025-10-10 18:05:51,939 - FFPackageManager - DEBUG - Version storyboard_scenes_86_92 has type: storyboard
2025-10-10 18:05:51,939 - FFPackageManager - DEBUG - Version RaidersoftheLostArk has type: script
2025-10-10 18:05:51,939 - FFPackageManager - INFO - Version 'storyboard_scenes_86_92' active state changed to: False
2025-10-10 18:05:51,939 - FFPackageManager - INFO - Version 'storyboard_scenes_86_92' active state changed to: False
2025-10-10 18:05:51,939 - FFPackageManager - INFO - Version 'storyboard_scenes_86_92' active state changed to: False
2025-10-10 18:05:51,939 - FFPackageManager - INFO - Version 'storyboard_scenes_86_92' active state changed to: True
2025-10-10 18:05:51,939 - FFPackageManager - INFO - Version 'storyboard_scenes_86_92' active state changed to: True
2025-10-10 18:05:51,939 - FFPackageManager - INFO - Version 'storyboard_scenes_86_92' active state changed to: True
2025-10-10 18:05:51,939 - FFPackageManager - INFO - Applying visibility preferences: {}
2025-10-10 18:05:51,939 - FFPackageManager - INFO - load_tree_data() completed with RFQ data
2025-10-10 18:05:51,939 - FFPackageManager - INFO - Auto-selected latest RFQ: Request for Ballpark
2025-10-10 18:05:51,939 - FFPackageManager - INFO - Auto-selected latest project at index 1
2025-10-10 18:05:52,068 - FFPackageManager - INFO - showEvent() - Window is being shown
2025-10-10 18:05:52,084 - FFPackageManager - INFO - set_category_visibility: 'VFX Breakdown' = True (type: <class 'bool'>)
2025-10-10 18:05:52,084 - FFPackageManager - INFO - Current index of 'VFX Breakdown': 0
2025-10-10 18:05:52,084 - FFPackageManager - INFO - Removed 'VFX Breakdown' from tree at index 0
2025-10-10 18:05:52,085 - FFPackageManager - INFO - Inserting 'VFX Breakdown' at calculated index 0
2025-10-10 18:05:52,085 - FFPackageManager - INFO - Successfully inserted 'VFX Breakdown' - new index: 0, isHidden: False
2025-10-10 18:05:52,085 - FFPackageManager - INFO - set_category_visibility: 'Script' = True (type: <class 'bool'>)
2025-10-10 18:05:52,085 - FFPackageManager - INFO - Current index of 'Script': 1
2025-10-10 18:05:52,085 - FFPackageManager - INFO - Removed 'Script' from tree at index 1
2025-10-10 18:05:52,085 - FFPackageManager - INFO -   Category 'VFX Breakdown' is visible at index 0, incrementing insert_index to 1
2025-10-10 18:05:52,085 - FFPackageManager - INFO - Inserting 'Script' at calculated index 1
2025-10-10 18:05:52,085 - FFPackageManager - INFO - Successfully inserted 'Script' - new index: 1, isHidden: False
2025-10-10 18:05:52,085 - FFPackageManager - INFO - set_category_visibility: 'Concept Art' = True (type: <class 'bool'>)
2025-10-10 18:05:52,085 - FFPackageManager - INFO - Current index of 'Concept Art': 2
2025-10-10 18:05:52,085 - FFPackageManager - INFO - Removed 'Concept Art' from tree at index 2
2025-10-10 18:05:52,085 - FFPackageManager - INFO -   Category 'VFX Breakdown' is visible at index 0, incrementing insert_index to 1
2025-10-10 18:05:52,086 - FFPackageManager - INFO -   Category 'Script' is visible at index 1, incrementing insert_index to 2
2025-10-10 18:05:52,086 - FFPackageManager - INFO - Inserting 'Concept Art' at calculated index 2
2025-10-10 18:05:52,086 - FFPackageManager - INFO - Successfully inserted 'Concept Art' - new index: 2, isHidden: False
2025-10-10 18:05:52,086 - FFPackageManager - INFO - set_category_visibility: 'Storyboard' = True (type: <class 'bool'>)
2025-10-10 18:05:52,086 - FFPackageManager - INFO - Current index of 'Storyboard': 3
2025-10-10 18:05:52,086 - FFPackageManager - INFO - Removed 'Storyboard' from tree at index 3
2025-10-10 18:05:52,086 - FFPackageManager - INFO -   Category 'VFX Breakdown' is visible at index 0, incrementing insert_index to 1
2025-10-10 18:05:52,086 - FFPackageManager - INFO -   Category 'Script' is visible at index 1, incrementing insert_index to 2
2025-10-10 18:05:52,086 - FFPackageManager - INFO -   Category 'Concept Art' is visible at index 2, incrementing insert_index to 3
2025-10-10 18:05:52,086 - FFPackageManager - INFO - Inserting 'Storyboard' at calculated index 3
2025-10-10 18:05:52,086 - FFPackageManager - INFO - Successfully inserted 'Storyboard' - new index: 3, isHidden: False
2025-10-10 18:06:07,358 - FFPackageManager - INFO - closeEvent() - Window is being closed
