2025-10-10 12:00:27,958 - FFPackageManager - INFO - Standalone mode - logging to: C:\ayon_src\ff_package_manager\logs\ff_package_manager_20251010_120027.log
2025-10-10 12:00:27,960 - FFPackageManager - INFO - Calling super().__init__()...
2025-10-10 12:00:27,960 - FFPackageManager - INFO - super().__init__() completed
2025-10-10 12:00:27,961 - FFPackageManager - INFO - Shotgrid Session: <shotgrid.ShotgridClient object at 0x000001E982B0B350>
2025-10-10 12:00:27,973 - FFPackageManager - INFO - _create_content_panel() started
2025-10-10 12:00:27,978 - FFPackageManager - INFO - _create_content_panel() completed
2025-10-10 12:00:27,980 - FFPackageManager - INFO - create_panel() started
2025-10-10 12:00:27,982 - FFPackageManager - INFO - create_panel() completed
2025-10-10 12:00:27,983 - FFPackageManager - INFO - Building bottom panel...
2025-10-10 12:00:27,983 - FFPackageManager - INFO - _build_ui() completed successfully
2025-10-10 12:00:28,108 - FFPackageManager - INFO - showEvent() - Window is being shown
2025-10-10 12:00:29,930 - FFPackageManager - INFO - _load_sg_projects() started
2025-10-10 12:00:29,930 - FFPackageManager - INFO - clear() called
2025-10-10 12:00:29,931 - FFPackageManager - INFO - clear() called
2025-10-10 12:00:30,924 - FFPackageManager - INFO - _load_sg_projects() completed - 1 projects
2025-10-10 12:00:32,893 - FFPackageManager - INFO - SG project selected: None (ID: 389)
2025-10-10 12:00:32,893 - FFPackageManager - INFO - _load_rfqs() started for project 389
2025-10-10 12:00:32,894 - FFPackageManager - INFO - clear() called
2025-10-10 12:00:32,894 - FFPackageManager - INFO - clear() called
2025-10-10 12:00:33,072 - FFPackageManager - INFO - Loaded 1 RFQs for project 389
2025-10-10 12:00:34,984 - FFPackageManager - INFO - RFQ selected: Request for Ballpark (ID: 3)
2025-10-10 12:00:34,984 - FFPackageManager - INFO - set_rfq() called with RFQ: Request for Ballpark
2025-10-10 12:00:34,986 - FFPackageManager - INFO - load_tree_data() started
2025-10-10 12:00:35,474 - FFPackageManager - INFO - Found 6 versions linked to RFQ ID 3
2025-10-10 12:00:35,474 - FFPackageManager - INFO - VFX Breakdown field: [{'id': 1, 'name': 'Revised Third Draft - August 1979', 'type': 'CustomEntity01'}]
2025-10-10 12:00:35,475 - FFPackageManager - DEBUG - Version mo_11 has type: concept art
2025-10-10 12:00:35,475 - FFPackageManager - DEBUG - Version mo_04 has type: concept art
2025-10-10 12:00:35,476 - FFPackageManager - DEBUG - Version mo_03 has type: concept art
2025-10-10 12:00:35,476 - FFPackageManager - DEBUG - Version mo_02 has type: concept art
2025-10-10 12:00:35,476 - FFPackageManager - DEBUG - Version storyboard_scenes_86_92 has type: storyboard
2025-10-10 12:00:35,477 - FFPackageManager - DEBUG - Version RaidersoftheLostArk has type: script
2025-10-10 12:00:35,477 - FFPackageManager - DEBUG - Version mo_11 has type: concept art
2025-10-10 12:00:35,477 - FFPackageManager - DEBUG - Version mo_04 has type: concept art
2025-10-10 12:00:35,477 - FFPackageManager - DEBUG - Version mo_03 has type: concept art
2025-10-10 12:00:35,478 - FFPackageManager - DEBUG - Version mo_02 has type: concept art
2025-10-10 12:00:35,478 - FFPackageManager - DEBUG - Version storyboard_scenes_86_92 has type: storyboard
2025-10-10 12:00:35,478 - FFPackageManager - DEBUG - Version RaidersoftheLostArk has type: script
2025-10-10 12:00:35,479 - FFPackageManager - DEBUG - Version mo_11 has type: concept art
2025-10-10 12:00:35,479 - FFPackageManager - DEBUG - Version mo_04 has type: concept art
2025-10-10 12:00:35,479 - FFPackageManager - DEBUG - Version mo_03 has type: concept art
2025-10-10 12:00:35,479 - FFPackageManager - DEBUG - Version mo_02 has type: concept art
2025-10-10 12:00:35,480 - FFPackageManager - DEBUG - Version storyboard_scenes_86_92 has type: storyboard
2025-10-10 12:00:35,480 - FFPackageManager - DEBUG - Version RaidersoftheLostArk has type: script
2025-10-10 12:00:35,480 - FFPackageManager - INFO - load_tree_data() completed with RFQ data
2025-10-10 12:01:22,483 - FFPackageManager - INFO - clear() called
2025-10-10 12:01:22,484 - FFPackageManager - INFO - clear() called
2025-10-10 12:01:22,485 - FFPackageManager - INFO - clear() called
2025-10-10 12:01:24,106 - FFPackageManager - INFO - SG project selected: None (ID: 389)
2025-10-10 12:01:24,106 - FFPackageManager - INFO - _load_rfqs() started for project 389
2025-10-10 12:01:24,107 - FFPackageManager - INFO - clear() called
2025-10-10 12:01:24,107 - FFPackageManager - INFO - clear() called
2025-10-10 12:01:24,297 - FFPackageManager - INFO - Loaded 1 RFQs for project 389
2025-10-10 12:01:26,404 - FFPackageManager - INFO - RFQ selected: Request for Ballpark (ID: 3)
2025-10-10 12:01:26,404 - FFPackageManager - INFO - set_rfq() called with RFQ: Request for Ballpark
2025-10-10 12:01:26,406 - FFPackageManager - INFO - load_tree_data() started
2025-10-10 12:01:26,800 - FFPackageManager - INFO - Found 6 versions linked to RFQ ID 3
2025-10-10 12:01:26,801 - FFPackageManager - INFO - VFX Breakdown field: [{'id': 1, 'name': 'Revised Third Draft - August 1979', 'type': 'CustomEntity01'}]
2025-10-10 12:01:26,802 - FFPackageManager - DEBUG - Version mo_11 has type: concept art
2025-10-10 12:01:26,802 - FFPackageManager - DEBUG - Version mo_04 has type: concept art
2025-10-10 12:01:26,802 - FFPackageManager - DEBUG - Version mo_03 has type: concept art
2025-10-10 12:01:26,803 - FFPackageManager - DEBUG - Version mo_02 has type: concept art
2025-10-10 12:01:26,803 - FFPackageManager - DEBUG - Version storyboard_scenes_86_92 has type: storyboard
2025-10-10 12:01:26,803 - FFPackageManager - DEBUG - Version RaidersoftheLostArk has type: script
2025-10-10 12:01:26,803 - FFPackageManager - DEBUG - Version mo_11 has type: concept art
2025-10-10 12:01:26,804 - FFPackageManager - DEBUG - Version mo_04 has type: concept art
2025-10-10 12:01:26,804 - FFPackageManager - DEBUG - Version mo_03 has type: concept art
2025-10-10 12:01:26,804 - FFPackageManager - DEBUG - Version mo_02 has type: concept art
2025-10-10 12:01:26,805 - FFPackageManager - DEBUG - Version storyboard_scenes_86_92 has type: storyboard
2025-10-10 12:01:26,805 - FFPackageManager - DEBUG - Version RaidersoftheLostArk has type: script
2025-10-10 12:01:26,805 - FFPackageManager - DEBUG - Version mo_11 has type: concept art
2025-10-10 12:01:26,806 - FFPackageManager - DEBUG - Version mo_04 has type: concept art
2025-10-10 12:01:26,806 - FFPackageManager - DEBUG - Version mo_03 has type: concept art
2025-10-10 12:01:26,806 - FFPackageManager - DEBUG - Version mo_02 has type: concept art
2025-10-10 12:01:26,806 - FFPackageManager - DEBUG - Version storyboard_scenes_86_92 has type: storyboard
2025-10-10 12:01:26,807 - FFPackageManager - DEBUG - Version RaidersoftheLostArk has type: script
2025-10-10 12:01:26,807 - FFPackageManager - INFO - load_tree_data() completed with RFQ data
2025-10-10 12:01:30,555 - FFPackageManager - INFO - clear() called
2025-10-10 12:01:32,280 - FFPackageManager - INFO - RFQ selected: Request for Ballpark (ID: 3)
2025-10-10 12:01:32,280 - FFPackageManager - INFO - set_rfq() called with RFQ: Request for Ballpark
2025-10-10 12:01:32,281 - FFPackageManager - INFO - load_tree_data() started
2025-10-10 12:01:32,666 - FFPackageManager - INFO - Found 6 versions linked to RFQ ID 3
2025-10-10 12:01:32,667 - FFPackageManager - INFO - VFX Breakdown field: [{'id': 1, 'name': 'Revised Third Draft - August 1979', 'type': 'CustomEntity01'}]
2025-10-10 12:01:32,667 - FFPackageManager - DEBUG - Version mo_11 has type: concept art
2025-10-10 12:01:32,668 - FFPackageManager - DEBUG - Version mo_04 has type: concept art
2025-10-10 12:01:32,668 - FFPackageManager - DEBUG - Version mo_03 has type: concept art
2025-10-10 12:01:32,668 - FFPackageManager - DEBUG - Version mo_02 has type: concept art
2025-10-10 12:01:32,668 - FFPackageManager - DEBUG - Version storyboard_scenes_86_92 has type: storyboard
2025-10-10 12:01:32,669 - FFPackageManager - DEBUG - Version RaidersoftheLostArk has type: script
2025-10-10 12:01:32,669 - FFPackageManager - DEBUG - Version mo_11 has type: concept art
2025-10-10 12:01:32,669 - FFPackageManager - DEBUG - Version mo_04 has type: concept art
2025-10-10 12:01:32,670 - FFPackageManager - DEBUG - Version mo_03 has type: concept art
2025-10-10 12:01:32,670 - FFPackageManager - DEBUG - Version mo_02 has type: concept art
2025-10-10 12:01:32,670 - FFPackageManager - DEBUG - Version storyboard_scenes_86_92 has type: storyboard
2025-10-10 12:01:32,671 - FFPackageManager - DEBUG - Version RaidersoftheLostArk has type: script
2025-10-10 12:01:32,671 - FFPackageManager - DEBUG - Version mo_11 has type: concept art
2025-10-10 12:01:32,671 - FFPackageManager - DEBUG - Version mo_04 has type: concept art
2025-10-10 12:01:32,671 - FFPackageManager - DEBUG - Version mo_03 has type: concept art
2025-10-10 12:01:32,672 - FFPackageManager - DEBUG - Version mo_02 has type: concept art
2025-10-10 12:01:32,672 - FFPackageManager - DEBUG - Version storyboard_scenes_86_92 has type: storyboard
2025-10-10 12:01:32,672 - FFPackageManager - DEBUG - Version RaidersoftheLostArk has type: script
2025-10-10 12:01:32,673 - FFPackageManager - INFO - load_tree_data() completed with RFQ data
2025-10-10 12:04:54,407 - FFPackageManager - INFO - clear() called
2025-10-10 12:04:54,407 - FFPackageManager - INFO - clear() called
2025-10-10 12:04:54,408 - FFPackageManager - INFO - clear() called
2025-10-10 12:04:56,263 - FFPackageManager - INFO - SG project selected: None (ID: 389)
2025-10-10 12:04:56,263 - FFPackageManager - INFO - _load_rfqs() started for project 389
2025-10-10 12:04:56,264 - FFPackageManager - INFO - clear() called
2025-10-10 12:04:56,264 - FFPackageManager - INFO - clear() called
2025-10-10 12:04:56,517 - FFPackageManager - INFO - Loaded 1 RFQs for project 389
2025-10-10 12:04:58,698 - FFPackageManager - INFO - RFQ selected: Request for Ballpark (ID: 3)
2025-10-10 12:04:58,698 - FFPackageManager - INFO - set_rfq() called with RFQ: Request for Ballpark
2025-10-10 12:04:58,699 - FFPackageManager - INFO - load_tree_data() started
2025-10-10 12:04:59,181 - FFPackageManager - INFO - Found 6 versions linked to RFQ ID 3
2025-10-10 12:04:59,181 - FFPackageManager - INFO - VFX Breakdown field: [{'id': 1, 'name': 'Revised Third Draft - August 1979', 'type': 'CustomEntity01'}]
2025-10-10 12:04:59,182 - FFPackageManager - DEBUG - Version mo_11 has type: concept art
2025-10-10 12:04:59,182 - FFPackageManager - DEBUG - Version mo_04 has type: concept art
2025-10-10 12:04:59,183 - FFPackageManager - DEBUG - Version mo_03 has type: concept art
2025-10-10 12:04:59,183 - FFPackageManager - DEBUG - Version mo_02 has type: concept art
2025-10-10 12:04:59,183 - FFPackageManager - DEBUG - Version storyboard_scenes_86_92 has type: storyboard
2025-10-10 12:04:59,184 - FFPackageManager - DEBUG - Version RaidersoftheLostArk has type: script
2025-10-10 12:04:59,184 - FFPackageManager - DEBUG - Version mo_11 has type: concept art
2025-10-10 12:04:59,184 - FFPackageManager - DEBUG - Version mo_04 has type: concept art
2025-10-10 12:04:59,184 - FFPackageManager - DEBUG - Version mo_03 has type: concept art
2025-10-10 12:04:59,185 - FFPackageManager - DEBUG - Version mo_02 has type: concept art
2025-10-10 12:04:59,185 - FFPackageManager - DEBUG - Version storyboard_scenes_86_92 has type: storyboard
2025-10-10 12:04:59,185 - FFPackageManager - DEBUG - Version RaidersoftheLostArk has type: script
2025-10-10 12:04:59,186 - FFPackageManager - DEBUG - Version mo_11 has type: concept art
2025-10-10 12:04:59,186 - FFPackageManager - DEBUG - Version mo_04 has type: concept art
2025-10-10 12:04:59,186 - FFPackageManager - DEBUG - Version mo_03 has type: concept art
2025-10-10 12:04:59,186 - FFPackageManager - DEBUG - Version mo_02 has type: concept art
2025-10-10 12:04:59,187 - FFPackageManager - DEBUG - Version storyboard_scenes_86_92 has type: storyboard
2025-10-10 12:04:59,187 - FFPackageManager - DEBUG - Version RaidersoftheLostArk has type: script
2025-10-10 12:04:59,187 - FFPackageManager - INFO - load_tree_data() completed with RFQ data
2025-10-10 12:47:36,803 - FFPackageManager - INFO - closeEvent() - Window is being closed
