2025-10-09 10:27:34,465 - FFPackageManager - INFO - Standalone mode - logging to: C:\ayon_src\ff_package_manager\logs\ff_package_manager_20251009_102734.log
2025-10-09 10:27:34,466 - FFPackageManager - INFO - Calling super().__init__()...
2025-10-09 10:27:34,467 - FFPackageManager - INFO - super().__init__() completed
2025-10-09 10:27:34,467 - FFPackageManager - INFO - Shotgrid Session: <shotgrid.ShotgridClient object at 0x000001926C865910>
2025-10-09 10:27:34,480 - FFPackageManager - INFO - _create_content_panel() started
2025-10-09 10:27:34,485 - FFPackageManager - INFO - _create_content_panel() completed
2025-10-09 10:27:34,487 - FFPackageManager - INFO - create_panel() started
2025-10-09 10:27:34,489 - FFPackageManager - INFO - load_tree_data() started
2025-10-09 10:27:34,489 - FFPackageManager - INFO - No RFQ selected - showing empty tree
2025-10-09 10:27:34,489 - FFPackageManager - INFO - create_panel() completed
2025-10-09 10:27:34,491 - FFPackageManager - INFO - Building bottom panel...
2025-10-09 10:27:34,491 - FFPackageManager - INFO - _build_ui() completed successfully
2025-10-09 10:27:34,619 - FFPackageManager - INFO - showEvent() - Window is being shown
2025-10-09 10:27:36,988 - FFPackageManager - INFO - _load_sg_projects() started
2025-10-09 10:27:36,988 - FFPackageManager - INFO - _load_version_tree() started
2025-10-09 10:27:37,866 - FFPackageManager - INFO - _load_sg_projects() completed - 1 projects
2025-10-09 10:27:39,649 - FFPackageManager - INFO - SG project selected: None (ID: 389)
2025-10-09 10:27:39,649 - FFPackageManager - INFO - _load_rfqs() started for project 389
2025-10-09 10:27:39,650 - FFPackageManager - INFO - _load_version_tree() started
2025-10-09 10:27:39,653 - FFPackageManager - INFO - _load_version_tree() started
2025-10-09 10:27:39,864 - FFPackageManager - INFO - Loaded 1 RFQs for project 389
2025-10-09 10:27:41,159 - FFPackageManager - INFO - RFQ selected: Request for Ballpark (ID: 3)
2025-10-09 10:27:41,160 - FFPackageManager - INFO - _load_version_tree() started
2025-10-09 10:27:47,015 - FFPackageManager - INFO - closeEvent() - Window is being closed
