2025-10-10 13:09:52,517 - FFPackageManager - INFO - Standalone mode - logging to: C:\ayon_src\ff_package_manager\logs\ff_package_manager_20251010_130952.log
2025-10-10 13:09:52,519 - FFPackageManager - INFO - Calling super().__init__()...
2025-10-10 13:09:52,519 - FFPackageManager - INFO - super().__init__() completed
2025-10-10 13:09:52,519 - FFPackageManager - INFO - Shotgrid Session: <shotgrid.ShotgridClient object at 0x0000017F97530210>
2025-10-10 13:09:52,532 - FFPackageManager - INFO - _create_content_panel() started
2025-10-10 13:09:52,537 - FFPackageManager - INFO - _create_content_panel() completed
2025-10-10 13:09:52,539 - FFPackageManager - INFO - create_panel() started
2025-10-10 13:09:52,541 - FFPackageManager - INFO - create_panel() completed
2025-10-10 13:09:52,542 - FFPackageManager - INFO - Building bottom panel...
2025-10-10 13:09:52,542 - FFPackageManager - INFO - _build_ui() completed successfully
2025-10-10 13:09:52,542 - FFPackageManager - INFO - Auto-loading latest project...
2025-10-10 13:09:52,543 - FFPackageManager - INFO - Attempting to auto-load latest project...
2025-10-10 13:09:53,118 - FFPackageManager - INFO - Latest project found: None (ID: 389)
2025-10-10 13:09:53,118 - FFPackageManager - INFO - _load_sg_projects() started
2025-10-10 13:09:53,119 - FFPackageManager - INFO - clear() called
2025-10-10 13:09:53,120 - FFPackageManager - INFO - clear() called
2025-10-10 13:09:53,288 - FFPackageManager - INFO - _load_sg_projects() completed - 1 projects
2025-10-10 13:09:53,288 - FFPackageManager - INFO - SG project selected: None (ID: 389)
2025-10-10 13:09:53,289 - FFPackageManager - INFO - _load_rfqs() started for project 389
2025-10-10 13:09:53,289 - FFPackageManager - INFO - clear() called
2025-10-10 13:09:53,289 - FFPackageManager - INFO - clear() called
2025-10-10 13:09:53,472 - FFPackageManager - INFO - Loaded 1 RFQs for project 389
2025-10-10 13:09:53,473 - FFPackageManager - INFO - RFQ selected: Request for Ballpark (ID: 3)
2025-10-10 13:09:53,473 - FFPackageManager - INFO - set_rfq() called with RFQ: Request for Ballpark
2025-10-10 13:09:53,474 - FFPackageManager - INFO - load_tree_data() started
2025-10-10 13:09:53,846 - FFPackageManager - INFO - Found 6 versions linked to RFQ ID 3
2025-10-10 13:09:53,847 - FFPackageManager - INFO - VFX Breakdown field: [{'id': 1, 'name': 'Revised Third Draft - August 1979', 'type': 'CustomEntity01'}]
2025-10-10 13:09:53,847 - FFPackageManager - DEBUG - Version mo_11 has type: concept art
2025-10-10 13:09:53,847 - FFPackageManager - DEBUG - Version mo_04 has type: concept art
2025-10-10 13:09:53,848 - FFPackageManager - DEBUG - Version mo_03 has type: concept art
2025-10-10 13:09:53,848 - FFPackageManager - DEBUG - Version mo_02 has type: concept art
2025-10-10 13:09:53,849 - FFPackageManager - DEBUG - Version storyboard_scenes_86_92 has type: storyboard
2025-10-10 13:09:53,849 - FFPackageManager - DEBUG - Version RaidersoftheLostArk has type: script
2025-10-10 13:09:53,849 - FFPackageManager - DEBUG - Version mo_11 has type: concept art
2025-10-10 13:09:53,849 - FFPackageManager - DEBUG - Version mo_04 has type: concept art
2025-10-10 13:09:53,850 - FFPackageManager - DEBUG - Version mo_03 has type: concept art
2025-10-10 13:09:53,850 - FFPackageManager - DEBUG - Version mo_02 has type: concept art
2025-10-10 13:09:53,850 - FFPackageManager - DEBUG - Version storyboard_scenes_86_92 has type: storyboard
2025-10-10 13:09:53,850 - FFPackageManager - DEBUG - Version RaidersoftheLostArk has type: script
2025-10-10 13:09:53,851 - FFPackageManager - DEBUG - Version mo_11 has type: concept art
2025-10-10 13:09:53,851 - FFPackageManager - DEBUG - Version mo_04 has type: concept art
2025-10-10 13:09:53,851 - FFPackageManager - DEBUG - Version mo_03 has type: concept art
2025-10-10 13:09:53,852 - FFPackageManager - DEBUG - Version mo_02 has type: concept art
2025-10-10 13:09:53,852 - FFPackageManager - DEBUG - Version storyboard_scenes_86_92 has type: storyboard
2025-10-10 13:09:53,852 - FFPackageManager - DEBUG - Version RaidersoftheLostArk has type: script
2025-10-10 13:09:53,852 - FFPackageManager - INFO - load_tree_data() completed with RFQ data
2025-10-10 13:09:53,853 - FFPackageManager - INFO - Auto-selected latest RFQ: Request for Ballpark
2025-10-10 13:09:53,853 - FFPackageManager - INFO - Auto-selected latest project at index 1
2025-10-10 13:09:53,978 - FFPackageManager - INFO - showEvent() - Window is being shown
2025-10-10 13:09:55,540 - FFPackageManager - INFO - Entity type 'VFX Breakdown' toggled: hide
2025-10-10 13:09:55,540 - FFPackageManager - INFO - Category 'VFX Breakdown' visibility set to: False
2025-10-10 13:09:56,442 - FFPackageManager - INFO - Entity type 'VFX Breakdown' toggled: hide
2025-10-10 13:09:56,442 - FFPackageManager - INFO - Category 'VFX Breakdown' visibility set to: False
2025-10-10 13:09:58,439 - FFPackageManager - INFO - Entity type 'VFX Breakdown' toggled: hide
2025-10-10 13:09:58,439 - FFPackageManager - INFO - Category 'VFX Breakdown' visibility set to: False
2025-10-10 13:09:59,173 - FFPackageManager - INFO - Entity type 'VFX Breakdown' toggled: hide
2025-10-10 13:09:59,174 - FFPackageManager - INFO - Category 'VFX Breakdown' visibility set to: False
2025-10-10 13:09:59,974 - FFPackageManager - INFO - Entity type 'Script' toggled: hide
2025-10-10 13:09:59,974 - FFPackageManager - INFO - Category 'Script' visibility set to: False
2025-10-10 13:10:00,998 - FFPackageManager - INFO - Entity type 'Concept Art' toggled: hide
2025-10-10 13:10:00,998 - FFPackageManager - INFO - Category 'Concept Art' visibility set to: False
2025-10-10 13:10:01,822 - FFPackageManager - INFO - Entity type 'Storyboard' toggled: hide
2025-10-10 13:10:01,822 - FFPackageManager - INFO - Category 'Storyboard' visibility set to: False
2025-10-10 13:10:02,604 - FFPackageManager - INFO - Entity type 'VFX Breakdown' toggled: hide
2025-10-10 13:10:02,610 - FFPackageManager - INFO - Category 'VFX Breakdown' visibility set to: False
2025-10-10 13:10:05,713 - FFPackageManager - INFO - Entity type 'VFX Breakdown' toggled: hide
2025-10-10 13:10:05,713 - FFPackageManager - INFO - Category 'VFX Breakdown' visibility set to: False
2025-10-10 13:10:06,499 - FFPackageManager - INFO - Entity type 'Script' toggled: hide
2025-10-10 13:10:06,500 - FFPackageManager - INFO - Category 'Script' visibility set to: False
2025-10-10 13:10:07,282 - FFPackageManager - INFO - Entity type 'Concept Art' toggled: hide
2025-10-10 13:10:07,282 - FFPackageManager - INFO - Category 'Concept Art' visibility set to: False
2025-10-10 13:10:07,745 - FFPackageManager - INFO - Entity type 'Storyboard' toggled: hide
2025-10-10 13:10:07,745 - FFPackageManager - INFO - Category 'Storyboard' visibility set to: False
2025-10-10 13:10:16,899 - FFPackageManager - INFO - closeEvent() - Window is being closed
