2025-10-09 11:06:51,332 - FFPackageManager - INFO - Standalone mode - logging to: C:\ayon_src\ff_package_manager\logs\ff_package_manager_20251009_110651.log
2025-10-09 11:06:51,334 - FFPackageManager - INFO - Calling super().__init__()...
2025-10-09 11:06:51,335 - FFPackageManager - INFO - super().__init__() completed
2025-10-09 11:06:51,335 - FFPackageManager - INFO - Shotgrid Session: <shotgrid.ShotgridClient object at 0x0000024087F1C290>
2025-10-09 11:06:51,348 - FFPackageManager - INFO - _create_content_panel() started
2025-10-09 11:06:51,353 - FFPackageManager - INFO - _create_content_panel() completed
2025-10-09 11:06:51,355 - FFPackageManager - INFO - create_panel() started
2025-10-09 11:06:51,356 - FFPackageManager - INFO - create_panel() completed
2025-10-09 11:06:51,357 - FFPackageManager - INFO - Building bottom panel...
2025-10-09 11:06:51,357 - FFPackageManager - INFO - _build_ui() completed successfully
2025-10-09 11:06:51,485 - FFPackageManager - INFO - showEvent() - Window is being shown
2025-10-09 11:06:53,301 - FFPackageManager - INFO - _load_sg_projects() started
2025-10-09 11:06:53,302 - FFPackageManager - INFO - clear() called
2025-10-09 11:06:53,303 - FFPackageManager - INFO - clear() called
2025-10-09 11:06:53,867 - FFPackageManager - INFO - _load_sg_projects() completed - 1 projects
2025-10-09 11:06:55,145 - FFPackageManager - INFO - SG project selected: None (ID: 389)
2025-10-09 11:06:55,145 - FFPackageManager - INFO - _load_rfqs() started for project 389
2025-10-09 11:06:55,146 - FFPackageManager - INFO - clear() called
2025-10-09 11:06:55,147 - FFPackageManager - INFO - clear() called
2025-10-09 11:06:55,334 - FFPackageManager - INFO - Loaded 1 RFQs for project 389
2025-10-09 11:06:56,442 - FFPackageManager - INFO - RFQ selected: Request for Ballpark (ID: 3)
2025-10-09 11:06:56,442 - FFPackageManager - INFO - set_rfq() called with RFQ: Request for Ballpark
2025-10-09 11:06:56,444 - FFPackageManager - INFO - load_tree_data() started
2025-10-09 11:06:56,444 - FFPackageManager - INFO - RFQ data: {'code': 'Request for Ballpark', 'id': 3, 'sg_status_list': 'wtg', 'sg_vfx_breakdown': [{'id': 1, 'name': 'Revised Third Draft - August 1979', 'type': 'CustomEntity01'}], 'type': 'CustomEntity04'}
2025-10-09 11:06:56,444 - FFPackageManager - INFO - VFX Breakdown field: [{'id': 1, 'name': 'Revised Third Draft - August 1979', 'type': 'CustomEntity01'}]
2025-10-09 11:06:56,445 - FFPackageManager - INFO - load_tree_data() completed with RFQ data
2025-10-09 12:35:37,642 - FFPackageManager - INFO - clear() called
2025-10-09 12:35:39,261 - FFPackageManager - INFO - RFQ selected: Request for Ballpark (ID: 3)
2025-10-09 12:35:39,261 - FFPackageManager - INFO - set_rfq() called with RFQ: Request for Ballpark
2025-10-09 12:35:39,262 - FFPackageManager - INFO - load_tree_data() started
2025-10-09 12:35:39,263 - FFPackageManager - INFO - RFQ data: {'code': 'Request for Ballpark', 'id': 3, 'sg_status_list': 'wtg', 'sg_vfx_breakdown': [{'id': 1, 'name': 'Revised Third Draft - August 1979', 'type': 'CustomEntity01'}], 'type': 'CustomEntity04'}
2025-10-09 12:35:39,263 - FFPackageManager - INFO - VFX Breakdown field: [{'id': 1, 'name': 'Revised Third Draft - August 1979', 'type': 'CustomEntity01'}]
2025-10-09 12:35:39,264 - FFPackageManager - INFO - load_tree_data() completed with RFQ data
2025-10-09 12:36:29,832 - FFPackageManager - INFO - closeEvent() - Window is being closed
