2025-10-08 17:25:52,904 - FFPackageManager - INFO - Standalone mode - logging to: C:\ayon_src\ff_package_manager\logs\ff_package_manager_20251008_172552.log
2025-10-08 17:25:52,906 - FFPackageManager - INFO - ============================================================
2025-10-08 17:25:52,907 - FFPackageManager - INFO - FFPackageManagerApp.__init__() called
2025-10-08 17:25:52,907 - FFPackageManager - INFO - ============================================================
2025-10-08 17:25:52,907 - FFPackageManager - INFO - Calling super().__init__()...
2025-10-08 17:25:52,908 - FFPackageManager - INFO - super().__init__() completed
2025-10-08 17:25:52,908 - FFPackageManager - INFO - Shotgrid Session: <shotgrid.ShotgridClient object at 0x000002581E332C10>
2025-10-08 17:25:52,908 - FFPackageManager - INFO - Output directory: C:\Users\gonzalo\shotgrid_packages
2025-10-08 17:25:52,909 - FFPackageManager - INFO - Parent widget: None
2025-10-08 17:25:52,909 - FFPackageManager - INFO - Setting window title...
2025-10-08 17:25:52,909 - FFPackageManager - INFO - Window title set
2025-10-08 17:25:52,910 - FFPackageManager - INFO - Setting minimum size...
2025-10-08 17:25:52,910 - FFPackageManager - INFO - Minimum size set
2025-10-08 17:25:52,911 - FFPackageManager - INFO - Building UI...
2025-10-08 17:25:52,911 - FFPackageManager - INFO - _build_ui() started
2025-10-08 17:25:52,911 - FFPackageManager - INFO - Creating central widget...
2025-10-08 17:25:52,912 - FFPackageManager - INFO - Building header...
2025-10-08 17:25:52,914 - FFPackageManager - INFO - Creating main content area...
2025-10-08 17:25:52,914 - FFPackageManager - INFO - _create_content_panel() started
2025-10-08 17:25:52,919 - FFPackageManager - INFO - _create_content_panel() completed
2025-10-08 17:25:52,919 - FFPackageManager - INFO - Building bottom panel...
2025-10-08 17:25:52,920 - FFPackageManager - INFO - _build_ui() completed successfully
2025-10-08 17:25:52,920 - FFPackageManager - INFO - UI built successfully
2025-10-08 17:25:52,920 - FFPackageManager - INFO - Loading projects...
2025-10-08 17:25:52,921 - FFPackageManager - INFO - Projects loaded
2025-10-08 17:25:52,921 - FFPackageManager - INFO - FFPackageManagerApp initialization complete
2025-10-08 17:25:52,921 - FFPackageManager - INFO - ============================================================
2025-10-08 17:25:53,051 - FFPackageManager - INFO - showEvent() - Window is being shown
2025-10-08 17:25:53,051 - FFPackageManager - INFO -   isVisible: True
2025-10-08 17:25:53,052 - FFPackageManager - INFO -   isMinimized: False
2025-10-08 17:25:53,053 - FFPackageManager - INFO -   isMaximized: False
2025-10-08 17:25:53,053 - FFPackageManager - INFO -   geometry: PySide6.QtCore.QRect(-2035, 206, 1000, 700)
2025-10-08 17:25:53,053 - FFPackageManager - INFO -   pos: PySide6.QtCore.QPoint(-2035, 176)
2025-10-08 17:25:54,557 - FFPackageManager - INFO - closeEvent() - Window is being closed
