2025-10-09 15:37:59,352 - FFPackageManager - INFO - Standalone mode - logging to: C:\ayon_src\ff_package_manager\logs\ff_package_manager_20251009_153759.log
2025-10-09 15:37:59,354 - FFPackageManager - INFO - Calling super().__init__()...
2025-10-09 15:37:59,355 - FFPackageManager - INFO - super().__init__() completed
2025-10-09 15:37:59,355 - FFPackageManager - INFO - Shotgrid Session: <shotgrid.ShotgridClient object at 0x00000132D3236850>
2025-10-09 15:37:59,368 - FFPackageManager - INFO - _create_content_panel() started
2025-10-09 15:37:59,372 - FFPackageManager - INFO - _create_content_panel() completed
2025-10-09 15:37:59,375 - FFPackageManager - INFO - create_panel() started
2025-10-09 15:37:59,376 - FFPackageManager - INFO - create_panel() completed
2025-10-09 15:37:59,377 - FFPackageManager - INFO - Building bottom panel...
2025-10-09 15:37:59,378 - FFPackageManager - INFO - _build_ui() completed successfully
2025-10-09 15:37:59,503 - FFPackageManager - INFO - showEvent() - Window is being shown
2025-10-09 15:38:03,319 - FFPackageManager - INFO - _load_sg_projects() started
2025-10-09 15:38:03,319 - FFPackageManager - INFO - clear() called
2025-10-09 15:38:03,320 - FFPackageManager - INFO - clear() called
2025-10-09 15:38:03,887 - FFPackageManager - INFO - _load_sg_projects() completed - 1 projects
2025-10-09 15:38:07,080 - FFPackageManager - INFO - SG project selected: None (ID: 389)
2025-10-09 15:38:07,080 - FFPackageManager - INFO - _load_rfqs() started for project 389
2025-10-09 15:38:07,082 - FFPackageManager - INFO - clear() called
2025-10-09 15:38:07,082 - FFPackageManager - INFO - clear() called
2025-10-09 15:38:07,258 - FFPackageManager - INFO - Loaded 1 RFQs for project 389
2025-10-09 15:38:09,085 - FFPackageManager - INFO - RFQ selected: Request for Ballpark (ID: 3)
2025-10-09 15:38:09,085 - FFPackageManager - INFO - set_rfq() called with RFQ: Request for Ballpark
2025-10-09 15:38:09,087 - FFPackageManager - INFO - load_tree_data() started
2025-10-09 15:38:09,491 - FFPackageManager - INFO - Found 6 versions linked to RFQ ID 3
2025-10-09 15:38:10,582 - FFPackageManager - INFO - RFQ data: {'code': 'Request for Ballpark', 'id': 3, 'sg_status_list': 'wtg', 'sg_vfx_breakdown': [{'id': 1, 'name': 'Revised Third Draft - August 1979', 'type': 'CustomEntity01'}], 'type': 'CustomEntity04'}
2025-10-09 15:38:10,582 - FFPackageManager - INFO - VFX Breakdown field: No VFX Breakdown Available
2025-10-09 15:38:10,584 - FFPackageManager - INFO - Adding VFX Breakdown to tree
2025-10-09 15:38:10,584 - FFPackageManager - INFO - [{'id': 1, 'name': 'Revised Third Draft - August 1979', 'type': 'CustomEntity01'}]
2025-10-09 15:38:10,590 - FFPackageManager - INFO - load_tree_data() completed with RFQ data
2025-10-09 15:38:42,071 - FFPackageManager - INFO - closeEvent() - Window is being closed
