2025-10-09 12:50:22,257 - FFPackageManager - INFO - Standalone mode - logging to: C:\ayon_src\ff_package_manager\logs\ff_package_manager_20251009_125022.log
2025-10-09 12:50:22,260 - FFPackageManager - INFO - Calling super().__init__()...
2025-10-09 12:50:22,260 - FFPackageManager - INFO - super().__init__() completed
2025-10-09 12:50:22,260 - FFPackageManager - INFO - Shotgrid Session: <shotgrid.ShotgridClient object at 0x000001EC3CFBC290>
2025-10-09 12:50:22,273 - FFPackageManager - INFO - _create_content_panel() started
2025-10-09 12:50:22,278 - FFPackageManager - INFO - _create_content_panel() completed
2025-10-09 12:50:22,281 - FFPackageManager - INFO - create_panel() started
2025-10-09 12:50:22,283 - FFPackageManager - INFO - create_panel() completed
2025-10-09 12:50:22,284 - FFPackageManager - INFO - Building bottom panel...
2025-10-09 12:50:22,284 - FFPackageManager - INFO - _build_ui() completed successfully
2025-10-09 12:50:22,412 - FFPackageManager - INFO - showEvent() - Window is being shown
2025-10-09 12:50:23,681 - FFPackageManager - INFO - _load_sg_projects() started
2025-10-09 12:50:23,681 - FFPackageManager - INFO - clear() called
2025-10-09 12:50:23,683 - FFPackageManager - INFO - clear() called
2025-10-09 12:50:24,257 - FFPackageManager - INFO - _load_sg_projects() completed - 1 projects
2025-10-09 12:50:24,979 - FFPackageManager - INFO - SG project selected: None (ID: 389)
2025-10-09 12:50:24,980 - FFPackageManager - INFO - _load_rfqs() started for project 389
2025-10-09 12:50:24,981 - FFPackageManager - INFO - clear() called
2025-10-09 12:50:24,981 - FFPackageManager - INFO - clear() called
2025-10-09 12:50:25,158 - FFPackageManager - INFO - Loaded 1 RFQs for project 389
2025-10-09 12:50:26,274 - FFPackageManager - INFO - RFQ selected: Request for Ballpark (ID: 3)
2025-10-09 12:50:26,274 - FFPackageManager - INFO - set_rfq() called with RFQ: Request for Ballpark
2025-10-09 12:50:26,276 - FFPackageManager - INFO - load_tree_data() started
2025-10-09 12:50:26,276 - FFPackageManager - INFO - RFQ data: {'code': 'Request for Ballpark', 'id': 3, 'sg_status_list': 'wtg', 'sg_vfx_breakdown': [{'id': 1, 'name': 'Revised Third Draft - August 1979', 'type': 'CustomEntity01'}], 'type': 'CustomEntity04'}
2025-10-09 12:50:26,276 - FFPackageManager - INFO - VFX Breakdown field: No VFX Breakdown Available
2025-10-09 12:50:26,277 - FFPackageManager - INFO - Adding VFX Breakdown to tree
2025-10-09 12:50:26,277 - FFPackageManager - INFO - [{'id': 1, 'name': 'Revised Third Draft - August 1979', 'type': 'CustomEntity01'}]
2025-10-09 12:50:26,278 - FFPackageManager - INFO - load_tree_data() completed with RFQ data
2025-10-09 12:50:43,691 - FFPackageManager - INFO - closeEvent() - Window is being closed
