2025-10-10 11:55:08,759 - FFPackageManager - INFO - Standalone mode - logging to: C:\ayon_src\ff_package_manager\logs\ff_package_manager_20251010_115508.log
2025-10-10 11:55:08,762 - FFPackageManager - INFO - Calling super().__init__()...
2025-10-10 11:55:08,762 - FFPackageManager - INFO - super().__init__() completed
2025-10-10 11:55:08,762 - FFPackageManager - INFO - Shotgrid Session: <shotgrid.ShotgridClient object at 0x000001F27CE4B350>
2025-10-10 11:55:08,775 - FFPackageManager - INFO - _create_content_panel() started
2025-10-10 11:55:08,780 - FFPackageManager - INFO - _create_content_panel() completed
2025-10-10 11:55:08,783 - FFPackageManager - INFO - create_panel() started
2025-10-10 11:55:08,784 - FFPackageManager - INFO - create_panel() completed
2025-10-10 11:55:08,785 - FFPackageManager - INFO - Building bottom panel...
2025-10-10 11:55:08,785 - FFPackageManager - INFO - _build_ui() completed successfully
2025-10-10 11:55:08,909 - FFPackageManager - INFO - showEvent() - Window is being shown
2025-10-10 11:55:10,651 - FFPackageManager - INFO - _load_sg_projects() started
2025-10-10 11:55:10,651 - FFPackageManager - INFO - clear() called
2025-10-10 11:55:10,652 - FFPackageManager - INFO - clear() called
2025-10-10 11:55:11,769 - FFPackageManager - INFO - _load_sg_projects() completed - 1 projects
2025-10-10 11:55:13,479 - FFPackageManager - INFO - SG project selected: None (ID: 389)
2025-10-10 11:55:13,479 - FFPackageManager - INFO - _load_rfqs() started for project 389
2025-10-10 11:55:13,480 - FFPackageManager - INFO - clear() called
2025-10-10 11:55:13,480 - FFPackageManager - INFO - clear() called
2025-10-10 11:55:28,154 - FFPackageManager - INFO - Loaded 1 RFQs for project 389
2025-10-10 11:55:30,168 - FFPackageManager - INFO - RFQ selected: Request for Ballpark (ID: 3)
2025-10-10 11:55:30,168 - FFPackageManager - INFO - set_rfq() called with RFQ: Request for Ballpark
2025-10-10 11:55:30,169 - FFPackageManager - INFO - load_tree_data() started
2025-10-10 11:55:30,818 - FFPackageManager - INFO - Found 6 versions linked to RFQ ID 3
2025-10-10 11:55:30,819 - FFPackageManager - INFO - VFX Breakdown field: [{'id': 1, 'name': 'Revised Third Draft - August 1979', 'type': 'CustomEntity01'}]
2025-10-10 11:55:30,819 - FFPackageManager - DEBUG - Version mo_11 has type: concept art
2025-10-10 11:55:30,820 - FFPackageManager - DEBUG - Version mo_04 has type: concept art
2025-10-10 11:55:30,820 - FFPackageManager - DEBUG - Version mo_03 has type: concept art
2025-10-10 11:55:30,820 - FFPackageManager - DEBUG - Version mo_02 has type: concept art
2025-10-10 11:55:30,820 - FFPackageManager - DEBUG - Version storyboard_scenes_86_92 has type: storyboard
2025-10-10 11:55:30,821 - FFPackageManager - DEBUG - Version RaidersoftheLostArk has type: script
2025-10-10 11:55:30,821 - FFPackageManager - DEBUG - Version mo_11 has type: concept art
2025-10-10 11:55:30,821 - FFPackageManager - DEBUG - Version mo_04 has type: concept art
2025-10-10 11:55:30,822 - FFPackageManager - DEBUG - Version mo_03 has type: concept art
2025-10-10 11:55:30,822 - FFPackageManager - DEBUG - Version mo_02 has type: concept art
2025-10-10 11:55:30,822 - FFPackageManager - DEBUG - Version storyboard_scenes_86_92 has type: storyboard
2025-10-10 11:55:30,823 - FFPackageManager - DEBUG - Version RaidersoftheLostArk has type: script
2025-10-10 11:55:30,823 - FFPackageManager - DEBUG - Version mo_11 has type: concept art
2025-10-10 11:55:30,823 - FFPackageManager - DEBUG - Version mo_04 has type: concept art
2025-10-10 11:55:30,823 - FFPackageManager - DEBUG - Version mo_03 has type: concept art
2025-10-10 11:55:30,824 - FFPackageManager - DEBUG - Version mo_02 has type: concept art
2025-10-10 11:55:30,824 - FFPackageManager - DEBUG - Version storyboard_scenes_86_92 has type: storyboard
2025-10-10 11:55:30,824 - FFPackageManager - DEBUG - Version RaidersoftheLostArk has type: script
2025-10-10 11:55:30,825 - FFPackageManager - DEBUG - Version mo_11 has type: concept art
2025-10-10 11:55:30,825 - FFPackageManager - DEBUG - Version mo_04 has type: concept art
2025-10-10 11:55:30,825 - FFPackageManager - DEBUG - Version mo_03 has type: concept art
2025-10-10 11:55:30,826 - FFPackageManager - DEBUG - Version mo_02 has type: concept art
2025-10-10 11:55:30,826 - FFPackageManager - DEBUG - Version storyboard_scenes_86_92 has type: storyboard
2025-10-10 11:55:30,826 - FFPackageManager - DEBUG - Version RaidersoftheLostArk has type: script
2025-10-10 11:55:30,827 - FFPackageManager - INFO - load_tree_data() completed with RFQ data
2025-10-10 11:57:57,005 - FFPackageManager - INFO - closeEvent() - Window is being closed
