2025-10-09 15:51:33,093 - FFPackageManager - INFO - Standalone mode - logging to: C:\ayon_src\ff_package_manager\logs\ff_package_manager_20251009_155133.log
2025-10-09 15:51:33,096 - FFPackageManager - INFO - Calling super().__init__()...
2025-10-09 15:51:33,096 - FFPackageManager - INFO - super().__init__() completed
2025-10-09 15:51:33,096 - FFPackageManager - INFO - Shotgrid Session: <shotgrid.ShotgridClient object at 0x000002E6983C9C50>
2025-10-09 15:51:33,110 - FFPackageManager - INFO - _create_content_panel() started
2025-10-09 15:51:33,115 - FFPackageManager - INFO - _create_content_panel() completed
2025-10-09 15:51:33,117 - FFPackageManager - INFO - create_panel() started
2025-10-09 15:51:33,118 - FFPackageManager - INFO - create_panel() completed
2025-10-09 15:51:33,119 - FFPackageManager - INFO - Building bottom panel...
2025-10-09 15:51:33,120 - FFPackageManager - INFO - _build_ui() completed successfully
2025-10-09 15:51:33,250 - FFPackageManager - INFO - showEvent() - Window is being shown
2025-10-09 15:51:35,350 - FFPackageManager - INFO - _load_sg_projects() started
2025-10-09 15:51:35,351 - FFPackageManager - INFO - clear() called
2025-10-09 15:51:35,352 - FFPackageManager - INFO - clear() called
2025-10-09 15:51:35,917 - FFPackageManager - INFO - _load_sg_projects() completed - 1 projects
2025-10-09 15:51:37,795 - FFPackageManager - INFO - SG project selected: None (ID: 389)
2025-10-09 15:51:37,795 - FFPackageManager - INFO - _load_rfqs() started for project 389
2025-10-09 15:51:37,797 - FFPackageManager - INFO - clear() called
2025-10-09 15:51:37,797 - FFPackageManager - INFO - clear() called
2025-10-09 15:51:38,016 - FFPackageManager - INFO - Loaded 1 RFQs for project 389
2025-10-09 15:51:39,395 - FFPackageManager - INFO - RFQ selected: Request for Ballpark (ID: 3)
2025-10-09 15:51:39,395 - FFPackageManager - INFO - set_rfq() called with RFQ: Request for Ballpark
2025-10-09 15:51:39,397 - FFPackageManager - INFO - load_tree_data() started
2025-10-09 15:51:39,776 - FFPackageManager - INFO - Found 6 versions linked to RFQ ID 3
2025-10-09 15:51:39,964 - FFPackageManager - INFO - Movie info: {'code': 'mo_11', 'name': 'mo_11.jpg', 'url': 'https://sg-media-usor-01.s3-accelerate.amazonaws.com/10243eb22003e5af4ab30736f26ec2332d889cdc/ae0a92d13e3525bb23610f6be632dc225dfc6060/mo_11.jpg?response-content-disposition=filename%3D%22mo_11.jpg%22&x-amz-meta-user-id=34&x-amz-meta-user-type=ApiUser&X-Amz-Algorithm=AWS4-HMAC-SHA256&X-Amz-Credential=ASIAYJG6Z4JI6H2JSLGJ%2F20251009%2Fus-west-2%2Fs3%2Faws4_request&X-Amz-Date=20251009T125139Z&X-Amz-SignedHeaders=host&X-Amz-Expires=900&X-Amz-Security-Token=IQoJb3JpZ2luX2VjED0aCXVzLWVhc3QtMSJGMEQCIEJtA4MVnKp3NstzrRKdmgxQ%2BYBebmwJvDPTCC5TdxtMAiBnIDKApcSBXXR4fgSdrD6NDdYI2p2H8Z1fXL5%2FYH8%2F9SqhAgjW%2F%2F%2F%2F%2F%2F%2F%2F%2F%2F8BEAAaDDU2OTU1MDQzMDgwMSIMI0NjjVneu5Ht%2BCm4KvUB%2F%2BUhZSyDVQpbY0SsrJJhZNcdaZZAEpUSsQPQ2QoAT5sc30w6T24PS8imf7Cj63%2FHpivkDbM%2BdnPcqFDYzAPFm605iNRW8siuwmliKHx7qzBIZYs1aRu2YTnED1y5G095XM0nEslLV2zIf6udd%2FjKmor%2F7DnuoHSoWQPRzAfrihdsgRNzITxNl1e0HvH21ym8%2BRdHJOyjHMJSXbDbhR%2Bwr1hOkq4gnK%2Fb3w%2BxhgdcR6gUNu0wwCQFEjJ5hzEXEvz0X%2BYifx%2BQUWhLYzxd1ruU%2BDMiZCQfXaY2Oq8VCgzRs4iNWCPu2Z5qdCNtUWkfcCBeSgzbockw9tyexwY6ngHbtqPtcmIh2Rf6Jg6zZnAVPyMjQYIHFP%2FeCw5qmlGayDcGbu5Gz8S39qQy3FRJGJgfU6k%2B4ZJca5TNcQdGVBx195ohdGYJFLgLMUueQfrZKBBKK8io4DwJt2HEDhCvOQ1xLeoPPY5L7zDfLbhsjwY0IsPy7klYVXYa2G3W5WQdYc37nxFyD2daLL02VfChTVAoDCDdolp8k%2BI0JhmDkQ%3D%3D&X-Amz-Signature=525a0450153923a260ea45361f4afad40053c98329c7488c0984d6cba60b703c', 'local_path': None, 'link_type': 'upload', 'content_type': 'image/jpeg', 'webm': None, 'mp4': {'url': 'https://sg-media-usor-01.s3-accelerate.amazonaws.com/10243eb22003e5af4ab30736f26ec2332d889cdc/c5032289e840748ad5b8225e9a17353564d62acb/1ac5e5b416564cc7_mo_11.mp4?response-content-disposition=filename%3D%221ac5e5b416564cc7_mo_11.mp4%22&x-amz-meta-user-id=34&x-amz-meta-user-type=ApiUser&X-Amz-Algorithm=AWS4-HMAC-SHA256&X-Amz-Credential=ASIAYJG6Z4JI6H2JSLGJ%2F20251009%2Fus-west-2%2Fs3%2Faws4_request&X-Amz-Date=20251009T125139Z&X-Amz-SignedHeaders=host&X-Amz-Expires=900&X-Amz-Security-Token=IQoJb3JpZ2luX2VjED0aCXVzLWVhc3QtMSJGMEQCIEJtA4MVnKp3NstzrRKdmgxQ%2BYBebmwJvDPTCC5TdxtMAiBnIDKApcSBXXR4fgSdrD6NDdYI2p2H8Z1fXL5%2FYH8%2F9SqhAgjW%2F%2F%2F%2F%2F%2F%2F%2F%2F%2F8BEAAaDDU2OTU1MDQzMDgwMSIMI0NjjVneu5Ht%2BCm4KvUB%2F%2BUhZSyDVQpbY0SsrJJhZNcdaZZAEpUSsQPQ2QoAT5sc30w6T24PS8imf7Cj63%2FHpivkDbM%2BdnPcqFDYzAPFm605iNRW8siuwmliKHx7qzBIZYs1aRu2YTnED1y5G095XM0nEslLV2zIf6udd%2FjKmor%2F7DnuoHSoWQPRzAfrihdsgRNzITxNl1e0HvH21ym8%2BRdHJOyjHMJSXbDbhR%2Bwr1hOkq4gnK%2Fb3w%2BxhgdcR6gUNu0wwCQFEjJ5hzEXEvz0X%2BYifx%2BQUWhLYzxd1ruU%2BDMiZCQfXaY2Oq8VCgzRs4iNWCPu2Z5qdCNtUWkfcCBeSgzbockw9tyexwY6ngHbtqPtcmIh2Rf6Jg6zZnAVPyMjQYIHFP%2FeCw5qmlGayDcGbu5Gz8S39qQy3FRJGJgfU6k%2B4ZJca5TNcQdGVBx195ohdGYJFLgLMUueQfrZKBBKK8io4DwJt2HEDhCvOQ1xLeoPPY5L7zDfLbhsjwY0IsPy7klYVXYa2G3W5WQdYc37nxFyD2daLL02VfChTVAoDCDdolp8k%2BI0JhmDkQ%3D%3D&X-Amz-Signature=8b088c1c7f2b0afc242c7bd2baf6ac4b2e60c0ae3f9fb7e133acea94968bbf9b', 'name': '1ac5e5b416564cc7_mo_11.mp4', 'content_type': 'video/mp4', 'link_type': 'upload', 'type': 'Attachment', 'id': 1040}, 'frame_rate': 25.0}
2025-10-09 15:51:50,842 - FFPackageManager - INFO - closeEvent() - Window is being closed
