2025-10-10 13:25:25,851 - FFPackageManager - INFO - Standalone mode - logging to: C:\ayon_src\ff_package_manager\logs\ff_package_manager_20251010_132525.log
2025-10-10 13:25:25,852 - FFPackageManager - INFO - Calling super().__init__()...
2025-10-10 13:25:25,853 - FFPackageManager - INFO - super().__init__() completed
2025-10-10 13:25:25,853 - FFPackageManager - INFO - Shotgrid Session: <shotgrid.ShotgridClient object at 0x0000024AAA3C0750>
2025-10-10 13:25:25,865 - FFPackageManager - INFO - _create_content_panel() started
2025-10-10 13:25:25,870 - FFPackageManager - INFO - _create_content_panel() completed
2025-10-10 13:25:25,872 - FFPackageManager - INFO - create_panel() started
2025-10-10 13:25:25,874 - FFPackageManager - INFO - create_panel() completed
2025-10-10 13:25:25,875 - FFPackageManager - INFO - Building bottom panel...
2025-10-10 13:25:25,875 - FFPackageManager - INFO - _build_ui() completed successfully
2025-10-10 13:25:25,875 - FFPackageManager - INFO - Auto-loading latest project...
2025-10-10 13:25:25,876 - FFPackageManager - INFO - Attempting to auto-load latest project...
2025-10-10 13:25:26,449 - FFPackageManager - INFO - Latest project found: None (ID: 389)
2025-10-10 13:25:26,449 - FFPackageManager - INFO - _load_sg_projects() started
2025-10-10 13:25:26,450 - FFPackageManager - INFO - clear() called
2025-10-10 13:25:26,450 - FFPackageManager - INFO - clear() called
2025-10-10 13:25:26,630 - FFPackageManager - INFO - _load_sg_projects() completed - 1 projects
2025-10-10 13:25:26,631 - FFPackageManager - INFO - SG project selected: None (ID: 389)
2025-10-10 13:25:26,631 - FFPackageManager - INFO - _load_rfqs() started for project 389
2025-10-10 13:25:26,632 - FFPackageManager - INFO - clear() called
2025-10-10 13:25:26,632 - FFPackageManager - INFO - clear() called
2025-10-10 13:25:26,833 - FFPackageManager - INFO - Loaded 1 RFQs for project 389
2025-10-10 13:25:26,834 - FFPackageManager - INFO - RFQ selected: Request for Ballpark (ID: 3)
2025-10-10 13:25:26,834 - FFPackageManager - INFO - set_rfq() called with RFQ: Request for Ballpark
2025-10-10 13:25:26,835 - FFPackageManager - INFO - load_tree_data() started
2025-10-10 13:25:27,210 - FFPackageManager - INFO - Found 6 versions linked to RFQ ID 3
2025-10-10 13:25:27,211 - FFPackageManager - INFO - VFX Breakdown field: [{'id': 1, 'name': 'Revised Third Draft - August 1979', 'type': 'CustomEntity01'}]
2025-10-10 13:25:27,212 - FFPackageManager - DEBUG - Version mo_11 has type: concept art
2025-10-10 13:25:27,212 - FFPackageManager - DEBUG - Version mo_04 has type: concept art
2025-10-10 13:25:27,212 - FFPackageManager - DEBUG - Version mo_03 has type: concept art
2025-10-10 13:25:27,212 - FFPackageManager - DEBUG - Version mo_02 has type: concept art
2025-10-10 13:25:27,213 - FFPackageManager - DEBUG - Version storyboard_scenes_86_92 has type: storyboard
2025-10-10 13:25:27,213 - FFPackageManager - DEBUG - Version RaidersoftheLostArk has type: script
2025-10-10 13:25:27,214 - FFPackageManager - DEBUG - Version mo_11 has type: concept art
2025-10-10 13:25:27,214 - FFPackageManager - DEBUG - Version mo_04 has type: concept art
2025-10-10 13:25:27,214 - FFPackageManager - DEBUG - Version mo_03 has type: concept art
2025-10-10 13:25:27,214 - FFPackageManager - DEBUG - Version mo_02 has type: concept art
2025-10-10 13:25:27,215 - FFPackageManager - DEBUG - Version storyboard_scenes_86_92 has type: storyboard
2025-10-10 13:25:27,215 - FFPackageManager - DEBUG - Version RaidersoftheLostArk has type: script
2025-10-10 13:25:27,215 - FFPackageManager - DEBUG - Version mo_11 has type: concept art
2025-10-10 13:25:27,215 - FFPackageManager - DEBUG - Version mo_04 has type: concept art
2025-10-10 13:25:27,216 - FFPackageManager - DEBUG - Version mo_03 has type: concept art
2025-10-10 13:25:27,216 - FFPackageManager - DEBUG - Version mo_02 has type: concept art
2025-10-10 13:25:27,216 - FFPackageManager - DEBUG - Version storyboard_scenes_86_92 has type: storyboard
2025-10-10 13:25:27,217 - FFPackageManager - DEBUG - Version RaidersoftheLostArk has type: script
2025-10-10 13:25:27,217 - FFPackageManager - INFO - Applying visibility preferences: {}
2025-10-10 13:25:27,217 - FFPackageManager - INFO - load_tree_data() completed with RFQ data
2025-10-10 13:25:27,218 - FFPackageManager - INFO - Auto-selected latest RFQ: Request for Ballpark
2025-10-10 13:25:27,218 - FFPackageManager - INFO - Auto-selected latest project at index 1
2025-10-10 13:25:27,343 - FFPackageManager - INFO - showEvent() - Window is being shown
2025-10-10 13:25:27,366 - FFPackageManager - INFO - set_category_visibility: 'VFX Breakdown' = True
2025-10-10 13:25:27,366 - FFPackageManager - INFO - Applied visibility to 'VFX Breakdown'
2025-10-10 13:25:27,366 - FFPackageManager - INFO - set_category_visibility: 'Script' = True
2025-10-10 13:25:27,366 - FFPackageManager - INFO - Applied visibility to 'Script'
2025-10-10 13:25:27,367 - FFPackageManager - INFO - set_category_visibility: 'Concept Art' = True
2025-10-10 13:25:27,367 - FFPackageManager - INFO - Applied visibility to 'Concept Art'
2025-10-10 13:25:27,367 - FFPackageManager - INFO - set_category_visibility: 'Storyboard' = True
2025-10-10 13:25:27,368 - FFPackageManager - INFO - Applied visibility to 'Storyboard'
2025-10-10 13:25:29,835 - FFPackageManager - INFO - Entity type 'VFX Breakdown' toggled: hide
2025-10-10 13:25:29,835 - FFPackageManager - INFO - set_category_visibility: 'VFX Breakdown' = False
2025-10-10 13:25:29,836 - FFPackageManager - INFO - Applied visibility to 'VFX Breakdown'
2025-10-10 13:25:30,822 - FFPackageManager - INFO - Entity type 'VFX Breakdown' toggled: hide
2025-10-10 13:25:30,822 - FFPackageManager - INFO - set_category_visibility: 'VFX Breakdown' = False
2025-10-10 13:25:30,823 - FFPackageManager - INFO - Applied visibility to 'VFX Breakdown'
2025-10-10 13:25:31,731 - FFPackageManager - INFO - Entity type 'VFX Breakdown' toggled: hide
2025-10-10 13:25:31,731 - FFPackageManager - INFO - set_category_visibility: 'VFX Breakdown' = False
2025-10-10 13:25:31,732 - FFPackageManager - INFO - Applied visibility to 'VFX Breakdown'
2025-10-10 13:25:32,351 - FFPackageManager - INFO - Entity type 'VFX Breakdown' toggled: hide
2025-10-10 13:25:32,351 - FFPackageManager - INFO - set_category_visibility: 'VFX Breakdown' = False
2025-10-10 13:25:32,352 - FFPackageManager - INFO - Applied visibility to 'VFX Breakdown'
2025-10-10 13:25:33,481 - FFPackageManager - INFO - Entity type 'Script' toggled: hide
2025-10-10 13:25:33,481 - FFPackageManager - INFO - set_category_visibility: 'Script' = False
2025-10-10 13:25:33,482 - FFPackageManager - INFO - Applied visibility to 'Script'
2025-10-10 13:25:41,731 - FFPackageManager - INFO - Entity type 'Script' toggled: hide
2025-10-10 13:25:41,731 - FFPackageManager - INFO - set_category_visibility: 'Script' = False
2025-10-10 13:25:41,733 - FFPackageManager - INFO - Applied visibility to 'Script'
2025-10-10 13:25:44,079 - FFPackageManager - INFO - Entity type 'Script' toggled: hide
2025-10-10 13:25:44,080 - FFPackageManager - INFO - set_category_visibility: 'Script' = False
2025-10-10 13:25:44,081 - FFPackageManager - INFO - Applied visibility to 'Script'
2025-10-10 13:25:44,679 - FFPackageManager - INFO - Entity type 'Script' toggled: hide
2025-10-10 13:25:44,679 - FFPackageManager - INFO - set_category_visibility: 'Script' = False
2025-10-10 13:25:44,680 - FFPackageManager - INFO - Applied visibility to 'Script'
2025-10-10 13:25:45,809 - FFPackageManager - INFO - Entity type 'Script' toggled: hide
2025-10-10 13:25:45,809 - FFPackageManager - INFO - set_category_visibility: 'Script' = False
2025-10-10 13:25:45,810 - FFPackageManager - INFO - Applied visibility to 'Script'
2025-10-10 13:25:46,466 - FFPackageManager - INFO - Entity type 'Script' toggled: hide
2025-10-10 13:25:46,466 - FFPackageManager - INFO - set_category_visibility: 'Script' = False
2025-10-10 13:25:46,467 - FFPackageManager - INFO - Applied visibility to 'Script'
2025-10-10 13:25:47,259 - FFPackageManager - INFO - Entity type 'Script' toggled: hide
2025-10-10 13:25:47,260 - FFPackageManager - INFO - set_category_visibility: 'Script' = False
2025-10-10 13:25:47,260 - FFPackageManager - INFO - Applied visibility to 'Script'
2025-10-10 13:25:47,674 - FFPackageManager - INFO - Entity type 'Script' toggled: hide
2025-10-10 13:25:47,674 - FFPackageManager - INFO - set_category_visibility: 'Script' = False
2025-10-10 13:25:47,675 - FFPackageManager - INFO - Applied visibility to 'Script'
2025-10-10 13:25:49,289 - FFPackageManager - INFO - closeEvent() - Window is being closed
