2025-10-09 13:34:42,322 - FFPackageManager - INFO - Standalone mode - logging to: C:\ayon_src\ff_package_manager\logs\ff_package_manager_20251009_133442.log
2025-10-09 13:34:42,325 - FFPackageManager - INFO - Calling super().__init__()...
2025-10-09 13:34:42,325 - FFPackageManager - INFO - super().__init__() completed
2025-10-09 13:34:42,325 - FFPackageManager - INFO - Shotgrid Session: <shotgrid.ShotgridClient object at 0x000001D7C496CD10>
2025-10-09 13:34:42,339 - FFPackageManager - INFO - _create_content_panel() started
2025-10-09 13:34:42,344 - FFPackageManager - INFO - _create_content_panel() completed
2025-10-09 13:34:42,346 - FFPackageManager - INFO - create_panel() started
2025-10-09 13:34:42,347 - FFPackageManager - INFO - create_panel() completed
2025-10-09 13:34:42,348 - FFPackageManager - INFO - Building bottom panel...
2025-10-09 13:34:42,349 - FFPackageManager - INFO - _build_ui() completed successfully
2025-10-09 13:34:42,481 - FFPackageManager - INFO - showEvent() - Window is being shown
2025-10-09 13:34:44,442 - FFPackageManager - INFO - _load_sg_projects() started
2025-10-09 13:34:44,442 - FFPackageManager - INFO - clear() called
2025-10-09 13:34:44,444 - FFPackageManager - INFO - clear() called
2025-10-09 13:34:45,013 - FFPackageManager - INFO - _load_sg_projects() completed - 1 projects
2025-10-09 13:34:46,765 - FFPackageManager - INFO - SG project selected: None (ID: 389)
2025-10-09 13:34:46,765 - FFPackageManager - INFO - _load_rfqs() started for project 389
2025-10-09 13:34:46,767 - FFPackageManager - INFO - clear() called
2025-10-09 13:34:46,767 - FFPackageManager - INFO - clear() called
2025-10-09 13:34:46,954 - FFPackageManager - INFO - Loaded 1 RFQs for project 389
2025-10-09 13:34:47,990 - FFPackageManager - INFO - RFQ selected: Request for Ballpark (ID: 3)
2025-10-09 13:34:47,991 - FFPackageManager - INFO - set_rfq() called with RFQ: Request for Ballpark
2025-10-09 13:34:47,992 - FFPackageManager - INFO - load_tree_data() started
2025-10-09 13:34:47,992 - FFPackageManager - INFO - RFQ data: {'code': 'Request for Ballpark', 'id': 3, 'sg_status_list': 'wtg', 'sg_vfx_breakdown': [{'id': 1, 'name': 'Revised Third Draft - August 1979', 'type': 'CustomEntity01'}], 'type': 'CustomEntity04'}
2025-10-09 13:34:47,993 - FFPackageManager - INFO - VFX Breakdown field: No VFX Breakdown Available
2025-10-09 13:34:47,993 - FFPackageManager - INFO - Adding VFX Breakdown to tree
2025-10-09 13:34:47,993 - FFPackageManager - INFO - [{'id': 1, 'name': 'Revised Third Draft - August 1979', 'type': 'CustomEntity01'}]
2025-10-09 13:34:47,994 - FFPackageManager - INFO - load_tree_data() completed with RFQ data
2025-10-09 13:34:51,995 - FFPackageManager - INFO - closeEvent() - Window is being closed
