2025-10-08 17:27:44,673 - FFPackageManager - INFO - Standalone mode - logging to: C:\ayon_src\ff_package_manager\logs\ff_package_manager_20251008_172744.log
2025-10-08 17:27:44,675 - FFPackageManager - INFO - ============================================================
2025-10-08 17:27:44,675 - FFPackageManager - INFO - FFPackageManagerApp.__init__() called
2025-10-08 17:27:44,675 - FFPackageManager - INFO - ============================================================
2025-10-08 17:27:44,676 - FFPackageManager - INFO - Calling super().__init__()...
2025-10-08 17:27:44,676 - FFPackageManager - INFO - super().__init__() completed
2025-10-08 17:27:44,676 - FFPackageManager - INFO - Shotgrid Session: <shotgrid.ShotgridClient object at 0x00000259B9A64DD0>
2025-10-08 17:27:44,677 - FFPackageManager - INFO - Output directory: C:\Users\gonzalo\shotgrid_packages
2025-10-08 17:27:44,677 - FFPackageManager - INFO - Parent widget: None
2025-10-08 17:27:44,678 - FFPackageManager - INFO - Setting window title...
2025-10-08 17:27:44,678 - FFPackageManager - INFO - Window title set
2025-10-08 17:27:44,678 - FFPackageManager - INFO - Setting minimum size...
2025-10-08 17:27:44,679 - FFPackageManager - INFO - Minimum size set
2025-10-08 17:27:44,679 - FFPackageManager - INFO - Building UI...
2025-10-08 17:27:44,679 - FFPackageManager - INFO - _build_ui() started
2025-10-08 17:27:44,680 - FFPackageManager - INFO - Creating central widget...
2025-10-08 17:27:44,681 - FFPackageManager - INFO - Building header...
2025-10-08 17:27:44,682 - FFPackageManager - INFO - Creating main content area...
2025-10-08 17:27:44,682 - FFPackageManager - INFO - _create_content_panel() started
2025-10-08 17:27:44,687 - FFPackageManager - INFO - _create_content_panel() completed
2025-10-08 17:27:44,687 - FFPackageManager - INFO - Building bottom panel...
2025-10-08 17:27:44,688 - FFPackageManager - INFO - _build_ui() completed successfully
2025-10-08 17:27:44,688 - FFPackageManager - INFO - UI built successfully
2025-10-08 17:27:44,688 - FFPackageManager - INFO - Loading projects...
2025-10-08 17:27:44,689 - FFPackageManager - INFO - Projects loaded
2025-10-08 17:27:44,689 - FFPackageManager - INFO - FFPackageManagerApp initialization complete
2025-10-08 17:27:44,689 - FFPackageManager - INFO - ============================================================
2025-10-08 17:27:44,818 - FFPackageManager - INFO - showEvent() - Window is being shown
2025-10-08 17:27:44,818 - FFPackageManager - INFO -   isVisible: True
2025-10-08 17:27:44,819 - FFPackageManager - INFO -   isMinimized: False
2025-10-08 17:27:44,820 - FFPackageManager - INFO -   isMaximized: False
2025-10-08 17:27:44,820 - FFPackageManager - INFO -   geometry: PySide6.QtCore.QRect(-2035, 206, 1000, 700)
2025-10-08 17:27:44,820 - FFPackageManager - INFO -   pos: PySide6.QtCore.QPoint(-2035, 176)
2025-10-08 17:27:46,789 - FFPackageManager - INFO - _load_sg_projects() started
2025-10-08 17:27:49,812 - FFPackageManager - INFO - _load_sg_projects() started
2025-10-08 17:27:55,935 - FFPackageManager - INFO - _load_sg_projects() started
2025-10-08 17:28:00,843 - FFPackageManager - INFO - closeEvent() - Window is being closed
