2025-10-09 13:00:25,323 - FFPackageManager - INFO - Standalone mode - logging to: C:\ayon_src\ff_package_manager\logs\ff_package_manager_20251009_130025.log
2025-10-09 13:00:25,325 - FFPackageManager - INFO - Calling super().__init__()...
2025-10-09 13:00:25,326 - FFPackageManager - INFO - super().__init__() completed
2025-10-09 13:00:25,326 - FFPackageManager - INFO - Shotgrid Session: <shotgrid.ShotgridClient object at 0x00000272F34A8910>
2025-10-09 13:00:25,339 - FFPackageManager - INFO - _create_content_panel() started
2025-10-09 13:00:25,344 - FFPackageManager - INFO - _create_content_panel() completed
2025-10-09 13:00:25,346 - FFPackageManager - INFO - create_panel() started
2025-10-09 13:00:25,348 - FFPackageManager - INFO - create_panel() completed
2025-10-09 13:00:25,350 - FFPackageManager - INFO - Building bottom panel...
2025-10-09 13:00:25,351 - FFPackageManager - INFO - _build_ui() completed successfully
2025-10-09 13:00:25,480 - FFPackageManager - INFO - showEvent() - Window is being shown
2025-10-09 13:00:27,287 - FFPackageManager - INFO - _load_sg_projects() started
2025-10-09 13:00:27,288 - FFPackageManager - INFO - clear() called
2025-10-09 13:00:27,289 - FFPackageManager - INFO - clear() called
2025-10-09 13:00:27,862 - FFPackageManager - INFO - _load_sg_projects() completed - 1 projects
2025-10-09 13:00:29,498 - FFPackageManager - INFO - SG project selected: None (ID: 389)
2025-10-09 13:00:29,498 - FFPackageManager - INFO - _load_rfqs() started for project 389
2025-10-09 13:00:29,500 - FFPackageManager - INFO - clear() called
2025-10-09 13:00:29,500 - FFPackageManager - INFO - clear() called
2025-10-09 13:00:29,695 - FFPackageManager - INFO - Loaded 1 RFQs for project 389
2025-10-09 13:00:31,219 - FFPackageManager - INFO - RFQ selected: Request for Ballpark (ID: 3)
2025-10-09 13:00:31,219 - FFPackageManager - INFO - set_rfq() called with RFQ: Request for Ballpark
2025-10-09 13:00:31,221 - FFPackageManager - INFO - load_tree_data() started
2025-10-09 13:00:31,222 - FFPackageManager - INFO - RFQ data: {'code': 'Request for Ballpark', 'id': 3, 'sg_status_list': 'wtg', 'sg_vfx_breakdown': [{'id': 1, 'name': 'Revised Third Draft - August 1979', 'type': 'CustomEntity01'}], 'type': 'CustomEntity04'}
2025-10-09 13:00:31,222 - FFPackageManager - INFO - VFX Breakdown field: No VFX Breakdown Available
2025-10-09 13:00:31,223 - FFPackageManager - INFO - Adding VFX Breakdown to tree
2025-10-09 13:00:31,223 - FFPackageManager - INFO - [{'id': 1, 'name': 'Revised Third Draft - August 1979', 'type': 'CustomEntity01'}]
2025-10-09 13:00:31,223 - FFPackageManager - INFO - load_tree_data() completed with RFQ data
2025-10-09 13:02:34,865 - FFPackageManager - INFO - closeEvent() - Window is being closed
