2025-10-09 12:40:45,242 - FFPackageManager - INFO - Standalone mode - logging to: C:\ayon_src\ff_package_manager\logs\ff_package_manager_20251009_124045.log
2025-10-09 12:40:45,245 - FFPackageManager - INFO - Calling super().__init__()...
2025-10-09 12:40:45,245 - FFPackageManager - INFO - super().__init__() completed
2025-10-09 12:40:45,246 - FFPackageManager - INFO - Shotgrid Session: <shotgrid.ShotgridClient object at 0x000001937B7FC310>
2025-10-09 12:40:45,259 - FFPackageManager - INFO - _create_content_panel() started
2025-10-09 12:40:45,264 - FFPackageManager - INFO - _create_content_panel() completed
2025-10-09 12:40:45,266 - FFPackageManager - INFO - create_panel() started
2025-10-09 12:40:45,269 - FFPackageManager - INFO - create_panel() completed
2025-10-09 12:40:45,270 - FFPackageManager - INFO - Building bottom panel...
2025-10-09 12:40:45,270 - FFPackageManager - INFO - _build_ui() completed successfully
2025-10-09 12:40:45,403 - FFPackageManager - INFO - showEvent() - Window is being shown
2025-10-09 12:40:47,598 - FFPackageManager - INFO - _load_sg_projects() started
2025-10-09 12:40:47,598 - FFPackageManager - INFO - clear() called
2025-10-09 12:40:47,599 - FFPackageManager - INFO - clear() called
2025-10-09 12:40:48,163 - FFPackageManager - INFO - _load_sg_projects() completed - 1 projects
2025-10-09 12:40:49,328 - FFPackageManager - INFO - SG project selected: None (ID: 389)
2025-10-09 12:40:49,328 - FFPackageManager - INFO - _load_rfqs() started for project 389
2025-10-09 12:40:49,329 - FFPackageManager - INFO - clear() called
2025-10-09 12:40:49,330 - FFPackageManager - INFO - clear() called
2025-10-09 12:40:50,012 - FFPackageManager - INFO - Loaded 1 RFQs for project 389
2025-10-09 12:40:51,250 - FFPackageManager - INFO - RFQ selected: Request for Ballpark (ID: 3)
2025-10-09 12:40:51,250 - FFPackageManager - INFO - set_rfq() called with RFQ: Request for Ballpark
2025-10-09 12:40:51,251 - FFPackageManager - INFO - load_tree_data() started
2025-10-09 12:40:51,251 - FFPackageManager - INFO - RFQ data: {'code': 'Request for Ballpark', 'id': 3, 'sg_status_list': 'wtg', 'sg_vfx_breakdown': [{'id': 1, 'name': 'Revised Third Draft - August 1979', 'type': 'CustomEntity01'}], 'type': 'CustomEntity04'}
2025-10-09 12:40:51,252 - FFPackageManager - INFO - VFX Breakdown field: No VFX Breakdown Available
2025-10-09 12:40:58,916 - FFPackageManager - INFO - closeEvent() - Window is being closed
