2025-10-08 23:51:18,524 - FFPackageManager - INFO - Standalone mode - logging to: C:\ayon_src\ff_package_manager\logs\ff_package_manager_20251008_235118.log
2025-10-08 23:51:18,525 - FFPackageManager - INFO - ============================================================
2025-10-08 23:51:18,525 - FFPackageManager - INFO - FFPackageManagerApp.__init__() called
2025-10-08 23:51:18,526 - FFPackageManager - INFO - ============================================================
2025-10-08 23:51:18,526 - FFPackageManager - INFO - Calling super().__init__()...
2025-10-08 23:51:18,527 - FFPackageManager - INFO - super().__init__() completed
2025-10-08 23:51:18,527 - FFPackageManager - INFO - Shotgrid Session: <shotgrid.ShotgridClient object at 0x0000019D0BC73750>
2025-10-08 23:51:18,527 - FFPackageManager - INFO - Output directory: C:\Users\gonzalo\shotgrid_packages
2025-10-08 23:51:18,528 - FFPackageManager - INFO - Parent widget: None
2025-10-08 23:51:18,528 - FFPackageManager - INFO - Setting window title...
2025-10-08 23:51:18,528 - FFPackageManager - INFO - Window title set
2025-10-08 23:51:18,529 - FFPackageManager - INFO - Setting minimum size...
2025-10-08 23:51:18,529 - FFPackageManager - INFO - Minimum size set
2025-10-08 23:51:18,529 - FFPackageManager - INFO - Building UI...
2025-10-08 23:51:18,529 - FFPackageManager - INFO - _build_ui() started
2025-10-08 23:51:18,530 - FFPackageManager - INFO - Creating central widget...
2025-10-08 23:51:18,531 - FFPackageManager - INFO - Building header...
2025-10-08 23:51:18,532 - FFPackageManager - INFO - Creating main content area with splitter...
2025-10-08 23:51:18,543 - FFPackageManager - INFO - _create_content_panel() started
2025-10-08 23:51:18,548 - FFPackageManager - INFO - _create_content_panel() completed
2025-10-08 23:51:18,550 - FFPackageManager - INFO - _create_version_tree_panel() started
2025-10-08 23:51:18,551 - FFPackageManager - INFO - _load_version_tree() started
2025-10-08 23:51:18,552 - FFPackageManager - INFO - No RFQ selected - showing empty tree
2025-10-08 23:51:18,552 - FFPackageManager - INFO - _create_version_tree_panel() completed
2025-10-08 23:51:18,553 - FFPackageManager - INFO - Building bottom panel...
2025-10-08 23:51:18,554 - FFPackageManager - INFO - _build_ui() completed successfully
2025-10-08 23:51:18,554 - FFPackageManager - INFO - UI built successfully
2025-10-08 23:51:18,554 - FFPackageManager - INFO - FFPackageManagerApp initialization complete
2025-10-08 23:51:18,555 - FFPackageManager - INFO - ============================================================
2025-10-08 23:51:18,683 - FFPackageManager - INFO - showEvent() - Window is being shown
2025-10-08 23:51:20,666 - FFPackageManager - INFO - _load_sg_projects() started
2025-10-08 23:51:20,667 - FFPackageManager - INFO - _load_version_tree() started
2025-10-08 23:51:20,668 - FFPackageManager - INFO - No RFQ selected - showing empty tree
2025-10-08 23:51:21,206 - FFPackageManager - INFO - _load_sg_projects() completed - 1 projects
2025-10-08 23:51:21,853 - FFPackageManager - INFO - SG project selected: None (ID: 389)
2025-10-08 23:51:21,853 - FFPackageManager - INFO - _load_rfqs() started for project 389
2025-10-08 23:51:21,854 - FFPackageManager - INFO - _load_version_tree() started
2025-10-08 23:51:21,854 - FFPackageManager - INFO - No RFQ selected - showing empty tree
2025-10-08 23:51:21,854 - FFPackageManager - INFO - _load_version_tree() started
2025-10-08 23:51:21,855 - FFPackageManager - INFO - No RFQ selected - showing empty tree
2025-10-08 23:51:22,025 - FFPackageManager - INFO - Loaded 1 RFQs for project 389
2025-10-08 23:51:23,203 - FFPackageManager - INFO - RFQ selected: Request for Ballpark (ID: 3)
2025-10-08 23:51:23,203 - FFPackageManager - INFO - _load_version_tree() started
2025-10-08 23:51:23,204 - FFPackageManager - INFO - RFQ data: {'code': 'Request for Ballpark', 'id': 3, 'sg_status_list': 'wtg', 'type': 'CustomEntity04'}
2025-10-08 23:51:23,204 - FFPackageManager - INFO - VFX Breakdown field: None
2025-10-08 23:51:23,205 - FFPackageManager - INFO - _load_version_tree() completed with RFQ data
2025-10-08 23:52:44,518 - FFPackageManager - INFO - _load_version_tree() started
2025-10-08 23:52:44,519 - FFPackageManager - INFO - RFQ data: {'code': 'Request for Ballpark', 'id': 3, 'sg_status_list': 'wtg', 'type': 'CustomEntity04'}
2025-10-08 23:52:44,519 - FFPackageManager - INFO - VFX Breakdown field: None
2025-10-08 23:52:44,520 - FFPackageManager - INFO - _load_version_tree() completed with RFQ data
2025-10-08 23:52:51,586 - FFPackageManager - INFO - _create_package() called
2025-10-08 23:52:51,587 - FFPackageManager - INFO - Creating package for SG project: None
2025-10-08 23:52:51,587 - FFPackageManager - INFO - Including RFQ: Request for Ballpark
2025-10-08 23:52:51,602 - FFPackageManager - INFO - Data types to fetch: ['vfx_breakdown', 'script', 'concept_art', 'storyboard']
2025-10-08 23:52:51,612 - FFPackageManager - INFO - Fetching VFX Breakdown...
2025-10-08 23:52:51,612 - FFPackageManager - INFO - Fetching Script...
2025-10-08 23:52:51,612 - FFPackageManager - INFO - Fetching Concept Art...
2025-10-08 23:52:51,612 - FFPackageManager - INFO - Fetching Storyboard...
2025-10-08 23:52:51,614 - FFPackageManager - INFO - Writing package to: C:\Users\gonzalo\shotgrid_packages\None_package_Request for Ballpark_20251008_235251.json
2025-10-08 23:52:51,617 - FFPackageManager - INFO - Package created successfully
2025-10-09 09:56:26,849 - FFPackageManager - INFO - _load_version_tree() started
2025-10-09 09:56:26,850 - FFPackageManager - INFO - No RFQ selected - showing empty tree
2025-10-09 09:56:29,124 - FFPackageManager - INFO - RFQ selected: Request for Ballpark (ID: 3)
2025-10-09 09:56:29,124 - FFPackageManager - INFO - _load_version_tree() started
2025-10-09 09:56:29,125 - FFPackageManager - INFO - RFQ data: {'code': 'Request for Ballpark', 'id': 3, 'sg_status_list': 'wtg', 'type': 'CustomEntity04'}
2025-10-09 09:56:29,125 - FFPackageManager - INFO - VFX Breakdown field: None
2025-10-09 09:56:29,126 - FFPackageManager - INFO - _load_version_tree() completed with RFQ data
2025-10-09 10:27:10,755 - FFPackageManager - INFO - closeEvent() - Window is being closed
