2025-10-09 15:45:58,913 - FFPackageManager - INFO - Standalone mode - logging to: C:\ayon_src\ff_package_manager\logs\ff_package_manager_20251009_154558.log
2025-10-09 15:45:58,916 - FFPackageManager - INFO - Calling super().__init__()...
2025-10-09 15:45:58,916 - FFPackageManager - INFO - super().__init__() completed
2025-10-09 15:45:58,916 - FFPackageManager - INFO - Shotgrid Session: <shotgrid.ShotgridClient object at 0x000001B5A9539D10>
2025-10-09 15:45:58,931 - FFPackageManager - INFO - _create_content_panel() started
2025-10-09 15:45:58,937 - FFPackageManager - INFO - _create_content_panel() completed
2025-10-09 15:45:58,939 - FFPackageManager - INFO - create_panel() started
2025-10-09 15:45:58,941 - FFPackageManager - INFO - create_panel() completed
2025-10-09 15:45:58,942 - FFPackageManager - INFO - Building bottom panel...
2025-10-09 15:45:58,942 - FFPackageManager - INFO - _build_ui() completed successfully
2025-10-09 15:45:59,080 - FFPackageManager - INFO - showEvent() - Window is being shown
2025-10-09 15:46:00,550 - FFPackageManager - INFO - _load_sg_projects() started
2025-10-09 15:46:00,551 - FFPackageManager - INFO - clear() called
2025-10-09 15:46:00,552 - FFPackageManager - INFO - clear() called
2025-10-09 15:46:01,110 - FFPackageManager - INFO - _load_sg_projects() completed - 1 projects
2025-10-09 15:46:02,766 - FFPackageManager - INFO - SG project selected: None (ID: 389)
2025-10-09 15:46:02,766 - FFPackageManager - INFO - _load_rfqs() started for project 389
2025-10-09 15:46:02,768 - FFPackageManager - INFO - clear() called
2025-10-09 15:46:02,768 - FFPackageManager - INFO - clear() called
2025-10-09 15:46:02,952 - FFPackageManager - INFO - Loaded 1 RFQs for project 389
2025-10-09 15:46:04,138 - FFPackageManager - INFO - RFQ selected: Request for Ballpark (ID: 3)
2025-10-09 15:46:04,138 - FFPackageManager - INFO - set_rfq() called with RFQ: Request for Ballpark
2025-10-09 15:46:04,139 - FFPackageManager - INFO - load_tree_data() started
2025-10-09 15:46:04,534 - FFPackageManager - INFO - Found 6 versions linked to RFQ ID 3
2025-10-09 15:46:56,105 - FFPackageManager - INFO - closeEvent() - Window is being closed
