2025-10-08 17:24:49,467 - FFPackageManager - INFO - Standalone mode - logging to: C:\ayon_src\ff_package_manager\logs\ff_package_manager_20251008_172449.log
2025-10-08 17:24:49,470 - FFPackageManager - INFO - ============================================================
2025-10-08 17:24:49,471 - FFPackageManager - INFO - FFPackageManagerApp.__init__() called
2025-10-08 17:24:49,472 - FFPackageManager - INFO - ============================================================
2025-10-08 17:24:49,472 - FFPackageManager - INFO - Calling super().__init__()...
2025-10-08 17:24:49,473 - FFPackageManager - INFO - super().__init__() completed
2025-10-08 17:24:49,473 - FFPackageManager - INFO - Output directory: C:\Users\gonzalo\shotgrid_packages
2025-10-08 17:24:49,474 - FFPackageManager - INFO - Parent widget: None
2025-10-08 17:24:49,474 - FFPackageManager - INFO - Setting window title...
2025-10-08 17:24:49,475 - FFPackageManager - INFO - Window title set
2025-10-08 17:24:49,475 - FFPackageManager - INFO - Setting minimum size...
2025-10-08 17:24:49,476 - FFPackageManager - INFO - Minimum size set
2025-10-08 17:24:49,476 - FFPackageManager - INFO - Building UI...
2025-10-08 17:24:49,477 - FFPackageManager - INFO - _build_ui() started
2025-10-08 17:24:49,477 - FFPackageManager - INFO - Creating central widget...
2025-10-08 17:24:49,478 - FFPackageManager - INFO - Building header...
2025-10-08 17:24:49,480 - FFPackageManager - INFO - Creating main content area...
2025-10-08 17:24:49,480 - FFPackageManager - INFO - _create_content_panel() started
2025-10-08 17:24:49,485 - FFPackageManager - INFO - _create_content_panel() completed
2025-10-08 17:24:49,485 - FFPackageManager - INFO - Building bottom panel...
2025-10-08 17:24:49,486 - FFPackageManager - INFO - _build_ui() completed successfully
2025-10-08 17:24:49,486 - FFPackageManager - INFO - UI built successfully
2025-10-08 17:24:49,487 - FFPackageManager - INFO - Loading projects...
2025-10-08 17:24:49,489 - FFPackageManager - INFO - Projects loaded
2025-10-08 17:24:49,492 - FFPackageManager - INFO - FFPackageManagerApp initialization complete
2025-10-08 17:24:49,493 - FFPackageManager - INFO - ============================================================
2025-10-08 17:24:49,622 - FFPackageManager - INFO - showEvent() - Window is being shown
2025-10-08 17:24:49,622 - FFPackageManager - INFO -   isVisible: True
2025-10-08 17:24:49,624 - FFPackageManager - INFO -   isMinimized: False
2025-10-08 17:24:49,626 - FFPackageManager - INFO -   isMaximized: False
2025-10-08 17:24:49,626 - FFPackageManager - INFO -   geometry: PySide6.QtCore.QRect(780, 350, 1000, 700)
2025-10-08 17:24:49,627 - FFPackageManager - INFO -   pos: PySide6.QtCore.QPoint(780, 320)
2025-10-08 17:24:52,499 - FFPackageManager - INFO - _load_sg_projects() started
2025-10-08 17:24:52,500 - FFPackageManager - INFO - _load_sg_projects() completed - 4 projects
2025-10-08 17:25:02,111 - FFPackageManager - INFO - closeEvent() - Window is being closed
