2025-10-08 22:49:30,623 - FFPackageManager - INFO - Standalone mode - logging to: C:\ayon_src\ff_package_manager\logs\ff_package_manager_20251008_224930.log
2025-10-08 22:49:30,626 - FFPackageManager - INFO - ============================================================
2025-10-08 22:49:30,627 - FFPackageManager - INFO - FFPackageManagerApp.__init__() called
2025-10-08 22:49:30,627 - FFPackageManager - INFO - ============================================================
2025-10-08 22:49:30,627 - FFPackageManager - INFO - Calling super().__init__()...
2025-10-08 22:49:30,628 - FFPackageManager - INFO - super().__init__() completed
2025-10-08 22:49:30,628 - FFPackageManager - INFO - Shotgrid Session: <shotgrid.ShotgridClient object at 0x000001F96FFE5250>
2025-10-08 22:49:30,629 - FFPackageManager - INFO - Output directory: C:\Users\gonzalo\shotgrid_packages
2025-10-08 22:49:30,630 - FFPackageManager - INFO - Parent widget: None
2025-10-08 22:49:30,630 - FFPackageManager - INFO - Setting window title...
2025-10-08 22:49:30,631 - FFPackageManager - INFO - Window title set
2025-10-08 22:49:30,631 - FFPackageManager - INFO - Setting minimum size...
2025-10-08 22:49:30,631 - FFPackageManager - INFO - Minimum size set
2025-10-08 22:49:30,631 - FFPackageManager - INFO - Building UI...
2025-10-08 22:49:30,631 - FFPackageManager - INFO - _build_ui() started
2025-10-08 22:49:30,633 - FFPackageManager - INFO - Creating central widget...
2025-10-08 22:49:30,635 - FFPackageManager - INFO - Building header...
2025-10-08 22:49:30,637 - FFPackageManager - INFO - Creating main content area...
2025-10-08 22:49:30,637 - FFPackageManager - INFO - _create_content_panel() started
2025-10-08 22:49:30,643 - FFPackageManager - INFO - _create_content_panel() completed
2025-10-08 22:49:30,643 - FFPackageManager - INFO - Building bottom panel...
2025-10-08 22:49:30,644 - FFPackageManager - INFO - _build_ui() completed successfully
2025-10-08 22:49:30,644 - FFPackageManager - INFO - UI built successfully
2025-10-08 22:49:30,645 - FFPackageManager - INFO - FFPackageManagerApp initialization complete
2025-10-08 22:49:30,645 - FFPackageManager - INFO - ============================================================
2025-10-08 22:49:30,783 - FFPackageManager - INFO - showEvent() - Window is being shown
2025-10-08 22:49:32,836 - FFPackageManager - INFO - _load_sg_projects() started
2025-10-08 22:49:32,836 - FFPackageManager - ERROR - Error loading projects: Missing credentials. Provide site_url, script_name, api_key or set SG_URL, SG_SCRIPT, SG_KEY environment variables.
Traceback (most recent call last):
  File "C:\ayon_src\ff_package_manager\client\ff_package_manager\sg_app.py", line 303, in _load_sg_projects
    projects = self.sg_session.get_projects(status="Bidding")
               ^^^^^^^^^^^^^^^^^^^^^^^^^^^^^^^^^^^^^^^^^^^^^^
  File "C:\ayon_src\ff_package_manager\client\ff_package_manager\shotgrid.py", line 97, in get_projects
    return self.sg.find(
           ^^^^^^^
  File "C:\ayon_src\ff_package_manager\client\ff_package_manager\shotgrid.py", line 76, in sg
    return self.connect()
           ^^^^^^^^^^^^^^
  File "C:\ayon_src\ff_package_manager\client\ff_package_manager\shotgrid.py", line 59, in connect
    raise ValueError(
ValueError: Missing credentials. Provide site_url, script_name, api_key or set SG_URL, SG_SCRIPT, SG_KEY environment variables.
2025-10-08 22:49:39,569 - FFPackageManager - INFO - closeEvent() - Window is being closed
