2025-10-10 13:37:39,243 - FFPackageManager - INFO - Standalone mode - logging to: C:\ayon_src\ff_package_manager\logs\ff_package_manager_20251010_133739.log
2025-10-10 13:37:39,244 - FFPackageManager - INFO - Calling super().__init__()...
2025-10-10 13:37:39,244 - FFPackageManager - INFO - super().__init__() completed
2025-10-10 13:37:39,245 - FFPackageManager - INFO - Shotgrid Session: <shotgrid.ShotgridClient object at 0x000001CD8E050790>
2025-10-10 13:37:39,257 - FFPackageManager - INFO - _create_content_panel() started
2025-10-10 13:37:39,262 - FFPackageManager - INFO - _create_content_panel() completed
2025-10-10 13:37:39,264 - FFPackageManager - INFO - create_panel() started
2025-10-10 13:37:39,266 - FFPackageManager - INFO - create_panel() completed
2025-10-10 13:37:39,267 - FFPackageManager - INFO - Building bottom panel...
2025-10-10 13:37:39,268 - FFPackageManager - INFO - _build_ui() completed successfully
2025-10-10 13:37:39,268 - FFPackageManager - INFO - Auto-loading latest project...
2025-10-10 13:37:39,268 - FFPackageManager - INFO - Attempting to auto-load latest project...
2025-10-10 13:37:39,874 - FFPackageManager - INFO - Latest project found: None (ID: 389)
2025-10-10 13:37:39,875 - FFPackageManager - INFO - _load_sg_projects() started
2025-10-10 13:37:39,876 - FFPackageManager - INFO - clear() called
2025-10-10 13:37:39,876 - FFPackageManager - INFO - clear() called
2025-10-10 13:37:40,482 - FFPackageManager - INFO - _load_sg_projects() completed - 1 projects
2025-10-10 13:37:40,482 - FFPackageManager - INFO - SG project selected: None (ID: 389)
2025-10-10 13:37:40,483 - FFPackageManager - INFO - _load_rfqs() started for project 389
2025-10-10 13:37:40,483 - FFPackageManager - INFO - clear() called
2025-10-10 13:37:40,484 - FFPackageManager - INFO - clear() called
2025-10-10 13:37:40,670 - FFPackageManager - INFO - Loaded 1 RFQs for project 389
2025-10-10 13:37:40,671 - FFPackageManager - INFO - RFQ selected: Request for Ballpark (ID: 3)
2025-10-10 13:37:40,671 - FFPackageManager - INFO - set_rfq() called with RFQ: Request for Ballpark
2025-10-10 13:37:40,672 - FFPackageManager - INFO - load_tree_data() started
2025-10-10 13:37:41,058 - FFPackageManager - INFO - Found 6 versions linked to RFQ ID 3
2025-10-10 13:37:41,059 - FFPackageManager - INFO - VFX Breakdown field: [{'id': 1, 'name': 'Revised Third Draft - August 1979', 'type': 'CustomEntity01'}]
2025-10-10 13:37:41,059 - FFPackageManager - DEBUG - Version mo_11 has type: concept art
2025-10-10 13:37:41,060 - FFPackageManager - DEBUG - Version mo_04 has type: concept art
2025-10-10 13:37:41,060 - FFPackageManager - DEBUG - Version mo_03 has type: concept art
2025-10-10 13:37:41,060 - FFPackageManager - DEBUG - Version mo_02 has type: concept art
2025-10-10 13:37:41,060 - FFPackageManager - DEBUG - Version storyboard_scenes_86_92 has type: storyboard
2025-10-10 13:37:41,061 - FFPackageManager - DEBUG - Version RaidersoftheLostArk has type: script
2025-10-10 13:37:41,061 - FFPackageManager - DEBUG - Version mo_11 has type: concept art
2025-10-10 13:37:41,061 - FFPackageManager - DEBUG - Version mo_04 has type: concept art
2025-10-10 13:37:41,062 - FFPackageManager - DEBUG - Version mo_03 has type: concept art
2025-10-10 13:37:41,062 - FFPackageManager - DEBUG - Version mo_02 has type: concept art
2025-10-10 13:37:41,062 - FFPackageManager - DEBUG - Version storyboard_scenes_86_92 has type: storyboard
2025-10-10 13:37:41,063 - FFPackageManager - DEBUG - Version RaidersoftheLostArk has type: script
2025-10-10 13:37:41,063 - FFPackageManager - DEBUG - Version mo_11 has type: concept art
2025-10-10 13:37:41,063 - FFPackageManager - DEBUG - Version mo_04 has type: concept art
2025-10-10 13:37:41,063 - FFPackageManager - DEBUG - Version mo_03 has type: concept art
2025-10-10 13:37:41,064 - FFPackageManager - DEBUG - Version mo_02 has type: concept art
2025-10-10 13:37:41,064 - FFPackageManager - DEBUG - Version storyboard_scenes_86_92 has type: storyboard
2025-10-10 13:37:41,064 - FFPackageManager - DEBUG - Version RaidersoftheLostArk has type: script
2025-10-10 13:37:41,064 - FFPackageManager - INFO - Applying visibility preferences: {}
2025-10-10 13:37:41,065 - FFPackageManager - INFO - load_tree_data() completed with RFQ data
2025-10-10 13:37:41,065 - FFPackageManager - INFO - Auto-selected latest RFQ: Request for Ballpark
2025-10-10 13:37:41,065 - FFPackageManager - INFO - Auto-selected latest project at index 1
2025-10-10 13:37:41,190 - FFPackageManager - INFO - showEvent() - Window is being shown
2025-10-10 13:37:41,206 - FFPackageManager - INFO - set_category_visibility: 'VFX Breakdown' = True
2025-10-10 13:37:41,206 - FFPackageManager - INFO - Applied visibility to 'VFX Breakdown': item.isHidden() = False
2025-10-10 13:37:41,212 - FFPackageManager - INFO - set_category_visibility: 'Script' = True
2025-10-10 13:37:41,213 - FFPackageManager - INFO - Applied visibility to 'Script': item.isHidden() = False
2025-10-10 13:37:41,213 - FFPackageManager - INFO - set_category_visibility: 'Concept Art' = True
2025-10-10 13:37:41,213 - FFPackageManager - INFO - Applied visibility to 'Concept Art': item.isHidden() = False
2025-10-10 13:37:41,213 - FFPackageManager - INFO - set_category_visibility: 'Storyboard' = True
2025-10-10 13:37:41,213 - FFPackageManager - INFO - Applied visibility to 'Storyboard': item.isHidden() = False
2025-10-10 13:37:42,996 - FFPackageManager - INFO - Entity type 'VFX Breakdown' toggled: hide
2025-10-10 13:37:42,996 - FFPackageManager - INFO - set_category_visibility: 'VFX Breakdown' = False
2025-10-10 13:37:42,996 - FFPackageManager - INFO - Applied visibility to 'VFX Breakdown': item.isHidden() = True
2025-10-10 13:37:43,768 - FFPackageManager - INFO - Entity type 'VFX Breakdown' toggled: hide
2025-10-10 13:37:43,768 - FFPackageManager - INFO - set_category_visibility: 'VFX Breakdown' = False
2025-10-10 13:37:43,768 - FFPackageManager - INFO - Applied visibility to 'VFX Breakdown': item.isHidden() = True
2025-10-10 13:37:44,753 - FFPackageManager - INFO - Entity type 'VFX Breakdown' toggled: hide
2025-10-10 13:37:44,753 - FFPackageManager - INFO - set_category_visibility: 'VFX Breakdown' = False
2025-10-10 13:37:44,753 - FFPackageManager - INFO - Applied visibility to 'VFX Breakdown': item.isHidden() = True
2025-10-10 13:37:45,246 - FFPackageManager - INFO - Entity type 'VFX Breakdown' toggled: hide
2025-10-10 13:37:45,246 - FFPackageManager - INFO - set_category_visibility: 'VFX Breakdown' = False
2025-10-10 13:37:45,246 - FFPackageManager - INFO - Applied visibility to 'VFX Breakdown': item.isHidden() = True
2025-10-10 13:37:47,209 - FFPackageManager - INFO - closeEvent() - Window is being closed
