2025-10-09 12:45:36,371 - FFPackageManager - INFO - Standalone mode - logging to: C:\ayon_src\ff_package_manager\logs\ff_package_manager_20251009_124536.log
2025-10-09 12:45:36,374 - FFPackageManager - INFO - Calling super().__init__()...
2025-10-09 12:45:36,375 - FFPackageManager - INFO - super().__init__() completed
2025-10-09 12:45:36,375 - FFPackageManager - INFO - Shotgrid Session: <shotgrid.ShotgridClient object at 0x000001EC4E43C310>
2025-10-09 12:45:36,390 - FFPackageManager - INFO - _create_content_panel() started
2025-10-09 12:45:36,400 - FFPackageManager - INFO - _create_content_panel() completed
2025-10-09 12:45:36,405 - FFPackageManager - INFO - create_panel() started
2025-10-09 12:45:36,407 - FFPackageManager - INFO - create_panel() completed
2025-10-09 12:45:36,409 - FFPackageManager - INFO - Building bottom panel...
2025-10-09 12:45:36,409 - FFPackageManager - INFO - _build_ui() completed successfully
2025-10-09 12:45:36,569 - FFPackageManager - INFO - showEvent() - Window is being shown
2025-10-09 12:45:38,028 - FFPackageManager - INFO - _load_sg_projects() started
2025-10-09 12:45:38,029 - FFPackageManager - INFO - clear() called
2025-10-09 12:45:38,030 - FFPackageManager - INFO - clear() called
2025-10-09 12:45:38,604 - FFPackageManager - INFO - _load_sg_projects() completed - 1 projects
2025-10-09 12:45:40,132 - FFPackageManager - INFO - SG project selected: None (ID: 389)
2025-10-09 12:45:40,132 - FFPackageManager - INFO - _load_rfqs() started for project 389
2025-10-09 12:45:40,134 - FFPackageManager - INFO - clear() called
2025-10-09 12:45:40,135 - FFPackageManager - INFO - clear() called
2025-10-09 12:45:40,327 - FFPackageManager - INFO - Loaded 1 RFQs for project 389
2025-10-09 12:45:41,426 - FFPackageManager - INFO - RFQ selected: Request for Ballpark (ID: 3)
2025-10-09 12:45:41,426 - FFPackageManager - INFO - set_rfq() called with RFQ: Request for Ballpark
2025-10-09 12:45:41,428 - FFPackageManager - INFO - load_tree_data() started
2025-10-09 12:45:41,428 - FFPackageManager - INFO - RFQ data: {'code': 'Request for Ballpark', 'id': 3, 'sg_status_list': 'wtg', 'sg_vfx_breakdown': [{'id': 1, 'name': 'Revised Third Draft - August 1979', 'type': 'CustomEntity01'}], 'type': 'CustomEntity04'}
2025-10-09 12:45:41,428 - FFPackageManager - INFO - VFX Breakdown field: No VFX Breakdown Available
2025-10-09 12:45:41,430 - FFPackageManager - INFO - load_tree_data() completed with RFQ data
2025-10-09 12:47:19,412 - FFPackageManager - INFO - closeEvent() - Window is being closed
