2025-10-09 10:35:24,417 - FFPackageManager - INFO - Standalone mode - logging to: C:\ayon_src\ff_package_manager\logs\ff_package_manager_20251009_103524.log
2025-10-09 10:35:24,418 - FFPackageManager - INFO - Calling super().__init__()...
2025-10-09 10:35:24,419 - FFPackageManager - INFO - super().__init__() completed
2025-10-09 10:35:24,419 - FFPackageManager - INFO - Shotgrid Session: <shotgrid.ShotgridClient object at 0x000001079F5C1450>
2025-10-09 10:35:24,433 - FFPackageManager - INFO - _create_content_panel() started
2025-10-09 10:35:24,438 - FFPackageManager - INFO - _create_content_panel() completed
2025-10-09 10:35:24,440 - FFPackageManager - INFO - create_panel() started
2025-10-09 10:35:24,442 - FFPackageManager - INFO - load_tree_data() started
2025-10-09 10:35:24,442 - FFPackageManager - INFO - No RFQ selected - showing empty tree
2025-10-09 10:35:24,443 - FFPackageManager - INFO - create_panel() completed
2025-10-09 10:35:24,444 - FFPackageManager - INFO - Building bottom panel...
2025-10-09 10:35:24,444 - FFPackageManager - INFO - _build_ui() completed successfully
2025-10-09 10:35:24,575 - FFPackageManager - INFO - showEvent() - Window is being shown
2025-10-09 10:35:29,591 - FFPackageManager - INFO - _load_sg_projects() started
2025-10-09 10:35:29,591 - FFPackageManager - INFO - _load_version_tree() started
2025-10-09 10:35:29,593 - FFPackageManager - INFO - clear() called
2025-10-09 10:35:29,593 - FFPackageManager - INFO - No RFQ selected - showing empty tree
2025-10-09 10:35:30,179 - FFPackageManager - INFO - _load_sg_projects() completed - 1 projects
2025-10-09 10:35:31,179 - FFPackageManager - INFO - SG project selected: None (ID: 389)
2025-10-09 10:35:31,179 - FFPackageManager - INFO - _load_rfqs() started for project 389
2025-10-09 10:35:31,180 - FFPackageManager - INFO - _load_version_tree() started
2025-10-09 10:35:31,180 - FFPackageManager - INFO - clear() called
2025-10-09 10:35:31,181 - FFPackageManager - INFO - No RFQ selected - showing empty tree
2025-10-09 10:35:31,181 - FFPackageManager - INFO - _load_version_tree() started
2025-10-09 10:35:31,182 - FFPackageManager - INFO - clear() called
2025-10-09 10:35:31,182 - FFPackageManager - INFO - No RFQ selected - showing empty tree
2025-10-09 10:35:31,408 - FFPackageManager - INFO - Loaded 1 RFQs for project 389
2025-10-09 10:35:35,031 - FFPackageManager - INFO - RFQ selected: Request for Ballpark (ID: 3)
2025-10-09 10:35:35,031 - FFPackageManager - INFO - _load_version_tree() started
2025-10-09 10:35:35,032 - FFPackageManager - INFO - clear() called
2025-10-09 10:35:35,032 - FFPackageManager - INFO - RFQ data: {'code': 'Request for Ballpark', 'id': 3, 'sg_status_list': 'wtg', 'type': 'CustomEntity04'}
2025-10-09 10:35:35,033 - FFPackageManager - INFO - VFX Breakdown field: None
2025-10-09 10:35:38,982 - FFPackageManager - INFO - closeEvent() - Window is being closed
