2025-10-10 18:09:53,870 - FFPackageManager - INFO - Standalone mode - logging to: C:\ayon_src\ff_package_manager\logs\ff_package_manager_20251010_180953.log
2025-10-10 18:09:53,870 - FFPackageManager - INFO - Dark theme applied to application
2025-10-10 18:09:53,870 - FFPackageManager - INFO - Calling super().__init__()...
2025-10-10 18:09:53,871 - FFPackageManager - INFO - super().__init__() completed
2025-10-10 18:09:53,871 - FFPackageManager - INFO - Shotgrid Session: <shotgrid.ShotgridClient object at 0x0000023C23870D90>
2025-10-10 18:09:53,900 - FFPackageManager - INFO - create_panel() started
2025-10-10 18:09:53,902 - FFPackageManager - INFO - create_panel() completed
2025-10-10 18:09:53,905 - FFPackageManager - INFO - _build_ui() completed successfully
2025-10-10 18:09:53,905 - FFPackageManager - INFO - Auto-loading latest project...
2025-10-10 18:09:53,905 - FFPackageManager - INFO - Attempting to auto-load latest project...
2025-10-10 18:09:54,555 - FFPackageManager - INFO - Latest project found: None (ID: 389)
2025-10-10 18:09:54,556 - FFPackageManager - INFO - _load_sg_projects() started
2025-10-10 18:09:54,556 - FFPackageManager - INFO - clear() called
2025-10-10 18:09:54,557 - FFPackageManager - INFO - clear() called
2025-10-10 18:09:54,804 - FFPackageManager - INFO - _load_sg_projects() completed - 1 projects
2025-10-10 18:09:54,804 - FFPackageManager - INFO - SG project selected: None (ID: 389)
2025-10-10 18:09:54,804 - FFPackageManager - INFO - _load_rfqs() started for project 389
2025-10-10 18:09:54,805 - FFPackageManager - INFO - clear() called
2025-10-10 18:09:54,805 - FFPackageManager - INFO - clear() called
2025-10-10 18:09:55,086 - FFPackageManager - INFO - Loaded 1 RFQs for project 389
2025-10-10 18:09:55,086 - FFPackageManager - INFO - RFQ selected: Request for Ballpark (ID: 3)
2025-10-10 18:09:55,087 - FFPackageManager - INFO - set_rfq() called with RFQ: Request for Ballpark
2025-10-10 18:09:55,087 - FFPackageManager - INFO - load_tree_data() started
2025-10-10 18:09:55,621 - FFPackageManager - INFO - Found 6 versions linked to RFQ ID 3
2025-10-10 18:09:55,621 - FFPackageManager - INFO - VFX Breakdown field: [{'id': 1, 'name': 'Revised Third Draft - August 1979', 'type': 'CustomEntity01'}]
2025-10-10 18:09:55,622 - FFPackageManager - DEBUG - Version mo_11 has type: concept art
2025-10-10 18:09:55,622 - FFPackageManager - DEBUG - Version mo_04 has type: concept art
2025-10-10 18:09:55,622 - FFPackageManager - DEBUG - Version mo_03 has type: concept art
2025-10-10 18:09:55,622 - FFPackageManager - DEBUG - Version mo_02 has type: concept art
2025-10-10 18:09:55,622 - FFPackageManager - DEBUG - Version storyboard_scenes_86_92 has type: storyboard
2025-10-10 18:09:55,622 - FFPackageManager - DEBUG - Version RaidersoftheLostArk has type: script
2025-10-10 18:09:55,623 - FFPackageManager - INFO - Version 'RaidersoftheLostArk' active state changed to: False
2025-10-10 18:09:55,623 - FFPackageManager - INFO - Version 'RaidersoftheLostArk' active state changed to: False
2025-10-10 18:09:55,623 - FFPackageManager - INFO - Version 'RaidersoftheLostArk' active state changed to: False
2025-10-10 18:09:55,623 - FFPackageManager - INFO - Version 'RaidersoftheLostArk' active state changed to: True
2025-10-10 18:09:55,623 - FFPackageManager - INFO - Version 'RaidersoftheLostArk' active state changed to: True
2025-10-10 18:09:55,623 - FFPackageManager - INFO - Version 'RaidersoftheLostArk' active state changed to: True
2025-10-10 18:09:55,623 - FFPackageManager - DEBUG - Version mo_11 has type: concept art
2025-10-10 18:09:55,623 - FFPackageManager - DEBUG - Version mo_04 has type: concept art
2025-10-10 18:09:55,623 - FFPackageManager - DEBUG - Version mo_03 has type: concept art
2025-10-10 18:09:55,623 - FFPackageManager - DEBUG - Version mo_02 has type: concept art
2025-10-10 18:09:55,623 - FFPackageManager - DEBUG - Version storyboard_scenes_86_92 has type: storyboard
2025-10-10 18:09:55,623 - FFPackageManager - DEBUG - Version RaidersoftheLostArk has type: script
2025-10-10 18:09:55,624 - FFPackageManager - INFO - Version 'mo_11' active state changed to: False
2025-10-10 18:09:55,624 - FFPackageManager - INFO - Version 'mo_11' active state changed to: False
2025-10-10 18:09:55,624 - FFPackageManager - INFO - Version 'mo_11' active state changed to: False
2025-10-10 18:09:55,624 - FFPackageManager - INFO - Version 'mo_11' active state changed to: True
2025-10-10 18:09:55,624 - FFPackageManager - INFO - Version 'mo_11' active state changed to: True
2025-10-10 18:09:55,624 - FFPackageManager - INFO - Version 'mo_11' active state changed to: True
2025-10-10 18:09:55,624 - FFPackageManager - INFO - Version 'mo_04' active state changed to: False
2025-10-10 18:09:55,624 - FFPackageManager - INFO - Version 'mo_04' active state changed to: False
2025-10-10 18:09:55,624 - FFPackageManager - INFO - Version 'mo_04' active state changed to: False
2025-10-10 18:09:55,624 - FFPackageManager - INFO - Version 'mo_04' active state changed to: True
2025-10-10 18:09:55,624 - FFPackageManager - INFO - Version 'mo_04' active state changed to: True
2025-10-10 18:09:55,625 - FFPackageManager - INFO - Version 'mo_04' active state changed to: True
2025-10-10 18:09:55,625 - FFPackageManager - INFO - Version 'mo_03' active state changed to: False
2025-10-10 18:09:55,625 - FFPackageManager - INFO - Version 'mo_03' active state changed to: False
2025-10-10 18:09:55,625 - FFPackageManager - INFO - Version 'mo_03' active state changed to: False
2025-10-10 18:09:55,625 - FFPackageManager - INFO - Version 'mo_03' active state changed to: True
2025-10-10 18:09:55,625 - FFPackageManager - INFO - Version 'mo_03' active state changed to: True
2025-10-10 18:09:55,625 - FFPackageManager - INFO - Version 'mo_03' active state changed to: True
2025-10-10 18:09:55,625 - FFPackageManager - INFO - Version 'mo_02' active state changed to: False
2025-10-10 18:09:55,625 - FFPackageManager - INFO - Version 'mo_02' active state changed to: False
2025-10-10 18:09:55,625 - FFPackageManager - INFO - Version 'mo_02' active state changed to: False
2025-10-10 18:09:55,625 - FFPackageManager - INFO - Version 'mo_02' active state changed to: True
2025-10-10 18:09:55,626 - FFPackageManager - INFO - Version 'mo_02' active state changed to: True
2025-10-10 18:09:55,626 - FFPackageManager - INFO - Version 'mo_02' active state changed to: True
2025-10-10 18:09:55,626 - FFPackageManager - DEBUG - Version mo_11 has type: concept art
2025-10-10 18:09:55,626 - FFPackageManager - DEBUG - Version mo_04 has type: concept art
2025-10-10 18:09:55,626 - FFPackageManager - DEBUG - Version mo_03 has type: concept art
2025-10-10 18:09:55,626 - FFPackageManager - DEBUG - Version mo_02 has type: concept art
2025-10-10 18:09:55,626 - FFPackageManager - DEBUG - Version storyboard_scenes_86_92 has type: storyboard
2025-10-10 18:09:55,626 - FFPackageManager - DEBUG - Version RaidersoftheLostArk has type: script
2025-10-10 18:09:55,626 - FFPackageManager - INFO - Version 'storyboard_scenes_86_92' active state changed to: False
2025-10-10 18:09:55,626 - FFPackageManager - INFO - Version 'storyboard_scenes_86_92' active state changed to: False
2025-10-10 18:09:55,626 - FFPackageManager - INFO - Version 'storyboard_scenes_86_92' active state changed to: False
2025-10-10 18:09:55,626 - FFPackageManager - INFO - Version 'storyboard_scenes_86_92' active state changed to: True
2025-10-10 18:09:55,626 - FFPackageManager - INFO - Version 'storyboard_scenes_86_92' active state changed to: True
2025-10-10 18:09:55,626 - FFPackageManager - INFO - Version 'storyboard_scenes_86_92' active state changed to: True
2025-10-10 18:09:55,627 - FFPackageManager - INFO - Applying visibility preferences: {}
2025-10-10 18:09:55,627 - FFPackageManager - INFO - load_tree_data() completed with RFQ data
2025-10-10 18:09:55,627 - FFPackageManager - INFO - Auto-selected latest RFQ: Request for Ballpark
2025-10-10 18:09:55,627 - FFPackageManager - INFO - Auto-selected latest project at index 1
2025-10-10 18:09:55,751 - FFPackageManager - INFO - showEvent() - Window is being shown
2025-10-10 18:09:55,767 - FFPackageManager - INFO - set_category_visibility: 'VFX Breakdown' = True (type: <class 'bool'>)
2025-10-10 18:09:55,767 - FFPackageManager - INFO - Current index of 'VFX Breakdown': 0
2025-10-10 18:09:55,767 - FFPackageManager - INFO - Removed 'VFX Breakdown' from tree at index 0
2025-10-10 18:09:55,767 - FFPackageManager - INFO - Inserting 'VFX Breakdown' at calculated index 0
2025-10-10 18:09:55,767 - FFPackageManager - INFO - Successfully inserted 'VFX Breakdown' - new index: 0, isHidden: False
2025-10-10 18:09:55,767 - FFPackageManager - INFO - set_category_visibility: 'Script' = True (type: <class 'bool'>)
2025-10-10 18:09:55,767 - FFPackageManager - INFO - Current index of 'Script': 1
2025-10-10 18:09:55,767 - FFPackageManager - INFO - Removed 'Script' from tree at index 1
2025-10-10 18:09:55,767 - FFPackageManager - INFO -   Category 'VFX Breakdown' is visible at index 0, incrementing insert_index to 1
2025-10-10 18:09:55,768 - FFPackageManager - INFO - Inserting 'Script' at calculated index 1
2025-10-10 18:09:55,768 - FFPackageManager - INFO - Successfully inserted 'Script' - new index: 1, isHidden: False
2025-10-10 18:09:55,768 - FFPackageManager - INFO - set_category_visibility: 'Concept Art' = True (type: <class 'bool'>)
2025-10-10 18:09:55,768 - FFPackageManager - INFO - Current index of 'Concept Art': 2
2025-10-10 18:09:55,768 - FFPackageManager - INFO - Removed 'Concept Art' from tree at index 2
2025-10-10 18:09:55,768 - FFPackageManager - INFO -   Category 'VFX Breakdown' is visible at index 0, incrementing insert_index to 1
2025-10-10 18:09:55,768 - FFPackageManager - INFO -   Category 'Script' is visible at index 1, incrementing insert_index to 2
2025-10-10 18:09:55,768 - FFPackageManager - INFO - Inserting 'Concept Art' at calculated index 2
2025-10-10 18:09:55,768 - FFPackageManager - INFO - Successfully inserted 'Concept Art' - new index: 2, isHidden: False
2025-10-10 18:09:55,768 - FFPackageManager - INFO - set_category_visibility: 'Storyboard' = True (type: <class 'bool'>)
2025-10-10 18:09:55,769 - FFPackageManager - INFO - Current index of 'Storyboard': 3
2025-10-10 18:09:55,769 - FFPackageManager - INFO - Removed 'Storyboard' from tree at index 3
2025-10-10 18:09:55,769 - FFPackageManager - INFO -   Category 'VFX Breakdown' is visible at index 0, incrementing insert_index to 1
2025-10-10 18:09:55,769 - FFPackageManager - INFO -   Category 'Script' is visible at index 1, incrementing insert_index to 2
2025-10-10 18:09:55,769 - FFPackageManager - INFO -   Category 'Concept Art' is visible at index 2, incrementing insert_index to 3
2025-10-10 18:09:55,769 - FFPackageManager - INFO - Inserting 'Storyboard' at calculated index 3
2025-10-10 18:09:55,769 - FFPackageManager - INFO - Successfully inserted 'Storyboard' - new index: 3, isHidden: False
2025-10-10 18:10:16,670 - FFPackageManager - INFO - closeEvent() - Window is being closed
