2025-10-09 16:49:10,995 - FFPackageManager - INFO - Standalone mode - logging to: C:\ayon_src\ff_package_manager\logs\ff_package_manager_20251009_164910.log
2025-10-09 16:49:10,997 - FFPackageManager - INFO - Calling super().__init__()...
2025-10-09 16:49:10,997 - FFPackageManager - INFO - super().__init__() completed
2025-10-09 16:49:10,998 - FFPackageManager - INFO - Shotgrid Session: <shotgrid.ShotgridClient object at 0x00000196808EE0D0>
2025-10-09 16:49:11,010 - FFPackageManager - INFO - _create_content_panel() started
2025-10-09 16:49:11,016 - FFPackageManager - INFO - _create_content_panel() completed
2025-10-09 16:49:11,019 - FFPackageManager - INFO - create_panel() started
2025-10-09 16:49:11,021 - FFPackageManager - INFO - create_panel() completed
2025-10-09 16:49:11,022 - FFPackageManager - INFO - Building bottom panel...
2025-10-09 16:49:11,022 - FFPackageManager - INFO - _build_ui() completed successfully
2025-10-09 16:49:11,149 - FFPackageManager - INFO - showEvent() - Window is being shown
2025-10-09 16:49:12,188 - FFPackageManager - INFO - _load_sg_projects() started
2025-10-09 16:49:12,188 - FFPackageManager - INFO - clear() called
2025-10-09 16:49:12,189 - FFPackageManager - INFO - clear() called
2025-10-09 16:49:12,761 - FFPackageManager - INFO - _load_sg_projects() completed - 1 projects
2025-10-09 16:49:14,048 - FFPackageManager - INFO - SG project selected: None (ID: 389)
2025-10-09 16:49:14,048 - FFPackageManager - INFO - _load_rfqs() started for project 389
2025-10-09 16:49:14,049 - FFPackageManager - INFO - clear() called
2025-10-09 16:49:14,050 - FFPackageManager - INFO - clear() called
2025-10-09 16:49:14,241 - FFPackageManager - INFO - Loaded 1 RFQs for project 389
2025-10-09 16:49:15,586 - FFPackageManager - INFO - RFQ selected: Request for Ballpark (ID: 3)
2025-10-09 16:49:15,586 - FFPackageManager - INFO - set_rfq() called with RFQ: Request for Ballpark
2025-10-09 16:49:15,591 - FFPackageManager - INFO - load_tree_data() started
2025-10-09 16:49:16,008 - FFPackageManager - INFO - Found 6 versions linked to RFQ ID 3
2025-10-09 16:49:16,212 - root - INFO - Version data: {'type': 'Version', 'id': 7987, 'sg_uploaded_movie': {'url': 'https://sg-media-usor-01.s3-accelerate.amazonaws.com/10243eb22003e5af4ab30736f26ec2332d889cdc/ae0a92d13e3525bb23610f6be632dc225dfc6060/mo_11.jpg?response-content-disposition=filename%3D%22mo_11.jpg%22&x-amz-meta-user-id=34&x-amz-meta-user-type=ApiUser&X-Amz-Algorithm=AWS4-HMAC-SHA256&X-Amz-Credential=ASIAYJG6Z4JI665NLRUN%2F20251009%2Fus-west-2%2Fs3%2Faws4_request&X-Amz-Date=20251009T134916Z&X-Amz-SignedHeaders=host&X-Amz-Expires=900&X-Amz-Security-Token=IQoJb3JpZ2luX2VjED4aCXVzLWVhc3QtMSJHMEUCIQDCRE%2Fbb3RoW7wN%2BHJ72INYt2FzaOXSEAj48YcSGKZ8nwIgf%2BeiaT6Y2NkwlNYSqnblrx0rHeUAeF%2B9aWTCDtjUqloqoQII1%2F%2F%2F%2F%2F%2F%2F%2F%2F%2F%2FARAAGgw1Njk1NTA0MzA4MDEiDAfyPltp4U7uN1e2fSr1ASRyqfxiDcUTrfkbFAqoyH7bO3ddYthzkTjSfMeGqcJ54wmZyP6fQ%2BtJOTcLDFfRoNoAQexww6%2FWQfNQUkt6VCTdzZdU6j0TaPqFr0W0a8%2F8Pkd9tRK6w3nFPRZRW4v02a7nGg6KK7d1jsZQZAWvswOaxgau%2FfeG3Wbm1rlFoXfPtlcYwkZEq25VncFUqF7AnWcBZ6Tn%2FaV8DqIHRnl9iqhwJrWnuhElNeEbk0BLCKLbwEGVb%2Fj3A4mP0Sp9M2BJ5Rr71EJupat5QVTZ4Nx%2FYLj75caxht90bBK9%2Funn0WkBvh%2F4xWlpYty8zlMwQ1zQ%2BTD7bj1uMJ34nscGOp0B8QFdjct1pIi2RCY686IdwR9xdBhgLw%2B3QiB8RUo74Y55VGjoDXP4L4dEGiDSFd99T%2BUTal5bOSBxD9UiJZ42URa4H0Ual3xmBoVW3LWj71Woyskr9LUT%2FsgtPFZDkuYKNYNvJYqAwmtiLVoVKZy%2BQtKFeMA8G0q1%2BBCXvB9cenhuKv81qd6KrkLwkVCigRn3zA9uF0uNFodox3CD1g%3D%3D&X-Amz-Signature=caf2fc330ac768199406fa65338d4563c1e32e2f8bf3cea7ca8fd05091acdc6b', 'name': 'mo_11.jpg', 'content_type': 'image/jpeg', 'link_type': 'upload', 'type': 'Attachment', 'id': 1033}, 'sg_uploaded_movie_webm': None, 'sg_uploaded_movie_mp4': {'url': 'https://sg-media-usor-01.s3-accelerate.amazonaws.com/10243eb22003e5af4ab30736f26ec2332d889cdc/c5032289e840748ad5b8225e9a17353564d62acb/1ac5e5b416564cc7_mo_11.mp4?response-content-disposition=filename%3D%221ac5e5b416564cc7_mo_11.mp4%22&x-amz-meta-user-id=34&x-amz-meta-user-type=ApiUser&X-Amz-Algorithm=AWS4-HMAC-SHA256&X-Amz-Credential=ASIAYJG6Z4JI665NLRUN%2F20251009%2Fus-west-2%2Fs3%2Faws4_request&X-Amz-Date=20251009T134916Z&X-Amz-SignedHeaders=host&X-Amz-Expires=900&X-Amz-Security-Token=IQoJb3JpZ2luX2VjED4aCXVzLWVhc3QtMSJHMEUCIQDCRE%2Fbb3RoW7wN%2BHJ72INYt2FzaOXSEAj48YcSGKZ8nwIgf%2BeiaT6Y2NkwlNYSqnblrx0rHeUAeF%2B9aWTCDtjUqloqoQII1%2F%2F%2F%2F%2F%2F%2F%2F%2F%2F%2FARAAGgw1Njk1NTA0MzA4MDEiDAfyPltp4U7uN1e2fSr1ASRyqfxiDcUTrfkbFAqoyH7bO3ddYthzkTjSfMeGqcJ54wmZyP6fQ%2BtJOTcLDFfRoNoAQexww6%2FWQfNQUkt6VCTdzZdU6j0TaPqFr0W0a8%2F8Pkd9tRK6w3nFPRZRW4v02a7nGg6KK7d1jsZQZAWvswOaxgau%2FfeG3Wbm1rlFoXfPtlcYwkZEq25VncFUqF7AnWcBZ6Tn%2FaV8DqIHRnl9iqhwJrWnuhElNeEbk0BLCKLbwEGVb%2Fj3A4mP0Sp9M2BJ5Rr71EJupat5QVTZ4Nx%2FYLj75caxht90bBK9%2Funn0WkBvh%2F4xWlpYty8zlMwQ1zQ%2BTD7bj1uMJ34nscGOp0B8QFdjct1pIi2RCY686IdwR9xdBhgLw%2B3QiB8RUo74Y55VGjoDXP4L4dEGiDSFd99T%2BUTal5bOSBxD9UiJZ42URa4H0Ual3xmBoVW3LWj71Woyskr9LUT%2FsgtPFZDkuYKNYNvJYqAwmtiLVoVKZy%2BQtKFeMA8G0q1%2BBCXvB9cenhuKv81qd6KrkLwkVCigRn3zA9uF0uNFodox3CD1g%3D%3D&X-Amz-Signature=268cab1890b585ebb64dcdd4f9993dca00ecfa351cce900fc579e40be88a4221', 'name': '1ac5e5b416564cc7_mo_11.mp4', 'content_type': 'video/mp4', 'link_type': 'upload', 'type': 'Attachment', 'id': 1040}, 'sg_uploaded_movie_frame_rate': 25.0, 'code': 'mo_11', 'sg_version_type': 'Concept Art'}
2025-10-09 16:49:36,428 - FFPackageManager - INFO - closeEvent() - Window is being closed
