2025-10-10 16:25:58,858 - FFPackageManager - INFO - Standalone mode - logging to: C:\ayon_src\ff_package_manager\logs\ff_package_manager_20251010_162558.log
2025-10-10 16:25:58,859 - FFPackageManager - INFO - Calling super().__init__()...
2025-10-10 16:25:58,860 - FFPackageManager - INFO - super().__init__() completed
2025-10-10 16:25:58,860 - FFPackageManager - INFO - Shotgrid Session: <shotgrid.ShotgridClient object at 0x00000170F9B00AD0>
2025-10-10 16:25:58,873 - FFPackageManager - INFO - _create_content_panel() started
2025-10-10 16:25:58,878 - FFPackageManager - INFO - _create_content_panel() completed
2025-10-10 16:25:58,880 - FFPackageManager - INFO - create_panel() started
2025-10-10 16:25:58,881 - FFPackageManager - INFO - create_panel() completed
2025-10-10 16:25:58,882 - FFPackageManager - INFO - Building bottom panel...
2025-10-10 16:25:58,883 - FFPackageManager - INFO - _build_ui() completed successfully
2025-10-10 16:25:58,883 - FFPackageManager - INFO - Auto-loading latest project...
2025-10-10 16:25:58,883 - FFPackageManager - INFO - Attempting to auto-load latest project...
2025-10-10 16:25:59,481 - FFPackageManager - INFO - Latest project found: None (ID: 389)
2025-10-10 16:25:59,481 - FFPackageManager - INFO - _load_sg_projects() started
2025-10-10 16:25:59,482 - FFPackageManager - INFO - clear() called
2025-10-10 16:25:59,482 - FFPackageManager - INFO - clear() called
2025-10-10 16:25:59,657 - FFPackageManager - INFO - _load_sg_projects() completed - 1 projects
2025-10-10 16:25:59,657 - FFPackageManager - INFO - SG project selected: None (ID: 389)
2025-10-10 16:25:59,658 - FFPackageManager - INFO - _load_rfqs() started for project 389
2025-10-10 16:25:59,658 - FFPackageManager - INFO - clear() called
2025-10-10 16:25:59,659 - FFPackageManager - INFO - clear() called
2025-10-10 16:25:59,862 - FFPackageManager - INFO - Loaded 1 RFQs for project 389
2025-10-10 16:25:59,862 - FFPackageManager - INFO - RFQ selected: Request for Ballpark (ID: 3)
2025-10-10 16:25:59,863 - FFPackageManager - INFO - set_rfq() called with RFQ: Request for Ballpark
2025-10-10 16:25:59,863 - FFPackageManager - INFO - load_tree_data() started
2025-10-10 16:26:00,343 - FFPackageManager - INFO - Found 6 versions linked to RFQ ID 3
2025-10-10 16:26:00,344 - FFPackageManager - INFO - VFX Breakdown field: [{'id': 1, 'name': 'Revised Third Draft - August 1979', 'type': 'CustomEntity01'}]
2025-10-10 16:26:00,345 - FFPackageManager - DEBUG - Version mo_11 has type: concept art
2025-10-10 16:26:00,345 - FFPackageManager - DEBUG - Version mo_04 has type: concept art
2025-10-10 16:26:00,346 - FFPackageManager - DEBUG - Version mo_03 has type: concept art
2025-10-10 16:26:00,346 - FFPackageManager - DEBUG - Version mo_02 has type: concept art
2025-10-10 16:26:00,346 - FFPackageManager - DEBUG - Version storyboard_scenes_86_92 has type: storyboard
2025-10-10 16:26:00,347 - FFPackageManager - DEBUG - Version RaidersoftheLostArk has type: script
2025-10-10 16:26:00,347 - FFPackageManager - DEBUG - Version mo_11 has type: concept art
2025-10-10 16:26:00,347 - FFPackageManager - DEBUG - Version mo_04 has type: concept art
2025-10-10 16:26:00,348 - FFPackageManager - DEBUG - Version mo_03 has type: concept art
2025-10-10 16:26:00,348 - FFPackageManager - DEBUG - Version mo_02 has type: concept art
2025-10-10 16:26:00,348 - FFPackageManager - DEBUG - Version storyboard_scenes_86_92 has type: storyboard
2025-10-10 16:26:00,349 - FFPackageManager - DEBUG - Version RaidersoftheLostArk has type: script
2025-10-10 16:26:00,349 - FFPackageManager - DEBUG - Version mo_11 has type: concept art
2025-10-10 16:26:00,349 - FFPackageManager - DEBUG - Version mo_04 has type: concept art
2025-10-10 16:26:00,350 - FFPackageManager - DEBUG - Version mo_03 has type: concept art
2025-10-10 16:26:00,350 - FFPackageManager - DEBUG - Version mo_02 has type: concept art
2025-10-10 16:26:00,350 - FFPackageManager - DEBUG - Version storyboard_scenes_86_92 has type: storyboard
2025-10-10 16:26:00,351 - FFPackageManager - DEBUG - Version RaidersoftheLostArk has type: script
2025-10-10 16:26:00,351 - FFPackageManager - INFO - Applying visibility preferences: {}
2025-10-10 16:26:00,352 - FFPackageManager - INFO - load_tree_data() completed with RFQ data
2025-10-10 16:26:00,352 - FFPackageManager - INFO - Auto-selected latest RFQ: Request for Ballpark
2025-10-10 16:26:00,352 - FFPackageManager - INFO - Auto-selected latest project at index 1
2025-10-10 16:26:00,481 - FFPackageManager - INFO - showEvent() - Window is being shown
2025-10-10 16:26:00,504 - FFPackageManager - INFO - set_category_visibility: 'VFX Breakdown' = True (type: <class 'bool'>)
2025-10-10 16:26:00,504 - FFPackageManager - INFO - Current index of 'VFX Breakdown': 0
2025-10-10 16:26:00,505 - FFPackageManager - INFO - Removed 'VFX Breakdown' from tree at index 0
2025-10-10 16:26:00,505 - FFPackageManager - INFO - Inserting 'VFX Breakdown' at calculated index 0
2025-10-10 16:26:00,505 - FFPackageManager - INFO - Successfully inserted 'VFX Breakdown' - new index: 0, isHidden: False
2025-10-10 16:26:00,506 - FFPackageManager - INFO - set_category_visibility: 'Script' = True (type: <class 'bool'>)
2025-10-10 16:26:00,506 - FFPackageManager - INFO - Current index of 'Script': 1
2025-10-10 16:26:00,506 - FFPackageManager - INFO - Removed 'Script' from tree at index 1
2025-10-10 16:26:00,506 - FFPackageManager - INFO -   Category 'VFX Breakdown' is visible at index 0, incrementing insert_index to 1
2025-10-10 16:26:00,507 - FFPackageManager - INFO - Inserting 'Script' at calculated index 1
2025-10-10 16:26:00,507 - FFPackageManager - INFO - Successfully inserted 'Script' - new index: 1, isHidden: False
2025-10-10 16:26:00,508 - FFPackageManager - INFO - set_category_visibility: 'Concept Art' = True (type: <class 'bool'>)
2025-10-10 16:26:00,508 - FFPackageManager - INFO - Current index of 'Concept Art': 2
2025-10-10 16:26:00,508 - FFPackageManager - INFO - Removed 'Concept Art' from tree at index 2
2025-10-10 16:26:00,509 - FFPackageManager - INFO -   Category 'VFX Breakdown' is visible at index 0, incrementing insert_index to 1
2025-10-10 16:26:00,509 - FFPackageManager - INFO -   Category 'Script' is visible at index 1, incrementing insert_index to 2
2025-10-10 16:26:00,509 - FFPackageManager - INFO - Inserting 'Concept Art' at calculated index 2
2025-10-10 16:26:00,510 - FFPackageManager - INFO - Successfully inserted 'Concept Art' - new index: 2, isHidden: False
2025-10-10 16:26:00,510 - FFPackageManager - INFO - set_category_visibility: 'Storyboard' = True (type: <class 'bool'>)
2025-10-10 16:26:00,510 - FFPackageManager - INFO - Current index of 'Storyboard': 3
2025-10-10 16:26:00,511 - FFPackageManager - INFO - Removed 'Storyboard' from tree at index 3
2025-10-10 16:26:00,511 - FFPackageManager - INFO -   Category 'VFX Breakdown' is visible at index 0, incrementing insert_index to 1
2025-10-10 16:26:00,511 - FFPackageManager - INFO -   Category 'Script' is visible at index 1, incrementing insert_index to 2
2025-10-10 16:26:00,512 - FFPackageManager - INFO -   Category 'Concept Art' is visible at index 2, incrementing insert_index to 3
2025-10-10 16:26:00,512 - FFPackageManager - INFO - Inserting 'Storyboard' at calculated index 3
2025-10-10 16:26:00,512 - FFPackageManager - INFO - Successfully inserted 'Storyboard' - new index: 3, isHidden: False
2025-10-10 16:26:01,900 - FFPackageManager - INFO - Checkbox 'VFX Breakdown' toggled: state=0, is_checked=False
2025-10-10 16:26:01,900 - FFPackageManager - INFO - set_category_visibility: 'VFX Breakdown' = False (type: <class 'bool'>)
2025-10-10 16:26:01,901 - FFPackageManager - INFO - Current index of 'VFX Breakdown': 0
2025-10-10 16:26:01,902 - FFPackageManager - INFO - Removed 'VFX Breakdown' from tree at index 0
2025-10-10 16:26:01,902 - FFPackageManager - INFO - 'VFX Breakdown' removed and will stay hidden
2025-10-10 16:26:01,902 - FFPackageManager - INFO - After toggle: item exists, index=-1, isHidden=False
2025-10-10 16:26:02,517 - FFPackageManager - INFO - Checkbox 'VFX Breakdown' toggled: state=2, is_checked=False
2025-10-10 16:26:02,517 - FFPackageManager - INFO - set_category_visibility: 'VFX Breakdown' = False (type: <class 'bool'>)
2025-10-10 16:26:02,518 - FFPackageManager - INFO - Current index of 'VFX Breakdown': -1
2025-10-10 16:26:02,519 - FFPackageManager - INFO - 'VFX Breakdown' was not in tree (index=-1)
2025-10-10 16:26:02,519 - FFPackageManager - INFO - 'VFX Breakdown' removed and will stay hidden
2025-10-10 16:26:02,519 - FFPackageManager - INFO - After toggle: item exists, index=-1, isHidden=False
2025-10-10 16:26:03,423 - FFPackageManager - INFO - Checkbox 'VFX Breakdown' toggled: state=0, is_checked=False
2025-10-10 16:26:03,423 - FFPackageManager - INFO - set_category_visibility: 'VFX Breakdown' = False (type: <class 'bool'>)
2025-10-10 16:26:03,424 - FFPackageManager - INFO - Current index of 'VFX Breakdown': -1
2025-10-10 16:26:03,426 - FFPackageManager - INFO - 'VFX Breakdown' was not in tree (index=-1)
2025-10-10 16:26:03,427 - FFPackageManager - INFO - 'VFX Breakdown' removed and will stay hidden
2025-10-10 16:26:03,427 - FFPackageManager - INFO - After toggle: item exists, index=-1, isHidden=False
2025-10-10 16:26:03,972 - FFPackageManager - INFO - Checkbox 'VFX Breakdown' toggled: state=2, is_checked=False
2025-10-10 16:26:03,972 - FFPackageManager - INFO - set_category_visibility: 'VFX Breakdown' = False (type: <class 'bool'>)
2025-10-10 16:26:03,973 - FFPackageManager - INFO - Current index of 'VFX Breakdown': -1
2025-10-10 16:26:03,974 - FFPackageManager - INFO - 'VFX Breakdown' was not in tree (index=-1)
2025-10-10 16:26:03,974 - FFPackageManager - INFO - 'VFX Breakdown' removed and will stay hidden
2025-10-10 16:26:03,975 - FFPackageManager - INFO - After toggle: item exists, index=-1, isHidden=False
2025-10-10 16:26:05,171 - FFPackageManager - INFO - Checkbox 'VFX Breakdown' toggled: state=0, is_checked=False
2025-10-10 16:26:05,172 - FFPackageManager - INFO - set_category_visibility: 'VFX Breakdown' = False (type: <class 'bool'>)
2025-10-10 16:26:05,172 - FFPackageManager - INFO - Current index of 'VFX Breakdown': -1
2025-10-10 16:26:05,173 - FFPackageManager - INFO - 'VFX Breakdown' was not in tree (index=-1)
2025-10-10 16:26:05,173 - FFPackageManager - INFO - 'VFX Breakdown' removed and will stay hidden
2025-10-10 16:26:05,173 - FFPackageManager - INFO - After toggle: item exists, index=-1, isHidden=False
2025-10-10 16:26:05,489 - FFPackageManager - INFO - Checkbox 'VFX Breakdown' toggled: state=2, is_checked=False
2025-10-10 16:26:05,489 - FFPackageManager - INFO - set_category_visibility: 'VFX Breakdown' = False (type: <class 'bool'>)
2025-10-10 16:26:05,490 - FFPackageManager - INFO - Current index of 'VFX Breakdown': -1
2025-10-10 16:26:05,490 - FFPackageManager - INFO - 'VFX Breakdown' was not in tree (index=-1)
2025-10-10 16:26:05,491 - FFPackageManager - INFO - 'VFX Breakdown' removed and will stay hidden
2025-10-10 16:26:05,491 - FFPackageManager - INFO - After toggle: item exists, index=-1, isHidden=False
2025-10-10 16:27:31,377 - FFPackageManager - INFO - closeEvent() - Window is being closed
