2025-10-08 22:45:52,473 - FFPackageManager - INFO - Standalone mode - logging to: C:\ayon_src\ff_package_manager\logs\ff_package_manager_20251008_224552.log
2025-10-08 22:45:52,476 - FFPackageManager - INFO - ============================================================
2025-10-08 22:45:52,477 - FFPackageManager - INFO - FFPackageManagerApp.__init__() called
2025-10-08 22:45:52,478 - FFPackageManager - INFO - ============================================================
2025-10-08 22:45:52,478 - FFPackageManager - INFO - Calling super().__init__()...
2025-10-08 22:45:52,479 - FFPackageManager - INFO - super().__init__() completed
2025-10-08 22:45:52,479 - FFPackageManager - INFO - Shotgrid Session: <shotgrid.ShotgridClient object at 0x00000293EAEC1450>
2025-10-08 22:45:52,479 - FFPackageManager - INFO - Output directory: C:\Users\gonzalo\shotgrid_packages
2025-10-08 22:45:52,480 - FFPackageManager - INFO - Parent widget: None
2025-10-08 22:45:52,481 - FFPackageManager - INFO - Setting window title...
2025-10-08 22:45:52,481 - FFPackageManager - INFO - Window title set
2025-10-08 22:45:52,481 - FFPackageManager - INFO - Setting minimum size...
2025-10-08 22:45:52,482 - FFPackageManager - INFO - Minimum size set
2025-10-08 22:45:52,482 - FFPackageManager - INFO - Building UI...
2025-10-08 22:45:52,483 - FFPackageManager - INFO - _build_ui() started
2025-10-08 22:45:52,483 - FFPackageManager - INFO - Creating central widget...
2025-10-08 22:45:52,484 - FFPackageManager - INFO - Building header...
2025-10-08 22:45:52,486 - FFPackageManager - INFO - Creating main content area...
2025-10-08 22:45:52,486 - FFPackageManager - INFO - _create_content_panel() started
2025-10-08 22:45:52,492 - FFPackageManager - INFO - _create_content_panel() completed
2025-10-08 22:45:52,492 - FFPackageManager - INFO - Building bottom panel...
2025-10-08 22:45:52,492 - FFPackageManager - INFO - _build_ui() completed successfully
2025-10-08 22:45:52,493 - FFPackageManager - INFO - UI built successfully
2025-10-08 22:45:52,493 - FFPackageManager - INFO - FFPackageManagerApp initialization complete
2025-10-08 22:45:52,494 - FFPackageManager - INFO - ============================================================
2025-10-08 22:45:52,633 - FFPackageManager - INFO - showEvent() - Window is being shown
2025-10-08 22:45:56,604 - FFPackageManager - INFO - _load_sg_projects() started
2025-10-08 22:45:57,222 - FFPackageManager - INFO - _load_sg_projects() completed - 1 projects
2025-10-08 22:45:58,204 - FFPackageManager - INFO - SG project selected: None (ID: 389)
2025-10-08 22:45:58,204 - FFPackageManager - INFO - _load_rfqs() started for project 389
2025-10-08 22:45:58,206 - FFPackageManager - ERROR - Error loading RFQs: 'ShotgridClient' object has no attribute 'get_rfqs'
Traceback (most recent call last):
  File "C:\ayon_src\ff_package_manager\client\ff_package_manager\app.py", line 344, in _load_rfqs
    rfqs = self.sg_session.get_rfqs(project_id, fields=["id", "code", "sg_status_list"])
           ^^^^^^^^^^^^^^^^^^^^^^^^
AttributeError: 'ShotgridClient' object has no attribute 'get_rfqs'
2025-10-08 22:46:05,679 - FFPackageManager - INFO - closeEvent() - Window is being closed
