2025-10-10 10:15:14,788 - FFPackageManager - INFO - Standalone mode - logging to: C:\ayon_src\ff_package_manager\logs\ff_package_manager_20251010_101514.log
2025-10-10 10:15:14,789 - FFPackageManager - INFO - Calling super().__init__()...
2025-10-10 10:15:14,789 - FFPackageManager - INFO - super().__init__() completed
2025-10-10 10:15:14,789 - FFPackageManager - INFO - Shotgrid Session: <shotgrid.ShotgridClient object at 0x00000299275112D0>
2025-10-10 10:15:14,802 - FFPackageManager - INFO - _create_content_panel() started
2025-10-10 10:15:14,808 - FFPackageManager - INFO - _create_content_panel() completed
2025-10-10 10:15:14,810 - FFPackageManager - INFO - create_panel() started
2025-10-10 10:15:14,812 - FFPackageManager - INFO - create_panel() completed
2025-10-10 10:15:14,812 - FFPackageManager - INFO - Building bottom panel...
2025-10-10 10:15:14,813 - FFPackageManager - INFO - _build_ui() completed successfully
2025-10-10 10:15:14,940 - FFPackageManager - INFO - showEvent() - Window is being shown
2025-10-10 10:15:17,608 - FFPackageManager - INFO - _load_sg_projects() started
2025-10-10 10:15:17,609 - FFPackageManager - INFO - clear() called
2025-10-10 10:15:17,609 - FFPackageManager - INFO - clear() called
2025-10-10 10:15:18,485 - FFPackageManager - INFO - _load_sg_projects() completed - 1 projects
2025-10-10 10:15:20,099 - FFPackageManager - INFO - SG project selected: None (ID: 389)
2025-10-10 10:15:20,100 - FFPackageManager - INFO - _load_rfqs() started for project 389
2025-10-10 10:15:20,100 - FFPackageManager - INFO - clear() called
2025-10-10 10:15:20,100 - FFPackageManager - INFO - clear() called
2025-10-10 10:15:20,370 - FFPackageManager - INFO - Loaded 1 RFQs for project 389
2025-10-10 10:15:22,174 - FFPackageManager - INFO - RFQ selected: Request for Ballpark (ID: 3)
2025-10-10 10:15:22,174 - FFPackageManager - INFO - set_rfq() called with RFQ: Request for Ballpark
2025-10-10 10:15:22,175 - FFPackageManager - INFO - load_tree_data() started
2025-10-10 10:15:22,806 - FFPackageManager - INFO - Found 6 versions linked to RFQ ID 3
2025-10-10 10:15:23,932 - FFPackageManager - INFO - File info: {'mo_11.jpg'}  {'image/jpeg'}
2025-10-10 10:15:24,237 - FFPackageManager - INFO - File info: {'mo_04.jpg'}  {'image/jpeg'}
2025-10-10 10:15:24,469 - FFPackageManager - INFO - File info: {'mo_03.jpg'}  {'image/jpeg'}
2025-10-10 10:15:24,696 - FFPackageManager - INFO - File info: {'mo_02.jpg'}  {'image/jpeg'}
2025-10-10 10:15:24,978 - FFPackageManager - INFO - File info: {'Raiders-Storyboards-45_2K.jpg'}  {'image/jpeg'}
2025-10-10 10:15:25,226 - FFPackageManager - INFO - File info: {'RaidersoftheLostArk.pdf'}  {'application/pdf'}
2025-10-10 10:15:25,226 - FFPackageManager - INFO - RFQ data: {'code': 'Request for Ballpark', 'id': 3, 'sg_status_list': 'wtg', 'sg_vfx_breakdown': [{'id': 1, 'name': 'Revised Third Draft - August 1979', 'type': 'CustomEntity01'}], 'type': 'CustomEntity04'}
2025-10-10 10:15:25,226 - FFPackageManager - INFO - VFX Breakdown field: No VFX Breakdown Available
2025-10-10 10:15:25,226 - FFPackageManager - INFO - Adding VFX Breakdown to tree
2025-10-10 10:15:25,226 - FFPackageManager - INFO - [{'id': 1, 'name': 'Revised Third Draft - August 1979', 'type': 'CustomEntity01'}]
2025-10-10 10:15:25,227 - FFPackageManager - INFO - load_tree_data() completed with RFQ data
