2025-10-09 12:50:45,173 - FFPackageManager - INFO - Standalone mode - logging to: C:\ayon_src\ff_package_manager\logs\ff_package_manager_20251009_125045.log
2025-10-09 12:50:45,176 - FFPackageManager - INFO - Calling super().__init__()...
2025-10-09 12:50:45,176 - FFPackageManager - INFO - super().__init__() completed
2025-10-09 12:50:45,176 - FFPackageManager - INFO - Shotgrid Session: <shotgrid.ShotgridClient object at 0x000002402A84C2D0>
2025-10-09 12:50:45,190 - FFPackageManager - INFO - _create_content_panel() started
2025-10-09 12:50:45,197 - FFPackageManager - INFO - _create_content_panel() completed
2025-10-09 12:50:45,199 - FFPackageManager - INFO - create_panel() started
2025-10-09 12:50:45,201 - FFPackageManager - INFO - create_panel() completed
2025-10-09 12:50:45,203 - FFPackageManager - INFO - Building bottom panel...
2025-10-09 12:50:45,203 - FFPackageManager - INFO - _build_ui() completed successfully
2025-10-09 12:50:45,338 - FFPackageManager - INFO - showEvent() - Window is being shown
2025-10-09 12:50:47,121 - FFPackageManager - INFO - _load_sg_projects() started
2025-10-09 12:50:47,122 - FFPackageManager - INFO - clear() called
2025-10-09 12:50:47,123 - FFPackageManager - INFO - clear() called
2025-10-09 12:50:47,737 - FFPackageManager - INFO - _load_sg_projects() completed - 1 projects
2025-10-09 12:50:49,898 - FFPackageManager - INFO - SG project selected: None (ID: 389)
2025-10-09 12:50:49,898 - FFPackageManager - INFO - _load_rfqs() started for project 389
2025-10-09 12:50:49,899 - FFPackageManager - INFO - clear() called
2025-10-09 12:50:49,900 - FFPackageManager - INFO - clear() called
2025-10-09 12:50:50,093 - FFPackageManager - INFO - Loaded 1 RFQs for project 389
2025-10-09 12:50:51,362 - FFPackageManager - INFO - RFQ selected: Request for Ballpark (ID: 3)
2025-10-09 12:50:51,362 - FFPackageManager - INFO - set_rfq() called with RFQ: Request for Ballpark
2025-10-09 12:50:51,365 - FFPackageManager - INFO - load_tree_data() started
2025-10-09 12:50:51,365 - FFPackageManager - INFO - RFQ data: {'code': 'Request for Ballpark', 'id': 3, 'sg_status_list': 'wtg', 'sg_vfx_breakdown': [{'id': 1, 'name': 'Revised Third Draft - August 1979', 'type': 'CustomEntity01'}], 'type': 'CustomEntity04'}
2025-10-09 12:50:51,365 - FFPackageManager - INFO - VFX Breakdown field: No VFX Breakdown Available
2025-10-09 12:50:51,366 - FFPackageManager - INFO - Adding VFX Breakdown to tree
2025-10-09 12:50:51,366 - FFPackageManager - INFO - [{'id': 1, 'name': 'Revised Third Draft - August 1979', 'type': 'CustomEntity01'}]
2025-10-09 12:50:51,367 - FFPackageManager - INFO - load_tree_data() completed with RFQ data
2025-10-09 12:51:19,874 - FFPackageManager - INFO - clear() called
2025-10-09 12:51:21,464 - FFPackageManager - INFO - RFQ selected: Request for Ballpark (ID: 3)
2025-10-09 12:51:21,464 - FFPackageManager - INFO - set_rfq() called with RFQ: Request for Ballpark
2025-10-09 12:51:21,465 - FFPackageManager - INFO - load_tree_data() started
2025-10-09 12:51:21,465 - FFPackageManager - INFO - RFQ data: {'code': 'Request for Ballpark', 'id': 3, 'sg_status_list': 'wtg', 'sg_vfx_breakdown': [{'id': 1, 'name': 'Revised Third Draft - August 1979', 'type': 'CustomEntity01'}], 'type': 'CustomEntity04'}
2025-10-09 12:51:21,466 - FFPackageManager - INFO - VFX Breakdown field: No VFX Breakdown Available
2025-10-09 12:51:21,466 - FFPackageManager - INFO - Adding VFX Breakdown to tree
2025-10-09 12:51:21,467 - FFPackageManager - INFO - [{'id': 1, 'name': 'Revised Third Draft - August 1979', 'type': 'CustomEntity01'}]
2025-10-09 12:51:21,467 - FFPackageManager - INFO - load_tree_data() completed with RFQ data
2025-10-09 12:56:22,591 - FFPackageManager - INFO - closeEvent() - Window is being closed
