2025-10-09 13:30:24,588 - FFPackageManager - INFO - Standalone mode - logging to: C:\ayon_src\ff_package_manager\logs\ff_package_manager_20251009_133024.log
2025-10-09 13:30:24,590 - FFPackageManager - INFO - Calling super().__init__()...
2025-10-09 13:30:24,591 - FFPackageManager - INFO - super().__init__() completed
2025-10-09 13:30:24,591 - FFPackageManager - INFO - Shotgrid Session: <shotgrid.ShotgridClient object at 0x000001C02894CC50>
2025-10-09 13:30:24,604 - FFPackageManager - INFO - _create_content_panel() started
2025-10-09 13:30:24,609 - FFPackageManager - INFO - _create_content_panel() completed
2025-10-09 13:30:24,612 - FFPackageManager - INFO - create_panel() started
2025-10-09 13:30:24,615 - FFPackageManager - INFO - create_panel() completed
2025-10-09 13:30:24,616 - FFPackageManager - INFO - Building bottom panel...
2025-10-09 13:30:24,616 - FFPackageManager - INFO - _build_ui() completed successfully
2025-10-09 13:30:24,748 - FFPackageManager - INFO - showEvent() - Window is being shown
2025-10-09 13:30:26,570 - FFPackageManager - INFO - _load_sg_projects() started
2025-10-09 13:30:26,571 - FFPackageManager - INFO - clear() called
2025-10-09 13:30:26,572 - FFPackageManager - INFO - clear() called
2025-10-09 13:30:27,612 - FFPackageManager - INFO - _load_sg_projects() completed - 1 projects
2025-10-09 13:30:28,959 - FFPackageManager - INFO - SG project selected: None (ID: 389)
2025-10-09 13:30:28,959 - FFPackageManager - INFO - _load_rfqs() started for project 389
2025-10-09 13:30:28,962 - FFPackageManager - INFO - clear() called
2025-10-09 13:30:28,962 - FFPackageManager - INFO - clear() called
2025-10-09 13:30:29,148 - FFPackageManager - INFO - Loaded 1 RFQs for project 389
2025-10-09 13:30:30,721 - FFPackageManager - INFO - RFQ selected: Request for Ballpark (ID: 3)
2025-10-09 13:30:30,721 - FFPackageManager - INFO - set_rfq() called with RFQ: Request for Ballpark
2025-10-09 13:30:30,722 - FFPackageManager - INFO - load_tree_data() started
2025-10-09 13:30:30,723 - FFPackageManager - INFO - RFQ ID: 3 - Loading data
2025-10-09 13:30:30,723 - FFPackageManager - INFO - RFQ data: {'code': 'Request for Ballpark', 'id': 3, 'sg_status_list': 'wtg', 'sg_vfx_breakdown': [{'id': 1, 'name': 'Revised Third Draft - August 1979', 'type': 'CustomEntity01'}], 'type': 'CustomEntity04'}
2025-10-09 13:30:30,723 - FFPackageManager - INFO - VFX Breakdown field: No VFX Breakdown Available
2025-10-09 13:30:30,724 - FFPackageManager - INFO - Adding VFX Breakdown to tree
2025-10-09 13:30:30,724 - FFPackageManager - INFO - [{'id': 1, 'name': 'Revised Third Draft - August 1979', 'type': 'CustomEntity01'}]
2025-10-09 13:30:30,725 - FFPackageManager - INFO - load_tree_data() completed with RFQ data
2025-10-09 13:30:48,208 - FFPackageManager - INFO - closeEvent() - Window is being closed
