2025-10-10 18:18:20,215 - FFPackageManager - INFO - Standalone mode - logging to: C:\ayon_src\ff_package_manager\logs\ff_package_manager_20251010_181820.log
2025-10-10 18:18:20,217 - FFPackageManager - INFO - Dark theme applied to application
2025-10-10 18:18:20,217 - FFPackageManager - INFO - Calling super().__init__()...
2025-10-10 18:18:20,217 - FFPackageManager - INFO - super().__init__() completed
2025-10-10 18:18:20,217 - FFPackageManager - INFO - Shotgrid Session: <shotgrid.ShotgridClient object at 0x000002CFBF1D4F90>
2025-10-10 18:18:20,248 - FFPackageManager - INFO - create_panel() started
2025-10-10 18:18:20,251 - FFPackageManager - INFO - create_panel() completed
2025-10-10 18:18:20,254 - FFPackageManager - INFO - _build_ui() completed successfully
2025-10-10 18:18:20,254 - FFPackageManager - INFO - Auto-loading latest project...
2025-10-10 18:18:20,254 - FFPackageManager - INFO - Attempting to auto-load latest project...
2025-10-10 18:18:20,831 - FFPackageManager - INFO - Latest project found: None (ID: 389)
2025-10-10 18:18:20,832 - FFPackageManager - INFO - _load_sg_projects() started
2025-10-10 18:18:20,832 - FFPackageManager - INFO - clear() called
2025-10-10 18:18:20,832 - FFPackageManager - INFO - clear() called
2025-10-10 18:18:21,022 - FFPackageManager - INFO - _load_sg_projects() completed - 1 projects
2025-10-10 18:18:21,022 - FFPackageManager - INFO - SG project selected: None (ID: 389)
2025-10-10 18:18:21,023 - FFPackageManager - INFO - _load_rfqs() started for project 389
2025-10-10 18:18:21,023 - FFPackageManager - INFO - clear() called
2025-10-10 18:18:21,023 - FFPackageManager - INFO - clear() called
2025-10-10 18:18:21,205 - FFPackageManager - INFO - Loaded 1 RFQs for project 389
2025-10-10 18:18:21,205 - FFPackageManager - INFO - RFQ selected: Request for Ballpark (ID: 3)
2025-10-10 18:18:21,206 - FFPackageManager - INFO - set_rfq() called with RFQ: Request for Ballpark
2025-10-10 18:18:21,206 - FFPackageManager - INFO - load_tree_data() started
2025-10-10 18:18:21,582 - FFPackageManager - INFO - Found 6 versions linked to RFQ ID 3
2025-10-10 18:18:21,582 - FFPackageManager - INFO - VFX Breakdown field: [{'id': 1, 'name': 'Revised Third Draft - August 1979', 'type': 'CustomEntity01'}]
2025-10-10 18:18:21,582 - FFPackageManager - DEBUG - Version mo_11 has type: concept art
2025-10-10 18:18:21,583 - FFPackageManager - DEBUG - Version mo_04 has type: concept art
2025-10-10 18:18:21,583 - FFPackageManager - DEBUG - Version mo_03 has type: concept art
2025-10-10 18:18:21,583 - FFPackageManager - DEBUG - Version mo_02 has type: concept art
2025-10-10 18:18:21,583 - FFPackageManager - DEBUG - Version storyboard_scenes_86_92 has type: storyboard
2025-10-10 18:18:21,583 - FFPackageManager - DEBUG - Version RaidersoftheLostArk has type: script
2025-10-10 18:18:21,583 - FFPackageManager - INFO - Version 'RaidersoftheLostArk' active state changed to: False
2025-10-10 18:18:21,583 - FFPackageManager - INFO - Version 'RaidersoftheLostArk' active state changed to: False
2025-10-10 18:18:21,583 - FFPackageManager - INFO - Version 'RaidersoftheLostArk' active state changed to: False
2025-10-10 18:18:21,583 - FFPackageManager - INFO - Version 'RaidersoftheLostArk' active state changed to: True
2025-10-10 18:18:21,583 - FFPackageManager - INFO - Version 'RaidersoftheLostArk' active state changed to: True
2025-10-10 18:18:21,583 - FFPackageManager - INFO - Version 'RaidersoftheLostArk' active state changed to: True
2025-10-10 18:18:21,584 - FFPackageManager - DEBUG - Version mo_11 has type: concept art
2025-10-10 18:18:21,584 - FFPackageManager - DEBUG - Version mo_04 has type: concept art
2025-10-10 18:18:21,584 - FFPackageManager - DEBUG - Version mo_03 has type: concept art
2025-10-10 18:18:21,584 - FFPackageManager - DEBUG - Version mo_02 has type: concept art
2025-10-10 18:18:21,584 - FFPackageManager - DEBUG - Version storyboard_scenes_86_92 has type: storyboard
2025-10-10 18:18:21,584 - FFPackageManager - DEBUG - Version RaidersoftheLostArk has type: script
2025-10-10 18:18:21,584 - FFPackageManager - INFO - Version 'mo_11' active state changed to: False
2025-10-10 18:18:21,584 - FFPackageManager - INFO - Version 'mo_11' active state changed to: False
2025-10-10 18:18:21,584 - FFPackageManager - INFO - Version 'mo_11' active state changed to: False
2025-10-10 18:18:21,584 - FFPackageManager - INFO - Version 'mo_11' active state changed to: True
2025-10-10 18:18:21,585 - FFPackageManager - INFO - Version 'mo_11' active state changed to: True
2025-10-10 18:18:21,585 - FFPackageManager - INFO - Version 'mo_11' active state changed to: True
2025-10-10 18:18:21,585 - FFPackageManager - INFO - Version 'mo_04' active state changed to: False
2025-10-10 18:18:21,585 - FFPackageManager - INFO - Version 'mo_04' active state changed to: False
2025-10-10 18:18:21,585 - FFPackageManager - INFO - Version 'mo_04' active state changed to: False
2025-10-10 18:18:21,585 - FFPackageManager - INFO - Version 'mo_04' active state changed to: True
2025-10-10 18:18:21,585 - FFPackageManager - INFO - Version 'mo_04' active state changed to: True
2025-10-10 18:18:21,585 - FFPackageManager - INFO - Version 'mo_04' active state changed to: True
2025-10-10 18:18:21,585 - FFPackageManager - INFO - Version 'mo_03' active state changed to: False
2025-10-10 18:18:21,586 - FFPackageManager - INFO - Version 'mo_03' active state changed to: False
2025-10-10 18:18:21,586 - FFPackageManager - INFO - Version 'mo_03' active state changed to: False
2025-10-10 18:18:21,586 - FFPackageManager - INFO - Version 'mo_03' active state changed to: True
2025-10-10 18:18:21,586 - FFPackageManager - INFO - Version 'mo_03' active state changed to: True
2025-10-10 18:18:21,586 - FFPackageManager - INFO - Version 'mo_03' active state changed to: True
2025-10-10 18:18:21,586 - FFPackageManager - INFO - Version 'mo_02' active state changed to: False
2025-10-10 18:18:21,586 - FFPackageManager - INFO - Version 'mo_02' active state changed to: False
2025-10-10 18:18:21,586 - FFPackageManager - INFO - Version 'mo_02' active state changed to: False
2025-10-10 18:18:21,586 - FFPackageManager - INFO - Version 'mo_02' active state changed to: True
2025-10-10 18:18:21,586 - FFPackageManager - INFO - Version 'mo_02' active state changed to: True
2025-10-10 18:18:21,586 - FFPackageManager - INFO - Version 'mo_02' active state changed to: True
2025-10-10 18:18:21,587 - FFPackageManager - DEBUG - Version mo_11 has type: concept art
2025-10-10 18:18:21,587 - FFPackageManager - DEBUG - Version mo_04 has type: concept art
2025-10-10 18:18:21,587 - FFPackageManager - DEBUG - Version mo_03 has type: concept art
2025-10-10 18:18:21,587 - FFPackageManager - DEBUG - Version mo_02 has type: concept art
2025-10-10 18:18:21,587 - FFPackageManager - DEBUG - Version storyboard_scenes_86_92 has type: storyboard
2025-10-10 18:18:21,587 - FFPackageManager - DEBUG - Version RaidersoftheLostArk has type: script
2025-10-10 18:18:21,587 - FFPackageManager - INFO - Version 'storyboard_scenes_86_92' active state changed to: False
2025-10-10 18:18:21,587 - FFPackageManager - INFO - Version 'storyboard_scenes_86_92' active state changed to: False
2025-10-10 18:18:21,587 - FFPackageManager - INFO - Version 'storyboard_scenes_86_92' active state changed to: False
2025-10-10 18:18:21,587 - FFPackageManager - INFO - Version 'storyboard_scenes_86_92' active state changed to: True
2025-10-10 18:18:21,587 - FFPackageManager - INFO - Version 'storyboard_scenes_86_92' active state changed to: True
2025-10-10 18:18:21,587 - FFPackageManager - INFO - Version 'storyboard_scenes_86_92' active state changed to: True
2025-10-10 18:18:21,587 - FFPackageManager - INFO - Applying visibility preferences: {}
2025-10-10 18:18:21,588 - FFPackageManager - INFO - load_tree_data() completed with RFQ data
2025-10-10 18:18:21,588 - FFPackageManager - INFO - Auto-selected latest RFQ: Request for Ballpark
2025-10-10 18:18:21,588 - FFPackageManager - INFO - Auto-selected latest project at index 1
2025-10-10 18:18:21,711 - FFPackageManager - INFO - showEvent() - Window is being shown
2025-10-10 18:18:21,728 - FFPackageManager - INFO - set_category_visibility: 'VFX Breakdown' = True (type: <class 'bool'>)
2025-10-10 18:18:21,728 - FFPackageManager - INFO - Current index of 'VFX Breakdown': 0
2025-10-10 18:18:21,728 - FFPackageManager - INFO - Removed 'VFX Breakdown' from tree at index 0
2025-10-10 18:18:21,729 - FFPackageManager - INFO - Inserting 'VFX Breakdown' at calculated index 0
2025-10-10 18:18:21,729 - FFPackageManager - INFO - Successfully inserted 'VFX Breakdown' - new index: 0, isHidden: False
2025-10-10 18:18:21,729 - FFPackageManager - INFO - set_category_visibility: 'Script' = True (type: <class 'bool'>)
2025-10-10 18:18:21,729 - FFPackageManager - INFO - Current index of 'Script': 1
2025-10-10 18:18:21,729 - FFPackageManager - INFO - Removed 'Script' from tree at index 1
2025-10-10 18:18:21,729 - FFPackageManager - INFO -   Category 'VFX Breakdown' is visible at index 0, incrementing insert_index to 1
2025-10-10 18:18:21,729 - FFPackageManager - INFO - Inserting 'Script' at calculated index 1
2025-10-10 18:18:21,729 - FFPackageManager - INFO - Successfully inserted 'Script' - new index: 1, isHidden: False
2025-10-10 18:18:21,729 - FFPackageManager - INFO - set_category_visibility: 'Concept Art' = True (type: <class 'bool'>)
2025-10-10 18:18:21,729 - FFPackageManager - INFO - Current index of 'Concept Art': 2
2025-10-10 18:18:21,729 - FFPackageManager - INFO - Removed 'Concept Art' from tree at index 2
2025-10-10 18:18:21,730 - FFPackageManager - INFO -   Category 'VFX Breakdown' is visible at index 0, incrementing insert_index to 1
2025-10-10 18:18:21,730 - FFPackageManager - INFO -   Category 'Script' is visible at index 1, incrementing insert_index to 2
2025-10-10 18:18:21,730 - FFPackageManager - INFO - Inserting 'Concept Art' at calculated index 2
2025-10-10 18:18:21,730 - FFPackageManager - INFO - Successfully inserted 'Concept Art' - new index: 2, isHidden: False
2025-10-10 18:18:21,730 - FFPackageManager - INFO - set_category_visibility: 'Storyboard' = True (type: <class 'bool'>)
2025-10-10 18:18:21,730 - FFPackageManager - INFO - Current index of 'Storyboard': 3
2025-10-10 18:18:21,730 - FFPackageManager - INFO - Removed 'Storyboard' from tree at index 3
2025-10-10 18:18:21,730 - FFPackageManager - INFO -   Category 'VFX Breakdown' is visible at index 0, incrementing insert_index to 1
2025-10-10 18:18:21,730 - FFPackageManager - INFO -   Category 'Script' is visible at index 1, incrementing insert_index to 2
2025-10-10 18:18:21,730 - FFPackageManager - INFO -   Category 'Concept Art' is visible at index 2, incrementing insert_index to 3
2025-10-10 18:18:21,730 - FFPackageManager - INFO - Inserting 'Storyboard' at calculated index 3
2025-10-10 18:18:21,730 - FFPackageManager - INFO - Successfully inserted 'Storyboard' - new index: 3, isHidden: False
2025-10-21 10:29:09,357 - FFPackageManager - INFO - Checkbox 'Storyboard' toggled: state=0, checkbox.isChecked()=False
2025-10-21 10:29:09,357 - FFPackageManager - INFO - set_category_visibility: 'Storyboard' = False (type: <class 'bool'>)
2025-10-21 10:29:09,358 - FFPackageManager - INFO - Current index of 'Storyboard': 3
2025-10-21 10:29:09,359 - FFPackageManager - INFO - Removed 'Storyboard' from tree at index 3
2025-10-21 10:29:09,359 - FFPackageManager - INFO - 'Storyboard' removed and will stay hidden
2025-10-21 10:29:10,284 - FFPackageManager - INFO - Checkbox 'Storyboard' toggled: state=2, checkbox.isChecked()=True
2025-10-21 10:29:10,284 - FFPackageManager - INFO - set_category_visibility: 'Storyboard' = True (type: <class 'bool'>)
2025-10-21 10:29:10,285 - FFPackageManager - INFO - Current index of 'Storyboard': -1
2025-10-21 10:29:10,285 - FFPackageManager - INFO - 'Storyboard' was not in tree (index=-1)
2025-10-21 10:29:10,286 - FFPackageManager - INFO -   Category 'VFX Breakdown' is visible at index 0, incrementing insert_index to 1
2025-10-21 10:29:10,287 - FFPackageManager - INFO -   Category 'Script' is visible at index 1, incrementing insert_index to 2
2025-10-21 10:29:10,287 - FFPackageManager - INFO -   Category 'Concept Art' is visible at index 2, incrementing insert_index to 3
2025-10-21 10:29:10,287 - FFPackageManager - INFO - Inserting 'Storyboard' at calculated index 3
2025-10-21 10:29:10,288 - FFPackageManager - INFO - Successfully inserted 'Storyboard' - new index: 3, isHidden: False
2025-10-21 10:29:11,550 - FFPackageManager - INFO - Checkbox 'Concept Art' toggled: state=0, checkbox.isChecked()=False
2025-10-21 10:29:11,551 - FFPackageManager - INFO - set_category_visibility: 'Concept Art' = False (type: <class 'bool'>)
2025-10-21 10:29:11,552 - FFPackageManager - INFO - Current index of 'Concept Art': 2
2025-10-21 10:29:11,552 - FFPackageManager - INFO - Removed 'Concept Art' from tree at index 2
2025-10-21 10:29:11,552 - FFPackageManager - INFO - 'Concept Art' removed and will stay hidden
2025-10-21 10:29:12,269 - FFPackageManager - INFO - Checkbox 'Concept Art' toggled: state=2, checkbox.isChecked()=True
2025-10-21 10:29:12,269 - FFPackageManager - INFO - set_category_visibility: 'Concept Art' = True (type: <class 'bool'>)
2025-10-21 10:29:12,270 - FFPackageManager - INFO - Current index of 'Concept Art': -1
2025-10-21 10:29:12,270 - FFPackageManager - INFO - 'Concept Art' was not in tree (index=-1)
2025-10-21 10:29:12,271 - FFPackageManager - INFO -   Category 'VFX Breakdown' is visible at index 0, incrementing insert_index to 1
2025-10-21 10:29:12,271 - FFPackageManager - INFO -   Category 'Script' is visible at index 1, incrementing insert_index to 2
2025-10-21 10:29:12,271 - FFPackageManager - INFO - Inserting 'Concept Art' at calculated index 2
2025-10-21 10:29:12,272 - FFPackageManager - INFO - Successfully inserted 'Concept Art' - new index: 2, isHidden: False
2025-10-21 10:29:17,085 - FFPackageManager - INFO - Version 'mo_11' active state changed to: False
2025-10-21 10:29:17,085 - FFPackageManager - INFO - Version 'mo_11' active state changed to: False
2025-10-21 10:29:17,086 - FFPackageManager - INFO - Version 'mo_11' active state changed to: False
2025-10-21 10:29:18,065 - FFPackageManager - INFO - Version 'mo_11' active state changed to: True
2025-10-21 10:29:18,065 - FFPackageManager - INFO - Version 'mo_11' active state changed to: True
2025-10-21 10:29:18,066 - FFPackageManager - INFO - Version 'mo_11' active state changed to: True
2025-10-21 10:29:20,519 - FFPackageManager - INFO - Version 'mo_03' active state changed to: False
2025-10-21 10:29:20,520 - FFPackageManager - INFO - Version 'mo_03' active state changed to: False
2025-10-21 10:29:20,521 - FFPackageManager - INFO - Version 'mo_03' active state changed to: False
2025-10-21 10:29:24,970 - FFPackageManager - INFO - Checkbox 'Concept Art' toggled: state=0, checkbox.isChecked()=False
2025-10-21 10:29:24,970 - FFPackageManager - INFO - set_category_visibility: 'Concept Art' = False (type: <class 'bool'>)
2025-10-21 10:29:24,971 - FFPackageManager - INFO - Current index of 'Concept Art': 2
2025-10-21 10:29:24,972 - FFPackageManager - INFO - Removed 'Concept Art' from tree at index 2
2025-10-21 10:29:24,972 - FFPackageManager - INFO - 'Concept Art' removed and will stay hidden
2025-10-21 10:29:25,642 - FFPackageManager - INFO - Checkbox 'Concept Art' toggled: state=2, checkbox.isChecked()=True
2025-10-21 10:29:25,642 - FFPackageManager - INFO - set_category_visibility: 'Concept Art' = True (type: <class 'bool'>)
2025-10-21 10:29:25,643 - FFPackageManager - INFO - Current index of 'Concept Art': -1
2025-10-21 10:29:25,643 - FFPackageManager - INFO - 'Concept Art' was not in tree (index=-1)
2025-10-21 10:29:25,644 - FFPackageManager - INFO -   Category 'VFX Breakdown' is visible at index 0, incrementing insert_index to 1
2025-10-21 10:29:25,644 - FFPackageManager - INFO -   Category 'Script' is visible at index 1, incrementing insert_index to 2
2025-10-21 10:29:25,644 - FFPackageManager - INFO - Inserting 'Concept Art' at calculated index 2
2025-10-21 10:29:25,645 - FFPackageManager - INFO - Successfully inserted 'Concept Art' - new index: 2, isHidden: False
2025-10-21 10:29:28,687 - FFPackageManager - INFO - Version 'mo_03' active state changed to: True
2025-10-21 10:29:28,687 - FFPackageManager - INFO - Version 'mo_03' active state changed to: True
2025-10-21 10:29:28,688 - FFPackageManager - INFO - Version 'mo_03' active state changed to: True
2025-10-21 10:29:35,871 - FFPackageManager - INFO - Checkbox 'VFX Breakdown' toggled: state=0, checkbox.isChecked()=False
2025-10-21 10:29:35,871 - FFPackageManager - INFO - set_category_visibility: 'VFX Breakdown' = False (type: <class 'bool'>)
2025-10-21 10:29:35,872 - FFPackageManager - INFO - Current index of 'VFX Breakdown': 0
2025-10-21 10:29:35,872 - FFPackageManager - INFO - Removed 'VFX Breakdown' from tree at index 0
2025-10-21 10:29:35,872 - FFPackageManager - INFO - 'VFX Breakdown' removed and will stay hidden
2025-10-21 10:29:36,671 - FFPackageManager - INFO - Checkbox 'VFX Breakdown' toggled: state=2, checkbox.isChecked()=True
2025-10-21 10:29:36,671 - FFPackageManager - INFO - set_category_visibility: 'VFX Breakdown' = True (type: <class 'bool'>)
2025-10-21 10:29:36,672 - FFPackageManager - INFO - Current index of 'VFX Breakdown': -1
2025-10-21 10:29:36,672 - FFPackageManager - INFO - 'VFX Breakdown' was not in tree (index=-1)
2025-10-21 10:29:36,673 - FFPackageManager - INFO - Inserting 'VFX Breakdown' at calculated index 0
2025-10-21 10:29:36,673 - FFPackageManager - INFO - Successfully inserted 'VFX Breakdown' - new index: 0, isHidden: False
2025-10-21 10:30:58,180 - FFPackageManager - INFO - clear() called
2025-10-21 10:30:58,180 - FFPackageManager - INFO - clear() called
2025-10-21 10:30:58,181 - FFPackageManager - INFO - clear() called
2025-10-21 10:31:00,017 - FFPackageManager - INFO - SG project selected: None (ID: 389)
2025-10-21 10:31:00,017 - FFPackageManager - INFO - _load_rfqs() started for project 389
2025-10-21 10:31:00,021 - FFPackageManager - INFO - clear() called
2025-10-21 10:31:00,022 - FFPackageManager - INFO - clear() called
2025-10-21 10:31:00,544 - FFPackageManager - INFO - Loaded 1 RFQs for project 389
2025-10-21 10:31:00,544 - FFPackageManager - INFO - RFQ selected: Request for Ballpark (ID: 3)
2025-10-21 10:31:00,545 - FFPackageManager - INFO - set_rfq() called with RFQ: Request for Ballpark
2025-10-21 10:31:00,545 - FFPackageManager - INFO - load_tree_data() started
2025-10-21 10:31:01,150 - FFPackageManager - INFO - Found 6 versions linked to RFQ ID 3
2025-10-21 10:31:01,150 - FFPackageManager - INFO - VFX Breakdown field: [{'id': 1, 'name': 'Revised Third Draft - August 1979', 'type': 'CustomEntity01'}]
2025-10-21 10:31:01,152 - FFPackageManager - DEBUG - Version mo_11 has type: concept art
2025-10-21 10:31:01,152 - FFPackageManager - DEBUG - Version mo_04 has type: concept art
2025-10-21 10:31:01,153 - FFPackageManager - DEBUG - Version mo_03 has type: concept art
2025-10-21 10:31:01,153 - FFPackageManager - DEBUG - Version mo_02 has type: concept art
2025-10-21 10:31:01,153 - FFPackageManager - DEBUG - Version storyboard_scenes_86_92 has type: storyboard
2025-10-21 10:31:01,154 - FFPackageManager - DEBUG - Version RaidersoftheLostArk has type: script
2025-10-21 10:31:01,154 - FFPackageManager - INFO - Version 'RaidersoftheLostArk' active state changed to: False
2025-10-21 10:31:01,154 - FFPackageManager - INFO - Version 'RaidersoftheLostArk' active state changed to: False
2025-10-21 10:31:01,155 - FFPackageManager - INFO - Version 'RaidersoftheLostArk' active state changed to: False
2025-10-21 10:31:01,155 - FFPackageManager - INFO - Version 'RaidersoftheLostArk' active state changed to: True
2025-10-21 10:31:01,155 - FFPackageManager - INFO - Version 'RaidersoftheLostArk' active state changed to: True
2025-10-21 10:31:01,156 - FFPackageManager - INFO - Version 'RaidersoftheLostArk' active state changed to: True
2025-10-21 10:31:01,156 - FFPackageManager - DEBUG - Version mo_11 has type: concept art
2025-10-21 10:31:01,156 - FFPackageManager - DEBUG - Version mo_04 has type: concept art
2025-10-21 10:31:01,157 - FFPackageManager - DEBUG - Version mo_03 has type: concept art
2025-10-21 10:31:01,157 - FFPackageManager - DEBUG - Version mo_02 has type: concept art
2025-10-21 10:31:01,158 - FFPackageManager - DEBUG - Version storyboard_scenes_86_92 has type: storyboard
2025-10-21 10:31:01,158 - FFPackageManager - DEBUG - Version RaidersoftheLostArk has type: script
2025-10-21 10:31:01,158 - FFPackageManager - INFO - Version 'mo_11' active state changed to: False
2025-10-21 10:31:01,159 - FFPackageManager - INFO - Version 'mo_11' active state changed to: False
2025-10-21 10:31:01,159 - FFPackageManager - INFO - Version 'mo_11' active state changed to: False
2025-10-21 10:31:01,159 - FFPackageManager - INFO - Version 'mo_11' active state changed to: True
2025-10-21 10:31:01,160 - FFPackageManager - INFO - Version 'mo_11' active state changed to: True
2025-10-21 10:31:01,160 - FFPackageManager - INFO - Version 'mo_11' active state changed to: True
2025-10-21 10:31:01,160 - FFPackageManager - INFO - Version 'mo_04' active state changed to: False
2025-10-21 10:31:01,161 - FFPackageManager - INFO - Version 'mo_04' active state changed to: False
2025-10-21 10:31:01,161 - FFPackageManager - INFO - Version 'mo_04' active state changed to: False
2025-10-21 10:31:01,161 - FFPackageManager - INFO - Version 'mo_04' active state changed to: True
2025-10-21 10:31:01,162 - FFPackageManager - INFO - Version 'mo_04' active state changed to: True
2025-10-21 10:31:01,162 - FFPackageManager - INFO - Version 'mo_04' active state changed to: True
2025-10-21 10:31:01,162 - FFPackageManager - INFO - Version 'mo_03' active state changed to: False
2025-10-21 10:31:01,163 - FFPackageManager - INFO - Version 'mo_03' active state changed to: False
2025-10-21 10:31:01,163 - FFPackageManager - INFO - Version 'mo_03' active state changed to: False
2025-10-21 10:31:01,163 - FFPackageManager - INFO - Version 'mo_03' active state changed to: True
2025-10-21 10:31:01,164 - FFPackageManager - INFO - Version 'mo_03' active state changed to: True
2025-10-21 10:31:01,164 - FFPackageManager - INFO - Version 'mo_03' active state changed to: True
2025-10-21 10:31:01,164 - FFPackageManager - INFO - Version 'mo_02' active state changed to: False
2025-10-21 10:31:01,165 - FFPackageManager - INFO - Version 'mo_02' active state changed to: False
2025-10-21 10:31:01,165 - FFPackageManager - INFO - Version 'mo_02' active state changed to: False
2025-10-21 10:31:01,165 - FFPackageManager - INFO - Version 'mo_02' active state changed to: True
2025-10-21 10:31:01,166 - FFPackageManager - INFO - Version 'mo_02' active state changed to: True
2025-10-21 10:31:01,166 - FFPackageManager - INFO - Version 'mo_02' active state changed to: True
2025-10-21 10:31:01,166 - FFPackageManager - DEBUG - Version mo_11 has type: concept art
2025-10-21 10:31:01,167 - FFPackageManager - DEBUG - Version mo_04 has type: concept art
2025-10-21 10:31:01,167 - FFPackageManager - DEBUG - Version mo_03 has type: concept art
2025-10-21 10:31:01,167 - FFPackageManager - DEBUG - Version mo_02 has type: concept art
2025-10-21 10:31:01,168 - FFPackageManager - DEBUG - Version storyboard_scenes_86_92 has type: storyboard
2025-10-21 10:31:01,168 - FFPackageManager - DEBUG - Version RaidersoftheLostArk has type: script
2025-10-21 10:31:01,168 - FFPackageManager - INFO - Version 'storyboard_scenes_86_92' active state changed to: False
2025-10-21 10:31:01,169 - FFPackageManager - INFO - Version 'storyboard_scenes_86_92' active state changed to: False
2025-10-21 10:31:01,169 - FFPackageManager - INFO - Version 'storyboard_scenes_86_92' active state changed to: False
2025-10-21 10:31:01,169 - FFPackageManager - INFO - Version 'storyboard_scenes_86_92' active state changed to: True
2025-10-21 10:31:01,170 - FFPackageManager - INFO - Version 'storyboard_scenes_86_92' active state changed to: True
2025-10-21 10:31:01,170 - FFPackageManager - INFO - Version 'storyboard_scenes_86_92' active state changed to: True
2025-10-21 10:31:01,170 - FFPackageManager - INFO - Applying visibility preferences: {'VFX Breakdown': True, 'Script': True, 'Concept Art': True, 'Storyboard': True}
2025-10-21 10:31:01,171 - FFPackageManager - INFO - Applied pref: 'VFX Breakdown' = True
2025-10-21 10:31:01,171 - FFPackageManager - INFO - Applied pref: 'Script' = True
2025-10-21 10:31:01,171 - FFPackageManager - INFO - Applied pref: 'Concept Art' = True
2025-10-21 10:31:01,172 - FFPackageManager - INFO - Applied pref: 'Storyboard' = True
2025-10-21 10:31:01,172 - FFPackageManager - INFO - load_tree_data() completed with RFQ data
2025-10-21 10:31:01,172 - FFPackageManager - INFO - Auto-selected latest RFQ: Request for Ballpark
2025-10-21 10:31:01,174 - FFPackageManager - INFO - set_category_visibility: 'VFX Breakdown' = True (type: <class 'bool'>)
2025-10-21 10:31:01,175 - FFPackageManager - INFO - Current index of 'VFX Breakdown': 0
2025-10-21 10:31:01,176 - FFPackageManager - INFO - Removed 'VFX Breakdown' from tree at index 0
2025-10-21 10:31:01,176 - FFPackageManager - INFO - Inserting 'VFX Breakdown' at calculated index 0
2025-10-21 10:31:01,176 - FFPackageManager - INFO - Successfully inserted 'VFX Breakdown' - new index: 0, isHidden: False
2025-10-21 10:31:01,177 - FFPackageManager - INFO - set_category_visibility: 'Script' = True (type: <class 'bool'>)
2025-10-21 10:31:01,177 - FFPackageManager - INFO - Current index of 'Script': 1
2025-10-21 10:31:01,177 - FFPackageManager - INFO - Removed 'Script' from tree at index 1
2025-10-21 10:31:01,178 - FFPackageManager - INFO -   Category 'VFX Breakdown' is visible at index 0, incrementing insert_index to 1
2025-10-21 10:31:01,178 - FFPackageManager - INFO - Inserting 'Script' at calculated index 1
2025-10-21 10:31:01,178 - FFPackageManager - INFO - Successfully inserted 'Script' - new index: 1, isHidden: False
2025-10-21 10:31:01,179 - FFPackageManager - INFO - set_category_visibility: 'Concept Art' = True (type: <class 'bool'>)
2025-10-21 10:31:01,179 - FFPackageManager - INFO - Current index of 'Concept Art': 2
2025-10-21 10:31:01,179 - FFPackageManager - INFO - Removed 'Concept Art' from tree at index 2
2025-10-21 10:31:01,180 - FFPackageManager - INFO -   Category 'VFX Breakdown' is visible at index 0, incrementing insert_index to 1
2025-10-21 10:31:01,180 - FFPackageManager - INFO -   Category 'Script' is visible at index 1, incrementing insert_index to 2
2025-10-21 10:31:01,180 - FFPackageManager - INFO - Inserting 'Concept Art' at calculated index 2
2025-10-21 10:31:01,181 - FFPackageManager - INFO - Successfully inserted 'Concept Art' - new index: 2, isHidden: False
2025-10-21 10:31:01,181 - FFPackageManager - INFO - set_category_visibility: 'Storyboard' = True (type: <class 'bool'>)
2025-10-21 10:31:01,181 - FFPackageManager - INFO - Current index of 'Storyboard': 3
2025-10-21 10:31:01,182 - FFPackageManager - INFO - Removed 'Storyboard' from tree at index 3
2025-10-21 10:31:01,182 - FFPackageManager - INFO -   Category 'VFX Breakdown' is visible at index 0, incrementing insert_index to 1
2025-10-21 10:31:01,182 - FFPackageManager - INFO -   Category 'Script' is visible at index 1, incrementing insert_index to 2
2025-10-21 10:31:01,183 - FFPackageManager - INFO -   Category 'Concept Art' is visible at index 2, incrementing insert_index to 3
2025-10-21 10:31:01,183 - FFPackageManager - INFO - Inserting 'Storyboard' at calculated index 3
2025-10-21 10:31:01,183 - FFPackageManager - INFO - Successfully inserted 'Storyboard' - new index: 3, isHidden: False
2025-10-21 10:31:07,508 - FFPackageManager - INFO - Version 'mo_03' active state changed to: False
2025-10-21 10:31:07,508 - FFPackageManager - INFO - Version 'mo_03' active state changed to: False
2025-10-21 10:31:07,509 - FFPackageManager - INFO - Version 'mo_03' active state changed to: False
2025-10-21 10:31:08,298 - FFPackageManager - INFO - Version 'mo_03' active state changed to: True
2025-10-21 10:31:08,299 - FFPackageManager - INFO - Version 'mo_03' active state changed to: True
2025-10-21 10:31:08,300 - FFPackageManager - INFO - Version 'mo_03' active state changed to: True
2025-10-21 10:54:14,830 - FFPackageManager - INFO - closeEvent() - Window is being closed
