2025-10-21 11:21:03,520 - FFPackageManager - INFO - Standalone mode - logging to: C:\ayon_src\ff-bidding-app\logs\ff_package_manager_20251021_112103.log
2025-10-21 11:21:03,522 - FFPackageManager - INFO - Dark theme applied to application
2025-10-21 11:21:03,522 - FFPackageManager - INFO - Calling super().__init__()...
2025-10-21 11:21:03,523 - FFPackageManager - INFO - super().__init__() completed
2025-10-21 11:21:03,523 - FFPackageManager - INFO - Shotgrid Session: <shotgrid.ShotgridClient object at 0x000002C239C71FD0>
2025-10-21 11:21:03,555 - FFPackageManager - INFO - create_panel() started
2025-10-21 11:21:03,558 - FFPackageManager - INFO - create_panel() completed
2025-10-21 11:21:03,561 - FFPackageManager - INFO - _build_ui() completed successfully
2025-10-21 11:21:03,561 - FFPackageManager - INFO - Auto-loading latest project...
2025-10-21 11:21:03,562 - FFPackageManager - INFO - Attempting to auto-load latest project...
2025-10-21 11:21:04,193 - FFPackageManager - INFO - Latest project found: None (ID: 389)
2025-10-21 11:21:04,193 - FFPackageManager - INFO - _load_sg_projects() started
2025-10-21 11:21:04,196 - FFPackageManager - INFO - clear() called
2025-10-21 11:21:04,196 - FFPackageManager - INFO - clear() called
2025-10-21 11:21:04,384 - FFPackageManager - INFO - _load_sg_projects() completed - 1 projects
2025-10-21 11:21:04,384 - FFPackageManager - INFO - SG project selected: None (ID: 389)
2025-10-21 11:21:04,385 - FFPackageManager - INFO - _load_rfqs() started for project 389
2025-10-21 11:21:04,385 - FFPackageManager - INFO - clear() called
2025-10-21 11:21:04,386 - FFPackageManager - INFO - clear() called
2025-10-21 11:21:04,639 - FFPackageManager - INFO - Loaded 1 RFQs for project 389
2025-10-21 11:21:04,639 - FFPackageManager - INFO - RFQ selected: Request for Ballpark (ID: 3)
2025-10-21 11:21:04,640 - FFPackageManager - INFO - set_rfq() called with RFQ: Request for Ballpark
2025-10-21 11:21:04,640 - FFPackageManager - INFO - load_tree_data() started
2025-10-21 11:21:05,137 - FFPackageManager - INFO - Found 6 versions linked to RFQ ID 3
2025-10-21 11:21:05,137 - FFPackageManager - INFO - VFX Breakdown field: [{'id': 1, 'name': 'Revised Third Draft - August 1979', 'type': 'CustomEntity01'}]
2025-10-21 11:21:05,138 - FFPackageManager - DEBUG - Version mo_11 has type: concept art
2025-10-21 11:21:05,138 - FFPackageManager - DEBUG - Version mo_04 has type: concept art
2025-10-21 11:21:05,139 - FFPackageManager - DEBUG - Version mo_03 has type: concept art
2025-10-21 11:21:05,139 - FFPackageManager - DEBUG - Version mo_02 has type: concept art
2025-10-21 11:21:05,139 - FFPackageManager - DEBUG - Version storyboard_scenes_86_92 has type: storyboard
2025-10-21 11:21:05,140 - FFPackageManager - DEBUG - Version RaidersoftheLostArk has type: script
2025-10-21 11:21:05,140 - FFPackageManager - INFO - Version 'RaidersoftheLostArk' active state changed to: False
2025-10-21 11:21:05,140 - FFPackageManager - INFO - Version 'RaidersoftheLostArk' active state changed to: False
2025-10-21 11:21:05,141 - FFPackageManager - INFO - Version 'RaidersoftheLostArk' active state changed to: False
2025-10-21 11:21:05,141 - FFPackageManager - INFO - Version 'RaidersoftheLostArk' active state changed to: True
2025-10-21 11:21:05,141 - FFPackageManager - INFO - Version 'RaidersoftheLostArk' active state changed to: True
2025-10-21 11:21:05,142 - FFPackageManager - INFO - Version 'RaidersoftheLostArk' active state changed to: True
2025-10-21 11:21:05,142 - FFPackageManager - DEBUG - Version mo_11 has type: concept art
2025-10-21 11:21:05,142 - FFPackageManager - DEBUG - Version mo_04 has type: concept art
2025-10-21 11:21:05,143 - FFPackageManager - DEBUG - Version mo_03 has type: concept art
2025-10-21 11:21:05,143 - FFPackageManager - DEBUG - Version mo_02 has type: concept art
2025-10-21 11:21:05,143 - FFPackageManager - DEBUG - Version storyboard_scenes_86_92 has type: storyboard
2025-10-21 11:21:05,144 - FFPackageManager - DEBUG - Version RaidersoftheLostArk has type: script
2025-10-21 11:21:05,144 - FFPackageManager - INFO - Version 'mo_11' active state changed to: False
2025-10-21 11:21:05,145 - FFPackageManager - INFO - Version 'mo_11' active state changed to: False
2025-10-21 11:21:05,145 - FFPackageManager - INFO - Version 'mo_11' active state changed to: False
2025-10-21 11:21:05,146 - FFPackageManager - INFO - Version 'mo_11' active state changed to: True
2025-10-21 11:21:05,146 - FFPackageManager - INFO - Version 'mo_11' active state changed to: True
2025-10-21 11:21:05,146 - FFPackageManager - INFO - Version 'mo_11' active state changed to: True
2025-10-21 11:21:05,147 - FFPackageManager - INFO - Version 'mo_04' active state changed to: False
2025-10-21 11:21:05,147 - FFPackageManager - INFO - Version 'mo_04' active state changed to: False
2025-10-21 11:21:05,147 - FFPackageManager - INFO - Version 'mo_04' active state changed to: False
2025-10-21 11:21:05,148 - FFPackageManager - INFO - Version 'mo_04' active state changed to: True
2025-10-21 11:21:05,148 - FFPackageManager - INFO - Version 'mo_04' active state changed to: True
2025-10-21 11:21:05,148 - FFPackageManager - INFO - Version 'mo_04' active state changed to: True
2025-10-21 11:21:05,149 - FFPackageManager - INFO - Version 'mo_03' active state changed to: False
2025-10-21 11:21:05,149 - FFPackageManager - INFO - Version 'mo_03' active state changed to: False
2025-10-21 11:21:05,149 - FFPackageManager - INFO - Version 'mo_03' active state changed to: False
2025-10-21 11:21:05,150 - FFPackageManager - INFO - Version 'mo_03' active state changed to: True
2025-10-21 11:21:05,150 - FFPackageManager - INFO - Version 'mo_03' active state changed to: True
2025-10-21 11:21:05,150 - FFPackageManager - INFO - Version 'mo_03' active state changed to: True
2025-10-21 11:21:05,151 - FFPackageManager - INFO - Version 'mo_02' active state changed to: False
2025-10-21 11:21:05,151 - FFPackageManager - INFO - Version 'mo_02' active state changed to: False
2025-10-21 11:21:05,151 - FFPackageManager - INFO - Version 'mo_02' active state changed to: False
2025-10-21 11:21:05,152 - FFPackageManager - INFO - Version 'mo_02' active state changed to: True
2025-10-21 11:21:05,152 - FFPackageManager - INFO - Version 'mo_02' active state changed to: True
2025-10-21 11:21:05,152 - FFPackageManager - INFO - Version 'mo_02' active state changed to: True
2025-10-21 11:21:05,153 - FFPackageManager - DEBUG - Version mo_11 has type: concept art
2025-10-21 11:21:05,153 - FFPackageManager - DEBUG - Version mo_04 has type: concept art
2025-10-21 11:21:05,153 - FFPackageManager - DEBUG - Version mo_03 has type: concept art
2025-10-21 11:21:05,154 - FFPackageManager - DEBUG - Version mo_02 has type: concept art
2025-10-21 11:21:05,154 - FFPackageManager - DEBUG - Version storyboard_scenes_86_92 has type: storyboard
2025-10-21 11:21:05,154 - FFPackageManager - DEBUG - Version RaidersoftheLostArk has type: script
2025-10-21 11:21:05,155 - FFPackageManager - INFO - Version 'storyboard_scenes_86_92' active state changed to: False
2025-10-21 11:21:05,155 - FFPackageManager - INFO - Version 'storyboard_scenes_86_92' active state changed to: False
2025-10-21 11:21:05,155 - FFPackageManager - INFO - Version 'storyboard_scenes_86_92' active state changed to: False
2025-10-21 11:21:05,156 - FFPackageManager - INFO - Version 'storyboard_scenes_86_92' active state changed to: True
2025-10-21 11:21:05,156 - FFPackageManager - INFO - Version 'storyboard_scenes_86_92' active state changed to: True
2025-10-21 11:21:05,156 - FFPackageManager - INFO - Version 'storyboard_scenes_86_92' active state changed to: True
2025-10-21 11:21:05,157 - FFPackageManager - INFO - Applying visibility preferences: {}
2025-10-21 11:21:05,157 - FFPackageManager - INFO - load_tree_data() completed with RFQ data
2025-10-21 11:21:05,157 - FFPackageManager - INFO - Auto-selected latest RFQ: Request for Ballpark
2025-10-21 11:21:05,158 - FFPackageManager - INFO - Auto-selected latest project at index 1
2025-10-21 11:21:05,283 - FFPackageManager - INFO - showEvent() - Window is being shown
2025-10-21 11:21:05,306 - FFPackageManager - INFO - set_category_visibility: 'VFX Breakdown' = True (type: <class 'bool'>)
2025-10-21 11:21:05,307 - FFPackageManager - INFO - Current index of 'VFX Breakdown': 0
2025-10-21 11:21:05,307 - FFPackageManager - INFO - Removed 'VFX Breakdown' from tree at index 0
2025-10-21 11:21:05,316 - FFPackageManager - INFO - Inserting 'VFX Breakdown' at calculated index 0
2025-10-21 11:21:05,318 - FFPackageManager - INFO - Successfully inserted 'VFX Breakdown' - new index: 0, isHidden: False
2025-10-21 11:21:05,318 - FFPackageManager - INFO - set_category_visibility: 'Script' = True (type: <class 'bool'>)
2025-10-21 11:21:05,318 - FFPackageManager - INFO - Current index of 'Script': 1
2025-10-21 11:21:05,319 - FFPackageManager - INFO - Removed 'Script' from tree at index 1
2025-10-21 11:21:05,319 - FFPackageManager - INFO -   Category 'VFX Breakdown' is visible at index 0, incrementing insert_index to 1
2025-10-21 11:21:05,319 - FFPackageManager - INFO - Inserting 'Script' at calculated index 1
2025-10-21 11:21:05,320 - FFPackageManager - INFO - Successfully inserted 'Script' - new index: 1, isHidden: False
2025-10-21 11:21:05,320 - FFPackageManager - INFO - set_category_visibility: 'Concept Art' = True (type: <class 'bool'>)
2025-10-21 11:21:05,320 - FFPackageManager - INFO - Current index of 'Concept Art': 2
2025-10-21 11:21:05,321 - FFPackageManager - INFO - Removed 'Concept Art' from tree at index 2
2025-10-21 11:21:05,321 - FFPackageManager - INFO -   Category 'VFX Breakdown' is visible at index 0, incrementing insert_index to 1
2025-10-21 11:21:05,321 - FFPackageManager - INFO -   Category 'Script' is visible at index 1, incrementing insert_index to 2
2025-10-21 11:21:05,322 - FFPackageManager - INFO - Inserting 'Concept Art' at calculated index 2
2025-10-21 11:21:05,323 - FFPackageManager - INFO - Successfully inserted 'Concept Art' - new index: 2, isHidden: False
2025-10-21 11:21:05,323 - FFPackageManager - INFO - set_category_visibility: 'Storyboard' = True (type: <class 'bool'>)
2025-10-21 11:21:05,323 - FFPackageManager - INFO - Current index of 'Storyboard': 3
2025-10-21 11:21:05,324 - FFPackageManager - INFO - Removed 'Storyboard' from tree at index 3
2025-10-21 11:21:05,324 - FFPackageManager - INFO -   Category 'VFX Breakdown' is visible at index 0, incrementing insert_index to 1
2025-10-21 11:21:05,324 - FFPackageManager - INFO -   Category 'Script' is visible at index 1, incrementing insert_index to 2
2025-10-21 11:21:05,325 - FFPackageManager - INFO -   Category 'Concept Art' is visible at index 2, incrementing insert_index to 3
2025-10-21 11:21:05,325 - FFPackageManager - INFO - Inserting 'Storyboard' at calculated index 3
2025-10-21 11:21:05,325 - FFPackageManager - INFO - Successfully inserted 'Storyboard' - new index: 3, isHidden: False
2025-10-21 11:21:06,977 - FFPackageManager - INFO - _load_sg_projects() started
2025-10-21 11:21:06,977 - FFPackageManager - INFO - clear() called
2025-10-21 11:21:06,978 - FFPackageManager - INFO - clear() called
2025-10-21 11:21:06,978 - FFPackageManager - INFO - clear() called
2025-10-21 11:21:06,979 - FFPackageManager - INFO - clear() called
2025-10-21 11:21:06,979 - FFPackageManager - INFO - clear() called
2025-10-21 11:21:06,979 - FFPackageManager - INFO - clear() called
2025-10-21 11:21:07,181 - FFPackageManager - INFO - _load_sg_projects() completed - 1 projects
2025-10-21 11:21:10,662 - FFPackageManager - INFO - SG project selected: None (ID: 389)
2025-10-21 11:21:10,662 - FFPackageManager - INFO - _load_rfqs() started for project 389
2025-10-21 11:21:10,663 - FFPackageManager - INFO - clear() called
2025-10-21 11:21:10,664 - FFPackageManager - INFO - clear() called
2025-10-21 11:21:10,874 - FFPackageManager - INFO - Loaded 1 RFQs for project 389
2025-10-21 11:21:10,875 - FFPackageManager - INFO - RFQ selected: Request for Ballpark (ID: 3)
2025-10-21 11:21:10,876 - FFPackageManager - INFO - set_rfq() called with RFQ: Request for Ballpark
2025-10-21 11:21:10,876 - FFPackageManager - INFO - load_tree_data() started
2025-10-21 11:21:11,273 - FFPackageManager - INFO - Found 6 versions linked to RFQ ID 3
2025-10-21 11:21:11,273 - FFPackageManager - INFO - VFX Breakdown field: [{'id': 1, 'name': 'Revised Third Draft - August 1979', 'type': 'CustomEntity01'}]
2025-10-21 11:21:11,274 - FFPackageManager - DEBUG - Version mo_11 has type: concept art
2025-10-21 11:21:11,274 - FFPackageManager - DEBUG - Version mo_04 has type: concept art
2025-10-21 11:21:11,275 - FFPackageManager - DEBUG - Version mo_03 has type: concept art
2025-10-21 11:21:11,275 - FFPackageManager - DEBUG - Version mo_02 has type: concept art
2025-10-21 11:21:11,275 - FFPackageManager - DEBUG - Version storyboard_scenes_86_92 has type: storyboard
2025-10-21 11:21:11,276 - FFPackageManager - DEBUG - Version RaidersoftheLostArk has type: script
2025-10-21 11:21:11,276 - FFPackageManager - INFO - Version 'RaidersoftheLostArk' active state changed to: False
2025-10-21 11:21:11,276 - FFPackageManager - INFO - Version 'RaidersoftheLostArk' active state changed to: False
2025-10-21 11:21:11,277 - FFPackageManager - INFO - Version 'RaidersoftheLostArk' active state changed to: False
2025-10-21 11:21:11,277 - FFPackageManager - INFO - Version 'RaidersoftheLostArk' active state changed to: True
2025-10-21 11:21:11,277 - FFPackageManager - INFO - Version 'RaidersoftheLostArk' active state changed to: True
2025-10-21 11:21:11,278 - FFPackageManager - INFO - Version 'RaidersoftheLostArk' active state changed to: True
2025-10-21 11:21:11,278 - FFPackageManager - DEBUG - Version mo_11 has type: concept art
2025-10-21 11:21:11,278 - FFPackageManager - DEBUG - Version mo_04 has type: concept art
2025-10-21 11:21:11,279 - FFPackageManager - DEBUG - Version mo_03 has type: concept art
2025-10-21 11:21:11,279 - FFPackageManager - DEBUG - Version mo_02 has type: concept art
2025-10-21 11:21:11,279 - FFPackageManager - DEBUG - Version storyboard_scenes_86_92 has type: storyboard
2025-10-21 11:21:11,280 - FFPackageManager - DEBUG - Version RaidersoftheLostArk has type: script
2025-10-21 11:21:11,280 - FFPackageManager - INFO - Version 'mo_11' active state changed to: False
2025-10-21 11:21:11,280 - FFPackageManager - INFO - Version 'mo_11' active state changed to: False
2025-10-21 11:21:11,281 - FFPackageManager - INFO - Version 'mo_11' active state changed to: False
2025-10-21 11:21:11,281 - FFPackageManager - INFO - Version 'mo_11' active state changed to: True
2025-10-21 11:21:11,281 - FFPackageManager - INFO - Version 'mo_11' active state changed to: True
2025-10-21 11:21:11,282 - FFPackageManager - INFO - Version 'mo_11' active state changed to: True
2025-10-21 11:21:11,282 - FFPackageManager - INFO - Version 'mo_04' active state changed to: False
2025-10-21 11:21:11,282 - FFPackageManager - INFO - Version 'mo_04' active state changed to: False
2025-10-21 11:21:11,283 - FFPackageManager - INFO - Version 'mo_04' active state changed to: False
2025-10-21 11:21:11,283 - FFPackageManager - INFO - Version 'mo_04' active state changed to: True
2025-10-21 11:21:11,283 - FFPackageManager - INFO - Version 'mo_04' active state changed to: True
2025-10-21 11:21:11,284 - FFPackageManager - INFO - Version 'mo_04' active state changed to: True
2025-10-21 11:21:11,284 - FFPackageManager - INFO - Version 'mo_03' active state changed to: False
2025-10-21 11:21:11,284 - FFPackageManager - INFO - Version 'mo_03' active state changed to: False
2025-10-21 11:21:11,285 - FFPackageManager - INFO - Version 'mo_03' active state changed to: False
2025-10-21 11:21:11,285 - FFPackageManager - INFO - Version 'mo_03' active state changed to: True
2025-10-21 11:21:11,285 - FFPackageManager - INFO - Version 'mo_03' active state changed to: True
2025-10-21 11:21:11,285 - FFPackageManager - INFO - Version 'mo_03' active state changed to: True
2025-10-21 11:21:11,286 - FFPackageManager - INFO - Version 'mo_02' active state changed to: False
2025-10-21 11:21:11,286 - FFPackageManager - INFO - Version 'mo_02' active state changed to: False
2025-10-21 11:21:11,286 - FFPackageManager - INFO - Version 'mo_02' active state changed to: False
2025-10-21 11:21:11,287 - FFPackageManager - INFO - Version 'mo_02' active state changed to: True
2025-10-21 11:21:11,287 - FFPackageManager - INFO - Version 'mo_02' active state changed to: True
2025-10-21 11:21:11,287 - FFPackageManager - INFO - Version 'mo_02' active state changed to: True
2025-10-21 11:21:11,288 - FFPackageManager - DEBUG - Version mo_11 has type: concept art
2025-10-21 11:21:11,288 - FFPackageManager - DEBUG - Version mo_04 has type: concept art
2025-10-21 11:21:11,288 - FFPackageManager - DEBUG - Version mo_03 has type: concept art
2025-10-21 11:21:11,289 - FFPackageManager - DEBUG - Version mo_02 has type: concept art
2025-10-21 11:21:11,289 - FFPackageManager - DEBUG - Version storyboard_scenes_86_92 has type: storyboard
2025-10-21 11:21:11,289 - FFPackageManager - DEBUG - Version RaidersoftheLostArk has type: script
2025-10-21 11:21:11,290 - FFPackageManager - INFO - Version 'storyboard_scenes_86_92' active state changed to: False
2025-10-21 11:21:11,290 - FFPackageManager - INFO - Version 'storyboard_scenes_86_92' active state changed to: False
2025-10-21 11:21:11,290 - FFPackageManager - INFO - Version 'storyboard_scenes_86_92' active state changed to: False
2025-10-21 11:21:11,291 - FFPackageManager - INFO - Version 'storyboard_scenes_86_92' active state changed to: True
2025-10-21 11:21:11,291 - FFPackageManager - INFO - Version 'storyboard_scenes_86_92' active state changed to: True
2025-10-21 11:21:11,291 - FFPackageManager - INFO - Version 'storyboard_scenes_86_92' active state changed to: True
2025-10-21 11:21:11,292 - FFPackageManager - INFO - Applying visibility preferences: {'VFX Breakdown': True, 'Script': True, 'Concept Art': True, 'Storyboard': True}
2025-10-21 11:21:11,292 - FFPackageManager - INFO - Applied pref: 'VFX Breakdown' = True
2025-10-21 11:21:11,292 - FFPackageManager - INFO - Applied pref: 'Script' = True
2025-10-21 11:21:11,293 - FFPackageManager - INFO - Applied pref: 'Concept Art' = True
2025-10-21 11:21:11,293 - FFPackageManager - INFO - Applied pref: 'Storyboard' = True
2025-10-21 11:21:11,293 - FFPackageManager - INFO - load_tree_data() completed with RFQ data
2025-10-21 11:21:11,294 - FFPackageManager - INFO - Auto-selected latest RFQ: Request for Ballpark
2025-10-21 11:21:11,296 - FFPackageManager - INFO - set_category_visibility: 'VFX Breakdown' = True (type: <class 'bool'>)
2025-10-21 11:21:11,296 - FFPackageManager - INFO - Current index of 'VFX Breakdown': 0
2025-10-21 11:21:11,297 - FFPackageManager - INFO - Removed 'VFX Breakdown' from tree at index 0
2025-10-21 11:21:11,297 - FFPackageManager - INFO - Inserting 'VFX Breakdown' at calculated index 0
2025-10-21 11:21:11,297 - FFPackageManager - INFO - Successfully inserted 'VFX Breakdown' - new index: 0, isHidden: False
2025-10-21 11:21:11,299 - FFPackageManager - INFO - set_category_visibility: 'Script' = True (type: <class 'bool'>)
2025-10-21 11:21:11,299 - FFPackageManager - INFO - Current index of 'Script': 1
2025-10-21 11:21:11,299 - FFPackageManager - INFO - Removed 'Script' from tree at index 1
2025-10-21 11:21:11,300 - FFPackageManager - INFO -   Category 'VFX Breakdown' is visible at index 0, incrementing insert_index to 1
2025-10-21 11:21:11,300 - FFPackageManager - INFO - Inserting 'Script' at calculated index 1
2025-10-21 11:21:11,300 - FFPackageManager - INFO - Successfully inserted 'Script' - new index: 1, isHidden: False
2025-10-21 11:21:11,301 - FFPackageManager - INFO - set_category_visibility: 'Concept Art' = True (type: <class 'bool'>)
2025-10-21 11:21:11,301 - FFPackageManager - INFO - Current index of 'Concept Art': 2
2025-10-21 11:21:11,301 - FFPackageManager - INFO - Removed 'Concept Art' from tree at index 2
2025-10-21 11:21:11,302 - FFPackageManager - INFO -   Category 'VFX Breakdown' is visible at index 0, incrementing insert_index to 1
2025-10-21 11:21:11,302 - FFPackageManager - INFO -   Category 'Script' is visible at index 1, incrementing insert_index to 2
2025-10-21 11:21:11,302 - FFPackageManager - INFO - Inserting 'Concept Art' at calculated index 2
2025-10-21 11:21:11,303 - FFPackageManager - INFO - Successfully inserted 'Concept Art' - new index: 2, isHidden: False
2025-10-21 11:21:11,303 - FFPackageManager - INFO - set_category_visibility: 'Storyboard' = True (type: <class 'bool'>)
2025-10-21 11:21:11,303 - FFPackageManager - INFO - Current index of 'Storyboard': 3
2025-10-21 11:21:11,304 - FFPackageManager - INFO - Removed 'Storyboard' from tree at index 3
2025-10-21 11:21:11,304 - FFPackageManager - INFO -   Category 'VFX Breakdown' is visible at index 0, incrementing insert_index to 1
2025-10-21 11:21:11,304 - FFPackageManager - INFO -   Category 'Script' is visible at index 1, incrementing insert_index to 2
2025-10-21 11:21:11,305 - FFPackageManager - INFO -   Category 'Concept Art' is visible at index 2, incrementing insert_index to 3
2025-10-21 11:21:11,305 - FFPackageManager - INFO - Inserting 'Storyboard' at calculated index 3
2025-10-21 11:21:11,305 - FFPackageManager - INFO - Successfully inserted 'Storyboard' - new index: 3, isHidden: False
2025-10-21 11:24:17,066 - FFPackageManager - INFO - closeEvent() - Window is being closed
