2025-10-09 11:03:15,465 - FFPackageManager - INFO - Standalone mode - logging to: C:\ayon_src\ff_package_manager\logs\ff_package_manager_20251009_110315.log
2025-10-09 11:03:15,468 - FFPackageManager - INFO - Calling super().__init__()...
2025-10-09 11:03:15,468 - FFPackageManager - INFO - super().__init__() completed
2025-10-09 11:03:15,468 - FFPackageManager - INFO - Shotgrid Session: <shotgrid.ShotgridClient object at 0x00000187BC48FD10>
2025-10-09 11:03:15,481 - FFPackageManager - INFO - _create_content_panel() started
2025-10-09 11:03:15,486 - FFPackageManager - INFO - _create_content_panel() completed
2025-10-09 11:03:15,488 - FFPackageManager - ERROR - Error in _build_ui: name 'logger' is not defined
Traceback (most recent call last):
  File "C:\ayon_src\ff_package_manager\client\ff_package_manager\app.py", line 98, in _build_ui
    self.package_data_tree = PackageTreeView()
                             ^^^^^^^^^^^^^^^^^
  File "C:\ayon_src\ff_package_manager\client\ff_package_manager\package_data_treeview.py", line 15, in __init__
    self._setup_ui()
  File "C:\ayon_src\ff_package_manager\client\ff_package_manager\package_data_treeview.py", line 27, in _setup_ui
    panel = self.create_panel()
            ^^^^^^^^^^^^^^^^^^^
  File "C:\ayon_src\ff_package_manager\client\ff_package_manager\package_data_treeview.py", line 32, in create_panel
    logger.info("create_panel() started")
    ^^^^^^
NameError: name 'logger' is not defined
2025-10-09 11:03:15,489 - FFPackageManager - ERROR - ============================================================
2025-10-09 11:03:15,489 - FFPackageManager - ERROR - CRITICAL ERROR in __init__: name 'logger' is not defined
Traceback (most recent call last):
  File "C:\ayon_src\ff_package_manager\client\ff_package_manager\app.py", line 65, in __init__
    self._build_ui()
  File "C:\ayon_src\ff_package_manager\client\ff_package_manager\app.py", line 98, in _build_ui
    self.package_data_tree = PackageTreeView()
                             ^^^^^^^^^^^^^^^^^
  File "C:\ayon_src\ff_package_manager\client\ff_package_manager\package_data_treeview.py", line 15, in __init__
    self._setup_ui()
  File "C:\ayon_src\ff_package_manager\client\ff_package_manager\package_data_treeview.py", line 27, in _setup_ui
    panel = self.create_panel()
            ^^^^^^^^^^^^^^^^^^^
  File "C:\ayon_src\ff_package_manager\client\ff_package_manager\package_data_treeview.py", line 32, in create_panel
    logger.info("create_panel() started")
    ^^^^^^
NameError: name 'logger' is not defined
2025-10-09 11:03:15,490 - FFPackageManager - ERROR - ============================================================
