2025-10-09 15:22:35,346 - FFPackageManager - INFO - Standalone mode - logging to: C:\ayon_src\ff_package_manager\logs\ff_package_manager_20251009_152235.log
2025-10-09 15:22:35,349 - FFPackageManager - INFO - Calling super().__init__()...
2025-10-09 15:22:35,349 - FFPackageManager - INFO - super().__init__() completed
2025-10-09 15:22:35,350 - FFPackageManager - INFO - Shotgrid Session: <shotgrid.ShotgridClient object at 0x000001CE78AC0550>
2025-10-09 15:22:35,363 - FFPackageManager - INFO - _create_content_panel() started
2025-10-09 15:22:35,368 - FFPackageManager - INFO - _create_content_panel() completed
2025-10-09 15:22:35,370 - FFPackageManager - INFO - create_panel() started
2025-10-09 15:22:35,371 - FFPackageManager - INFO - create_panel() completed
2025-10-09 15:22:35,372 - FFPackageManager - INFO - Building bottom panel...
2025-10-09 15:22:35,373 - FFPackageManager - INFO - _build_ui() completed successfully
2025-10-09 15:22:35,502 - FFPackageManager - INFO - showEvent() - Window is being shown
2025-10-09 15:22:37,192 - FFPackageManager - INFO - _load_sg_projects() started
2025-10-09 15:22:37,193 - FFPackageManager - INFO - clear() called
2025-10-09 15:22:37,194 - FFPackageManager - INFO - clear() called
2025-10-09 15:22:37,832 - FFPackageManager - INFO - _load_sg_projects() completed - 1 projects
2025-10-09 15:22:39,112 - FFPackageManager - INFO - SG project selected: None (ID: 389)
2025-10-09 15:22:39,113 - FFPackageManager - INFO - _load_rfqs() started for project 389
2025-10-09 15:22:39,115 - FFPackageManager - INFO - clear() called
2025-10-09 15:22:39,115 - FFPackageManager - INFO - clear() called
2025-10-09 15:22:39,388 - FFPackageManager - INFO - Loaded 1 RFQs for project 389
2025-10-09 15:22:41,267 - FFPackageManager - INFO - RFQ selected: Request for Ballpark (ID: 3)
2025-10-09 15:22:41,267 - FFPackageManager - INFO - set_rfq() called with RFQ: Request for Ballpark
2025-10-09 15:22:41,269 - FFPackageManager - INFO - load_tree_data() started
2025-10-09 15:22:41,639 - FFPackageManager - INFO - Found 6 versions linked to RFQ ID 3
2025-10-09 15:22:41,639 - FFPackageManager - INFO - RFQ data: {'code': 'Request for Ballpark', 'id': 3, 'sg_status_list': 'wtg', 'sg_vfx_breakdown': [{'id': 1, 'name': 'Revised Third Draft - August 1979', 'type': 'CustomEntity01'}], 'type': 'CustomEntity04'}
2025-10-09 15:22:41,641 - FFPackageManager - INFO - VFX Breakdown field: No VFX Breakdown Available
2025-10-09 15:22:41,642 - FFPackageManager - INFO - Adding VFX Breakdown to tree
2025-10-09 15:22:41,643 - FFPackageManager - INFO - [{'id': 1, 'name': 'Revised Third Draft - August 1979', 'type': 'CustomEntity01'}]
2025-10-09 15:22:41,643 - FFPackageManager - INFO - load_tree_data() completed with RFQ data
2025-10-09 15:31:16,621 - FFPackageManager - INFO - closeEvent() - Window is being closed
