2025-10-10 17:42:20,053 - FFPackageManager - INFO - Standalone mode - logging to: C:\ayon_src\ff_package_manager\logs\ff_package_manager_20251010_174220.log
2025-10-10 17:42:20,054 - FFPackageManager - INFO - Dark theme applied to application
2025-10-10 17:42:20,054 - FFPackageManager - INFO - Calling super().__init__()...
2025-10-10 17:42:20,055 - FFPackageManager - INFO - super().__init__() completed
2025-10-10 17:42:20,055 - FFPackageManager - INFO - Shotgrid Session: <shotgrid.ShotgridClient object at 0x0000024AFA46BA50>
2025-10-10 17:42:20,110 - FFPackageManager - INFO - create_panel() started
2025-10-10 17:42:20,113 - FFPackageManager - INFO - create_panel() completed
2025-10-10 17:42:20,116 - FFPackageManager - INFO - _build_ui() completed successfully
2025-10-10 17:42:20,116 - FFPackageManager - INFO - Auto-loading latest project...
2025-10-10 17:42:20,116 - FFPackageManager - INFO - Attempting to auto-load latest project...
2025-10-10 17:42:20,675 - FFPackageManager - INFO - Latest project found: None (ID: 389)
2025-10-10 17:42:20,675 - FFPackageManager - INFO - _load_sg_projects() started
2025-10-10 17:42:20,676 - FFPackageManager - INFO - clear() called
2025-10-10 17:42:20,676 - FFPackageManager - INFO - clear() called
2025-10-10 17:42:20,841 - FFPackageManager - INFO - _load_sg_projects() completed - 1 projects
2025-10-10 17:42:20,841 - FFPackageManager - INFO - SG project selected: None (ID: 389)
2025-10-10 17:42:20,841 - FFPackageManager - INFO - _load_rfqs() started for project 389
2025-10-10 17:42:20,841 - FFPackageManager - INFO - clear() called
2025-10-10 17:42:20,842 - FFPackageManager - INFO - clear() called
2025-10-10 17:42:21,020 - FFPackageManager - INFO - Loaded 1 RFQs for project 389
2025-10-10 17:42:21,020 - FFPackageManager - INFO - RFQ selected: Request for Ballpark (ID: 3)
2025-10-10 17:42:21,021 - FFPackageManager - INFO - set_rfq() called with RFQ: Request for Ballpark
2025-10-10 17:42:21,021 - FFPackageManager - INFO - load_tree_data() started
2025-10-10 17:42:21,499 - FFPackageManager - INFO - Found 6 versions linked to RFQ ID 3
2025-10-10 17:42:21,499 - FFPackageManager - INFO - VFX Breakdown field: [{'id': 1, 'name': 'Revised Third Draft - August 1979', 'type': 'CustomEntity01'}]
2025-10-10 17:42:21,500 - FFPackageManager - DEBUG - Version mo_11 has type: concept art
2025-10-10 17:42:21,500 - FFPackageManager - DEBUG - Version mo_04 has type: concept art
2025-10-10 17:42:21,500 - FFPackageManager - DEBUG - Version mo_03 has type: concept art
2025-10-10 17:42:21,500 - FFPackageManager - DEBUG - Version mo_02 has type: concept art
2025-10-10 17:42:21,500 - FFPackageManager - DEBUG - Version storyboard_scenes_86_92 has type: storyboard
2025-10-10 17:42:21,500 - FFPackageManager - DEBUG - Version RaidersoftheLostArk has type: script
2025-10-10 17:42:21,500 - FFPackageManager - INFO - Version 'RaidersoftheLostArk' active state changed to: False
2025-10-10 17:42:21,500 - FFPackageManager - INFO - Version 'RaidersoftheLostArk' active state changed to: False
2025-10-10 17:42:21,500 - FFPackageManager - INFO - Version 'RaidersoftheLostArk' active state changed to: False
2025-10-10 17:42:21,501 - FFPackageManager - INFO - Version 'RaidersoftheLostArk' active state changed to: True
2025-10-10 17:42:21,501 - FFPackageManager - INFO - Version 'RaidersoftheLostArk' active state changed to: True
2025-10-10 17:42:21,501 - FFPackageManager - INFO - Version 'RaidersoftheLostArk' active state changed to: True
2025-10-10 17:42:21,501 - FFPackageManager - DEBUG - Version mo_11 has type: concept art
2025-10-10 17:42:21,501 - FFPackageManager - DEBUG - Version mo_04 has type: concept art
2025-10-10 17:42:21,501 - FFPackageManager - DEBUG - Version mo_03 has type: concept art
2025-10-10 17:42:21,501 - FFPackageManager - DEBUG - Version mo_02 has type: concept art
2025-10-10 17:42:21,501 - FFPackageManager - DEBUG - Version storyboard_scenes_86_92 has type: storyboard
2025-10-10 17:42:21,501 - FFPackageManager - DEBUG - Version RaidersoftheLostArk has type: script
2025-10-10 17:42:21,501 - FFPackageManager - INFO - Version 'mo_11' active state changed to: False
2025-10-10 17:42:21,501 - FFPackageManager - INFO - Version 'mo_11' active state changed to: False
2025-10-10 17:42:21,501 - FFPackageManager - INFO - Version 'mo_11' active state changed to: False
2025-10-10 17:42:21,502 - FFPackageManager - INFO - Version 'mo_11' active state changed to: True
2025-10-10 17:42:21,502 - FFPackageManager - INFO - Version 'mo_11' active state changed to: True
2025-10-10 17:42:21,502 - FFPackageManager - INFO - Version 'mo_11' active state changed to: True
2025-10-10 17:42:21,502 - FFPackageManager - INFO - Version 'mo_04' active state changed to: False
2025-10-10 17:42:21,502 - FFPackageManager - INFO - Version 'mo_04' active state changed to: False
2025-10-10 17:42:21,502 - FFPackageManager - INFO - Version 'mo_04' active state changed to: False
2025-10-10 17:42:21,502 - FFPackageManager - INFO - Version 'mo_04' active state changed to: True
2025-10-10 17:42:21,502 - FFPackageManager - INFO - Version 'mo_04' active state changed to: True
2025-10-10 17:42:21,502 - FFPackageManager - INFO - Version 'mo_04' active state changed to: True
2025-10-10 17:42:21,502 - FFPackageManager - INFO - Version 'mo_03' active state changed to: False
2025-10-10 17:42:21,503 - FFPackageManager - INFO - Version 'mo_03' active state changed to: False
2025-10-10 17:42:21,503 - FFPackageManager - INFO - Version 'mo_03' active state changed to: False
2025-10-10 17:42:21,503 - FFPackageManager - INFO - Version 'mo_03' active state changed to: True
2025-10-10 17:42:21,503 - FFPackageManager - INFO - Version 'mo_03' active state changed to: True
2025-10-10 17:42:21,503 - FFPackageManager - INFO - Version 'mo_03' active state changed to: True
2025-10-10 17:42:21,503 - FFPackageManager - INFO - Version 'mo_02' active state changed to: False
2025-10-10 17:42:21,503 - FFPackageManager - INFO - Version 'mo_02' active state changed to: False
2025-10-10 17:42:21,503 - FFPackageManager - INFO - Version 'mo_02' active state changed to: False
2025-10-10 17:42:21,503 - FFPackageManager - INFO - Version 'mo_02' active state changed to: True
2025-10-10 17:42:21,503 - FFPackageManager - INFO - Version 'mo_02' active state changed to: True
2025-10-10 17:42:21,503 - FFPackageManager - INFO - Version 'mo_02' active state changed to: True
2025-10-10 17:42:21,504 - FFPackageManager - DEBUG - Version mo_11 has type: concept art
2025-10-10 17:42:21,504 - FFPackageManager - DEBUG - Version mo_04 has type: concept art
2025-10-10 17:42:21,504 - FFPackageManager - DEBUG - Version mo_03 has type: concept art
2025-10-10 17:42:21,504 - FFPackageManager - DEBUG - Version mo_02 has type: concept art
2025-10-10 17:42:21,504 - FFPackageManager - DEBUG - Version storyboard_scenes_86_92 has type: storyboard
2025-10-10 17:42:21,504 - FFPackageManager - DEBUG - Version RaidersoftheLostArk has type: script
2025-10-10 17:42:21,504 - FFPackageManager - INFO - Version 'storyboard_scenes_86_92' active state changed to: False
2025-10-10 17:42:21,504 - FFPackageManager - INFO - Version 'storyboard_scenes_86_92' active state changed to: False
2025-10-10 17:42:21,504 - FFPackageManager - INFO - Version 'storyboard_scenes_86_92' active state changed to: False
2025-10-10 17:42:21,504 - FFPackageManager - INFO - Version 'storyboard_scenes_86_92' active state changed to: True
2025-10-10 17:42:21,504 - FFPackageManager - INFO - Version 'storyboard_scenes_86_92' active state changed to: True
2025-10-10 17:42:21,504 - FFPackageManager - INFO - Version 'storyboard_scenes_86_92' active state changed to: True
2025-10-10 17:42:21,504 - FFPackageManager - INFO - Applying visibility preferences: {}
2025-10-10 17:42:21,504 - FFPackageManager - INFO - load_tree_data() completed with RFQ data
2025-10-10 17:42:21,505 - FFPackageManager - INFO - Auto-selected latest RFQ: Request for Ballpark
2025-10-10 17:42:21,505 - FFPackageManager - INFO - Auto-selected latest project at index 1
2025-10-10 17:42:21,631 - FFPackageManager - INFO - showEvent() - Window is being shown
2025-10-10 17:42:21,649 - FFPackageManager - INFO - set_category_visibility: 'VFX Breakdown' = True (type: <class 'bool'>)
2025-10-10 17:42:21,649 - FFPackageManager - INFO - Current index of 'VFX Breakdown': 0
2025-10-10 17:42:21,649 - FFPackageManager - INFO - Removed 'VFX Breakdown' from tree at index 0
2025-10-10 17:42:21,649 - FFPackageManager - INFO - Inserting 'VFX Breakdown' at calculated index 0
2025-10-10 17:42:21,649 - FFPackageManager - INFO - Successfully inserted 'VFX Breakdown' - new index: 0, isHidden: False
2025-10-10 17:42:21,649 - FFPackageManager - INFO - set_category_visibility: 'Script' = True (type: <class 'bool'>)
2025-10-10 17:42:21,649 - FFPackageManager - INFO - Current index of 'Script': 1
2025-10-10 17:42:21,649 - FFPackageManager - INFO - Removed 'Script' from tree at index 1
2025-10-10 17:42:21,650 - FFPackageManager - INFO -   Category 'VFX Breakdown' is visible at index 0, incrementing insert_index to 1
2025-10-10 17:42:21,650 - FFPackageManager - INFO - Inserting 'Script' at calculated index 1
2025-10-10 17:42:21,650 - FFPackageManager - INFO - Successfully inserted 'Script' - new index: 1, isHidden: False
2025-10-10 17:42:21,650 - FFPackageManager - INFO - set_category_visibility: 'Concept Art' = True (type: <class 'bool'>)
2025-10-10 17:42:21,650 - FFPackageManager - INFO - Current index of 'Concept Art': 2
2025-10-10 17:42:21,650 - FFPackageManager - INFO - Removed 'Concept Art' from tree at index 2
2025-10-10 17:42:21,650 - FFPackageManager - INFO -   Category 'VFX Breakdown' is visible at index 0, incrementing insert_index to 1
2025-10-10 17:42:21,650 - FFPackageManager - INFO -   Category 'Script' is visible at index 1, incrementing insert_index to 2
2025-10-10 17:42:21,650 - FFPackageManager - INFO - Inserting 'Concept Art' at calculated index 2
2025-10-10 17:42:21,650 - FFPackageManager - INFO - Successfully inserted 'Concept Art' - new index: 2, isHidden: False
2025-10-10 17:42:21,650 - FFPackageManager - INFO - set_category_visibility: 'Storyboard' = True (type: <class 'bool'>)
2025-10-10 17:42:21,650 - FFPackageManager - INFO - Current index of 'Storyboard': 3
2025-10-10 17:42:21,650 - FFPackageManager - INFO - Removed 'Storyboard' from tree at index 3
2025-10-10 17:42:21,651 - FFPackageManager - INFO -   Category 'VFX Breakdown' is visible at index 0, incrementing insert_index to 1
2025-10-10 17:42:21,651 - FFPackageManager - INFO -   Category 'Script' is visible at index 1, incrementing insert_index to 2
2025-10-10 17:42:21,651 - FFPackageManager - INFO -   Category 'Concept Art' is visible at index 2, incrementing insert_index to 3
2025-10-10 17:42:21,651 - FFPackageManager - INFO - Inserting 'Storyboard' at calculated index 3
2025-10-10 17:42:21,651 - FFPackageManager - INFO - Successfully inserted 'Storyboard' - new index: 3, isHidden: False
2025-10-10 17:42:25,291 - FFPackageManager - INFO - Checkbox 'VFX Breakdown' toggled: state=0, checkbox.isChecked()=False
2025-10-10 17:42:25,291 - FFPackageManager - INFO - set_category_visibility: 'VFX Breakdown' = False (type: <class 'bool'>)
2025-10-10 17:42:25,292 - FFPackageManager - INFO - Current index of 'VFX Breakdown': 0
2025-10-10 17:42:25,292 - FFPackageManager - INFO - Removed 'VFX Breakdown' from tree at index 0
2025-10-10 17:42:25,292 - FFPackageManager - INFO - 'VFX Breakdown' removed and will stay hidden
2025-10-10 17:42:26,315 - FFPackageManager - INFO - Checkbox 'VFX Breakdown' toggled: state=2, checkbox.isChecked()=True
2025-10-10 17:42:26,315 - FFPackageManager - INFO - set_category_visibility: 'VFX Breakdown' = True (type: <class 'bool'>)
2025-10-10 17:42:26,316 - FFPackageManager - INFO - Current index of 'VFX Breakdown': -1
2025-10-10 17:42:26,316 - FFPackageManager - INFO - 'VFX Breakdown' was not in tree (index=-1)
2025-10-10 17:42:26,316 - FFPackageManager - INFO - Inserting 'VFX Breakdown' at calculated index 0
2025-10-10 17:42:26,316 - FFPackageManager - INFO - Successfully inserted 'VFX Breakdown' - new index: 0, isHidden: False
2025-10-10 17:42:27,152 - FFPackageManager - INFO - Checkbox 'Script' toggled: state=0, checkbox.isChecked()=False
2025-10-10 17:42:27,152 - FFPackageManager - INFO - set_category_visibility: 'Script' = False (type: <class 'bool'>)
2025-10-10 17:42:27,153 - FFPackageManager - INFO - Current index of 'Script': 1
2025-10-10 17:42:27,153 - FFPackageManager - INFO - Removed 'Script' from tree at index 1
2025-10-10 17:42:27,153 - FFPackageManager - INFO - 'Script' removed and will stay hidden
2025-10-10 17:42:27,945 - FFPackageManager - INFO - Checkbox 'Script' toggled: state=2, checkbox.isChecked()=True
2025-10-10 17:42:27,946 - FFPackageManager - INFO - set_category_visibility: 'Script' = True (type: <class 'bool'>)
2025-10-10 17:42:27,946 - FFPackageManager - INFO - Current index of 'Script': -1
2025-10-10 17:42:27,946 - FFPackageManager - INFO - 'Script' was not in tree (index=-1)
2025-10-10 17:42:27,946 - FFPackageManager - INFO -   Category 'VFX Breakdown' is visible at index 0, incrementing insert_index to 1
2025-10-10 17:42:27,946 - FFPackageManager - INFO - Inserting 'Script' at calculated index 1
2025-10-10 17:42:27,946 - FFPackageManager - INFO - Successfully inserted 'Script' - new index: 1, isHidden: False
2025-10-10 17:42:41,811 - FFPackageManager - INFO - Checkbox 'Storyboard' toggled: state=0, checkbox.isChecked()=False
2025-10-10 17:42:41,811 - FFPackageManager - INFO - set_category_visibility: 'Storyboard' = False (type: <class 'bool'>)
2025-10-10 17:42:41,812 - FFPackageManager - INFO - Current index of 'Storyboard': 3
2025-10-10 17:42:41,812 - FFPackageManager - INFO - Removed 'Storyboard' from tree at index 3
2025-10-10 17:42:41,812 - FFPackageManager - INFO - 'Storyboard' removed and will stay hidden
2025-10-10 17:42:43,170 - FFPackageManager - INFO - Checkbox 'Storyboard' toggled: state=2, checkbox.isChecked()=True
2025-10-10 17:42:43,170 - FFPackageManager - INFO - set_category_visibility: 'Storyboard' = True (type: <class 'bool'>)
2025-10-10 17:42:43,170 - FFPackageManager - INFO - Current index of 'Storyboard': -1
2025-10-10 17:42:43,171 - FFPackageManager - INFO - 'Storyboard' was not in tree (index=-1)
2025-10-10 17:42:43,171 - FFPackageManager - INFO -   Category 'VFX Breakdown' is visible at index 0, incrementing insert_index to 1
2025-10-10 17:42:43,171 - FFPackageManager - INFO -   Category 'Script' is visible at index 1, incrementing insert_index to 2
2025-10-10 17:42:43,171 - FFPackageManager - INFO -   Category 'Concept Art' is visible at index 2, incrementing insert_index to 3
2025-10-10 17:42:43,171 - FFPackageManager - INFO - Inserting 'Storyboard' at calculated index 3
2025-10-10 17:42:43,171 - FFPackageManager - INFO - Successfully inserted 'Storyboard' - new index: 3, isHidden: False
2025-10-10 17:43:19,206 - FFPackageManager - INFO - closeEvent() - Window is being closed
