2025-10-08 22:47:40,847 - FFPackageManager - INFO - Standalone mode - logging to: C:\ayon_src\ff_package_manager\logs\ff_package_manager_20251008_224740.log
2025-10-08 22:47:40,849 - FFPackageManager - INFO - ============================================================
2025-10-08 22:47:40,850 - FFPackageManager - INFO - FFPackageManagerApp.__init__() called
2025-10-08 22:47:40,851 - FFPackageManager - INFO - ============================================================
2025-10-08 22:47:40,852 - FFPackageManager - INFO - Calling super().__init__()...
2025-10-08 22:47:40,852 - FFPackageManager - INFO - super().__init__() completed
2025-10-08 22:47:40,853 - FFPackageManager - INFO - Shotgrid Session: <shotgrid.ShotgridClient object at 0x000002807E4F0910>
2025-10-08 22:47:40,853 - FFPackageManager - INFO - Output directory: C:\Users\gonzalo\shotgrid_packages
2025-10-08 22:47:40,854 - FFPackageManager - INFO - Parent widget: None
2025-10-08 22:47:40,854 - FFPackageManager - INFO - Setting window title...
2025-10-08 22:47:40,855 - FFPackageManager - INFO - Window title set
2025-10-08 22:47:40,855 - FFPackageManager - INFO - Setting minimum size...
2025-10-08 22:47:40,856 - FFPackageManager - INFO - Minimum size set
2025-10-08 22:47:40,857 - FFPackageManager - INFO - Building UI...
2025-10-08 22:47:40,857 - FFPackageManager - INFO - _build_ui() started
2025-10-08 22:47:40,858 - FFPackageManager - INFO - Creating central widget...
2025-10-08 22:47:40,859 - FFPackageManager - INFO - Building header...
2025-10-08 22:47:40,860 - FFPackageManager - INFO - Creating main content area...
2025-10-08 22:47:40,861 - FFPackageManager - INFO - _create_content_panel() started
2025-10-08 22:47:40,867 - FFPackageManager - INFO - _create_content_panel() completed
2025-10-08 22:47:40,867 - FFPackageManager - INFO - Building bottom panel...
2025-10-08 22:47:40,868 - FFPackageManager - INFO - _build_ui() completed successfully
2025-10-08 22:47:40,870 - FFPackageManager - INFO - UI built successfully
2025-10-08 22:47:40,870 - FFPackageManager - INFO - FFPackageManagerApp initialization complete
2025-10-08 22:47:40,871 - FFPackageManager - INFO - ============================================================
2025-10-08 22:47:41,001 - FFPackageManager - INFO - showEvent() - Window is being shown
2025-10-08 22:47:44,422 - FFPackageManager - INFO - _load_sg_projects() started
2025-10-08 22:47:44,422 - FFPackageManager - ERROR - Error loading projects: Missing credentials. Provide site_url, script_name, api_key or set SG_URL, SG_SCRIPT, SG_KEY environment variables.
Traceback (most recent call last):
  File "C:\ayon_src\ff_package_manager\client\ff_package_manager\sg_app.py", line 303, in _load_sg_projects
    projects = self.sg_session.get_projects(status="Bidding")
               ^^^^^^^^^^^^^^^^^^^^^^^^^^^^^^^^^^^^^^^^^^^^^^
  File "C:\ayon_src\ff_package_manager\client\ff_package_manager\shotgrid.py", line 97, in get_projects
    return self.sg.find(
           ^^^^^^^
  File "C:\ayon_src\ff_package_manager\client\ff_package_manager\shotgrid.py", line 76, in sg
    return self.connect()
           ^^^^^^^^^^^^^^
  File "C:\ayon_src\ff_package_manager\client\ff_package_manager\shotgrid.py", line 59, in connect
    raise ValueError(
ValueError: Missing credentials. Provide site_url, script_name, api_key or set SG_URL, SG_SCRIPT, SG_KEY environment variables.
