2025-10-09 12:56:24,235 - FFPackageManager - INFO - Standalone mode - logging to: C:\ayon_src\ff_package_manager\logs\ff_package_manager_20251009_125624.log
2025-10-09 12:56:24,238 - FFPackageManager - INFO - Calling super().__init__()...
2025-10-09 12:56:24,238 - FFPackageManager - INFO - super().__init__() completed
2025-10-09 12:56:24,238 - FFPackageManager - INFO - Shotgrid Session: <shotgrid.ShotgridClient object at 0x000001D4D18B8410>
2025-10-09 12:56:24,252 - FFPackageManager - INFO - _create_content_panel() started
2025-10-09 12:56:24,258 - FFPackageManager - INFO - _create_content_panel() completed
2025-10-09 12:56:24,260 - FFPackageManager - INFO - create_panel() started
2025-10-09 12:56:24,261 - FFPackageManager - INFO - create_panel() completed
2025-10-09 12:56:24,262 - FFPackageManager - INFO - Building bottom panel...
2025-10-09 12:56:24,263 - FFPackageManager - INFO - _build_ui() completed successfully
2025-10-09 12:56:24,396 - FFPackageManager - INFO - showEvent() - Window is being shown
2025-10-09 12:56:26,180 - FFPackageManager - INFO - _load_sg_projects() started
2025-10-09 12:56:26,180 - FFPackageManager - INFO - clear() called
2025-10-09 12:56:26,181 - FFPackageManager - INFO - clear() called
2025-10-09 12:56:26,788 - FFPackageManager - INFO - _load_sg_projects() completed - 1 projects
2025-10-09 12:56:28,803 - FFPackageManager - INFO - SG project selected: None (ID: 389)
2025-10-09 12:56:28,803 - FFPackageManager - INFO - _load_rfqs() started for project 389
2025-10-09 12:56:28,805 - FFPackageManager - INFO - clear() called
2025-10-09 12:56:28,805 - FFPackageManager - INFO - clear() called
2025-10-09 12:56:29,028 - FFPackageManager - INFO - Loaded 1 RFQs for project 389
2025-10-09 12:56:30,904 - FFPackageManager - INFO - RFQ selected: Request for Ballpark (ID: 3)
2025-10-09 12:56:30,904 - FFPackageManager - INFO - set_rfq() called with RFQ: Request for Ballpark
2025-10-09 12:56:30,906 - FFPackageManager - INFO - load_tree_data() started
2025-10-09 12:56:30,906 - FFPackageManager - INFO - RFQ data: {'code': 'Request for Ballpark', 'id': 3, 'sg_status_list': 'wtg', 'sg_vfx_breakdown': [{'id': 1, 'name': 'Revised Third Draft - August 1979', 'type': 'CustomEntity01'}], 'type': 'CustomEntity04'}
2025-10-09 12:56:30,906 - FFPackageManager - INFO - VFX Breakdown field: No VFX Breakdown Available
2025-10-09 12:56:30,907 - FFPackageManager - INFO - Adding VFX Breakdown to tree
2025-10-09 12:56:30,907 - FFPackageManager - INFO - [{'id': 1, 'name': 'Revised Third Draft - August 1979', 'type': 'CustomEntity01'}]
2025-10-09 12:56:30,908 - FFPackageManager - INFO - load_tree_data() completed with RFQ data
2025-10-09 12:56:34,131 - FFPackageManager - INFO - closeEvent() - Window is being closed
