2025-10-09 10:31:10,339 - FFPackageManager - INFO - Standalone mode - logging to: C:\ayon_src\ff_package_manager\logs\ff_package_manager_20251009_103110.log
2025-10-09 10:31:10,341 - FFPackageManager - INFO - Calling super().__init__()...
2025-10-09 10:31:10,341 - FFPackageManager - INFO - super().__init__() completed
2025-10-09 10:31:10,342 - FFPackageManager - INFO - Shotgrid Session: <shotgrid.ShotgridClient object at 0x000001D51AF61450>
2025-10-09 10:31:10,354 - FFPackageManager - INFO - _create_content_panel() started
2025-10-09 10:31:10,360 - FFPackageManager - INFO - _create_content_panel() completed
2025-10-09 10:31:10,362 - FFPackageManager - INFO - create_panel() started
2025-10-09 10:31:10,363 - FFPackageManager - INFO - load_tree_data() started
2025-10-09 10:31:10,363 - FFPackageManager - INFO - No RFQ selected - showing empty tree
2025-10-09 10:31:10,364 - FFPackageManager - INFO - create_panel() completed
2025-10-09 10:31:10,365 - FFPackageManager - INFO - Building bottom panel...
2025-10-09 10:31:10,365 - FFPackageManager - INFO - _build_ui() completed successfully
2025-10-09 10:31:10,491 - FFPackageManager - INFO - showEvent() - Window is being shown
2025-10-09 10:31:12,026 - FFPackageManager - INFO - _load_sg_projects() started
2025-10-09 10:31:12,027 - FFPackageManager - INFO - _load_version_tree() started
2025-10-09 10:31:12,028 - FFPackageManager - INFO - clear() called
2025-10-09 10:31:12,028 - FFPackageManager - INFO - No RFQ selected - showing empty tree
2025-10-09 10:31:12,771 - FFPackageManager - INFO - _load_sg_projects() completed - 1 projects
2025-10-09 10:31:13,932 - FFPackageManager - INFO - SG project selected: None (ID: 389)
2025-10-09 10:31:13,932 - FFPackageManager - INFO - _load_rfqs() started for project 389
2025-10-09 10:31:13,933 - FFPackageManager - INFO - _load_version_tree() started
2025-10-09 10:31:13,934 - FFPackageManager - INFO - clear() called
2025-10-09 10:31:13,934 - FFPackageManager - INFO - No RFQ selected - showing empty tree
2025-10-09 10:31:13,934 - FFPackageManager - INFO - _load_version_tree() started
2025-10-09 10:31:13,934 - FFPackageManager - INFO - clear() called
2025-10-09 10:31:13,935 - FFPackageManager - INFO - No RFQ selected - showing empty tree
2025-10-09 10:31:14,176 - FFPackageManager - INFO - Loaded 1 RFQs for project 389
2025-10-09 10:31:15,256 - FFPackageManager - INFO - RFQ selected: Request for Ballpark (ID: 3)
2025-10-09 10:31:15,256 - FFPackageManager - INFO - _load_version_tree() started
2025-10-09 10:31:15,257 - FFPackageManager - INFO - clear() called
2025-10-09 10:31:15,257 - FFPackageManager - INFO - RFQ data: {'code': 'Request for Ballpark', 'id': 3, 'sg_status_list': 'wtg', 'type': 'CustomEntity04'}
2025-10-09 10:31:15,257 - FFPackageManager - INFO - VFX Breakdown field: None
2025-10-09 10:31:19,964 - FFPackageManager - INFO - closeEvent() - Window is being closed
