2025-10-09 15:45:36,816 - FFPackageManager - INFO - Standalone mode - logging to: C:\ayon_src\ff_package_manager\logs\ff_package_manager_20251009_154536.log
2025-10-09 15:45:36,819 - FFPackageManager - INFO - Calling super().__init__()...
2025-10-09 15:45:36,819 - FFPackageManager - INFO - super().__init__() completed
2025-10-09 15:45:36,820 - FFPackageManager - INFO - Shotgrid Session: <shotgrid.ShotgridClient object at 0x000001BCA6259D10>
2025-10-09 15:45:36,833 - FFPackageManager - INFO - _create_content_panel() started
2025-10-09 15:45:36,838 - FFPackageManager - INFO - _create_content_panel() completed
2025-10-09 15:45:36,840 - FFPackageManager - INFO - create_panel() started
2025-10-09 15:45:36,842 - FFPackageManager - INFO - create_panel() completed
2025-10-09 15:45:36,843 - FFPackageManager - INFO - Building bottom panel...
2025-10-09 15:45:36,844 - FFPackageManager - INFO - _build_ui() completed successfully
2025-10-09 15:45:36,970 - FFPackageManager - INFO - showEvent() - Window is being shown
2025-10-09 15:45:38,659 - FFPackageManager - INFO - _load_sg_projects() started
2025-10-09 15:45:38,659 - FFPackageManager - INFO - clear() called
2025-10-09 15:45:38,660 - FFPackageManager - INFO - clear() called
2025-10-09 15:45:39,222 - FFPackageManager - INFO - _load_sg_projects() completed - 1 projects
2025-10-09 15:45:40,330 - FFPackageManager - INFO - SG project selected: None (ID: 389)
2025-10-09 15:45:40,331 - FFPackageManager - INFO - _load_rfqs() started for project 389
2025-10-09 15:45:40,334 - FFPackageManager - INFO - clear() called
2025-10-09 15:45:40,334 - FFPackageManager - INFO - clear() called
2025-10-09 15:45:40,509 - FFPackageManager - INFO - Loaded 1 RFQs for project 389
2025-10-09 15:45:41,848 - FFPackageManager - INFO - RFQ selected: Request for Ballpark (ID: 3)
2025-10-09 15:45:41,848 - FFPackageManager - INFO - set_rfq() called with RFQ: Request for Ballpark
2025-10-09 15:45:41,849 - FFPackageManager - INFO - load_tree_data() started
2025-10-09 15:45:42,275 - FFPackageManager - INFO - Found 6 versions linked to RFQ ID 3
2025-10-09 15:45:57,298 - FFPackageManager - INFO - closeEvent() - Window is being closed
