2025-10-10 13:20:21,004 - FFPackageManager - INFO - Standalone mode - logging to: C:\ayon_src\ff_package_manager\logs\ff_package_manager_20251010_132021.log
2025-10-10 13:20:21,006 - FFPackageManager - INFO - Calling super().__init__()...
2025-10-10 13:20:21,007 - FFPackageManager - INFO - super().__init__() completed
2025-10-10 13:20:21,007 - FFPackageManager - INFO - Shotgrid Session: <shotgrid.ShotgridClient object at 0x000001F760DFBA90>
2025-10-10 13:20:21,020 - FFPackageManager - INFO - _create_content_panel() started
2025-10-10 13:20:21,025 - FFPackageManager - INFO - _create_content_panel() completed
2025-10-10 13:20:21,027 - FFPackageManager - INFO - create_panel() started
2025-10-10 13:20:21,028 - FFPackageManager - INFO - create_panel() completed
2025-10-10 13:20:21,029 - FFPackageManager - INFO - Building bottom panel...
2025-10-10 13:20:21,030 - FFPackageManager - INFO - _build_ui() completed successfully
2025-10-10 13:20:21,030 - FFPackageManager - INFO - Auto-loading latest project...
2025-10-10 13:20:21,030 - FFPackageManager - INFO - Attempting to auto-load latest project...
2025-10-10 13:20:21,586 - FFPackageManager - INFO - Latest project found: None (ID: 389)
2025-10-10 13:20:21,586 - FFPackageManager - INFO - _load_sg_projects() started
2025-10-10 13:20:21,587 - FFPackageManager - INFO - clear() called
2025-10-10 13:20:21,587 - FFPackageManager - INFO - clear() called
2025-10-10 13:20:21,766 - FFPackageManager - INFO - _load_sg_projects() completed - 1 projects
2025-10-10 13:20:21,767 - FFPackageManager - INFO - SG project selected: None (ID: 389)
2025-10-10 13:20:21,768 - FFPackageManager - INFO - _load_rfqs() started for project 389
2025-10-10 13:20:21,768 - FFPackageManager - INFO - clear() called
2025-10-10 13:20:21,768 - FFPackageManager - INFO - clear() called
2025-10-10 13:20:21,949 - FFPackageManager - INFO - Loaded 1 RFQs for project 389
2025-10-10 13:20:21,949 - FFPackageManager - INFO - RFQ selected: Request for Ballpark (ID: 3)
2025-10-10 13:20:21,950 - FFPackageManager - INFO - set_rfq() called with RFQ: Request for Ballpark
2025-10-10 13:20:21,950 - FFPackageManager - INFO - load_tree_data() started
2025-10-10 13:20:22,305 - FFPackageManager - INFO - Found 6 versions linked to RFQ ID 3
2025-10-10 13:20:22,306 - FFPackageManager - INFO - VFX Breakdown field: [{'id': 1, 'name': 'Revised Third Draft - August 1979', 'type': 'CustomEntity01'}]
2025-10-10 13:20:22,307 - FFPackageManager - DEBUG - Version mo_11 has type: concept art
2025-10-10 13:20:22,307 - FFPackageManager - DEBUG - Version mo_04 has type: concept art
2025-10-10 13:20:22,307 - FFPackageManager - DEBUG - Version mo_03 has type: concept art
2025-10-10 13:20:22,308 - FFPackageManager - DEBUG - Version mo_02 has type: concept art
2025-10-10 13:20:22,308 - FFPackageManager - DEBUG - Version storyboard_scenes_86_92 has type: storyboard
2025-10-10 13:20:22,308 - FFPackageManager - DEBUG - Version RaidersoftheLostArk has type: script
2025-10-10 13:20:22,309 - FFPackageManager - DEBUG - Version mo_11 has type: concept art
2025-10-10 13:20:22,309 - FFPackageManager - DEBUG - Version mo_04 has type: concept art
2025-10-10 13:20:22,309 - FFPackageManager - DEBUG - Version mo_03 has type: concept art
2025-10-10 13:20:22,310 - FFPackageManager - DEBUG - Version mo_02 has type: concept art
2025-10-10 13:20:22,310 - FFPackageManager - DEBUG - Version storyboard_scenes_86_92 has type: storyboard
2025-10-10 13:20:22,310 - FFPackageManager - DEBUG - Version RaidersoftheLostArk has type: script
2025-10-10 13:20:22,311 - FFPackageManager - DEBUG - Version mo_11 has type: concept art
2025-10-10 13:20:22,311 - FFPackageManager - DEBUG - Version mo_04 has type: concept art
2025-10-10 13:20:22,311 - FFPackageManager - DEBUG - Version mo_03 has type: concept art
2025-10-10 13:20:22,311 - FFPackageManager - DEBUG - Version mo_02 has type: concept art
2025-10-10 13:20:22,312 - FFPackageManager - DEBUG - Version storyboard_scenes_86_92 has type: storyboard
2025-10-10 13:20:22,312 - FFPackageManager - DEBUG - Version RaidersoftheLostArk has type: script
2025-10-10 13:20:22,312 - FFPackageManager - INFO - load_tree_data() completed with RFQ data
2025-10-10 13:20:22,312 - FFPackageManager - INFO - Category 'VFX Breakdown' visibility set to: True
2025-10-10 13:20:22,313 - FFPackageManager - INFO - Category 'Script' visibility set to: True
2025-10-10 13:20:22,313 - FFPackageManager - INFO - Category 'Concept Art' visibility set to: True
2025-10-10 13:20:22,313 - FFPackageManager - INFO - Category 'Storyboard' visibility set to: True
2025-10-10 13:20:22,314 - FFPackageManager - INFO - Auto-selected latest RFQ: Request for Ballpark
2025-10-10 13:20:22,314 - FFPackageManager - INFO - Auto-selected latest project at index 1
2025-10-10 13:20:22,439 - FFPackageManager - INFO - showEvent() - Window is being shown
2025-10-10 13:20:24,216 - FFPackageManager - INFO - Entity type 'VFX Breakdown' toggled: hide
2025-10-10 13:20:24,216 - FFPackageManager - INFO - Category 'VFX Breakdown' visibility set to: False
2025-10-10 13:20:24,838 - FFPackageManager - INFO - Entity type 'VFX Breakdown' toggled: hide
2025-10-10 13:20:24,839 - FFPackageManager - INFO - Category 'VFX Breakdown' visibility set to: False
2025-10-10 13:20:26,076 - FFPackageManager - INFO - Entity type 'VFX Breakdown' toggled: hide
2025-10-10 13:20:26,076 - FFPackageManager - INFO - Category 'VFX Breakdown' visibility set to: False
2025-10-10 13:20:26,726 - FFPackageManager - INFO - Entity type 'VFX Breakdown' toggled: hide
2025-10-10 13:20:26,726 - FFPackageManager - INFO - Category 'VFX Breakdown' visibility set to: False
2025-10-10 13:20:27,853 - FFPackageManager - INFO - Entity type 'Script' toggled: hide
2025-10-10 13:20:27,853 - FFPackageManager - INFO - Category 'Script' visibility set to: False
2025-10-10 13:20:28,793 - FFPackageManager - INFO - Entity type 'Script' toggled: hide
2025-10-10 13:20:28,794 - FFPackageManager - INFO - Category 'Script' visibility set to: False
2025-10-10 13:20:29,744 - FFPackageManager - INFO - Entity type 'Concept Art' toggled: hide
2025-10-10 13:20:29,744 - FFPackageManager - INFO - Category 'Concept Art' visibility set to: False
2025-10-10 13:20:31,003 - FFPackageManager - INFO - Entity type 'Concept Art' toggled: hide
2025-10-10 13:20:31,003 - FFPackageManager - INFO - Category 'Concept Art' visibility set to: False
2025-10-10 13:20:32,141 - FFPackageManager - INFO - Entity type 'Storyboard' toggled: hide
2025-10-10 13:20:32,141 - FFPackageManager - INFO - Category 'Storyboard' visibility set to: False
2025-10-10 13:20:33,043 - FFPackageManager - INFO - Entity type 'Storyboard' toggled: hide
2025-10-10 13:20:33,043 - FFPackageManager - INFO - Category 'Storyboard' visibility set to: False
2025-10-10 13:20:36,038 - FFPackageManager - INFO - closeEvent() - Window is being closed
