2025-10-10 12:49:06,865 - FFPackageManager - INFO - Standalone mode - logging to: C:\ayon_src\ff_package_manager\logs\ff_package_manager_20251010_124906.log
2025-10-10 12:49:06,866 - FFPackageManager - INFO - Calling super().__init__()...
2025-10-10 12:49:06,867 - FFPackageManager - INFO - super().__init__() completed
2025-10-10 12:49:06,867 - FFPackageManager - INFO - Shotgrid Session: <shotgrid.ShotgridClient object at 0x000001748CEEF450>
2025-10-10 12:49:06,879 - FFPackageManager - INFO - _create_content_panel() started
2025-10-10 12:49:06,884 - FFPackageManager - INFO - _create_content_panel() completed
2025-10-10 12:49:06,887 - FFPackageManager - INFO - create_panel() started
2025-10-10 12:49:06,888 - FFPackageManager - INFO - create_panel() completed
2025-10-10 12:49:06,889 - FFPackageManager - INFO - Building bottom panel...
2025-10-10 12:49:06,889 - FFPackageManager - INFO - _build_ui() completed successfully
2025-10-10 12:49:07,015 - FFPackageManager - INFO - showEvent() - Window is being shown
2025-10-10 12:49:08,410 - FFPackageManager - INFO - _load_sg_projects() started
2025-10-10 12:49:08,410 - FFPackageManager - INFO - clear() called
2025-10-10 12:49:08,411 - FFPackageManager - INFO - clear() called
2025-10-10 12:49:09,948 - FFPackageManager - INFO - _load_sg_projects() completed - 1 projects
2025-10-10 12:49:11,720 - FFPackageManager - INFO - SG project selected: None (ID: 389)
2025-10-10 12:49:11,720 - FFPackageManager - INFO - _load_rfqs() started for project 389
2025-10-10 12:49:11,721 - FFPackageManager - INFO - clear() called
2025-10-10 12:49:11,721 - FFPackageManager - INFO - clear() called
2025-10-10 12:49:11,920 - FFPackageManager - INFO - Loaded 1 RFQs for project 389
2025-10-10 12:49:13,275 - FFPackageManager - INFO - RFQ selected: Request for Ballpark (ID: 3)
2025-10-10 12:49:13,275 - FFPackageManager - INFO - set_rfq() called with RFQ: Request for Ballpark
2025-10-10 12:49:13,276 - FFPackageManager - INFO - load_tree_data() started
2025-10-10 12:49:13,686 - FFPackageManager - INFO - Found 6 versions linked to RFQ ID 3
2025-10-10 12:49:13,686 - FFPackageManager - INFO - VFX Breakdown field: [{'id': 1, 'name': 'Revised Third Draft - August 1979', 'type': 'CustomEntity01'}]
2025-10-10 12:49:13,687 - FFPackageManager - DEBUG - Version mo_11 has type: concept art
2025-10-10 12:49:13,687 - FFPackageManager - DEBUG - Version mo_04 has type: concept art
2025-10-10 12:49:13,688 - FFPackageManager - DEBUG - Version mo_03 has type: concept art
2025-10-10 12:49:13,688 - FFPackageManager - DEBUG - Version mo_02 has type: concept art
2025-10-10 12:49:13,688 - FFPackageManager - DEBUG - Version storyboard_scenes_86_92 has type: storyboard
2025-10-10 12:49:13,689 - FFPackageManager - DEBUG - Version RaidersoftheLostArk has type: script
2025-10-10 12:49:13,689 - FFPackageManager - DEBUG - Version mo_11 has type: concept art
2025-10-10 12:49:13,689 - FFPackageManager - DEBUG - Version mo_04 has type: concept art
2025-10-10 12:49:13,689 - FFPackageManager - DEBUG - Version mo_03 has type: concept art
2025-10-10 12:49:13,690 - FFPackageManager - DEBUG - Version mo_02 has type: concept art
2025-10-10 12:49:13,690 - FFPackageManager - DEBUG - Version storyboard_scenes_86_92 has type: storyboard
2025-10-10 12:49:13,690 - FFPackageManager - DEBUG - Version RaidersoftheLostArk has type: script
2025-10-10 12:49:13,691 - FFPackageManager - DEBUG - Version mo_11 has type: concept art
2025-10-10 12:49:13,691 - FFPackageManager - DEBUG - Version mo_04 has type: concept art
2025-10-10 12:49:13,691 - FFPackageManager - DEBUG - Version mo_03 has type: concept art
2025-10-10 12:49:13,691 - FFPackageManager - DEBUG - Version mo_02 has type: concept art
2025-10-10 12:49:13,692 - FFPackageManager - DEBUG - Version storyboard_scenes_86_92 has type: storyboard
2025-10-10 12:49:13,692 - FFPackageManager - DEBUG - Version RaidersoftheLostArk has type: script
2025-10-10 12:49:13,692 - FFPackageManager - INFO - load_tree_data() completed with RFQ data
2025-10-10 12:49:15,663 - FFPackageManager - INFO - closeEvent() - Window is being closed
