2025-10-08 23:07:29,065 - FFPackageManager - INFO - Standalone mode - logging to: C:\ayon_src\ff_package_manager\logs\ff_package_manager_20251008_230729.log
2025-10-08 23:07:29,069 - FFPackageManager - INFO - ============================================================
2025-10-08 23:07:29,070 - FFPackageManager - INFO - FFPackageManagerApp.__init__() called
2025-10-08 23:07:29,071 - FFPackageManager - INFO - ============================================================
2025-10-08 23:07:29,071 - FFPackageManager - INFO - Calling super().__init__()...
2025-10-08 23:07:29,072 - FFPackageManager - INFO - super().__init__() completed
2025-10-08 23:07:29,072 - FFPackageManager - INFO - Shotgrid Session: <shotgrid.ShotgridClient object at 0x000001A567543750>
2025-10-08 23:07:29,073 - FFPackageManager - INFO - Output directory: C:\Users\gonzalo\shotgrid_packages
2025-10-08 23:07:29,073 - FFPackageManager - INFO - Parent widget: None
2025-10-08 23:07:29,074 - FFPackageManager - INFO - Setting window title...
2025-10-08 23:07:29,074 - FFPackageManager - INFO - Window title set
2025-10-08 23:07:29,075 - FFPackageManager - INFO - Setting minimum size...
2025-10-08 23:07:29,075 - FFPackageManager - INFO - Minimum size set
2025-10-08 23:07:29,076 - FFPackageManager - INFO - Building UI...
2025-10-08 23:07:29,076 - FFPackageManager - INFO - _build_ui() started
2025-10-08 23:07:29,077 - FFPackageManager - INFO - Creating central widget...
2025-10-08 23:07:29,077 - FFPackageManager - INFO - Building header...
2025-10-08 23:07:29,079 - FFPackageManager - INFO - Creating main content area...
2025-10-08 23:07:29,080 - FFPackageManager - INFO - _create_content_panel() started
2025-10-08 23:07:29,085 - FFPackageManager - INFO - _create_content_panel() completed
2025-10-08 23:07:29,085 - FFPackageManager - INFO - Building bottom panel...
2025-10-08 23:07:29,085 - FFPackageManager - INFO - _build_ui() completed successfully
2025-10-08 23:07:29,086 - FFPackageManager - INFO - UI built successfully
2025-10-08 23:07:29,086 - FFPackageManager - INFO - FFPackageManagerApp initialization complete
2025-10-08 23:07:29,087 - FFPackageManager - INFO - ============================================================
2025-10-08 23:07:29,218 - FFPackageManager - INFO - showEvent() - Window is being shown
2025-10-08 23:07:32,832 - FFPackageManager - INFO - _load_sg_projects() started
2025-10-08 23:07:33,877 - FFPackageManager - INFO - _load_sg_projects() completed - 1 projects
2025-10-08 23:07:34,994 - FFPackageManager - INFO - SG project selected: None (ID: 389)
2025-10-08 23:07:34,994 - FFPackageManager - INFO - _load_rfqs() started for project 389
2025-10-08 23:07:35,171 - FFPackageManager - INFO - Loaded 1 RFQs for project 389
2025-10-08 23:07:37,204 - FFPackageManager - INFO - RFQ selected: Request for Ballpark (ID: 3)
2025-10-08 23:08:18,776 - FFPackageManager - INFO - closeEvent() - Window is being closed
