2025-10-10 16:20:48,305 - FFPackageManager - INFO - Standalone mode - logging to: C:\ayon_src\ff_package_manager\logs\ff_package_manager_20251010_162048.log
2025-10-10 16:20:48,307 - FFPackageManager - INFO - Calling super().__init__()...
2025-10-10 16:20:48,308 - FFPackageManager - INFO - super().__init__() completed
2025-10-10 16:20:48,308 - FFPackageManager - INFO - Shotgrid Session: <shotgrid.ShotgridClient object at 0x000001880B300A10>
2025-10-10 16:20:48,321 - FFPackageManager - INFO - _create_content_panel() started
2025-10-10 16:20:48,326 - FFPackageManager - INFO - _create_content_panel() completed
2025-10-10 16:20:48,328 - FFPackageManager - INFO - create_panel() started
2025-10-10 16:20:48,329 - FFPackageManager - INFO - create_panel() completed
2025-10-10 16:20:48,330 - FFPackageManager - INFO - Building bottom panel...
2025-10-10 16:20:48,331 - FFPackageManager - INFO - _build_ui() completed successfully
2025-10-10 16:20:48,331 - FFPackageManager - INFO - Auto-loading latest project...
2025-10-10 16:20:48,331 - FFPackageManager - INFO - Attempting to auto-load latest project...
2025-10-10 16:20:48,890 - FFPackageManager - INFO - Latest project found: None (ID: 389)
2025-10-10 16:20:48,890 - FFPackageManager - INFO - _load_sg_projects() started
2025-10-10 16:20:48,892 - FFPackageManager - INFO - clear() called
2025-10-10 16:20:48,892 - FFPackageManager - INFO - clear() called
2025-10-10 16:20:49,098 - FFPackageManager - INFO - _load_sg_projects() completed - 1 projects
2025-10-10 16:20:49,099 - FFPackageManager - INFO - SG project selected: None (ID: 389)
2025-10-10 16:20:49,100 - FFPackageManager - INFO - _load_rfqs() started for project 389
2025-10-10 16:20:49,100 - FFPackageManager - INFO - clear() called
2025-10-10 16:20:49,100 - FFPackageManager - INFO - clear() called
2025-10-10 16:20:49,285 - FFPackageManager - INFO - Loaded 1 RFQs for project 389
2025-10-10 16:20:49,285 - FFPackageManager - INFO - RFQ selected: Request for Ballpark (ID: 3)
2025-10-10 16:20:49,286 - FFPackageManager - INFO - set_rfq() called with RFQ: Request for Ballpark
2025-10-10 16:20:49,286 - FFPackageManager - INFO - load_tree_data() started
2025-10-10 16:20:49,664 - FFPackageManager - INFO - Found 6 versions linked to RFQ ID 3
2025-10-10 16:20:49,664 - FFPackageManager - INFO - VFX Breakdown field: [{'id': 1, 'name': 'Revised Third Draft - August 1979', 'type': 'CustomEntity01'}]
2025-10-10 16:20:49,665 - FFPackageManager - DEBUG - Version mo_11 has type: concept art
2025-10-10 16:20:49,665 - FFPackageManager - DEBUG - Version mo_04 has type: concept art
2025-10-10 16:20:49,666 - FFPackageManager - DEBUG - Version mo_03 has type: concept art
2025-10-10 16:20:49,666 - FFPackageManager - DEBUG - Version mo_02 has type: concept art
2025-10-10 16:20:49,666 - FFPackageManager - DEBUG - Version storyboard_scenes_86_92 has type: storyboard
2025-10-10 16:20:49,667 - FFPackageManager - DEBUG - Version RaidersoftheLostArk has type: script
2025-10-10 16:20:49,667 - FFPackageManager - DEBUG - Version mo_11 has type: concept art
2025-10-10 16:20:49,667 - FFPackageManager - DEBUG - Version mo_04 has type: concept art
2025-10-10 16:20:49,668 - FFPackageManager - DEBUG - Version mo_03 has type: concept art
2025-10-10 16:20:49,668 - FFPackageManager - DEBUG - Version mo_02 has type: concept art
2025-10-10 16:20:49,668 - FFPackageManager - DEBUG - Version storyboard_scenes_86_92 has type: storyboard
2025-10-10 16:20:49,669 - FFPackageManager - DEBUG - Version RaidersoftheLostArk has type: script
2025-10-10 16:20:49,669 - FFPackageManager - DEBUG - Version mo_11 has type: concept art
2025-10-10 16:20:49,669 - FFPackageManager - DEBUG - Version mo_04 has type: concept art
2025-10-10 16:20:49,670 - FFPackageManager - DEBUG - Version mo_03 has type: concept art
2025-10-10 16:20:49,670 - FFPackageManager - DEBUG - Version mo_02 has type: concept art
2025-10-10 16:20:49,670 - FFPackageManager - DEBUG - Version storyboard_scenes_86_92 has type: storyboard
2025-10-10 16:20:49,671 - FFPackageManager - DEBUG - Version RaidersoftheLostArk has type: script
2025-10-10 16:20:49,671 - FFPackageManager - INFO - Applying visibility preferences: {}
2025-10-10 16:20:49,671 - FFPackageManager - INFO - load_tree_data() completed with RFQ data
2025-10-10 16:20:49,672 - FFPackageManager - INFO - Auto-selected latest RFQ: Request for Ballpark
2025-10-10 16:20:49,672 - FFPackageManager - INFO - Auto-selected latest project at index 1
2025-10-10 16:20:49,798 - FFPackageManager - INFO - showEvent() - Window is being shown
2025-10-10 16:20:49,821 - FFPackageManager - INFO - set_category_visibility: 'VFX Breakdown' = True
2025-10-10 16:20:49,821 - FFPackageManager - INFO - Removed 'VFX Breakdown' from tree at index 0
2025-10-10 16:20:49,822 - FFPackageManager - INFO - Inserted 'VFX Breakdown' at index 0
2025-10-10 16:20:49,822 - FFPackageManager - INFO - set_category_visibility: 'Script' = True
2025-10-10 16:20:49,822 - FFPackageManager - INFO - Removed 'Script' from tree at index 1
2025-10-10 16:20:49,823 - FFPackageManager - INFO - Inserted 'Script' at index 1
2025-10-10 16:20:49,823 - FFPackageManager - INFO - set_category_visibility: 'Concept Art' = True
2025-10-10 16:20:49,823 - FFPackageManager - INFO - Removed 'Concept Art' from tree at index 2
2025-10-10 16:20:49,824 - FFPackageManager - INFO - Inserted 'Concept Art' at index 2
2025-10-10 16:20:49,825 - FFPackageManager - INFO - set_category_visibility: 'Storyboard' = True
2025-10-10 16:20:49,826 - FFPackageManager - INFO - Removed 'Storyboard' from tree at index 3
2025-10-10 16:20:49,826 - FFPackageManager - INFO - Inserted 'Storyboard' at index 3
2025-10-10 16:20:50,999 - FFPackageManager - INFO - Checkbox 'VFX Breakdown' toggled: checked=False, state=0
2025-10-10 16:20:50,999 - FFPackageManager - INFO - set_category_visibility: 'VFX Breakdown' = False
2025-10-10 16:20:51,001 - FFPackageManager - INFO - Removed 'VFX Breakdown' from tree at index 0
2025-10-10 16:20:51,001 - FFPackageManager - INFO - 'VFX Breakdown' removed and will stay hidden
2025-10-10 16:20:51,001 - FFPackageManager - INFO - After toggle: item.isHidden()=False
2025-10-10 16:20:51,477 - FFPackageManager - INFO - Checkbox 'VFX Breakdown' toggled: checked=False, state=2
2025-10-10 16:20:51,477 - FFPackageManager - INFO - set_category_visibility: 'VFX Breakdown' = False
2025-10-10 16:20:51,478 - FFPackageManager - INFO - 'VFX Breakdown' removed and will stay hidden
2025-10-10 16:20:51,479 - FFPackageManager - INFO - After toggle: item.isHidden()=False
2025-10-10 16:20:52,663 - FFPackageManager - INFO - Checkbox 'VFX Breakdown' toggled: checked=False, state=0
2025-10-10 16:20:52,664 - FFPackageManager - INFO - set_category_visibility: 'VFX Breakdown' = False
2025-10-10 16:20:52,665 - FFPackageManager - INFO - 'VFX Breakdown' removed and will stay hidden
2025-10-10 16:20:52,665 - FFPackageManager - INFO - After toggle: item.isHidden()=False
2025-10-10 16:20:53,307 - FFPackageManager - INFO - Checkbox 'VFX Breakdown' toggled: checked=False, state=2
2025-10-10 16:20:53,308 - FFPackageManager - INFO - set_category_visibility: 'VFX Breakdown' = False
2025-10-10 16:20:53,309 - FFPackageManager - INFO - 'VFX Breakdown' removed and will stay hidden
2025-10-10 16:20:53,309 - FFPackageManager - INFO - After toggle: item.isHidden()=False
2025-10-10 16:20:54,372 - FFPackageManager - INFO - Checkbox 'VFX Breakdown' toggled: checked=False, state=0
2025-10-10 16:20:54,373 - FFPackageManager - INFO - set_category_visibility: 'VFX Breakdown' = False
2025-10-10 16:20:54,374 - FFPackageManager - INFO - 'VFX Breakdown' removed and will stay hidden
2025-10-10 16:20:54,374 - FFPackageManager - INFO - After toggle: item.isHidden()=False
2025-10-10 16:20:54,993 - FFPackageManager - INFO - Checkbox 'VFX Breakdown' toggled: checked=False, state=2
2025-10-10 16:20:54,993 - FFPackageManager - INFO - set_category_visibility: 'VFX Breakdown' = False
2025-10-10 16:20:54,994 - FFPackageManager - INFO - 'VFX Breakdown' removed and will stay hidden
2025-10-10 16:20:54,996 - FFPackageManager - INFO - After toggle: item.isHidden()=False
2025-10-10 16:21:01,524 - FFPackageManager - INFO - Checkbox 'Script' toggled: checked=False, state=0
2025-10-10 16:21:01,524 - FFPackageManager - INFO - set_category_visibility: 'Script' = False
2025-10-10 16:21:01,525 - FFPackageManager - INFO - Removed 'Script' from tree at index 0
2025-10-10 16:21:01,525 - FFPackageManager - INFO - 'Script' removed and will stay hidden
2025-10-10 16:21:01,526 - FFPackageManager - INFO - After toggle: item.isHidden()=False
2025-10-10 16:21:01,965 - FFPackageManager - INFO - Checkbox 'Script' toggled: checked=False, state=2
2025-10-10 16:21:01,966 - FFPackageManager - INFO - set_category_visibility: 'Script' = False
2025-10-10 16:21:01,967 - FFPackageManager - INFO - 'Script' removed and will stay hidden
2025-10-10 16:21:01,967 - FFPackageManager - INFO - After toggle: item.isHidden()=False
2025-10-10 16:21:03,015 - FFPackageManager - INFO - Checkbox 'Script' toggled: checked=False, state=0
2025-10-10 16:21:03,015 - FFPackageManager - INFO - set_category_visibility: 'Script' = False
2025-10-10 16:21:03,016 - FFPackageManager - INFO - 'Script' removed and will stay hidden
2025-10-10 16:21:03,016 - FFPackageManager - INFO - After toggle: item.isHidden()=False
2025-10-10 16:21:03,617 - FFPackageManager - INFO - Checkbox 'Script' toggled: checked=False, state=2
2025-10-10 16:21:03,617 - FFPackageManager - INFO - set_category_visibility: 'Script' = False
2025-10-10 16:21:03,618 - FFPackageManager - INFO - 'Script' removed and will stay hidden
2025-10-10 16:21:03,618 - FFPackageManager - INFO - After toggle: item.isHidden()=False
2025-10-10 16:22:09,620 - FFPackageManager - INFO - closeEvent() - Window is being closed
