2025-10-09 15:31:18,344 - FFPackageManager - INFO - Standalone mode - logging to: C:\ayon_src\ff_package_manager\logs\ff_package_manager_20251009_153118.log
2025-10-09 15:31:18,347 - FFPackageManager - INFO - Calling super().__init__()...
2025-10-09 15:31:18,347 - FFPackageManager - INFO - super().__init__() completed
2025-10-09 15:31:18,347 - FFPackageManager - INFO - Shotgrid Session: <shotgrid.ShotgridClient object at 0x000001EF74328F90>
2025-10-09 15:31:18,361 - FFPackageManager - INFO - _create_content_panel() started
2025-10-09 15:31:18,383 - FFPackageManager - INFO - _create_content_panel() completed
2025-10-09 15:31:18,391 - FFPackageManager - INFO - create_panel() started
2025-10-09 15:31:18,394 - FFPackageManager - INFO - create_panel() completed
2025-10-09 15:31:18,396 - FFPackageManager - INFO - Building bottom panel...
2025-10-09 15:31:18,397 - FFPackageManager - INFO - _build_ui() completed successfully
2025-10-09 15:31:18,538 - FFPackageManager - INFO - showEvent() - Window is being shown
2025-10-09 15:31:19,876 - FFPackageManager - INFO - _load_sg_projects() started
2025-10-09 15:31:19,876 - FFPackageManager - INFO - clear() called
2025-10-09 15:31:19,878 - FFPackageManager - INFO - clear() called
2025-10-09 15:31:20,449 - FFPackageManager - INFO - _load_sg_projects() completed - 1 projects
2025-10-09 15:31:22,139 - FFPackageManager - INFO - SG project selected: None (ID: 389)
2025-10-09 15:31:22,139 - FFPackageManager - INFO - _load_rfqs() started for project 389
2025-10-09 15:31:22,141 - FFPackageManager - INFO - clear() called
2025-10-09 15:31:22,142 - FFPackageManager - INFO - clear() called
2025-10-09 15:31:22,322 - FFPackageManager - INFO - Loaded 1 RFQs for project 389
2025-10-09 15:31:39,819 - FFPackageManager - INFO - RFQ selected: Request for Ballpark (ID: 3)
2025-10-09 15:31:39,819 - FFPackageManager - INFO - set_rfq() called with RFQ: Request for Ballpark
2025-10-09 15:31:39,821 - FFPackageManager - INFO - load_tree_data() started
2025-10-09 15:31:40,184 - FFPackageManager - INFO - Found 6 versions linked to RFQ ID 3
2025-10-09 15:31:40,184 - FFPackageManager - INFO - [{'type': 'Version', 'id': 7987, 'code': 'mo_11', 'entity': {'id': 3, 'name': 'Request for Ballpark', 'type': 'CustomEntity04'}, 'sg_status_list': 'rev', 'created_at': datetime.datetime(2025, 10, 7, 13, 12, 49, tzinfo=<shotgun_api3.lib.sgtimezone.LocalTimezone object at 0x000001EF7430AD50>), 'updated_at': datetime.datetime(2025, 10, 7, 13, 16, 22, tzinfo=<shotgun_api3.lib.sgtimezone.LocalTimezone object at 0x000001EF7430AD50>), 'user': {'id': 89, 'name': 'Gonzalo Moyano', 'type': 'HumanUser'}, 'description': None, 'sg_task': None, 'sg_path_to_movie': None, 'sg_path_to_frames': None}, {'type': 'Version', 'id': 7986, 'code': 'mo_04', 'entity': {'id': 3, 'name': 'Request for Ballpark', 'type': 'CustomEntity04'}, 'sg_status_list': 'rev', 'created_at': datetime.datetime(2025, 10, 7, 13, 12, 49, tzinfo=<shotgun_api3.lib.sgtimezone.LocalTimezone object at 0x000001EF7430AD50>), 'updated_at': datetime.datetime(2025, 10, 7, 13, 16, 57, tzinfo=<shotgun_api3.lib.sgtimezone.LocalTimezone object at 0x000001EF7430AD50>), 'user': {'id': 89, 'name': 'Gonzalo Moyano', 'type': 'HumanUser'}, 'description': None, 'sg_task': None, 'sg_path_to_movie': None, 'sg_path_to_frames': None}, {'type': 'Version', 'id': 7985, 'code': 'mo_03', 'entity': {'id': 3, 'name': 'Request for Ballpark', 'type': 'CustomEntity04'}, 'sg_status_list': 'rev', 'created_at': datetime.datetime(2025, 10, 7, 13, 12, 49, tzinfo=<shotgun_api3.lib.sgtimezone.LocalTimezone object at 0x000001EF7430AD50>), 'updated_at': datetime.datetime(2025, 10, 7, 13, 16, 55, tzinfo=<shotgun_api3.lib.sgtimezone.LocalTimezone object at 0x000001EF7430AD50>), 'user': {'id': 89, 'name': 'Gonzalo Moyano', 'type': 'HumanUser'}, 'description': None, 'sg_task': None, 'sg_path_to_movie': None, 'sg_path_to_frames': None}, {'type': 'Version', 'id': 7984, 'code': 'mo_02', 'entity': {'id': 3, 'name': 'Request for Ballpark', 'type': 'CustomEntity04'}, 'sg_status_list': 'rev', 'created_at': datetime.datetime(2025, 10, 7, 13, 12, 48, tzinfo=<shotgun_api3.lib.sgtimezone.LocalTimezone object at 0x000001EF7430AD50>), 'updated_at': datetime.datetime(2025, 10, 7, 13, 16, 52, tzinfo=<shotgun_api3.lib.sgtimezone.LocalTimezone object at 0x000001EF7430AD50>), 'user': {'id': 89, 'name': 'Gonzalo Moyano', 'type': 'HumanUser'}, 'description': None, 'sg_task': None, 'sg_path_to_movie': None, 'sg_path_to_frames': None}, {'type': 'Version', 'id': 7983, 'code': 'storyboard_scenes_86_92', 'entity': {'id': 3, 'name': 'Request for Ballpark', 'type': 'CustomEntity04'}, 'sg_status_list': 'rev', 'created_at': datetime.datetime(2025, 10, 7, 13, 5, 23, tzinfo=<shotgun_api3.lib.sgtimezone.LocalTimezone object at 0x000001EF7430AD50>), 'updated_at': datetime.datetime(2025, 10, 9, 13, 11, 56, tzinfo=<shotgun_api3.lib.sgtimezone.LocalTimezone object at 0x000001EF7430AD50>), 'user': {'id': 89, 'name': 'Gonzalo Moyano', 'type': 'HumanUser'}, 'description': None, 'sg_task': None, 'sg_path_to_movie': None, 'sg_path_to_frames': None}, {'type': 'Version', 'id': 7882, 'code': 'RaidersoftheLostArk', 'entity': {'id': 3, 'name': 'Request for Ballpark', 'type': 'CustomEntity04'}, 'sg_status_list': 'rev', 'created_at': datetime.datetime(2025, 10, 7, 11, 20, 33, tzinfo=<shotgun_api3.lib.sgtimezone.LocalTimezone object at 0x000001EF7430AD50>), 'updated_at': datetime.datetime(2025, 10, 7, 13, 16, 45, tzinfo=<shotgun_api3.lib.sgtimezone.LocalTimezone object at 0x000001EF7430AD50>), 'user': {'id': 89, 'name': 'Gonzalo Moyano', 'type': 'HumanUser'}, 'description': None, 'sg_task': None, 'sg_path_to_movie': None, 'sg_path_to_frames': None}]
2025-10-09 15:31:40,186 - FFPackageManager - INFO - RFQ data: {'code': 'Request for Ballpark', 'id': 3, 'sg_status_list': 'wtg', 'sg_vfx_breakdown': [{'id': 1, 'name': 'Revised Third Draft - August 1979', 'type': 'CustomEntity01'}], 'type': 'CustomEntity04'}
2025-10-09 15:31:40,187 - FFPackageManager - INFO - VFX Breakdown field: No VFX Breakdown Available
2025-10-09 15:31:40,188 - FFPackageManager - INFO - Adding VFX Breakdown to tree
2025-10-09 15:31:40,188 - FFPackageManager - INFO - [{'id': 1, 'name': 'Revised Third Draft - August 1979', 'type': 'CustomEntity01'}]
2025-10-09 15:31:40,188 - FFPackageManager - INFO - load_tree_data() completed with RFQ data
2025-10-09 15:35:43,847 - FFPackageManager - INFO - closeEvent() - Window is being closed
