2025-10-09 13:02:56,093 - FFPackageManager - INFO - Standalone mode - logging to: C:\ayon_src\ff_package_manager\logs\ff_package_manager_20251009_130256.log
2025-10-09 13:02:56,096 - FFPackageManager - INFO - Calling super().__init__()...
2025-10-09 13:02:56,096 - FFPackageManager - INFO - super().__init__() completed
2025-10-09 13:02:56,096 - FFPackageManager - INFO - Shotgrid Session: <shotgrid.ShotgridClient object at 0x000001EB87D4FE10>
2025-10-09 13:02:56,109 - FFPackageManager - INFO - _create_content_panel() started
2025-10-09 13:02:56,115 - FFPackageManager - INFO - _create_content_panel() completed
2025-10-09 13:02:56,117 - FFPackageManager - INFO - create_panel() started
2025-10-09 13:02:56,118 - FFPackageManager - INFO - create_panel() completed
2025-10-09 13:02:56,119 - FFPackageManager - INFO - Building bottom panel...
2025-10-09 13:02:56,120 - FFPackageManager - INFO - _build_ui() completed successfully
2025-10-09 13:02:56,247 - FFPackageManager - INFO - showEvent() - Window is being shown
2025-10-09 13:03:01,303 - FFPackageManager - INFO - _load_sg_projects() started
2025-10-09 13:03:01,304 - FFPackageManager - INFO - clear() called
2025-10-09 13:03:01,306 - FFPackageManager - INFO - clear() called
2025-10-09 13:03:01,881 - FFPackageManager - INFO - _load_sg_projects() completed - 1 projects
2025-10-09 13:03:03,218 - FFPackageManager - INFO - SG project selected: None (ID: 389)
2025-10-09 13:03:03,218 - FFPackageManager - INFO - _load_rfqs() started for project 389
2025-10-09 13:03:03,219 - FFPackageManager - INFO - clear() called
2025-10-09 13:03:03,220 - FFPackageManager - INFO - clear() called
2025-10-09 13:03:03,414 - FFPackageManager - INFO - Loaded 1 RFQs for project 389
2025-10-09 13:03:04,743 - FFPackageManager - INFO - RFQ selected: Request for Ballpark (ID: 3)
2025-10-09 13:03:04,743 - FFPackageManager - INFO - set_rfq() called with RFQ: Request for Ballpark
2025-10-09 13:03:04,744 - FFPackageManager - INFO - load_tree_data() started
2025-10-09 13:03:04,745 - FFPackageManager - INFO - RFQ data: {'code': 'Request for Ballpark', 'id': 3, 'sg_status_list': 'wtg', 'sg_vfx_breakdown': [{'id': 1, 'name': 'Revised Third Draft - August 1979', 'type': 'CustomEntity01'}], 'type': 'CustomEntity04'}
2025-10-09 13:03:04,745 - FFPackageManager - INFO - VFX Breakdown field: No VFX Breakdown Available
2025-10-09 13:03:04,746 - FFPackageManager - INFO - Adding VFX Breakdown to tree
2025-10-09 13:03:04,746 - FFPackageManager - INFO - [{'id': 1, 'name': 'Revised Third Draft - August 1979', 'type': 'CustomEntity01'}]
2025-10-09 13:03:04,746 - FFPackageManager - INFO - load_tree_data() completed with RFQ data
2025-10-09 13:05:03,749 - FFPackageManager - INFO - load_tree_data() started
2025-10-09 13:05:03,749 - FFPackageManager - INFO - RFQ data: {'code': 'Request for Ballpark', 'id': 3, 'sg_status_list': 'wtg', 'sg_vfx_breakdown': [{'id': 1, 'name': 'Revised Third Draft - August 1979', 'type': 'CustomEntity01'}], 'type': 'CustomEntity04'}
2025-10-09 13:05:03,751 - FFPackageManager - INFO - VFX Breakdown field: No VFX Breakdown Available
2025-10-09 13:05:03,752 - FFPackageManager - INFO - Adding VFX Breakdown to tree
2025-10-09 13:05:03,752 - FFPackageManager - INFO - [{'id': 1, 'name': 'Revised Third Draft - August 1979', 'type': 'CustomEntity01'}]
2025-10-09 13:05:03,752 - FFPackageManager - INFO - load_tree_data() completed with RFQ data
2025-10-09 13:29:28,072 - FFPackageManager - INFO - closeEvent() - Window is being closed
